<?xml version="1.0" encoding="UTF-8"?>
<testsuite xmlns:xsi="http://www.w3.org/2001/XMLSchema-instance" xsi:noNamespaceSchemaLocation="https://maven.apache.org/surefire/maven-failsafe-plugin/xsd/failsafe-test-report-3.0.xsd" version="3.0" name="starter.CucumberTestSuite" time="36.11" tests="28" errors="0" skipped="0" failures="0">
  <properties>
    <property name="java.specification.version" value="19"/>
    <property name="sun.cpu.isalist" value="amd64"/>
    <property name="sun.jnu.encoding" value="Cp1252"/>
    <property name="java.class.path" value="D:\download\API_Minpro (1)\APIMinpro\API\minpro\target\test-classes;C:\Users\User\.m2\repository\net\serenity-bdd\serenity-rest-assured\3.6.22\serenity-rest-assured-3.6.22.jar;C:\Users\User\.m2\repository\org\apache\httpcomponents\httpclient\4.5.13\httpclient-4.5.13.jar;C:\Users\User\.m2\repository\org\apache\httpcomponents\httpcore\4.4.13\httpcore-4.4.13.jar;C:\Users\User\.m2\repository\commons-logging\commons-logging\1.2\commons-logging-1.2.jar;C:\Users\User\.m2\repository\io\rest-assured\rest-assured\5.3.0\rest-assured-5.3.0.jar;C:\Users\User\.m2\repository\org\apache\httpcomponents\httpmime\4.5.13\httpmime-4.5.13.jar;C:\Users\User\.m2\repository\org\ccil\cowan\tagsoup\tagsoup\1.2.1\tagsoup-1.2.1.jar;C:\Users\User\.m2\repository\io\rest-assured\json-path\5.3.0\json-path-5.3.0.jar;C:\Users\User\.m2\repository\io\rest-assured\rest-assured-common\5.3.0\rest-assured-common-5.3.0.jar;C:\Users\User\.m2\repository\io\rest-assured\xml-path\5.3.0\xml-path-5.3.0.jar;C:\Users\User\.m2\repository\org\apache\groovy\groovy-json\4.0.10\groovy-json-4.0.10.jar;C:\Users\User\.m2\repository\org\apache\groovy\groovy-xml\4.0.10\groovy-xml-4.0.10.jar;C:\Users\User\.m2\repository\org\apache\groovy\groovy\4.0.10\groovy-4.0.10.jar;C:\Users\User\.m2\repository\org\opentest4j\opentest4j\1.2.0\opentest4j-1.2.0.jar;C:\Users\User\.m2\repository\net\serenity-bdd\serenity-core\3.6.21\serenity-core-3.6.21.jar;C:\Users\User\.m2\repository\net\serenity-bdd\serenity-model\3.6.21\serenity-model-3.6.21.jar;C:\Users\User\.m2\repository\org\apache\commons\commons-text\1.10.0\commons-text-1.10.0.jar;C:\Users\User\.m2\repository\commons-net\commons-net\3.9.0\commons-net-3.9.0.jar;C:\Users\User\.m2\repository\com\google\guava\guava\31.1-jre\guava-31.1-jre.jar;C:\Users\User\.m2\repository\com\google\guava\failureaccess\1.0.1\failureaccess-1.0.1.jar;C:\Users\User\.m2\repository\com\google\guava\listenablefuture\9999.0-empty-to-avoid-conflict-with-guava\listenablefuture-9999.0-empty-to-avoid-conflict-with-guava.jar;C:\Users\User\.m2\repository\com\google\code\findbugs\jsr305\3.0.2\jsr305-3.0.2.jar;C:\Users\User\.m2\repository\org\checkerframework\checker-qual\3.12.0\checker-qual-3.12.0.jar;C:\Users\User\.m2\repository\com\google\errorprone\error_prone_annotations\2.11.0\error_prone_annotations-2.11.0.jar;C:\Users\User\.m2\repository\com\google\j2objc\j2objc-annotations\1.3\j2objc-annotations-1.3.jar;C:\Users\User\.m2\repository\com\google\inject\guice\5.1.0\guice-5.1.0.jar;C:\Users\User\.m2\repository\javax\inject\javax.inject\1\javax.inject-1.jar;C:\Users\User\.m2\repository\aopalliance\aopalliance\1.0\aopalliance-1.0.jar;C:\Users\User\.m2\repository\org\jsoup\jsoup\1.14.3\jsoup-1.14.3.jar;C:\Users\User\.m2\repository\com\thoughtworks\xstream\xstream\1.4.20\xstream-1.4.20.jar;C:\Users\User\.m2\repository\io\github\x-stream\mxparser\1.2.2\mxparser-1.2.2.jar;C:\Users\User\.m2\repository\xmlpull\xmlpull\1.1.3.1\xmlpull-1.1.3.1.jar;C:\Users\User\.m2\repository\com\typesafe\config\1.4.2\config-1.4.2.jar;C:\Users\User\.m2\repository\org\imgscalr\imgscalr-lib\4.2\imgscalr-lib-4.2.jar;C:\Users\User\.m2\repository\org\awaitility\awaitility\4.2.0\awaitility-4.2.0.jar;C:\Users\User\.m2\repository\org\freemarker\freemarker\2.3.31\freemarker-2.3.31.jar;C:\Users\User\.m2\repository\io\github\classgraph\classgraph\4.8.138\classgraph-4.8.138.jar;C:\Users\User\.m2\repository\net\sourceforge\jexcelapi\jxl\2.6.12\jxl-2.6.12.jar;C:\Users\User\.m2\repository\net\bytebuddy\byte-buddy-agent\1.14.2\byte-buddy-agent-1.14.2.jar;C:\Users\User\.m2\repository\org\objenesis\objenesis\3.3\objenesis-3.3.jar;C:\Users\User\.m2\repository\net\serenity-bdd\serenity-reports\3.6.21\serenity-reports-3.6.21.jar;C:\Users\User\.m2\repository\net\serenity-bdd\serenity-stats\3.6.21\serenity-stats-3.6.21.jar;C:\Users\User\.m2\repository\net\serenity-bdd\serenity-reports-configuration\3.6.21\serenity-reports-configuration-3.6.21.jar;C:\Users\User\.m2\repository\com\vladsch\flexmark\flexmark-all\0.62.2\flexmark-all-0.62.2.jar;C:\Users\User\.m2\repository\com\vladsch\flexmark\flexmark\0.62.2\flexmark-0.62.2.jar;C:\Users\User\.m2\repository\com\vladsch\flexmark\flexmark-ext-abbreviation\0.62.2\flexmark-ext-abbreviation-0.62.2.jar;C:\Users\User\.m2\repository\com\vladsch\flexmark\flexmark-util\0.62.2\flexmark-util-0.62.2.jar;C:\Users\User\.m2\repository\com\vladsch\flexmark\flexmark-ext-admonition\0.62.2\flexmark-ext-admonition-0.62.2.jar;C:\Users\User\.m2\repository\com\vladsch\flexmark\flexmark-ext-anchorlink\0.62.2\flexmark-ext-anchorlink-0.62.2.jar;C:\Users\User\.m2\repository\com\vladsch\flexmark\flexmark-ext-aside\0.62.2\flexmark-ext-aside-0.62.2.jar;C:\Users\User\.m2\repository\com\vladsch\flexmark\flexmark-ext-attributes\0.62.2\flexmark-ext-attributes-0.62.2.jar;C:\Users\User\.m2\repository\com\vladsch\flexmark\flexmark-ext-autolink\0.62.2\flexmark-ext-autolink-0.62.2.jar;C:\Users\User\.m2\repository\org\nibor\autolink\autolink\0.6.0\autolink-0.6.0.jar;C:\Users\User\.m2\repository\com\vladsch\flexmark\flexmark-ext-definition\0.62.2\flexmark-ext-definition-0.62.2.jar;C:\Users\User\.m2\repository\com\vladsch\flexmark\flexmark-ext-emoji\0.62.2\flexmark-ext-emoji-0.62.2.jar;C:\Users\User\.m2\repository\com\vladsch\flexmark\flexmark-ext-enumerated-reference\0.62.2\flexmark-ext-enumerated-reference-0.62.2.jar;C:\Users\User\.m2\repository\com\vladsch\flexmark\flexmark-ext-escaped-character\0.62.2\flexmark-ext-escaped-character-0.62.2.jar;C:\Users\User\.m2\repository\com\vladsch\flexmark\flexmark-ext-footnotes\0.62.2\flexmark-ext-footnotes-0.62.2.jar;C:\Users\User\.m2\repository\com\vladsch\flexmark\flexmark-ext-gfm-issues\0.62.2\flexmark-ext-gfm-issues-0.62.2.jar;C:\Users\User\.m2\repository\com\vladsch\flexmark\flexmark-ext-gfm-strikethrough\0.62.2\flexmark-ext-gfm-strikethrough-0.62.2.jar;C:\Users\User\.m2\repository\com\vladsch\flexmark\flexmark-ext-gfm-tasklist\0.62.2\flexmark-ext-gfm-tasklist-0.62.2.jar;C:\Users\User\.m2\repository\com\vladsch\flexmark\flexmark-ext-gfm-users\0.62.2\flexmark-ext-gfm-users-0.62.2.jar;C:\Users\User\.m2\repository\com\vladsch\flexmark\flexmark-ext-gitlab\0.62.2\flexmark-ext-gitlab-0.62.2.jar;C:\Users\User\.m2\repository\com\vladsch\flexmark\flexmark-ext-jekyll-front-matter\0.62.2\flexmark-ext-jekyll-front-matter-0.62.2.jar;C:\Users\User\.m2\repository\com\vladsch\flexmark\flexmark-ext-jekyll-tag\0.62.2\flexmark-ext-jekyll-tag-0.62.2.jar;C:\Users\User\.m2\repository\com\vladsch\flexmark\flexmark-ext-media-tags\0.62.2\flexmark-ext-media-tags-0.62.2.jar;C:\Users\User\.m2\repository\com\vladsch\flexmark\flexmark-ext-macros\0.62.2\flexmark-ext-macros-0.62.2.jar;C:\Users\User\.m2\repository\com\vladsch\flexmark\flexmark-ext-ins\0.62.2\flexmark-ext-ins-0.62.2.jar;C:\Users\User\.m2\repository\com\vladsch\flexmark\flexmark-ext-xwiki-macros\0.62.2\flexmark-ext-xwiki-macros-0.62.2.jar;C:\Users\User\.m2\repository\com\vladsch\flexmark\flexmark-ext-superscript\0.62.2\flexmark-ext-superscript-0.62.2.jar;C:\Users\User\.m2\repository\com\vladsch\flexmark\flexmark-ext-tables\0.62.2\flexmark-ext-tables-0.62.2.jar;C:\Users\User\.m2\repository\com\vladsch\flexmark\flexmark-ext-toc\0.62.2\flexmark-ext-toc-0.62.2.jar;C:\Users\User\.m2\repository\com\vladsch\flexmark\flexmark-ext-typographic\0.62.2\flexmark-ext-typographic-0.62.2.jar;C:\Users\User\.m2\repository\com\vladsch\flexmark\flexmark-ext-wikilink\0.62.2\flexmark-ext-wikilink-0.62.2.jar;C:\Users\User\.m2\repository\com\vladsch\flexmark\flexmark-ext-yaml-front-matter\0.62.2\flexmark-ext-yaml-front-matter-0.62.2.jar;C:\Users\User\.m2\repository\com\vladsch\flexmark\flexmark-ext-youtube-embedded\0.62.2\flexmark-ext-youtube-embedded-0.62.2.jar;C:\Users\User\.m2\repository\com\vladsch\flexmark\flexmark-html2md-converter\0.62.2\flexmark-html2md-converter-0.62.2.jar;C:\Users\User\.m2\repository\com\vladsch\flexmark\flexmark-jira-converter\0.62.2\flexmark-jira-converter-0.62.2.jar;C:\Users\User\.m2\repository\com\vladsch\flexmark\flexmark-pdf-converter\0.62.2\flexmark-pdf-converter-0.62.2.jar;C:\Users\User\.m2\repository\com\openhtmltopdf\openhtmltopdf-core\1.0.0\openhtmltopdf-core-1.0.0.jar;C:\Users\User\.m2\repository\com\openhtmltopdf\openhtmltopdf-pdfbox\1.0.0\openhtmltopdf-pdfbox-1.0.0.jar;C:\Users\User\.m2\repository\org\apache\pdfbox\pdfbox\2.0.16\pdfbox-2.0.16.jar;C:\Users\User\.m2\repository\org\apache\pdfbox\fontbox\2.0.16\fontbox-2.0.16.jar;C:\Users\User\.m2\repository\org\apache\pdfbox\xmpbox\2.0.16\xmpbox-2.0.16.jar;C:\Users\User\.m2\repository\de\rototor\pdfbox\graphics2d\0.24\graphics2d-0.24.jar;C:\Users\User\.m2\repository\com\openhtmltopdf\openhtmltopdf-rtl-support\1.0.0\openhtmltopdf-rtl-support-1.0.0.jar;C:\Users\User\.m2\repository\com\openhtmltopdf\openhtmltopdf-jsoup-dom-converter\1.0.0\openhtmltopdf-jsoup-dom-converter-1.0.0.jar;C:\Users\User\.m2\repository\com\vladsch\flexmark\flexmark-profile-pegdown\0.62.2\flexmark-profile-pegdown-0.62.2.jar;C:\Users\User\.m2\repository\com\vladsch\flexmark\flexmark-util-ast\0.62.2\flexmark-util-ast-0.62.2.jar;C:\Users\User\.m2\repository\com\vladsch\flexmark\flexmark-util-builder\0.62.2\flexmark-util-builder-0.62.2.jar;C:\Users\User\.m2\repository\com\vladsch\flexmark\flexmark-util-collection\0.62.2\flexmark-util-collection-0.62.2.jar;C:\Users\User\.m2\repository\com\vladsch\flexmark\flexmark-util-data\0.62.2\flexmark-util-data-0.62.2.jar;C:\Users\User\.m2\repository\com\vladsch\flexmark\flexmark-util-dependency\0.62.2\flexmark-util-dependency-0.62.2.jar;C:\Users\User\.m2\repository\com\vladsch\flexmark\flexmark-util-format\0.62.2\flexmark-util-format-0.62.2.jar;C:\Users\User\.m2\repository\com\vladsch\flexmark\flexmark-util-html\0.62.2\flexmark-util-html-0.62.2.jar;C:\Users\User\.m2\repository\com\vladsch\flexmark\flexmark-util-misc\0.62.2\flexmark-util-misc-0.62.2.jar;C:\Users\User\.m2\repository\com\vladsch\flexmark\flexmark-util-options\0.62.2\flexmark-util-options-0.62.2.jar;C:\Users\User\.m2\repository\com\vladsch\flexmark\flexmark-util-sequence\0.62.2\flexmark-util-sequence-0.62.2.jar;C:\Users\User\.m2\repository\com\vladsch\flexmark\flexmark-util-visitor\0.62.2\flexmark-util-visitor-0.62.2.jar;C:\Users\User\.m2\repository\com\vladsch\flexmark\flexmark-youtrack-converter\0.62.2\flexmark-youtrack-converter-0.62.2.jar;C:\Users\User\.m2\repository\com\ibm\icu\icu4j\72.1\icu4j-72.1.jar;C:\Users\User\.m2\repository\es\nitaur\markdown\txtmark\0.16\txtmark-0.16.jar;C:\Users\User\.m2\repository\net\serenity-bdd\serenity-report-resources\3.6.21\serenity-report-resources-3.6.21.jar;C:\Users\User\.m2\repository\com\google\code\gson\gson\2.10.1\gson-2.10.1.jar;C:\Users\User\.m2\repository\com\fasterxml\jackson\core\jackson-core\2.15.0-rc1\jackson-core-2.15.0-rc1.jar;C:\Users\User\.m2\repository\com\fasterxml\jackson\core\jackson-databind\2.15.0-rc1\jackson-databind-2.15.0-rc1.jar;C:\Users\User\.m2\repository\com\fasterxml\jackson\core\jackson-annotations\2.15.0-rc1\jackson-annotations-2.15.0-rc1.jar;C:\Users\User\.m2\repository\commons-codec\commons-codec\1.15\commons-codec-1.15.jar;C:\Users\User\.m2\repository\commons-io\commons-io\2.11.0\commons-io-2.11.0.jar;C:\Users\User\.m2\repository\org\seleniumhq\selenium\selenium-java\4.8.1\selenium-java-4.8.1.jar;C:\Users\User\.m2\repository\org\seleniumhq\selenium\selenium-devtools-v108\4.8.1\selenium-devtools-v108-4.8.1.jar;C:\Users\User\.m2\repository\org\seleniumhq\selenium\selenium-devtools-v109\4.8.1\selenium-devtools-v109-4.8.1.jar;C:\Users\User\.m2\repository\org\seleniumhq\selenium\selenium-devtools-v110\4.8.1\selenium-devtools-v110-4.8.1.jar;C:\Users\User\.m2\repository\org\seleniumhq\selenium\selenium-devtools-v85\4.8.1\selenium-devtools-v85-4.8.1.jar;C:\Users\User\.m2\repository\org\seleniumhq\selenium\selenium-remote-driver\4.8.1\selenium-remote-driver-4.8.1.jar;C:\Users\User\.m2\repository\com\beust\jcommander\1.82\jcommander-1.82.jar;C:\Users\User\.m2\repository\io\netty\netty-buffer\4.1.87.Final\netty-buffer-4.1.87.Final.jar;C:\Users\User\.m2\repository\io\netty\netty-codec-http\4.1.87.Final\netty-codec-http-4.1.87.Final.jar;C:\Users\User\.m2\repository\io\netty\netty-codec\4.1.87.Final\netty-codec-4.1.87.Final.jar;C:\Users\User\.m2\repository\io\netty\netty-handler\4.1.87.Final\netty-handler-4.1.87.Final.jar;C:\Users\User\.m2\repository\io\netty\netty-common\4.1.87.Final\netty-common-4.1.87.Final.jar;C:\Users\User\.m2\repository\io\netty\netty-transport-classes-epoll\4.1.87.Final\netty-transport-classes-epoll-4.1.87.Final.jar;C:\Users\User\.m2\repository\io\netty\netty-transport-classes-kqueue\4.1.87.Final\netty-transport-classes-kqueue-4.1.87.Final.jar;C:\Users\User\.m2\repository\io\netty\netty-transport-native-epoll\4.1.87.Final\netty-transport-native-epoll-4.1.87.Final.jar;C:\Users\User\.m2\repository\io\netty\netty-transport-native-kqueue\4.1.87.Final\netty-transport-native-kqueue-4.1.87.Final.jar;C:\Users\User\.m2\repository\io\netty\netty-transport-native-unix-common\4.1.87.Final\netty-transport-native-unix-common-4.1.87.Final.jar;C:\Users\User\.m2\repository\io\netty\netty-transport\4.1.87.Final\netty-transport-4.1.87.Final.jar;C:\Users\User\.m2\repository\io\netty\netty-resolver\4.1.87.Final\netty-resolver-4.1.87.Final.jar;C:\Users\User\.m2\repository\io\opentelemetry\opentelemetry-api\1.22.0\opentelemetry-api-1.22.0.jar;C:\Users\User\.m2\repository\io\opentelemetry\opentelemetry-context\1.22.0\opentelemetry-context-1.22.0.jar;C:\Users\User\.m2\repository\io\opentelemetry\opentelemetry-exporter-logging\1.22.0\opentelemetry-exporter-logging-1.22.0.jar;C:\Users\User\.m2\repository\io\opentelemetry\opentelemetry-sdk-metrics\1.22.0\opentelemetry-sdk-metrics-1.22.0.jar;C:\Users\User\.m2\repository\io\opentelemetry\opentelemetry-sdk-logs\1.22.0-alpha\opentelemetry-sdk-logs-1.22.0-alpha.jar;C:\Users\User\.m2\repository\io\opentelemetry\opentelemetry-api-logs\1.22.0-alpha\opentelemetry-api-logs-1.22.0-alpha.jar;C:\Users\User\.m2\repository\io\opentelemetry\opentelemetry-sdk-common\1.22.0\opentelemetry-sdk-common-1.22.0.jar;C:\Users\User\.m2\repository\io\opentelemetry\opentelemetry-sdk-extension-autoconfigure-spi\1.22.0\opentelemetry-sdk-extension-autoconfigure-spi-1.22.0.jar;C:\Users\User\.m2\repository\io\opentelemetry\opentelemetry-sdk-extension-autoconfigure\1.22.0-alpha\opentelemetry-sdk-extension-autoconfigure-1.22.0-alpha.jar;C:\Users\User\.m2\repository\io\opentelemetry\opentelemetry-sdk-trace\1.22.0\opentelemetry-sdk-trace-1.22.0.jar;C:\Users\User\.m2\repository\io\opentelemetry\opentelemetry-sdk\1.22.0\opentelemetry-sdk-1.22.0.jar;C:\Users\User\.m2\repository\io\opentelemetry\opentelemetry-semconv\1.22.0-alpha\opentelemetry-semconv-1.22.0-alpha.jar;C:\Users\User\.m2\repository\io\ous\jtoml\2.0.0\jtoml-2.0.0.jar;C:\Users\User\.m2\repository\org\apache\commons\commons-exec\1.3\commons-exec-1.3.jar;C:\Users\User\.m2\repository\org\asynchttpclient\async-http-client\2.12.3\async-http-client-2.12.3.jar;C:\Users\User\.m2\repository\org\asynchttpclient\async-http-client-netty-utils\2.12.3\async-http-client-netty-utils-2.12.3.jar;C:\Users\User\.m2\repository\io\netty\netty-codec-socks\4.1.60.Final\netty-codec-socks-4.1.60.Final.jar;C:\Users\User\.m2\repository\io\netty\netty-handler-proxy\4.1.60.Final\netty-handler-proxy-4.1.60.Final.jar;C:\Users\User\.m2\repository\io\netty\netty-transport-native-epoll\4.1.60.Final\netty-transport-native-epoll-4.1.60.Final-linux-x86_64.jar;C:\Users\User\.m2\repository\io\netty\netty-transport-native-kqueue\4.1.60.Final\netty-transport-native-kqueue-4.1.60.Final-osx-x86_64.jar;C:\Users\User\.m2\repository\org\reactivestreams\reactive-streams\1.0.3\reactive-streams-1.0.3.jar;C:\Users\User\.m2\repository\com\typesafe\netty\netty-reactive-streams\2.0.4\netty-reactive-streams-2.0.4.jar;C:\Users\User\.m2\repository\org\seleniumhq\selenium\selenium-manager\4.8.1\selenium-manager-4.8.1.jar;C:\Users\User\.m2\repository\org\seleniumhq\selenium\selenium-safari-driver\4.8.1\selenium-safari-driver-4.8.1.jar;C:\Users\User\.m2\repository\org\seleniumhq\selenium\selenium-api\4.8.1\selenium-api-4.8.1.jar;C:\Users\User\.m2\repository\org\seleniumhq\selenium\selenium-support\4.8.1\selenium-support-4.8.1.jar;C:\Users\User\.m2\repository\com\google\auto\service\auto-service-annotations\1.0.1\auto-service-annotations-1.0.1.jar;C:\Users\User\.m2\repository\com\google\auto\service\auto-service\1.0.1\auto-service-1.0.1.jar;C:\Users\User\.m2\repository\com\google\auto\auto-common\1.2\auto-common-1.2.jar;C:\Users\User\.m2\repository\org\seleniumhq\selenium\selenium-json\4.8.1\selenium-json-4.8.1.jar;C:\Users\User\.m2\repository\org\seleniumhq\selenium\selenium-chrome-driver\4.8.1\selenium-chrome-driver-4.8.1.jar;C:\Users\User\.m2\repository\org\seleniumhq\selenium\selenium-chromium-driver\4.8.1\selenium-chromium-driver-4.8.1.jar;C:\Users\User\.m2\repository\org\seleniumhq\selenium\selenium-firefox-driver\4.8.1\selenium-firefox-driver-4.8.1.jar;C:\Users\User\.m2\repository\org\seleniumhq\selenium\selenium-http\4.8.1\selenium-http-4.8.1.jar;C:\Users\User\.m2\repository\dev\failsafe\failsafe\3.3.0\failsafe-3.3.0.jar;C:\Users\User\.m2\repository\org\seleniumhq\selenium\selenium-edge-driver\4.8.1\selenium-edge-driver-4.8.1.jar;C:\Users\User\.m2\repository\org\seleniumhq\selenium\selenium-ie-driver\4.8.1\selenium-ie-driver-4.8.1.jar;C:\Users\User\.m2\repository\org\projectlombok\lombok\1.18.20\lombok-1.18.20.jar;C:\Users\User\.m2\repository\io\appium\java-client\8.3.0\java-client-8.3.0.jar;C:\Users\User\.m2\repository\commons-validator\commons-validator\1.7\commons-validator-1.7.jar;C:\Users\User\.m2\repository\commons-digester\commons-digester\2.1\commons-digester-2.1.jar;C:\Users\User\.m2\repository\net\sf\opencsv\opencsv\2.0\opencsv-2.0.jar;C:\Users\User\.m2\repository\commons-beanutils\commons-beanutils\1.9.4\commons-beanutils-1.9.4.jar;C:\Users\User\.m2\repository\org\apache\commons\commons-lang3\3.12.0\commons-lang3-3.12.0.jar;C:\Users\User\.m2\repository\commons-collections\commons-collections\3.2.2\commons-collections-3.2.2.jar;C:\Users\User\.m2\repository\org\fluentlenium\fluentlenium-core\0.10.2\fluentlenium-core-0.10.2.jar;C:\Users\User\.m2\repository\io\github\bonigarcia\webdrivermanager\5.3.0\webdrivermanager-5.3.0.jar;C:\Users\User\.m2\repository\com\github\docker-java\docker-java\3.2.13\docker-java-3.2.13.jar;C:\Users\User\.m2\repository\com\github\docker-java\docker-java-core\3.2.13\docker-java-core-3.2.13.jar;C:\Users\User\.m2\repository\com\github\docker-java\docker-java-api\3.2.13\docker-java-api-3.2.13.jar;C:\Users\User\.m2\repository\org\apache\commons\commons-compress\1.21\commons-compress-1.21.jar;C:\Users\User\.m2\repository\org\bouncycastle\bcpkix-jdk15on\1.64\bcpkix-jdk15on-1.64.jar;C:\Users\User\.m2\repository\org\bouncycastle\bcprov-jdk15on\1.64\bcprov-jdk15on-1.64.jar;C:\Users\User\.m2\repository\org\slf4j\jcl-over-slf4j\1.7.30\jcl-over-slf4j-1.7.30.jar;C:\Users\User\.m2\repository\com\github\docker-java\docker-java-transport-httpclient5\3.2.13\docker-java-transport-httpclient5-3.2.13.jar;C:\Users\User\.m2\repository\com\github\docker-java\docker-java-transport\3.2.13\docker-java-transport-3.2.13.jar;C:\Users\User\.m2\repository\net\java\dev\jna\jna\5.8.0\jna-5.8.0.jar;C:\Users\User\.m2\repository\org\brotli\dec\0.1.2\dec-0.1.2.jar;C:\Users\User\.m2\repository\org\apache\httpcomponents\client5\httpclient5\5.1.3\httpclient5-5.1.3.jar;C:\Users\User\.m2\repository\org\apache\httpcomponents\core5\httpcore5\5.1.3\httpcore5-5.1.3.jar;C:\Users\User\.m2\repository\org\apache\httpcomponents\core5\httpcore5-h2\5.1.3\httpcore5-h2-5.1.3.jar;C:\Users\User\.m2\repository\com\jhlabs\filters\2.0.235\filters-2.0.235.jar;C:\Users\User\.m2\repository\com\paulhammant\ngwebdriver\1.1.6\ngwebdriver-1.1.6.jar;C:\Users\User\.m2\repository\joda-time\joda-time\2.12.2\joda-time-2.12.2.jar;C:\Users\User\.m2\repository\org\hamcrest\hamcrest\2.2\hamcrest-2.2.jar;C:\Users\User\.m2\repository\com\google\jimfs\jimfs\1.2\jimfs-1.2.jar;C:\Users\User\.m2\repository\org\mockito\mockito-core\3.3.3\mockito-core-3.3.3.jar;C:\Users\User\.m2\repository\javax\xml\bind\jaxb-api\2.3.1\jaxb-api-2.3.1.jar;C:\Users\User\.m2\repository\javax\activation\javax.activation-api\1.2.0\javax.activation-api-1.2.0.jar;C:\Users\User\.m2\repository\com\sun\xml\bind\jaxb-core\2.3.0.1\jaxb-core-2.3.0.1.jar;C:\Users\User\.m2\repository\com\sun\xml\bind\jaxb-impl\2.3.3\jaxb-impl-2.3.3.jar;C:\Users\User\.m2\repository\jakarta\xml\bind\jakarta.xml.bind-api\2.3.3\jakarta.xml.bind-api-2.3.3.jar;C:\Users\User\.m2\repository\com\sun\activation\jakarta.activation\1.2.2\jakarta.activation-1.2.2.jar;C:\Users\User\.m2\repository\javax\activation\activation\1.1.1\activation-1.1.1.jar;C:\Users\User\.m2\repository\net\serenity-bdd\serenity-cucumber\3.6.21\serenity-cucumber-3.6.21.jar;C:\Users\User\.m2\repository\io\cucumber\cucumber-core\7.11.0\cucumber-core-7.11.0.jar;C:\Users\User\.m2\repository\io\cucumber\cucumber-gherkin\7.11.0\cucumber-gherkin-7.11.0.jar;C:\Users\User\.m2\repository\io\cucumber\cucumber-gherkin-messages\7.11.0\cucumber-gherkin-messages-7.11.0.jar;C:\Users\User\.m2\repository\io\cucumber\gherkin\26.0.3\gherkin-26.0.3.jar;C:\Users\User\.m2\repository\io\cucumber\messages\21.0.1\messages-21.0.1.jar;C:\Users\User\.m2\repository\io\cucumber\tag-expressions\5.0.1\tag-expressions-5.0.1.jar;C:\Users\User\.m2\repository\io\cucumber\cucumber-expressions\16.1.1\cucumber-expressions-16.1.1.jar;C:\Users\User\.m2\repository\io\cucumber\datatable\7.11.0\datatable-7.11.0.jar;C:\Users\User\.m2\repository\io\cucumber\cucumber-plugin\7.11.0\cucumber-plugin-7.11.0.jar;C:\Users\User\.m2\repository\io\cucumber\docstring\7.11.0\docstring-7.11.0.jar;C:\Users\User\.m2\repository\io\cucumber\html-formatter\20.2.1\html-formatter-20.2.1.jar;C:\Users\User\.m2\repository\io\cucumber\junit-xml-formatter\0.1.0\junit-xml-formatter-0.1.0.jar;C:\Users\User\.m2\repository\io\cucumber\ci-environment\9.1.0\ci-environment-9.1.0.jar;C:\Users\User\.m2\repository\io\cucumber\cucumber-java\7.11.0\cucumber-java-7.11.0.jar;C:\Users\User\.m2\repository\io\cucumber\cucumber-junit\7.11.0\cucumber-junit-7.11.0.jar;C:\Users\User\.m2\repository\org\apache\commons\commons-csv\1.5\commons-csv-1.5.jar;C:\Users\User\.m2\repository\net\serenity-bdd\serenity-screenplay\3.6.21\serenity-screenplay-3.6.21.jar;C:\Users\User\.m2\repository\net\serenity-bdd\serenity-screenplay-webdriver\3.6.21\serenity-screenplay-webdriver-3.6.21.jar;C:\Users\User\.m2\repository\net\serenity-bdd\serenity-ensure\3.6.21\serenity-ensure-3.6.21.jar;C:\Users\User\.m2\repository\net\serenity-bdd\serenity-junit\3.6.21\serenity-junit-3.6.21.jar;C:\Users\User\.m2\repository\org\jetbrains\kotlin\kotlin-stdlib\1.8.10\kotlin-stdlib-1.8.10.jar;C:\Users\User\.m2\repository\org\jetbrains\kotlin\kotlin-stdlib-common\1.8.10\kotlin-stdlib-common-1.8.10.jar;C:\Users\User\.m2\repository\org\jetbrains\annotations\13.0\annotations-13.0.jar;C:\Users\User\.m2\repository\org\junit\platform\junit-platform-launcher\1.8.2\junit-platform-launcher-1.8.2.jar;C:\Users\User\.m2\repository\org\junit\platform\junit-platform-engine\1.8.2\junit-platform-engine-1.8.2.jar;C:\Users\User\.m2\repository\org\junit\platform\junit-platform-commons\1.8.2\junit-platform-commons-1.8.2.jar;C:\Users\User\.m2\repository\org\apiguardian\apiguardian-api\1.1.2\apiguardian-api-1.1.2.jar;C:\Users\User\.m2\repository\org\junit\jupiter\junit-jupiter-engine\5.8.2\junit-jupiter-engine-5.8.2.jar;C:\Users\User\.m2\repository\org\junit\jupiter\junit-jupiter-api\5.8.2\junit-jupiter-api-5.8.2.jar;C:\Users\User\.m2\repository\org\junit\vintage\junit-vintage-engine\5.8.2\junit-vintage-engine-5.8.2.jar;C:\Users\User\.m2\repository\junit\junit\4.13.2\junit-4.13.2.jar;C:\Users\User\.m2\repository\org\hamcrest\hamcrest-core\1.3\hamcrest-core-1.3.jar;C:\Users\User\.m2\repository\ch\qos\logback\logback-classic\1.2.10\logback-classic-1.2.10.jar;C:\Users\User\.m2\repository\ch\qos\logback\logback-core\1.2.10\logback-core-1.2.10.jar;C:\Users\User\.m2\repository\org\slf4j\slf4j-api\1.7.32\slf4j-api-1.7.32.jar;C:\Users\User\.m2\repository\org\assertj\assertj-core\3.23.1\assertj-core-3.23.1.jar;C:\Users\User\.m2\repository\net\bytebuddy\byte-buddy\1.12.10\byte-buddy-1.12.10.jar;C:\Users\User\.m2\repository\com\googlecode\json-simple\json-simple\1.1.1\json-simple-1.1.1.jar;"/>
    <property name="java.vm.vendor" value="Oracle Corporation"/>
    <property name="sun.arch.data.model" value="64"/>
    <property name="user.variant" value=""/>
    <property name="java.vendor.url" value="https://java.oracle.com/"/>
    <property name="user.timezone" value="Asia/Jakarta"/>
    <property name="os.name" value="Windows 10"/>
    <property name="java.vm.specification.version" value="19"/>
    <property name="sun.java.launcher" value="SUN_STANDARD"/>
    <property name="user.country" value="ID"/>
    <property name="sun.boot.library.path" value="C:\Program Files\Java\jdk-19\bin"/>
    <property name="sun.java.command" value="org.apache.maven.surefire.booter.ForkedBooter C:\Users\User\AppData\Local\Temp\surefire13772247030059921306 2023-05-10T15-52-50_468-jvmRun1 surefire17501470850511483192tmp surefire_013668531123981619506tmp"/>
    <property name="jdk.debug" value="release"/>
    <property name="surefire.test.class.path" value="D:\download\API_Minpro (1)\APIMinpro\API\minpro\target\test-classes;C:\Users\User\.m2\repository\net\serenity-bdd\serenity-rest-assured\3.6.22\serenity-rest-assured-3.6.22.jar;C:\Users\User\.m2\repository\org\apache\httpcomponents\httpclient\4.5.13\httpclient-4.5.13.jar;C:\Users\User\.m2\repository\org\apache\httpcomponents\httpcore\4.4.13\httpcore-4.4.13.jar;C:\Users\User\.m2\repository\commons-logging\commons-logging\1.2\commons-logging-1.2.jar;C:\Users\User\.m2\repository\io\rest-assured\rest-assured\5.3.0\rest-assured-5.3.0.jar;C:\Users\User\.m2\repository\org\apache\httpcomponents\httpmime\4.5.13\httpmime-4.5.13.jar;C:\Users\User\.m2\repository\org\ccil\cowan\tagsoup\tagsoup\1.2.1\tagsoup-1.2.1.jar;C:\Users\User\.m2\repository\io\rest-assured\json-path\5.3.0\json-path-5.3.0.jar;C:\Users\User\.m2\repository\io\rest-assured\rest-assured-common\5.3.0\rest-assured-common-5.3.0.jar;C:\Users\User\.m2\repository\io\rest-assured\xml-path\5.3.0\xml-path-5.3.0.jar;C:\Users\User\.m2\repository\org\apache\groovy\groovy-json\4.0.10\groovy-json-4.0.10.jar;C:\Users\User\.m2\repository\org\apache\groovy\groovy-xml\4.0.10\groovy-xml-4.0.10.jar;C:\Users\User\.m2\repository\org\apache\groovy\groovy\4.0.10\groovy-4.0.10.jar;C:\Users\User\.m2\repository\org\opentest4j\opentest4j\1.2.0\opentest4j-1.2.0.jar;C:\Users\User\.m2\repository\net\serenity-bdd\serenity-core\3.6.21\serenity-core-3.6.21.jar;C:\Users\User\.m2\repository\net\serenity-bdd\serenity-model\3.6.21\serenity-model-3.6.21.jar;C:\Users\User\.m2\repository\org\apache\commons\commons-text\1.10.0\commons-text-1.10.0.jar;C:\Users\User\.m2\repository\commons-net\commons-net\3.9.0\commons-net-3.9.0.jar;C:\Users\User\.m2\repository\com\google\guava\guava\31.1-jre\guava-31.1-jre.jar;C:\Users\User\.m2\repository\com\google\guava\failureaccess\1.0.1\failureaccess-1.0.1.jar;C:\Users\User\.m2\repository\com\google\guava\listenablefuture\9999.0-empty-to-avoid-conflict-with-guava\listenablefuture-9999.0-empty-to-avoid-conflict-with-guava.jar;C:\Users\User\.m2\repository\com\google\code\findbugs\jsr305\3.0.2\jsr305-3.0.2.jar;C:\Users\User\.m2\repository\org\checkerframework\checker-qual\3.12.0\checker-qual-3.12.0.jar;C:\Users\User\.m2\repository\com\google\errorprone\error_prone_annotations\2.11.0\error_prone_annotations-2.11.0.jar;C:\Users\User\.m2\repository\com\google\j2objc\j2objc-annotations\1.3\j2objc-annotations-1.3.jar;C:\Users\User\.m2\repository\com\google\inject\guice\5.1.0\guice-5.1.0.jar;C:\Users\User\.m2\repository\javax\inject\javax.inject\1\javax.inject-1.jar;C:\Users\User\.m2\repository\aopalliance\aopalliance\1.0\aopalliance-1.0.jar;C:\Users\User\.m2\repository\org\jsoup\jsoup\1.14.3\jsoup-1.14.3.jar;C:\Users\User\.m2\repository\com\thoughtworks\xstream\xstream\1.4.20\xstream-1.4.20.jar;C:\Users\User\.m2\repository\io\github\x-stream\mxparser\1.2.2\mxparser-1.2.2.jar;C:\Users\User\.m2\repository\xmlpull\xmlpull\1.1.3.1\xmlpull-1.1.3.1.jar;C:\Users\User\.m2\repository\com\typesafe\config\1.4.2\config-1.4.2.jar;C:\Users\User\.m2\repository\org\imgscalr\imgscalr-lib\4.2\imgscalr-lib-4.2.jar;C:\Users\User\.m2\repository\org\awaitility\awaitility\4.2.0\awaitility-4.2.0.jar;C:\Users\User\.m2\repository\org\freemarker\freemarker\2.3.31\freemarker-2.3.31.jar;C:\Users\User\.m2\repository\io\github\classgraph\classgraph\4.8.138\classgraph-4.8.138.jar;C:\Users\User\.m2\repository\net\sourceforge\jexcelapi\jxl\2.6.12\jxl-2.6.12.jar;C:\Users\User\.m2\repository\net\bytebuddy\byte-buddy-agent\1.14.2\byte-buddy-agent-1.14.2.jar;C:\Users\User\.m2\repository\org\objenesis\objenesis\3.3\objenesis-3.3.jar;C:\Users\User\.m2\repository\net\serenity-bdd\serenity-reports\3.6.21\serenity-reports-3.6.21.jar;C:\Users\User\.m2\repository\net\serenity-bdd\serenity-stats\3.6.21\serenity-stats-3.6.21.jar;C:\Users\User\.m2\repository\net\serenity-bdd\serenity-reports-configuration\3.6.21\serenity-reports-configuration-3.6.21.jar;C:\Users\User\.m2\repository\com\vladsch\flexmark\flexmark-all\0.62.2\flexmark-all-0.62.2.jar;C:\Users\User\.m2\repository\com\vladsch\flexmark\flexmark\0.62.2\flexmark-0.62.2.jar;C:\Users\User\.m2\repository\com\vladsch\flexmark\flexmark-ext-abbreviation\0.62.2\flexmark-ext-abbreviation-0.62.2.jar;C:\Users\User\.m2\repository\com\vladsch\flexmark\flexmark-util\0.62.2\flexmark-util-0.62.2.jar;C:\Users\User\.m2\repository\com\vladsch\flexmark\flexmark-ext-admonition\0.62.2\flexmark-ext-admonition-0.62.2.jar;C:\Users\User\.m2\repository\com\vladsch\flexmark\flexmark-ext-anchorlink\0.62.2\flexmark-ext-anchorlink-0.62.2.jar;C:\Users\User\.m2\repository\com\vladsch\flexmark\flexmark-ext-aside\0.62.2\flexmark-ext-aside-0.62.2.jar;C:\Users\User\.m2\repository\com\vladsch\flexmark\flexmark-ext-attributes\0.62.2\flexmark-ext-attributes-0.62.2.jar;C:\Users\User\.m2\repository\com\vladsch\flexmark\flexmark-ext-autolink\0.62.2\flexmark-ext-autolink-0.62.2.jar;C:\Users\User\.m2\repository\org\nibor\autolink\autolink\0.6.0\autolink-0.6.0.jar;C:\Users\User\.m2\repository\com\vladsch\flexmark\flexmark-ext-definition\0.62.2\flexmark-ext-definition-0.62.2.jar;C:\Users\User\.m2\repository\com\vladsch\flexmark\flexmark-ext-emoji\0.62.2\flexmark-ext-emoji-0.62.2.jar;C:\Users\User\.m2\repository\com\vladsch\flexmark\flexmark-ext-enumerated-reference\0.62.2\flexmark-ext-enumerated-reference-0.62.2.jar;C:\Users\User\.m2\repository\com\vladsch\flexmark\flexmark-ext-escaped-character\0.62.2\flexmark-ext-escaped-character-0.62.2.jar;C:\Users\User\.m2\repository\com\vladsch\flexmark\flexmark-ext-footnotes\0.62.2\flexmark-ext-footnotes-0.62.2.jar;C:\Users\User\.m2\repository\com\vladsch\flexmark\flexmark-ext-gfm-issues\0.62.2\flexmark-ext-gfm-issues-0.62.2.jar;C:\Users\User\.m2\repository\com\vladsch\flexmark\flexmark-ext-gfm-strikethrough\0.62.2\flexmark-ext-gfm-strikethrough-0.62.2.jar;C:\Users\User\.m2\repository\com\vladsch\flexmark\flexmark-ext-gfm-tasklist\0.62.2\flexmark-ext-gfm-tasklist-0.62.2.jar;C:\Users\User\.m2\repository\com\vladsch\flexmark\flexmark-ext-gfm-users\0.62.2\flexmark-ext-gfm-users-0.62.2.jar;C:\Users\User\.m2\repository\com\vladsch\flexmark\flexmark-ext-gitlab\0.62.2\flexmark-ext-gitlab-0.62.2.jar;C:\Users\User\.m2\repository\com\vladsch\flexmark\flexmark-ext-jekyll-front-matter\0.62.2\flexmark-ext-jekyll-front-matter-0.62.2.jar;C:\Users\User\.m2\repository\com\vladsch\flexmark\flexmark-ext-jekyll-tag\0.62.2\flexmark-ext-jekyll-tag-0.62.2.jar;C:\Users\User\.m2\repository\com\vladsch\flexmark\flexmark-ext-media-tags\0.62.2\flexmark-ext-media-tags-0.62.2.jar;C:\Users\User\.m2\repository\com\vladsch\flexmark\flexmark-ext-macros\0.62.2\flexmark-ext-macros-0.62.2.jar;C:\Users\User\.m2\repository\com\vladsch\flexmark\flexmark-ext-ins\0.62.2\flexmark-ext-ins-0.62.2.jar;C:\Users\User\.m2\repository\com\vladsch\flexmark\flexmark-ext-xwiki-macros\0.62.2\flexmark-ext-xwiki-macros-0.62.2.jar;C:\Users\User\.m2\repository\com\vladsch\flexmark\flexmark-ext-superscript\0.62.2\flexmark-ext-superscript-0.62.2.jar;C:\Users\User\.m2\repository\com\vladsch\flexmark\flexmark-ext-tables\0.62.2\flexmark-ext-tables-0.62.2.jar;C:\Users\User\.m2\repository\com\vladsch\flexmark\flexmark-ext-toc\0.62.2\flexmark-ext-toc-0.62.2.jar;C:\Users\User\.m2\repository\com\vladsch\flexmark\flexmark-ext-typographic\0.62.2\flexmark-ext-typographic-0.62.2.jar;C:\Users\User\.m2\repository\com\vladsch\flexmark\flexmark-ext-wikilink\0.62.2\flexmark-ext-wikilink-0.62.2.jar;C:\Users\User\.m2\repository\com\vladsch\flexmark\flexmark-ext-yaml-front-matter\0.62.2\flexmark-ext-yaml-front-matter-0.62.2.jar;C:\Users\User\.m2\repository\com\vladsch\flexmark\flexmark-ext-youtube-embedded\0.62.2\flexmark-ext-youtube-embedded-0.62.2.jar;C:\Users\User\.m2\repository\com\vladsch\flexmark\flexmark-html2md-converter\0.62.2\flexmark-html2md-converter-0.62.2.jar;C:\Users\User\.m2\repository\com\vladsch\flexmark\flexmark-jira-converter\0.62.2\flexmark-jira-converter-0.62.2.jar;C:\Users\User\.m2\repository\com\vladsch\flexmark\flexmark-pdf-converter\0.62.2\flexmark-pdf-converter-0.62.2.jar;C:\Users\User\.m2\repository\com\openhtmltopdf\openhtmltopdf-core\1.0.0\openhtmltopdf-core-1.0.0.jar;C:\Users\User\.m2\repository\com\openhtmltopdf\openhtmltopdf-pdfbox\1.0.0\openhtmltopdf-pdfbox-1.0.0.jar;C:\Users\User\.m2\repository\org\apache\pdfbox\pdfbox\2.0.16\pdfbox-2.0.16.jar;C:\Users\User\.m2\repository\org\apache\pdfbox\fontbox\2.0.16\fontbox-2.0.16.jar;C:\Users\User\.m2\repository\org\apache\pdfbox\xmpbox\2.0.16\xmpbox-2.0.16.jar;C:\Users\User\.m2\repository\de\rototor\pdfbox\graphics2d\0.24\graphics2d-0.24.jar;C:\Users\User\.m2\repository\com\openhtmltopdf\openhtmltopdf-rtl-support\1.0.0\openhtmltopdf-rtl-support-1.0.0.jar;C:\Users\User\.m2\repository\com\openhtmltopdf\openhtmltopdf-jsoup-dom-converter\1.0.0\openhtmltopdf-jsoup-dom-converter-1.0.0.jar;C:\Users\User\.m2\repository\com\vladsch\flexmark\flexmark-profile-pegdown\0.62.2\flexmark-profile-pegdown-0.62.2.jar;C:\Users\User\.m2\repository\com\vladsch\flexmark\flexmark-util-ast\0.62.2\flexmark-util-ast-0.62.2.jar;C:\Users\User\.m2\repository\com\vladsch\flexmark\flexmark-util-builder\0.62.2\flexmark-util-builder-0.62.2.jar;C:\Users\User\.m2\repository\com\vladsch\flexmark\flexmark-util-collection\0.62.2\flexmark-util-collection-0.62.2.jar;C:\Users\User\.m2\repository\com\vladsch\flexmark\flexmark-util-data\0.62.2\flexmark-util-data-0.62.2.jar;C:\Users\User\.m2\repository\com\vladsch\flexmark\flexmark-util-dependency\0.62.2\flexmark-util-dependency-0.62.2.jar;C:\Users\User\.m2\repository\com\vladsch\flexmark\flexmark-util-format\0.62.2\flexmark-util-format-0.62.2.jar;C:\Users\User\.m2\repository\com\vladsch\flexmark\flexmark-util-html\0.62.2\flexmark-util-html-0.62.2.jar;C:\Users\User\.m2\repository\com\vladsch\flexmark\flexmark-util-misc\0.62.2\flexmark-util-misc-0.62.2.jar;C:\Users\User\.m2\repository\com\vladsch\flexmark\flexmark-util-options\0.62.2\flexmark-util-options-0.62.2.jar;C:\Users\User\.m2\repository\com\vladsch\flexmark\flexmark-util-sequence\0.62.2\flexmark-util-sequence-0.62.2.jar;C:\Users\User\.m2\repository\com\vladsch\flexmark\flexmark-util-visitor\0.62.2\flexmark-util-visitor-0.62.2.jar;C:\Users\User\.m2\repository\com\vladsch\flexmark\flexmark-youtrack-converter\0.62.2\flexmark-youtrack-converter-0.62.2.jar;C:\Users\User\.m2\repository\com\ibm\icu\icu4j\72.1\icu4j-72.1.jar;C:\Users\User\.m2\repository\es\nitaur\markdown\txtmark\0.16\txtmark-0.16.jar;C:\Users\User\.m2\repository\net\serenity-bdd\serenity-report-resources\3.6.21\serenity-report-resources-3.6.21.jar;C:\Users\User\.m2\repository\com\google\code\gson\gson\2.10.1\gson-2.10.1.jar;C:\Users\User\.m2\repository\com\fasterxml\jackson\core\jackson-core\2.15.0-rc1\jackson-core-2.15.0-rc1.jar;C:\Users\User\.m2\repository\com\fasterxml\jackson\core\jackson-databind\2.15.0-rc1\jackson-databind-2.15.0-rc1.jar;C:\Users\User\.m2\repository\com\fasterxml\jackson\core\jackson-annotations\2.15.0-rc1\jackson-annotations-2.15.0-rc1.jar;C:\Users\User\.m2\repository\commons-codec\commons-codec\1.15\commons-codec-1.15.jar;C:\Users\User\.m2\repository\commons-io\commons-io\2.11.0\commons-io-2.11.0.jar;C:\Users\User\.m2\repository\org\seleniumhq\selenium\selenium-java\4.8.1\selenium-java-4.8.1.jar;C:\Users\User\.m2\repository\org\seleniumhq\selenium\selenium-devtools-v108\4.8.1\selenium-devtools-v108-4.8.1.jar;C:\Users\User\.m2\repository\org\seleniumhq\selenium\selenium-devtools-v109\4.8.1\selenium-devtools-v109-4.8.1.jar;C:\Users\User\.m2\repository\org\seleniumhq\selenium\selenium-devtools-v110\4.8.1\selenium-devtools-v110-4.8.1.jar;C:\Users\User\.m2\repository\org\seleniumhq\selenium\selenium-devtools-v85\4.8.1\selenium-devtools-v85-4.8.1.jar;C:\Users\User\.m2\repository\org\seleniumhq\selenium\selenium-remote-driver\4.8.1\selenium-remote-driver-4.8.1.jar;C:\Users\User\.m2\repository\com\beust\jcommander\1.82\jcommander-1.82.jar;C:\Users\User\.m2\repository\io\netty\netty-buffer\4.1.87.Final\netty-buffer-4.1.87.Final.jar;C:\Users\User\.m2\repository\io\netty\netty-codec-http\4.1.87.Final\netty-codec-http-4.1.87.Final.jar;C:\Users\User\.m2\repository\io\netty\netty-codec\4.1.87.Final\netty-codec-4.1.87.Final.jar;C:\Users\User\.m2\repository\io\netty\netty-handler\4.1.87.Final\netty-handler-4.1.87.Final.jar;C:\Users\User\.m2\repository\io\netty\netty-common\4.1.87.Final\netty-common-4.1.87.Final.jar;C:\Users\User\.m2\repository\io\netty\netty-transport-classes-epoll\4.1.87.Final\netty-transport-classes-epoll-4.1.87.Final.jar;C:\Users\User\.m2\repository\io\netty\netty-transport-classes-kqueue\4.1.87.Final\netty-transport-classes-kqueue-4.1.87.Final.jar;C:\Users\User\.m2\repository\io\netty\netty-transport-native-epoll\4.1.87.Final\netty-transport-native-epoll-4.1.87.Final.jar;C:\Users\User\.m2\repository\io\netty\netty-transport-native-kqueue\4.1.87.Final\netty-transport-native-kqueue-4.1.87.Final.jar;C:\Users\User\.m2\repository\io\netty\netty-transport-native-unix-common\4.1.87.Final\netty-transport-native-unix-common-4.1.87.Final.jar;C:\Users\User\.m2\repository\io\netty\netty-transport\4.1.87.Final\netty-transport-4.1.87.Final.jar;C:\Users\User\.m2\repository\io\netty\netty-resolver\4.1.87.Final\netty-resolver-4.1.87.Final.jar;C:\Users\User\.m2\repository\io\opentelemetry\opentelemetry-api\1.22.0\opentelemetry-api-1.22.0.jar;C:\Users\User\.m2\repository\io\opentelemetry\opentelemetry-context\1.22.0\opentelemetry-context-1.22.0.jar;C:\Users\User\.m2\repository\io\opentelemetry\opentelemetry-exporter-logging\1.22.0\opentelemetry-exporter-logging-1.22.0.jar;C:\Users\User\.m2\repository\io\opentelemetry\opentelemetry-sdk-metrics\1.22.0\opentelemetry-sdk-metrics-1.22.0.jar;C:\Users\User\.m2\repository\io\opentelemetry\opentelemetry-sdk-logs\1.22.0-alpha\opentelemetry-sdk-logs-1.22.0-alpha.jar;C:\Users\User\.m2\repository\io\opentelemetry\opentelemetry-api-logs\1.22.0-alpha\opentelemetry-api-logs-1.22.0-alpha.jar;C:\Users\User\.m2\repository\io\opentelemetry\opentelemetry-sdk-common\1.22.0\opentelemetry-sdk-common-1.22.0.jar;C:\Users\User\.m2\repository\io\opentelemetry\opentelemetry-sdk-extension-autoconfigure-spi\1.22.0\opentelemetry-sdk-extension-autoconfigure-spi-1.22.0.jar;C:\Users\User\.m2\repository\io\opentelemetry\opentelemetry-sdk-extension-autoconfigure\1.22.0-alpha\opentelemetry-sdk-extension-autoconfigure-1.22.0-alpha.jar;C:\Users\User\.m2\repository\io\opentelemetry\opentelemetry-sdk-trace\1.22.0\opentelemetry-sdk-trace-1.22.0.jar;C:\Users\User\.m2\repository\io\opentelemetry\opentelemetry-sdk\1.22.0\opentelemetry-sdk-1.22.0.jar;C:\Users\User\.m2\repository\io\opentelemetry\opentelemetry-semconv\1.22.0-alpha\opentelemetry-semconv-1.22.0-alpha.jar;C:\Users\User\.m2\repository\io\ous\jtoml\2.0.0\jtoml-2.0.0.jar;C:\Users\User\.m2\repository\org\apache\commons\commons-exec\1.3\commons-exec-1.3.jar;C:\Users\User\.m2\repository\org\asynchttpclient\async-http-client\2.12.3\async-http-client-2.12.3.jar;C:\Users\User\.m2\repository\org\asynchttpclient\async-http-client-netty-utils\2.12.3\async-http-client-netty-utils-2.12.3.jar;C:\Users\User\.m2\repository\io\netty\netty-codec-socks\4.1.60.Final\netty-codec-socks-4.1.60.Final.jar;C:\Users\User\.m2\repository\io\netty\netty-handler-proxy\4.1.60.Final\netty-handler-proxy-4.1.60.Final.jar;C:\Users\User\.m2\repository\io\netty\netty-transport-native-epoll\4.1.60.Final\netty-transport-native-epoll-4.1.60.Final-linux-x86_64.jar;C:\Users\User\.m2\repository\io\netty\netty-transport-native-kqueue\4.1.60.Final\netty-transport-native-kqueue-4.1.60.Final-osx-x86_64.jar;C:\Users\User\.m2\repository\org\reactivestreams\reactive-streams\1.0.3\reactive-streams-1.0.3.jar;C:\Users\User\.m2\repository\com\typesafe\netty\netty-reactive-streams\2.0.4\netty-reactive-streams-2.0.4.jar;C:\Users\User\.m2\repository\org\seleniumhq\selenium\selenium-manager\4.8.1\selenium-manager-4.8.1.jar;C:\Users\User\.m2\repository\org\seleniumhq\selenium\selenium-safari-driver\4.8.1\selenium-safari-driver-4.8.1.jar;C:\Users\User\.m2\repository\org\seleniumhq\selenium\selenium-api\4.8.1\selenium-api-4.8.1.jar;C:\Users\User\.m2\repository\org\seleniumhq\selenium\selenium-support\4.8.1\selenium-support-4.8.1.jar;C:\Users\User\.m2\repository\com\google\auto\service\auto-service-annotations\1.0.1\auto-service-annotations-1.0.1.jar;C:\Users\User\.m2\repository\com\google\auto\service\auto-service\1.0.1\auto-service-1.0.1.jar;C:\Users\User\.m2\repository\com\google\auto\auto-common\1.2\auto-common-1.2.jar;C:\Users\User\.m2\repository\org\seleniumhq\selenium\selenium-json\4.8.1\selenium-json-4.8.1.jar;C:\Users\User\.m2\repository\org\seleniumhq\selenium\selenium-chrome-driver\4.8.1\selenium-chrome-driver-4.8.1.jar;C:\Users\User\.m2\repository\org\seleniumhq\selenium\selenium-chromium-driver\4.8.1\selenium-chromium-driver-4.8.1.jar;C:\Users\User\.m2\repository\org\seleniumhq\selenium\selenium-firefox-driver\4.8.1\selenium-firefox-driver-4.8.1.jar;C:\Users\User\.m2\repository\org\seleniumhq\selenium\selenium-http\4.8.1\selenium-http-4.8.1.jar;C:\Users\User\.m2\repository\dev\failsafe\failsafe\3.3.0\failsafe-3.3.0.jar;C:\Users\User\.m2\repository\org\seleniumhq\selenium\selenium-edge-driver\4.8.1\selenium-edge-driver-4.8.1.jar;C:\Users\User\.m2\repository\org\seleniumhq\selenium\selenium-ie-driver\4.8.1\selenium-ie-driver-4.8.1.jar;C:\Users\User\.m2\repository\org\projectlombok\lombok\1.18.20\lombok-1.18.20.jar;C:\Users\User\.m2\repository\io\appium\java-client\8.3.0\java-client-8.3.0.jar;C:\Users\User\.m2\repository\commons-validator\commons-validator\1.7\commons-validator-1.7.jar;C:\Users\User\.m2\repository\commons-digester\commons-digester\2.1\commons-digester-2.1.jar;C:\Users\User\.m2\repository\net\sf\opencsv\opencsv\2.0\opencsv-2.0.jar;C:\Users\User\.m2\repository\commons-beanutils\commons-beanutils\1.9.4\commons-beanutils-1.9.4.jar;C:\Users\User\.m2\repository\org\apache\commons\commons-lang3\3.12.0\commons-lang3-3.12.0.jar;C:\Users\User\.m2\repository\commons-collections\commons-collections\3.2.2\commons-collections-3.2.2.jar;C:\Users\User\.m2\repository\org\fluentlenium\fluentlenium-core\0.10.2\fluentlenium-core-0.10.2.jar;C:\Users\User\.m2\repository\io\github\bonigarcia\webdrivermanager\5.3.0\webdrivermanager-5.3.0.jar;C:\Users\User\.m2\repository\com\github\docker-java\docker-java\3.2.13\docker-java-3.2.13.jar;C:\Users\User\.m2\repository\com\github\docker-java\docker-java-core\3.2.13\docker-java-core-3.2.13.jar;C:\Users\User\.m2\repository\com\github\docker-java\docker-java-api\3.2.13\docker-java-api-3.2.13.jar;C:\Users\User\.m2\repository\org\apache\commons\commons-compress\1.21\commons-compress-1.21.jar;C:\Users\User\.m2\repository\org\bouncycastle\bcpkix-jdk15on\1.64\bcpkix-jdk15on-1.64.jar;C:\Users\User\.m2\repository\org\bouncycastle\bcprov-jdk15on\1.64\bcprov-jdk15on-1.64.jar;C:\Users\User\.m2\repository\org\slf4j\jcl-over-slf4j\1.7.30\jcl-over-slf4j-1.7.30.jar;C:\Users\User\.m2\repository\com\github\docker-java\docker-java-transport-httpclient5\3.2.13\docker-java-transport-httpclient5-3.2.13.jar;C:\Users\User\.m2\repository\com\github\docker-java\docker-java-transport\3.2.13\docker-java-transport-3.2.13.jar;C:\Users\User\.m2\repository\net\java\dev\jna\jna\5.8.0\jna-5.8.0.jar;C:\Users\User\.m2\repository\org\brotli\dec\0.1.2\dec-0.1.2.jar;C:\Users\User\.m2\repository\org\apache\httpcomponents\client5\httpclient5\5.1.3\httpclient5-5.1.3.jar;C:\Users\User\.m2\repository\org\apache\httpcomponents\core5\httpcore5\5.1.3\httpcore5-5.1.3.jar;C:\Users\User\.m2\repository\org\apache\httpcomponents\core5\httpcore5-h2\5.1.3\httpcore5-h2-5.1.3.jar;C:\Users\User\.m2\repository\com\jhlabs\filters\2.0.235\filters-2.0.235.jar;C:\Users\User\.m2\repository\com\paulhammant\ngwebdriver\1.1.6\ngwebdriver-1.1.6.jar;C:\Users\User\.m2\repository\joda-time\joda-time\2.12.2\joda-time-2.12.2.jar;C:\Users\User\.m2\repository\org\hamcrest\hamcrest\2.2\hamcrest-2.2.jar;C:\Users\User\.m2\repository\com\google\jimfs\jimfs\1.2\jimfs-1.2.jar;C:\Users\User\.m2\repository\org\mockito\mockito-core\3.3.3\mockito-core-3.3.3.jar;C:\Users\User\.m2\repository\javax\xml\bind\jaxb-api\2.3.1\jaxb-api-2.3.1.jar;C:\Users\User\.m2\repository\javax\activation\javax.activation-api\1.2.0\javax.activation-api-1.2.0.jar;C:\Users\User\.m2\repository\com\sun\xml\bind\jaxb-core\2.3.0.1\jaxb-core-2.3.0.1.jar;C:\Users\User\.m2\repository\com\sun\xml\bind\jaxb-impl\2.3.3\jaxb-impl-2.3.3.jar;C:\Users\User\.m2\repository\jakarta\xml\bind\jakarta.xml.bind-api\2.3.3\jakarta.xml.bind-api-2.3.3.jar;C:\Users\User\.m2\repository\com\sun\activation\jakarta.activation\1.2.2\jakarta.activation-1.2.2.jar;C:\Users\User\.m2\repository\javax\activation\activation\1.1.1\activation-1.1.1.jar;C:\Users\User\.m2\repository\net\serenity-bdd\serenity-cucumber\3.6.21\serenity-cucumber-3.6.21.jar;C:\Users\User\.m2\repository\io\cucumber\cucumber-core\7.11.0\cucumber-core-7.11.0.jar;C:\Users\User\.m2\repository\io\cucumber\cucumber-gherkin\7.11.0\cucumber-gherkin-7.11.0.jar;C:\Users\User\.m2\repository\io\cucumber\cucumber-gherkin-messages\7.11.0\cucumber-gherkin-messages-7.11.0.jar;C:\Users\User\.m2\repository\io\cucumber\gherkin\26.0.3\gherkin-26.0.3.jar;C:\Users\User\.m2\repository\io\cucumber\messages\21.0.1\messages-21.0.1.jar;C:\Users\User\.m2\repository\io\cucumber\tag-expressions\5.0.1\tag-expressions-5.0.1.jar;C:\Users\User\.m2\repository\io\cucumber\cucumber-expressions\16.1.1\cucumber-expressions-16.1.1.jar;C:\Users\User\.m2\repository\io\cucumber\datatable\7.11.0\datatable-7.11.0.jar;C:\Users\User\.m2\repository\io\cucumber\cucumber-plugin\7.11.0\cucumber-plugin-7.11.0.jar;C:\Users\User\.m2\repository\io\cucumber\docstring\7.11.0\docstring-7.11.0.jar;C:\Users\User\.m2\repository\io\cucumber\html-formatter\20.2.1\html-formatter-20.2.1.jar;C:\Users\User\.m2\repository\io\cucumber\junit-xml-formatter\0.1.0\junit-xml-formatter-0.1.0.jar;C:\Users\User\.m2\repository\io\cucumber\ci-environment\9.1.0\ci-environment-9.1.0.jar;C:\Users\User\.m2\repository\io\cucumber\cucumber-java\7.11.0\cucumber-java-7.11.0.jar;C:\Users\User\.m2\repository\io\cucumber\cucumber-junit\7.11.0\cucumber-junit-7.11.0.jar;C:\Users\User\.m2\repository\org\apache\commons\commons-csv\1.5\commons-csv-1.5.jar;C:\Users\User\.m2\repository\net\serenity-bdd\serenity-screenplay\3.6.21\serenity-screenplay-3.6.21.jar;C:\Users\User\.m2\repository\net\serenity-bdd\serenity-screenplay-webdriver\3.6.21\serenity-screenplay-webdriver-3.6.21.jar;C:\Users\User\.m2\repository\net\serenity-bdd\serenity-ensure\3.6.21\serenity-ensure-3.6.21.jar;C:\Users\User\.m2\repository\net\serenity-bdd\serenity-junit\3.6.21\serenity-junit-3.6.21.jar;C:\Users\User\.m2\repository\org\jetbrains\kotlin\kotlin-stdlib\1.8.10\kotlin-stdlib-1.8.10.jar;C:\Users\User\.m2\repository\org\jetbrains\kotlin\kotlin-stdlib-common\1.8.10\kotlin-stdlib-common-1.8.10.jar;C:\Users\User\.m2\repository\org\jetbrains\annotations\13.0\annotations-13.0.jar;C:\Users\User\.m2\repository\org\junit\platform\junit-platform-launcher\1.8.2\junit-platform-launcher-1.8.2.jar;C:\Users\User\.m2\repository\org\junit\platform\junit-platform-engine\1.8.2\junit-platform-engine-1.8.2.jar;C:\Users\User\.m2\repository\org\junit\platform\junit-platform-commons\1.8.2\junit-platform-commons-1.8.2.jar;C:\Users\User\.m2\repository\org\apiguardian\apiguardian-api\1.1.2\apiguardian-api-1.1.2.jar;C:\Users\User\.m2\repository\org\junit\jupiter\junit-jupiter-engine\5.8.2\junit-jupiter-engine-5.8.2.jar;C:\Users\User\.m2\repository\org\junit\jupiter\junit-jupiter-api\5.8.2\junit-jupiter-api-5.8.2.jar;C:\Users\User\.m2\repository\org\junit\vintage\junit-vintage-engine\5.8.2\junit-vintage-engine-5.8.2.jar;C:\Users\User\.m2\repository\junit\junit\4.13.2\junit-4.13.2.jar;C:\Users\User\.m2\repository\org\hamcrest\hamcrest-core\1.3\hamcrest-core-1.3.jar;C:\Users\User\.m2\repository\ch\qos\logback\logback-classic\1.2.10\logback-classic-1.2.10.jar;C:\Users\User\.m2\repository\ch\qos\logback\logback-core\1.2.10\logback-core-1.2.10.jar;C:\Users\User\.m2\repository\org\slf4j\slf4j-api\1.7.32\slf4j-api-1.7.32.jar;C:\Users\User\.m2\repository\org\assertj\assertj-core\3.23.1\assertj-core-3.23.1.jar;C:\Users\User\.m2\repository\net\bytebuddy\byte-buddy\1.12.10\byte-buddy-1.12.10.jar;C:\Users\User\.m2\repository\com\googlecode\json-simple\json-simple\1.1.1\json-simple-1.1.1.jar;"/>
    <property name="sun.cpu.endian" value="little"/>
    <property name="user.home" value="C:\Users\User"/>
    <property name="user.language" value="en"/>
    <property name="java.specification.vendor" value="Oracle Corporation"/>
    <property name="jdk.module.path" value="D:\download\API_Minpro (1)\APIMinpro\API\minpro\target\minpro-1.0-SNAPSHOT.jar"/>
    <property name="java.version.date" value="2023-01-17"/>
    <property name="java.home" value="C:\Program Files\Java\jdk-19"/>
    <property name="file.separator" value="\"/>
    <property name="basedir" value="D:\download\API_Minpro (1)\APIMinpro\API\minpro"/>
    <property name="java.vm.compressedOopsMode" value="32-bit"/>
    <property name="line.separator" value="&#10;"/>
    <property name="java.vm.specification.vendor" value="Oracle Corporation"/>
    <property name="java.specification.name" value="Java Platform API Specification"/>
    <property name="surefire.real.class.path" value="C:\Users\User\.m2\repository\org\apache\maven\surefire\surefire-booter\3.0.0-M5\surefire-booter-3.0.0-M5.jar;C:\Users\User\.m2\repository\org\apache\maven\surefire\surefire-api\3.0.0-M5\surefire-api-3.0.0-M5.jar;C:\Users\User\.m2\repository\org\apache\maven\surefire\surefire-logger-api\3.0.0-M5\surefire-logger-api-3.0.0-M5.jar;C:\Users\User\.m2\repository\org\apache\maven\surefire\surefire-shared-utils\3.0.0-M4\surefire-shared-utils-3.0.0-M4.jar;C:\Users\User\.m2\repository\org\apache\maven\surefire\surefire-extensions-spi\3.0.0-M5\surefire-extensions-spi-3.0.0-M5.jar;D:\download\API_Minpro (1)\APIMinpro\API\minpro\target\test-classes;C:\Users\User\.m2\repository\net\serenity-bdd\serenity-rest-assured\3.6.22\serenity-rest-assured-3.6.22.jar;C:\Users\User\.m2\repository\org\apache\httpcomponents\httpclient\4.5.13\httpclient-4.5.13.jar;C:\Users\User\.m2\repository\org\apache\httpcomponents\httpcore\4.4.13\httpcore-4.4.13.jar;C:\Users\User\.m2\repository\commons-logging\commons-logging\1.2\commons-logging-1.2.jar;C:\Users\User\.m2\repository\io\rest-assured\rest-assured\5.3.0\rest-assured-5.3.0.jar;C:\Users\User\.m2\repository\org\apache\httpcomponents\httpmime\4.5.13\httpmime-4.5.13.jar;C:\Users\User\.m2\repository\org\ccil\cowan\tagsoup\tagsoup\1.2.1\tagsoup-1.2.1.jar;C:\Users\User\.m2\repository\io\rest-assured\json-path\5.3.0\json-path-5.3.0.jar;C:\Users\User\.m2\repository\io\rest-assured\rest-assured-common\5.3.0\rest-assured-common-5.3.0.jar;C:\Users\User\.m2\repository\io\rest-assured\xml-path\5.3.0\xml-path-5.3.0.jar;C:\Users\User\.m2\repository\org\apache\groovy\groovy-json\4.0.10\groovy-json-4.0.10.jar;C:\Users\User\.m2\repository\org\apache\groovy\groovy-xml\4.0.10\groovy-xml-4.0.10.jar;C:\Users\User\.m2\repository\org\apache\groovy\groovy\4.0.10\groovy-4.0.10.jar;C:\Users\User\.m2\repository\org\opentest4j\opentest4j\1.2.0\opentest4j-1.2.0.jar;C:\Users\User\.m2\repository\net\serenity-bdd\serenity-core\3.6.21\serenity-core-3.6.21.jar;C:\Users\User\.m2\repository\net\serenity-bdd\serenity-model\3.6.21\serenity-model-3.6.21.jar;C:\Users\User\.m2\repository\org\apache\commons\commons-text\1.10.0\commons-text-1.10.0.jar;C:\Users\User\.m2\repository\commons-net\commons-net\3.9.0\commons-net-3.9.0.jar;C:\Users\User\.m2\repository\com\google\guava\guava\31.1-jre\guava-31.1-jre.jar;C:\Users\User\.m2\repository\com\google\guava\failureaccess\1.0.1\failureaccess-1.0.1.jar;C:\Users\User\.m2\repository\com\google\guava\listenablefuture\9999.0-empty-to-avoid-conflict-with-guava\listenablefuture-9999.0-empty-to-avoid-conflict-with-guava.jar;C:\Users\User\.m2\repository\com\google\code\findbugs\jsr305\3.0.2\jsr305-3.0.2.jar;C:\Users\User\.m2\repository\org\checkerframework\checker-qual\3.12.0\checker-qual-3.12.0.jar;C:\Users\User\.m2\repository\com\google\errorprone\error_prone_annotations\2.11.0\error_prone_annotations-2.11.0.jar;C:\Users\User\.m2\repository\com\google\j2objc\j2objc-annotations\1.3\j2objc-annotations-1.3.jar;C:\Users\User\.m2\repository\com\google\inject\guice\5.1.0\guice-5.1.0.jar;C:\Users\User\.m2\repository\javax\inject\javax.inject\1\javax.inject-1.jar;C:\Users\User\.m2\repository\aopalliance\aopalliance\1.0\aopalliance-1.0.jar;C:\Users\User\.m2\repository\org\jsoup\jsoup\1.14.3\jsoup-1.14.3.jar;C:\Users\User\.m2\repository\com\thoughtworks\xstream\xstream\1.4.20\xstream-1.4.20.jar;C:\Users\User\.m2\repository\io\github\x-stream\mxparser\1.2.2\mxparser-1.2.2.jar;C:\Users\User\.m2\repository\xmlpull\xmlpull\1.1.3.1\xmlpull-1.1.3.1.jar;C:\Users\User\.m2\repository\com\typesafe\config\1.4.2\config-1.4.2.jar;C:\Users\User\.m2\repository\org\imgscalr\imgscalr-lib\4.2\imgscalr-lib-4.2.jar;C:\Users\User\.m2\repository\org\awaitility\awaitility\4.2.0\awaitility-4.2.0.jar;C:\Users\User\.m2\repository\org\freemarker\freemarker\2.3.31\freemarker-2.3.31.jar;C:\Users\User\.m2\repository\io\github\classgraph\classgraph\4.8.138\classgraph-4.8.138.jar;C:\Users\User\.m2\repository\net\sourceforge\jexcelapi\jxl\2.6.12\jxl-2.6.12.jar;C:\Users\User\.m2\repository\net\bytebuddy\byte-buddy-agent\1.14.2\byte-buddy-agent-1.14.2.jar;C:\Users\User\.m2\repository\org\objenesis\objenesis\3.3\objenesis-3.3.jar;C:\Users\User\.m2\repository\net\serenity-bdd\serenity-reports\3.6.21\serenity-reports-3.6.21.jar;C:\Users\User\.m2\repository\net\serenity-bdd\serenity-stats\3.6.21\serenity-stats-3.6.21.jar;C:\Users\User\.m2\repository\net\serenity-bdd\serenity-reports-configuration\3.6.21\serenity-reports-configuration-3.6.21.jar;C:\Users\User\.m2\repository\com\vladsch\flexmark\flexmark-all\0.62.2\flexmark-all-0.62.2.jar;C:\Users\User\.m2\repository\com\vladsch\flexmark\flexmark\0.62.2\flexmark-0.62.2.jar;C:\Users\User\.m2\repository\com\vladsch\flexmark\flexmark-ext-abbreviation\0.62.2\flexmark-ext-abbreviation-0.62.2.jar;C:\Users\User\.m2\repository\com\vladsch\flexmark\flexmark-util\0.62.2\flexmark-util-0.62.2.jar;C:\Users\User\.m2\repository\com\vladsch\flexmark\flexmark-ext-admonition\0.62.2\flexmark-ext-admonition-0.62.2.jar;C:\Users\User\.m2\repository\com\vladsch\flexmark\flexmark-ext-anchorlink\0.62.2\flexmark-ext-anchorlink-0.62.2.jar;C:\Users\User\.m2\repository\com\vladsch\flexmark\flexmark-ext-aside\0.62.2\flexmark-ext-aside-0.62.2.jar;C:\Users\User\.m2\repository\com\vladsch\flexmark\flexmark-ext-attributes\0.62.2\flexmark-ext-attributes-0.62.2.jar;C:\Users\User\.m2\repository\com\vladsch\flexmark\flexmark-ext-autolink\0.62.2\flexmark-ext-autolink-0.62.2.jar;C:\Users\User\.m2\repository\org\nibor\autolink\autolink\0.6.0\autolink-0.6.0.jar;C:\Users\User\.m2\repository\com\vladsch\flexmark\flexmark-ext-definition\0.62.2\flexmark-ext-definition-0.62.2.jar;C:\Users\User\.m2\repository\com\vladsch\flexmark\flexmark-ext-emoji\0.62.2\flexmark-ext-emoji-0.62.2.jar;C:\Users\User\.m2\repository\com\vladsch\flexmark\flexmark-ext-enumerated-reference\0.62.2\flexmark-ext-enumerated-reference-0.62.2.jar;C:\Users\User\.m2\repository\com\vladsch\flexmark\flexmark-ext-escaped-character\0.62.2\flexmark-ext-escaped-character-0.62.2.jar;C:\Users\User\.m2\repository\com\vladsch\flexmark\flexmark-ext-footnotes\0.62.2\flexmark-ext-footnotes-0.62.2.jar;C:\Users\User\.m2\repository\com\vladsch\flexmark\flexmark-ext-gfm-issues\0.62.2\flexmark-ext-gfm-issues-0.62.2.jar;C:\Users\User\.m2\repository\com\vladsch\flexmark\flexmark-ext-gfm-strikethrough\0.62.2\flexmark-ext-gfm-strikethrough-0.62.2.jar;C:\Users\User\.m2\repository\com\vladsch\flexmark\flexmark-ext-gfm-tasklist\0.62.2\flexmark-ext-gfm-tasklist-0.62.2.jar;C:\Users\User\.m2\repository\com\vladsch\flexmark\flexmark-ext-gfm-users\0.62.2\flexmark-ext-gfm-users-0.62.2.jar;C:\Users\User\.m2\repository\com\vladsch\flexmark\flexmark-ext-gitlab\0.62.2\flexmark-ext-gitlab-0.62.2.jar;C:\Users\User\.m2\repository\com\vladsch\flexmark\flexmark-ext-jekyll-front-matter\0.62.2\flexmark-ext-jekyll-front-matter-0.62.2.jar;C:\Users\User\.m2\repository\com\vladsch\flexmark\flexmark-ext-jekyll-tag\0.62.2\flexmark-ext-jekyll-tag-0.62.2.jar;C:\Users\User\.m2\repository\com\vladsch\flexmark\flexmark-ext-media-tags\0.62.2\flexmark-ext-media-tags-0.62.2.jar;C:\Users\User\.m2\repository\com\vladsch\flexmark\flexmark-ext-macros\0.62.2\flexmark-ext-macros-0.62.2.jar;C:\Users\User\.m2\repository\com\vladsch\flexmark\flexmark-ext-ins\0.62.2\flexmark-ext-ins-0.62.2.jar;C:\Users\User\.m2\repository\com\vladsch\flexmark\flexmark-ext-xwiki-macros\0.62.2\flexmark-ext-xwiki-macros-0.62.2.jar;C:\Users\User\.m2\repository\com\vladsch\flexmark\flexmark-ext-superscript\0.62.2\flexmark-ext-superscript-0.62.2.jar;C:\Users\User\.m2\repository\com\vladsch\flexmark\flexmark-ext-tables\0.62.2\flexmark-ext-tables-0.62.2.jar;C:\Users\User\.m2\repository\com\vladsch\flexmark\flexmark-ext-toc\0.62.2\flexmark-ext-toc-0.62.2.jar;C:\Users\User\.m2\repository\com\vladsch\flexmark\flexmark-ext-typographic\0.62.2\flexmark-ext-typographic-0.62.2.jar;C:\Users\User\.m2\repository\com\vladsch\flexmark\flexmark-ext-wikilink\0.62.2\flexmark-ext-wikilink-0.62.2.jar;C:\Users\User\.m2\repository\com\vladsch\flexmark\flexmark-ext-yaml-front-matter\0.62.2\flexmark-ext-yaml-front-matter-0.62.2.jar;C:\Users\User\.m2\repository\com\vladsch\flexmark\flexmark-ext-youtube-embedded\0.62.2\flexmark-ext-youtube-embedded-0.62.2.jar;C:\Users\User\.m2\repository\com\vladsch\flexmark\flexmark-html2md-converter\0.62.2\flexmark-html2md-converter-0.62.2.jar;C:\Users\User\.m2\repository\com\vladsch\flexmark\flexmark-jira-converter\0.62.2\flexmark-jira-converter-0.62.2.jar;C:\Users\User\.m2\repository\com\vladsch\flexmark\flexmark-pdf-converter\0.62.2\flexmark-pdf-converter-0.62.2.jar;C:\Users\User\.m2\repository\com\openhtmltopdf\openhtmltopdf-core\1.0.0\openhtmltopdf-core-1.0.0.jar;C:\Users\User\.m2\repository\com\openhtmltopdf\openhtmltopdf-pdfbox\1.0.0\openhtmltopdf-pdfbox-1.0.0.jar;C:\Users\User\.m2\repository\org\apache\pdfbox\pdfbox\2.0.16\pdfbox-2.0.16.jar;C:\Users\User\.m2\repository\org\apache\pdfbox\fontbox\2.0.16\fontbox-2.0.16.jar;C:\Users\User\.m2\repository\org\apache\pdfbox\xmpbox\2.0.16\xmpbox-2.0.16.jar;C:\Users\User\.m2\repository\de\rototor\pdfbox\graphics2d\0.24\graphics2d-0.24.jar;C:\Users\User\.m2\repository\com\openhtmltopdf\openhtmltopdf-rtl-support\1.0.0\openhtmltopdf-rtl-support-1.0.0.jar;C:\Users\User\.m2\repository\com\openhtmltopdf\openhtmltopdf-jsoup-dom-converter\1.0.0\openhtmltopdf-jsoup-dom-converter-1.0.0.jar;C:\Users\User\.m2\repository\com\vladsch\flexmark\flexmark-profile-pegdown\0.62.2\flexmark-profile-pegdown-0.62.2.jar;C:\Users\User\.m2\repository\com\vladsch\flexmark\flexmark-util-ast\0.62.2\flexmark-util-ast-0.62.2.jar;C:\Users\User\.m2\repository\com\vladsch\flexmark\flexmark-util-builder\0.62.2\flexmark-util-builder-0.62.2.jar;C:\Users\User\.m2\repository\com\vladsch\flexmark\flexmark-util-collection\0.62.2\flexmark-util-collection-0.62.2.jar;C:\Users\User\.m2\repository\com\vladsch\flexmark\flexmark-util-data\0.62.2\flexmark-util-data-0.62.2.jar;C:\Users\User\.m2\repository\com\vladsch\flexmark\flexmark-util-dependency\0.62.2\flexmark-util-dependency-0.62.2.jar;C:\Users\User\.m2\repository\com\vladsch\flexmark\flexmark-util-format\0.62.2\flexmark-util-format-0.62.2.jar;C:\Users\User\.m2\repository\com\vladsch\flexmark\flexmark-util-html\0.62.2\flexmark-util-html-0.62.2.jar;C:\Users\User\.m2\repository\com\vladsch\flexmark\flexmark-util-misc\0.62.2\flexmark-util-misc-0.62.2.jar;C:\Users\User\.m2\repository\com\vladsch\flexmark\flexmark-util-options\0.62.2\flexmark-util-options-0.62.2.jar;C:\Users\User\.m2\repository\com\vladsch\flexmark\flexmark-util-sequence\0.62.2\flexmark-util-sequence-0.62.2.jar;C:\Users\User\.m2\repository\com\vladsch\flexmark\flexmark-util-visitor\0.62.2\flexmark-util-visitor-0.62.2.jar;C:\Users\User\.m2\repository\com\vladsch\flexmark\flexmark-youtrack-converter\0.62.2\flexmark-youtrack-converter-0.62.2.jar;C:\Users\User\.m2\repository\com\ibm\icu\icu4j\72.1\icu4j-72.1.jar;C:\Users\User\.m2\repository\es\nitaur\markdown\txtmark\0.16\txtmark-0.16.jar;C:\Users\User\.m2\repository\net\serenity-bdd\serenity-report-resources\3.6.21\serenity-report-resources-3.6.21.jar;C:\Users\User\.m2\repository\com\google\code\gson\gson\2.10.1\gson-2.10.1.jar;C:\Users\User\.m2\repository\com\fasterxml\jackson\core\jackson-core\2.15.0-rc1\jackson-core-2.15.0-rc1.jar;C:\Users\User\.m2\repository\com\fasterxml\jackson\core\jackson-databind\2.15.0-rc1\jackson-databind-2.15.0-rc1.jar;C:\Users\User\.m2\repository\com\fasterxml\jackson\core\jackson-annotations\2.15.0-rc1\jackson-annotations-2.15.0-rc1.jar;C:\Users\User\.m2\repository\commons-codec\commons-codec\1.15\commons-codec-1.15.jar;C:\Users\User\.m2\repository\commons-io\commons-io\2.11.0\commons-io-2.11.0.jar;C:\Users\User\.m2\repository\org\seleniumhq\selenium\selenium-java\4.8.1\selenium-java-4.8.1.jar;C:\Users\User\.m2\repository\org\seleniumhq\selenium\selenium-devtools-v108\4.8.1\selenium-devtools-v108-4.8.1.jar;C:\Users\User\.m2\repository\org\seleniumhq\selenium\selenium-devtools-v109\4.8.1\selenium-devtools-v109-4.8.1.jar;C:\Users\User\.m2\repository\org\seleniumhq\selenium\selenium-devtools-v110\4.8.1\selenium-devtools-v110-4.8.1.jar;C:\Users\User\.m2\repository\org\seleniumhq\selenium\selenium-devtools-v85\4.8.1\selenium-devtools-v85-4.8.1.jar;C:\Users\User\.m2\repository\org\seleniumhq\selenium\selenium-remote-driver\4.8.1\selenium-remote-driver-4.8.1.jar;C:\Users\User\.m2\repository\com\beust\jcommander\1.82\jcommander-1.82.jar;C:\Users\User\.m2\repository\io\netty\netty-buffer\4.1.87.Final\netty-buffer-4.1.87.Final.jar;C:\Users\User\.m2\repository\io\netty\netty-codec-http\4.1.87.Final\netty-codec-http-4.1.87.Final.jar;C:\Users\User\.m2\repository\io\netty\netty-codec\4.1.87.Final\netty-codec-4.1.87.Final.jar;C:\Users\User\.m2\repository\io\netty\netty-handler\4.1.87.Final\netty-handler-4.1.87.Final.jar;C:\Users\User\.m2\repository\io\netty\netty-common\4.1.87.Final\netty-common-4.1.87.Final.jar;C:\Users\User\.m2\repository\io\netty\netty-transport-classes-epoll\4.1.87.Final\netty-transport-classes-epoll-4.1.87.Final.jar;C:\Users\User\.m2\repository\io\netty\netty-transport-classes-kqueue\4.1.87.Final\netty-transport-classes-kqueue-4.1.87.Final.jar;C:\Users\User\.m2\repository\io\netty\netty-transport-native-epoll\4.1.87.Final\netty-transport-native-epoll-4.1.87.Final.jar;C:\Users\User\.m2\repository\io\netty\netty-transport-native-kqueue\4.1.87.Final\netty-transport-native-kqueue-4.1.87.Final.jar;C:\Users\User\.m2\repository\io\netty\netty-transport-native-unix-common\4.1.87.Final\netty-transport-native-unix-common-4.1.87.Final.jar;C:\Users\User\.m2\repository\io\netty\netty-transport\4.1.87.Final\netty-transport-4.1.87.Final.jar;C:\Users\User\.m2\repository\io\netty\netty-resolver\4.1.87.Final\netty-resolver-4.1.87.Final.jar;C:\Users\User\.m2\repository\io\opentelemetry\opentelemetry-api\1.22.0\opentelemetry-api-1.22.0.jar;C:\Users\User\.m2\repository\io\opentelemetry\opentelemetry-context\1.22.0\opentelemetry-context-1.22.0.jar;C:\Users\User\.m2\repository\io\opentelemetry\opentelemetry-exporter-logging\1.22.0\opentelemetry-exporter-logging-1.22.0.jar;C:\Users\User\.m2\repository\io\opentelemetry\opentelemetry-sdk-metrics\1.22.0\opentelemetry-sdk-metrics-1.22.0.jar;C:\Users\User\.m2\repository\io\opentelemetry\opentelemetry-sdk-logs\1.22.0-alpha\opentelemetry-sdk-logs-1.22.0-alpha.jar;C:\Users\User\.m2\repository\io\opentelemetry\opentelemetry-api-logs\1.22.0-alpha\opentelemetry-api-logs-1.22.0-alpha.jar;C:\Users\User\.m2\repository\io\opentelemetry\opentelemetry-sdk-common\1.22.0\opentelemetry-sdk-common-1.22.0.jar;C:\Users\User\.m2\repository\io\opentelemetry\opentelemetry-sdk-extension-autoconfigure-spi\1.22.0\opentelemetry-sdk-extension-autoconfigure-spi-1.22.0.jar;C:\Users\User\.m2\repository\io\opentelemetry\opentelemetry-sdk-extension-autoconfigure\1.22.0-alpha\opentelemetry-sdk-extension-autoconfigure-1.22.0-alpha.jar;C:\Users\User\.m2\repository\io\opentelemetry\opentelemetry-sdk-trace\1.22.0\opentelemetry-sdk-trace-1.22.0.jar;C:\Users\User\.m2\repository\io\opentelemetry\opentelemetry-sdk\1.22.0\opentelemetry-sdk-1.22.0.jar;C:\Users\User\.m2\repository\io\opentelemetry\opentelemetry-semconv\1.22.0-alpha\opentelemetry-semconv-1.22.0-alpha.jar;C:\Users\User\.m2\repository\io\ous\jtoml\2.0.0\jtoml-2.0.0.jar;C:\Users\User\.m2\repository\org\apache\commons\commons-exec\1.3\commons-exec-1.3.jar;C:\Users\User\.m2\repository\org\asynchttpclient\async-http-client\2.12.3\async-http-client-2.12.3.jar;C:\Users\User\.m2\repository\org\asynchttpclient\async-http-client-netty-utils\2.12.3\async-http-client-netty-utils-2.12.3.jar;C:\Users\User\.m2\repository\io\netty\netty-codec-socks\4.1.60.Final\netty-codec-socks-4.1.60.Final.jar;C:\Users\User\.m2\repository\io\netty\netty-handler-proxy\4.1.60.Final\netty-handler-proxy-4.1.60.Final.jar;C:\Users\User\.m2\repository\io\netty\netty-transport-native-epoll\4.1.60.Final\netty-transport-native-epoll-4.1.60.Final-linux-x86_64.jar;C:\Users\User\.m2\repository\io\netty\netty-transport-native-kqueue\4.1.60.Final\netty-transport-native-kqueue-4.1.60.Final-osx-x86_64.jar;C:\Users\User\.m2\repository\org\reactivestreams\reactive-streams\1.0.3\reactive-streams-1.0.3.jar;C:\Users\User\.m2\repository\com\typesafe\netty\netty-reactive-streams\2.0.4\netty-reactive-streams-2.0.4.jar;C:\Users\User\.m2\repository\org\seleniumhq\selenium\selenium-manager\4.8.1\selenium-manager-4.8.1.jar;C:\Users\User\.m2\repository\org\seleniumhq\selenium\selenium-safari-driver\4.8.1\selenium-safari-driver-4.8.1.jar;C:\Users\User\.m2\repository\org\seleniumhq\selenium\selenium-api\4.8.1\selenium-api-4.8.1.jar;C:\Users\User\.m2\repository\org\seleniumhq\selenium\selenium-support\4.8.1\selenium-support-4.8.1.jar;C:\Users\User\.m2\repository\com\google\auto\service\auto-service-annotations\1.0.1\auto-service-annotations-1.0.1.jar;C:\Users\User\.m2\repository\com\google\auto\service\auto-service\1.0.1\auto-service-1.0.1.jar;C:\Users\User\.m2\repository\com\google\auto\auto-common\1.2\auto-common-1.2.jar;C:\Users\User\.m2\repository\org\seleniumhq\selenium\selenium-json\4.8.1\selenium-json-4.8.1.jar;C:\Users\User\.m2\repository\org\seleniumhq\selenium\selenium-chrome-driver\4.8.1\selenium-chrome-driver-4.8.1.jar;C:\Users\User\.m2\repository\org\seleniumhq\selenium\selenium-chromium-driver\4.8.1\selenium-chromium-driver-4.8.1.jar;C:\Users\User\.m2\repository\org\seleniumhq\selenium\selenium-firefox-driver\4.8.1\selenium-firefox-driver-4.8.1.jar;C:\Users\User\.m2\repository\org\seleniumhq\selenium\selenium-http\4.8.1\selenium-http-4.8.1.jar;C:\Users\User\.m2\repository\dev\failsafe\failsafe\3.3.0\failsafe-3.3.0.jar;C:\Users\User\.m2\repository\org\seleniumhq\selenium\selenium-edge-driver\4.8.1\selenium-edge-driver-4.8.1.jar;C:\Users\User\.m2\repository\org\seleniumhq\selenium\selenium-ie-driver\4.8.1\selenium-ie-driver-4.8.1.jar;C:\Users\User\.m2\repository\org\projectlombok\lombok\1.18.20\lombok-1.18.20.jar;C:\Users\User\.m2\repository\io\appium\java-client\8.3.0\java-client-8.3.0.jar;C:\Users\User\.m2\repository\commons-validator\commons-validator\1.7\commons-validator-1.7.jar;C:\Users\User\.m2\repository\commons-digester\commons-digester\2.1\commons-digester-2.1.jar;C:\Users\User\.m2\repository\net\sf\opencsv\opencsv\2.0\opencsv-2.0.jar;C:\Users\User\.m2\repository\commons-beanutils\commons-beanutils\1.9.4\commons-beanutils-1.9.4.jar;C:\Users\User\.m2\repository\org\apache\commons\commons-lang3\3.12.0\commons-lang3-3.12.0.jar;C:\Users\User\.m2\repository\commons-collections\commons-collections\3.2.2\commons-collections-3.2.2.jar;C:\Users\User\.m2\repository\org\fluentlenium\fluentlenium-core\0.10.2\fluentlenium-core-0.10.2.jar;C:\Users\User\.m2\repository\io\github\bonigarcia\webdrivermanager\5.3.0\webdrivermanager-5.3.0.jar;C:\Users\User\.m2\repository\com\github\docker-java\docker-java\3.2.13\docker-java-3.2.13.jar;C:\Users\User\.m2\repository\com\github\docker-java\docker-java-core\3.2.13\docker-java-core-3.2.13.jar;C:\Users\User\.m2\repository\com\github\docker-java\docker-java-api\3.2.13\docker-java-api-3.2.13.jar;C:\Users\User\.m2\repository\org\apache\commons\commons-compress\1.21\commons-compress-1.21.jar;C:\Users\User\.m2\repository\org\bouncycastle\bcpkix-jdk15on\1.64\bcpkix-jdk15on-1.64.jar;C:\Users\User\.m2\repository\org\bouncycastle\bcprov-jdk15on\1.64\bcprov-jdk15on-1.64.jar;C:\Users\User\.m2\repository\org\slf4j\jcl-over-slf4j\1.7.30\jcl-over-slf4j-1.7.30.jar;C:\Users\User\.m2\repository\com\github\docker-java\docker-java-transport-httpclient5\3.2.13\docker-java-transport-httpclient5-3.2.13.jar;C:\Users\User\.m2\repository\com\github\docker-java\docker-java-transport\3.2.13\docker-java-transport-3.2.13.jar;C:\Users\User\.m2\repository\net\java\dev\jna\jna\5.8.0\jna-5.8.0.jar;C:\Users\User\.m2\repository\org\brotli\dec\0.1.2\dec-0.1.2.jar;C:\Users\User\.m2\repository\org\apache\httpcomponents\client5\httpclient5\5.1.3\httpclient5-5.1.3.jar;C:\Users\User\.m2\repository\org\apache\httpcomponents\core5\httpcore5\5.1.3\httpcore5-5.1.3.jar;C:\Users\User\.m2\repository\org\apache\httpcomponents\core5\httpcore5-h2\5.1.3\httpcore5-h2-5.1.3.jar;C:\Users\User\.m2\repository\com\jhlabs\filters\2.0.235\filters-2.0.235.jar;C:\Users\User\.m2\repository\com\paulhammant\ngwebdriver\1.1.6\ngwebdriver-1.1.6.jar;C:\Users\User\.m2\repository\joda-time\joda-time\2.12.2\joda-time-2.12.2.jar;C:\Users\User\.m2\repository\org\hamcrest\hamcrest\2.2\hamcrest-2.2.jar;C:\Users\User\.m2\repository\com\google\jimfs\jimfs\1.2\jimfs-1.2.jar;C:\Users\User\.m2\repository\org\mockito\mockito-core\3.3.3\mockito-core-3.3.3.jar;C:\Users\User\.m2\repository\javax\xml\bind\jaxb-api\2.3.1\jaxb-api-2.3.1.jar;C:\Users\User\.m2\repository\javax\activation\javax.activation-api\1.2.0\javax.activation-api-1.2.0.jar;C:\Users\User\.m2\repository\com\sun\xml\bind\jaxb-core\2.3.0.1\jaxb-core-2.3.0.1.jar;C:\Users\User\.m2\repository\com\sun\xml\bind\jaxb-impl\2.3.3\jaxb-impl-2.3.3.jar;C:\Users\User\.m2\repository\jakarta\xml\bind\jakarta.xml.bind-api\2.3.3\jakarta.xml.bind-api-2.3.3.jar;C:\Users\User\.m2\repository\com\sun\activation\jakarta.activation\1.2.2\jakarta.activation-1.2.2.jar;C:\Users\User\.m2\repository\javax\activation\activation\1.1.1\activation-1.1.1.jar;C:\Users\User\.m2\repository\net\serenity-bdd\serenity-cucumber\3.6.21\serenity-cucumber-3.6.21.jar;C:\Users\User\.m2\repository\io\cucumber\cucumber-core\7.11.0\cucumber-core-7.11.0.jar;C:\Users\User\.m2\repository\io\cucumber\cucumber-gherkin\7.11.0\cucumber-gherkin-7.11.0.jar;C:\Users\User\.m2\repository\io\cucumber\cucumber-gherkin-messages\7.11.0\cucumber-gherkin-messages-7.11.0.jar;C:\Users\User\.m2\repository\io\cucumber\gherkin\26.0.3\gherkin-26.0.3.jar;C:\Users\User\.m2\repository\io\cucumber\messages\21.0.1\messages-21.0.1.jar;C:\Users\User\.m2\repository\io\cucumber\tag-expressions\5.0.1\tag-expressions-5.0.1.jar;C:\Users\User\.m2\repository\io\cucumber\cucumber-expressions\16.1.1\cucumber-expressions-16.1.1.jar;C:\Users\User\.m2\repository\io\cucumber\datatable\7.11.0\datatable-7.11.0.jar;C:\Users\User\.m2\repository\io\cucumber\cucumber-plugin\7.11.0\cucumber-plugin-7.11.0.jar;C:\Users\User\.m2\repository\io\cucumber\docstring\7.11.0\docstring-7.11.0.jar;C:\Users\User\.m2\repository\io\cucumber\html-formatter\20.2.1\html-formatter-20.2.1.jar;C:\Users\User\.m2\repository\io\cucumber\junit-xml-formatter\0.1.0\junit-xml-formatter-0.1.0.jar;C:\Users\User\.m2\repository\io\cucumber\ci-environment\9.1.0\ci-environment-9.1.0.jar;C:\Users\User\.m2\repository\io\cucumber\cucumber-java\7.11.0\cucumber-java-7.11.0.jar;C:\Users\User\.m2\repository\io\cucumber\cucumber-junit\7.11.0\cucumber-junit-7.11.0.jar;C:\Users\User\.m2\repository\org\apache\commons\commons-csv\1.5\commons-csv-1.5.jar;C:\Users\User\.m2\repository\net\serenity-bdd\serenity-screenplay\3.6.21\serenity-screenplay-3.6.21.jar;C:\Users\User\.m2\repository\net\serenity-bdd\serenity-screenplay-webdriver\3.6.21\serenity-screenplay-webdriver-3.6.21.jar;C:\Users\User\.m2\repository\net\serenity-bdd\serenity-ensure\3.6.21\serenity-ensure-3.6.21.jar;C:\Users\User\.m2\repository\net\serenity-bdd\serenity-junit\3.6.21\serenity-junit-3.6.21.jar;C:\Users\User\.m2\repository\org\jetbrains\kotlin\kotlin-stdlib\1.8.10\kotlin-stdlib-1.8.10.jar;C:\Users\User\.m2\repository\org\jetbrains\kotlin\kotlin-stdlib-common\1.8.10\kotlin-stdlib-common-1.8.10.jar;C:\Users\User\.m2\repository\org\jetbrains\annotations\13.0\annotations-13.0.jar;C:\Users\User\.m2\repository\org\junit\platform\junit-platform-launcher\1.8.2\junit-platform-launcher-1.8.2.jar;C:\Users\User\.m2\repository\org\junit\platform\junit-platform-engine\1.8.2\junit-platform-engine-1.8.2.jar;C:\Users\User\.m2\repository\org\junit\platform\junit-platform-commons\1.8.2\junit-platform-commons-1.8.2.jar;C:\Users\User\.m2\repository\org\apiguardian\apiguardian-api\1.1.2\apiguardian-api-1.1.2.jar;C:\Users\User\.m2\repository\org\junit\jupiter\junit-jupiter-engine\5.8.2\junit-jupiter-engine-5.8.2.jar;C:\Users\User\.m2\repository\org\junit\jupiter\junit-jupiter-api\5.8.2\junit-jupiter-api-5.8.2.jar;C:\Users\User\.m2\repository\org\junit\vintage\junit-vintage-engine\5.8.2\junit-vintage-engine-5.8.2.jar;C:\Users\User\.m2\repository\junit\junit\4.13.2\junit-4.13.2.jar;C:\Users\User\.m2\repository\org\hamcrest\hamcrest-core\1.3\hamcrest-core-1.3.jar;C:\Users\User\.m2\repository\ch\qos\logback\logback-classic\1.2.10\logback-classic-1.2.10.jar;C:\Users\User\.m2\repository\ch\qos\logback\logback-core\1.2.10\logback-core-1.2.10.jar;C:\Users\User\.m2\repository\org\slf4j\slf4j-api\1.7.32\slf4j-api-1.7.32.jar;C:\Users\User\.m2\repository\org\assertj\assertj-core\3.23.1\assertj-core-3.23.1.jar;C:\Users\User\.m2\repository\net\bytebuddy\byte-buddy\1.12.10\byte-buddy-1.12.10.jar;C:\Users\User\.m2\repository\com\googlecode\json-simple\json-simple\1.1.1\json-simple-1.1.1.jar;C:\Users\User\.m2\repository\org\apache\maven\surefire\surefire-junit-platform\3.0.0-M5\surefire-junit-platform-3.0.0-M5.jar;C:\Users\User\.m2\repository\org\apache\maven\surefire\common-java5\3.0.0-M5\common-java5-3.0.0-M5.jar"/>
    <property name="user.script" value=""/>
    <property name="sun.management.compiler" value="HotSpot 64-Bit Tiered Compilers"/>
    <property name="java.runtime.version" value="19.0.2+7-44"/>
    <property name="user.name" value="User"/>
    <property name="stdout.encoding" value="Cp1252"/>
    <property name="path.separator" value=";"/>
    <property name="os.version" value="10.0"/>
    <property name="java.runtime.name" value="Java(TM) SE Runtime Environment"/>
    <property name="file.encoding" value="UTF-8"/>
    <property name="webdriver.base.url" value=""/>
    <property name="java.vm.name" value="Java HotSpot(TM) 64-Bit Server VM"/>
    <property name="localRepository" value="C:\Users\User\.m2\repository"/>
    <property name="java.vendor.url.bug" value="https://bugreport.java.com/bugreport/"/>
    <property name="java.io.tmpdir" value="C:\Users\User\AppData\Local\Temp\"/>
    <property name="java.version" value="19.0.2"/>
    <property name="user.dir" value="D:\download\API_Minpro (1)\APIMinpro\API\minpro"/>
    <property name="os.arch" value="amd64"/>
    <property name="java.vm.specification.name" value="Java Virtual Machine Specification"/>
    <property name="sun.os.patch.level" value=""/>
    <property name="native.encoding" value="Cp1252"/>
    <property name="java.library.path" value="C:\Program Files\Java\jdk-19\bin;C:\Windows\Sun\Java\bin;C:\Windows\system32;C:\Windows;C:\Program Files (x86)\Common Files\Intel\Shared Files\cpp\bin\Intel64;C:\Program Files\Common Files\Oracle\Java\javapath;C:\Windows\system32;C:\Windows;C:\Windows\System32\Wbem;C:\Windows\System32\WindowsPowerShell\v1.0\;C:\Windows\System32\OpenSSH\;C:\Program Files\Java\jdk1.8.0_281\bin;C:\flutter_windows_2.5.0-stable\flutter\bin;C:\Program Files\Dart\dart-sdk\bin;C:\Program Files\nodejs\;D:\xampp8\php;C:\ProgramData\ComposerSetup\bin;C:\Program Files\Git\cmd;C:\gradle-8.0.2\bin;C:\apache-maven-3.9.1-bin\apache-maven-3.9.1\bin;%ANDROID_HOME%\platform-tools;%ANDROID_HOME%\tools;C:\webdrivers;C:\Users\User\AppData\Local\Microsoft\WindowsApps;D:\MASTER\IntelliJ IDEA 2020.3.1\bin;C:\Users\User\AppData\Local\GitHubDesktop\bin;C:\xampp\mysql\bin;C:\flutter\bin;C:\Users\User\AppData\Roaming\npm;C:\Users\User\AppData\Roaming\Composer\vendor\bin;C:\Users\User\AppData\Local\Programs\Microsoft VS Code\bin;C:\Program Files\JetBrains\IntelliJ IDEA Community Edition 2022.3.2\bin;."/>
    <property name="java.vm.info" value="mixed mode"/>
    <property name="stderr.encoding" value="Cp1252"/>
    <property name="java.vendor" value="Oracle Corporation"/>
    <property name="java.vm.version" value="19.0.2+7-44"/>
    <property name="sun.io.unicode.encoding" value="UnicodeLittle"/>
    <property name="java.class.version" value="63.0"/>
  </properties>
  <testcase name="POST - Register with valid data" classname="Register" time="8.858">
    <system-out><![CDATA[15:52:55.535 [main] DEBUG net.thucydides.core.guice.Injectors - Created injector for module net.thucydides.core.guice.ThucydidesModule
15:52:56.133 [main] DEBUG io.cucumber.core.plugin.SerenityReporter - Running feature from file:///D:/download/API_Minpro%20(1)/APIMinpro/API/minpro/src/test/resources/features/1.%20Register.feature
15:52:56.473 [main] DEBUG net.thucydides.core.guice.Injectors - Created injector for module net.thucydides.core.guice.webdriver.WebDriverModule
15:52:56.496 [main] INFO  - 

-------------------------------------------------------------------------------------
     _______. _______ .______       _______ .__   __.  __  .___________.____    ____ 
    /       ||   ____||   _  \     |   ____||  \ |  | |  | |           |\   \  /   / 
   |   (----`|  |__   |  |_)  |    |  |__   |   \|  | |  | `---|  |----` \   \/   /  
    \   \    |   __|  |      /     |   __|  |  . `  | |  |     |  |       \_    _/   
.----)   |   |  |____ |  |\  \----.|  |____ |  |\   | |  |     |  |         |  |     
|_______/    |_______|| _| `._____||_______||__| \__| |__|     |__|         |__|    
                                                                                     
 News and tutorials at http://www.serenity-bdd.info                                  
 Documentation at https://wakaleo.gitbooks.io/the-serenity-book/content/             
 Join the Serenity Community on Gitter: https://gitter.im/serenity-bdd/serenity-core 
 Serenity BDD Support and Training at http://serenity-bdd.info/#/trainingandsupport  
-------------------------------------------------------------------------------------

15:52:56.500 [main] DEBUG net.thucydides.core.steps.StepEventBus - Test suite started for story net.thucydides.core.model.Story@773abe6e
15:52:56.505 [main] INFO  - Test Suite Started: Register
15:52:56.519 [main] DEBUG io.cucumber.core.plugin.SerenityReporter - Running feature from file:///D:/download/API_Minpro%20(1)/APIMinpro/API/minpro/src/test/resources/features/2.%20Login.feature
15:52:56.526 [main] DEBUG net.thucydides.core.steps.StepEventBus - Test suite started for story net.thucydides.core.model.Story@86b1dd01
15:52:56.527 [main] INFO  - Test Suite Started: Login
15:52:56.528 [main] DEBUG io.cucumber.core.plugin.SerenityReporter - Running feature from file:///D:/download/API_Minpro%20(1)/APIMinpro/API/minpro/src/test/resources/features/3.%20User.feature
15:52:56.540 [main] DEBUG net.thucydides.core.steps.StepEventBus - Test suite started for story net.thucydides.core.model.Story@11e807f1
15:52:56.541 [main] INFO  - Test Suite Started: User Information
15:52:56.541 [main] DEBUG io.cucumber.core.plugin.SerenityReporter - Running feature from file:///D:/download/API_Minpro%20(1)/APIMinpro/API/minpro/src/test/resources/features/4.%20Categories.feature
15:52:56.548 [main] DEBUG net.thucydides.core.steps.StepEventBus - Test suite started for story net.thucydides.core.model.Story@1b5f86d1
15:52:56.549 [main] INFO  - Test Suite Started: Categories
15:52:56.549 [main] DEBUG io.cucumber.core.plugin.SerenityReporter - Running feature from file:///D:/download/API_Minpro%20(1)/APIMinpro/API/minpro/src/test/resources/features/5.%20Product.feature
15:52:56.555 [main] DEBUG net.thucydides.core.steps.StepEventBus - Test suite started for story net.thucydides.core.model.Story@5c78189e
15:52:56.556 [main] INFO  - Test Suite Started: Product
15:52:56.556 [main] DEBUG io.cucumber.core.plugin.SerenityReporter - Running feature from file:///D:/download/API_Minpro%20(1)/APIMinpro/API/minpro/src/test/resources/features/6.%20Order.feature
15:52:56.567 [main] DEBUG net.thucydides.core.steps.StepEventBus - Test suite started for story net.thucydides.core.model.Story@421cad1d
15:52:56.568 [main] INFO  - Test Suite Started: Order
15:52:56.568 [main] DEBUG io.cucumber.core.plugin.SerenityReporter - Running feature from file:///D:/download/API_Minpro%20(1)/APIMinpro/API/minpro/src/test/resources/features/7.%20Rating.feature
15:52:56.572 [main] DEBUG net.thucydides.core.steps.StepEventBus - Test suite started for story net.thucydides.core.model.Story@a2cc97b4
15:52:56.573 [main] INFO  - Test Suite Started: Rating
15:52:56.574 [main] DEBUG io.cucumber.core.plugin.SerenityReporter - Running feature from file:///D:/download/API_Minpro%20(1)/APIMinpro/API/minpro/src/test/resources/features/1.%20Register.feature
15:52:56.579 [main] DEBUG net.thucydides.core.steps.StepEventBus - Test suite started for story net.thucydides.core.model.Story@773abe6e
15:52:56.580 [main] INFO  - Test Suite Started: Register

Scenario: POST - Register with valid data              &amp#27;[90m# src/test/resources/features/1. Register.feature:7&amp#27;[0m
15:52:56.733 [main] DEBUG io.cucumber.core.plugin.SerenityReporter - Running feature from file:///D:/download/API_Minpro%20(1)/APIMinpro/API/minpro/src/test/resources/features/1.%20Register.feature
15:52:57.012 [main] INFO  - 
  _____   ___   ___   _____     ___   _____     _     ___   _____   ___   ___  
 |_   _| | __| / __| |_   _|   / __| |_   _|   /_\   | _ \ |_   _| | __| |   \ 
   | |   | _|  \__ \   | |     \__ \   | |    / _ \  |   /   | |   | _|  | |) |
   |_|   |___| |___/   |_|     |___/   |_|   /_/ \_\ |_|_\   |_|   |___| |___/ 

POST - Register with valid data(register;post---register-with-valid-data)
--------------------------------------------------------------------------------
15:52:57.114 [main] DEBUG net.thucydides.core.requirements.model.cucumber.CucumberParser - Loading feature D:\download\API_Minpro (1)\APIMinpro\API\minpro\src\test\resources\features\1. Register.feature
15:52:57.151 [main] DEBUG net.thucydides.core.requirements.model.cucumber.CucumberParser - Loading feature D:\download\API_Minpro (1)\APIMinpro\API\minpro\src\test\resources\features\2. Login.feature
15:52:57.162 [main] DEBUG net.thucydides.core.requirements.model.cucumber.CucumberParser - Loading feature D:\download\API_Minpro (1)\APIMinpro\API\minpro\src\test\resources\features\3. User.feature
15:52:57.170 [main] DEBUG net.thucydides.core.requirements.model.cucumber.CucumberParser - Loading feature D:\download\API_Minpro (1)\APIMinpro\API\minpro\src\test\resources\features\4. Categories.feature
15:52:57.205 [main] DEBUG net.thucydides.core.requirements.model.cucumber.CucumberParser - Loading feature D:\download\API_Minpro (1)\APIMinpro\API\minpro\src\test\resources\features\5. Product.feature
15:52:57.224 [main] DEBUG net.thucydides.core.requirements.model.cucumber.CucumberParser - Loading feature D:\download\API_Minpro (1)\APIMinpro\API\minpro\src\test\resources\features\6. Order.feature
15:52:57.237 [main] DEBUG net.thucydides.core.requirements.model.cucumber.CucumberParser - Loading feature D:\download\API_Minpro (1)\APIMinpro\API\minpro\src\test\resources\features\7. Rating.feature
15:52:58.085 [main] DEBUG net.thucydides.core.steps.StepInterceptor - STARTING STEP: RegisterSteps.setPostApiEndpointsRegister - I set POST api endpoints register
15:52:58.088 [main] DEBUG net.thucydides.core.steps.StepInterceptor - STEP DONE: I set POST api endpoints register
  &amp#27;[32mGiven &amp#27;[0m&amp#27;[32mI set POST api endpoints register&amp#27;[0m              &amp#27;[90m# starter.stepdefinitions.RegisterSteps.setPostApiEndpointsRegister()&amp#27;[0m
15:52:58.120 [main] DEBUG net.thucydides.core.steps.StepInterceptor - STARTING STEP: RegisterSteps.sendPostHttpRequestRegister - I send POST HTTP request register
15:53:02.404 [main] DEBUG net.thucydides.core.steps.StepInterceptor - STARTING STEP: Register.sendPostHttpRequestRegister - I set POST api endpoints register
15:53:02.404 [main] DEBUG net.thucydides.core.steps.StepInterceptor - STEP DONE: I set POST api endpoints register
15:53:04.239 [main] DEBUG org.apache.http.impl.conn.BasicClientConnectionManager - Get connection for route {s}->https://altashop-api.fly.dev:443
15:53:04.261 [main] DEBUG org.apache.http.impl.conn.DefaultClientConnectionOperator - Connecting to altashop-api.fly.dev:443
15:53:05.023 [main] DEBUG org.apache.http.client.protocol.RequestAddCookies - CookieSpec selected: ignoreCookies
15:53:05.025 [main] DEBUG org.apache.http.client.protocol.RequestAuthCache - Auth cache not set in the context
15:53:05.025 [main] DEBUG org.apache.http.client.protocol.RequestTargetAuthentication - Target auth state: UNCHALLENGED
15:53:05.025 [main] DEBUG org.apache.http.client.protocol.RequestProxyAuthentication - Proxy auth state: UNCHALLENGED
15:53:05.026 [main] DEBUG org.apache.http.impl.client.DefaultHttpClient - Attempt 1 to execute request
15:53:05.026 [main] DEBUG org.apache.http.impl.conn.DefaultClientConnection - Sending request: POST /api/auth/register HTTP/1.1
15:53:05.026 [main] DEBUG org.apache.http.wire -  >> "POST /api/auth/register HTTP/1.1[\r][\n]"
15:53:05.027 [main] DEBUG org.apache.http.wire -  >> "Accept: */*[\r][\n]"
15:53:05.028 [main] DEBUG org.apache.http.wire -  >> "Content-Type: application/json[\r][\n]"
15:53:05.028 [main] DEBUG org.apache.http.wire -  >> "Content-Length: 70[\r][\n]"
15:53:05.028 [main] DEBUG org.apache.http.wire -  >> "Host: altashop-api.fly.dev[\r][\n]"
15:53:05.028 [main] DEBUG org.apache.http.wire -  >> "Connection: Keep-Alive[\r][\n]"
15:53:05.028 [main] DEBUG org.apache.http.wire -  >> "User-Agent: Apache-HttpClient/4.5.13 (Java/19.0.2)[\r][\n]"
15:53:05.028 [main] DEBUG org.apache.http.wire -  >> "Accept-Encoding: gzip,deflate[\r][\n]"
15:53:05.028 [main] DEBUG org.apache.http.wire -  >> "[\r][\n]"
15:53:05.028 [main] DEBUG org.apache.http.headers - >> POST /api/auth/register HTTP/1.1
15:53:05.028 [main] DEBUG org.apache.http.headers - >> Accept: */*
15:53:05.028 [main] DEBUG org.apache.http.headers - >> Content-Type: application/json
15:53:05.028 [main] DEBUG org.apache.http.headers - >> Content-Length: 70
15:53:05.029 [main] DEBUG org.apache.http.headers - >> Host: altashop-api.fly.dev
15:53:05.029 [main] DEBUG org.apache.http.headers - >> Connection: Keep-Alive
15:53:05.029 [main] DEBUG org.apache.http.headers - >> User-Agent: Apache-HttpClient/4.5.13 (Java/19.0.2)
15:53:05.029 [main] DEBUG org.apache.http.headers - >> Accept-Encoding: gzip,deflate
15:53:05.029 [main] DEBUG org.apache.http.wire -  >> "{"password":"ccbhahachg","fullname":"ccbhahachg","email":"ccbhahachg"}"
15:53:05.253 [main] DEBUG org.apache.http.wire -  << "HTTP/1.1 200 OK[\r][\n]"
15:53:05.255 [main] DEBUG org.apache.http.wire -  << "content-type: application/json[\r][\n]"
15:53:05.255 [main] DEBUG org.apache.http.wire -  << "date: Wed, 10 May 2023 08:53:04 GMT[\r][\n]"
15:53:05.255 [main] DEBUG org.apache.http.wire -  << "content-encoding: gzip[\r][\n]"
15:53:05.255 [main] DEBUG org.apache.http.wire -  << "transfer-encoding: chunked[\r][\n]"
15:53:05.255 [main] DEBUG org.apache.http.wire -  << "server: Fly/3f2597ca (2023-05-03)[\r][\n]"
15:53:05.255 [main] DEBUG org.apache.http.wire -  << "via: 1.1 fly.io[\r][\n]"
15:53:05.255 [main] DEBUG org.apache.http.wire -  << "fly-request-id: 01H02DTC6RF9M6NXH7CGDSYHJD-sin[\r][\n]"
15:53:05.255 [main] DEBUG org.apache.http.wire -  << "[\r][\n]"
15:53:05.256 [main] DEBUG org.apache.http.impl.conn.DefaultClientConnection - Receiving response: HTTP/1.1 200 OK
15:53:05.256 [main] DEBUG org.apache.http.headers - << HTTP/1.1 200 OK
15:53:05.256 [main] DEBUG org.apache.http.headers - << content-type: application/json
15:53:05.257 [main] DEBUG org.apache.http.headers - << date: Wed, 10 May 2023 08:53:04 GMT
15:53:05.257 [main] DEBUG org.apache.http.headers - << content-encoding: gzip
15:53:05.257 [main] DEBUG org.apache.http.headers - << transfer-encoding: chunked
15:53:05.257 [main] DEBUG org.apache.http.headers - << server: Fly/3f2597ca (2023-05-03)
15:53:05.257 [main] DEBUG org.apache.http.headers - << via: 1.1 fly.io
15:53:05.257 [main] DEBUG org.apache.http.headers - << fly-request-id: 01H02DTC6RF9M6NXH7CGDSYHJD-sin
15:53:05.263 [main] DEBUG org.apache.http.impl.client.DefaultHttpClient - Connection can be kept alive indefinitely
15:53:05.273 [main] DEBUG io.restassured.internal.RestAssuredHttpBuilder - Parsing response as: application/json
15:53:05.274 [main] DEBUG org.apache.http.wire -  << "55[\r][\n]"
15:53:05.274 [main] DEBUG org.apache.http.wire -  << "[0x1f][0x8b][0x8][0x0][0x0][0x0][0x0][0x0][0x4][0xff][0xab]VJI,IT[0xb2][0xaa]V[0xf2]tQ[0xb2]22601[0xd1]Qr+[0xcd][0xc9][0xc9]K[0xcc]MU[0xb2]RJNN[0xca]H[0xcc]HL[0xce]HW[0xd2]Qr[0xcd]M[0xcc][0xcc]A[0x17][0xc]H,..[0xcf]/JA[0x15][0xaf][0xad][0xe5][0x2][0x0]}[0xc8][0xc5][0xda][[0x0][0x0][0x0]"
15:53:05.274 [main] DEBUG org.apache.http.wire -  << "[\r][\n]"
15:53:05.275 [main] DEBUG org.apache.http.wire -  << "0[\r][\n]"
15:53:05.281 [main] DEBUG org.apache.http.wire -  << "[\r][\n]"
15:53:05.282 [main] DEBUG io.restassured.internal.RestAssuredHttpBuilder - Parsed data to instance of: class org.apache.http.conn.EofSensorInputStream
15:53:05.364 [main] DEBUG org.apache.http.impl.conn.BasicClientConnectionManager - Releasing connection org.apache.http.impl.conn.ManagedClientConnectionImpl@71ee2fff
15:53:05.365 [main] DEBUG org.apache.http.impl.conn.BasicClientConnectionManager - Connection can be kept alive indefinitely
15:53:05.372 [main] DEBUG net.thucydides.core.steps.StepInterceptor - STEP DONE: I send POST HTTP request register
  &amp#27;[32mWhen &amp#27;[0m&amp#27;[32mI send POST HTTP request register&amp#27;[0m               &amp#27;[90m# starter.stepdefinitions.RegisterSteps.sendPostHttpRequestRegister()&amp#27;[0m
15:53:05.385 [main] DEBUG net.thucydides.core.steps.StepInterceptor - STARTING STEP: RegisterSteps.receiveValidHttp200Register - I receive valid HTTP response code 200 register
15:53:05.424 [main] DEBUG net.thucydides.core.steps.StepInterceptor - STEP DONE: I receive valid HTTP response code 200 register
  &amp#27;[32mThen &amp#27;[0m&amp#27;[32mI receive valid HTTP response code 200 register&amp#27;[0m &amp#27;[90m# starter.stepdefinitions.RegisterSteps.receiveValidHttp200Register()&amp#27;[0m
15:53:05.435 [main] INFO  - 
  _____   ___   ___   _____     ___     _     ___   ___   ___   ___  
 |_   _| | __| / __| |_   _|   | _ \   /_\   / __| / __| | __| |   \ 
   | |   | _|  \__ \   | |     |  _/  / _ \  \__ \ \__ \ | _|  | |) |
   |_|   |___| |___/   |_|     |_|   /_/ \_\ |___/ |___/ |___| |___/ 

POST - Register with valid data
----------------------------------------------------------------------
]]></system-out>
  </testcase>
  <testcase name="POST - Register without fullname" classname="Register" time="1.481">
    <system-out><![CDATA[
Scenario: POST - Register without fullname             &amp#27;[90m# src/test/resources/features/1. Register.feature:12&amp#27;[0m
15:53:05.552 [main] DEBUG io.cucumber.core.plugin.SerenityReporter - Running feature from file:///D:/download/API_Minpro%20(1)/APIMinpro/API/minpro/src/test/resources/features/1.%20Register.feature
15:53:05.561 [main] INFO  - 
  _____   ___   ___   _____     ___   _____     _     ___   _____   ___   ___  
 |_   _| | __| / __| |_   _|   / __| |_   _|   /_\   | _ \ |_   _| | __| |   \ 
   | |   | _|  \__ \   | |     \__ \   | |    / _ \  |   /   | |   | _|  | |) |
   |_|   |___| |___/   |_|     |___/   |_|   /_/ \_\ |_|_\   |_|   |___| |___/ 

POST - Register without fullname(register;post---register-without-fullname)
--------------------------------------------------------------------------------
15:53:05.639 [main] DEBUG net.thucydides.core.steps.StepInterceptor - STARTING STEP: RegisterSteps.setPostApiEndpointsRegister - I set POST api endpoints register
15:53:05.639 [main] DEBUG net.thucydides.core.steps.StepInterceptor - STEP DONE: I set POST api endpoints register
  &amp#27;[32mGiven &amp#27;[0m&amp#27;[32mI set POST api endpoints register&amp#27;[0m              &amp#27;[90m# starter.stepdefinitions.RegisterSteps.setPostApiEndpointsRegister()&amp#27;[0m
15:53:05.707 [main] DEBUG net.thucydides.core.steps.StepInterceptor - STARTING STEP: RegisterSteps.sendPostHttpRequestRegister2 - I send POST HTTP request register2
15:53:05.725 [main] DEBUG net.thucydides.core.steps.StepInterceptor - STARTING STEP: Register.sendPostHttpRequestRegister2 - I set POST api endpoints register
15:53:05.729 [main] DEBUG net.thucydides.core.steps.StepInterceptor - STEP DONE: I set POST api endpoints register
15:53:05.826 [main] DEBUG org.apache.http.impl.conn.BasicClientConnectionManager - Get connection for route {s}->https://altashop-api.fly.dev:443
15:53:05.826 [main] DEBUG org.apache.http.impl.conn.DefaultClientConnectionOperator - Connecting to altashop-api.fly.dev:443
15:53:06.432 [main] DEBUG org.apache.http.client.protocol.RequestAddCookies - CookieSpec selected: ignoreCookies
15:53:06.432 [main] DEBUG org.apache.http.client.protocol.RequestAuthCache - Auth cache not set in the context
15:53:06.432 [main] DEBUG org.apache.http.client.protocol.RequestTargetAuthentication - Target auth state: UNCHALLENGED
15:53:06.433 [main] DEBUG org.apache.http.client.protocol.RequestProxyAuthentication - Proxy auth state: UNCHALLENGED
15:53:06.433 [main] DEBUG org.apache.http.impl.client.DefaultHttpClient - Attempt 1 to execute request
15:53:06.433 [main] DEBUG org.apache.http.impl.conn.DefaultClientConnection - Sending request: POST /api/auth/register HTTP/1.1
15:53:06.433 [main] DEBUG org.apache.http.wire -  >> "POST /api/auth/register HTTP/1.1[\r][\n]"
15:53:06.433 [main] DEBUG org.apache.http.wire -  >> "Accept: */*[\r][\n]"
15:53:06.433 [main] DEBUG org.apache.http.wire -  >> "Content-Type: application/json[\r][\n]"
15:53:06.433 [main] DEBUG org.apache.http.wire -  >> "Content-Length: 60[\r][\n]"
15:53:06.433 [main] DEBUG org.apache.http.wire -  >> "Host: altashop-api.fly.dev[\r][\n]"
15:53:06.433 [main] DEBUG org.apache.http.wire -  >> "Connection: Keep-Alive[\r][\n]"
15:53:06.433 [main] DEBUG org.apache.http.wire -  >> "User-Agent: Apache-HttpClient/4.5.13 (Java/19.0.2)[\r][\n]"
15:53:06.433 [main] DEBUG org.apache.http.wire -  >> "Accept-Encoding: gzip,deflate[\r][\n]"
15:53:06.434 [main] DEBUG org.apache.http.wire -  >> "[\r][\n]"
15:53:06.434 [main] DEBUG org.apache.http.headers - >> POST /api/auth/register HTTP/1.1
15:53:06.434 [main] DEBUG org.apache.http.headers - >> Accept: */*
15:53:06.434 [main] DEBUG org.apache.http.headers - >> Content-Type: application/json
15:53:06.434 [main] DEBUG org.apache.http.headers - >> Content-Length: 60
15:53:06.434 [main] DEBUG org.apache.http.headers - >> Host: altashop-api.fly.dev
15:53:06.434 [main] DEBUG org.apache.http.headers - >> Connection: Keep-Alive
15:53:06.434 [main] DEBUG org.apache.http.headers - >> User-Agent: Apache-HttpClient/4.5.13 (Java/19.0.2)
15:53:06.434 [main] DEBUG org.apache.http.headers - >> Accept-Encoding: gzip,deflate
15:53:06.434 [main] DEBUG org.apache.http.wire -  >> "{"password":"gbgbbacffh","fullname":"","email":"gbgbbacffh"}"
15:53:06.873 [main] DEBUG org.apache.http.wire -  << "HTTP/1.1 400 Bad Request[\r][\n]"
15:53:06.874 [main] DEBUG org.apache.http.wire -  << "content-type: application/json[\r][\n]"
15:53:06.874 [main] DEBUG org.apache.http.wire -  << "date: Wed, 10 May 2023 08:53:06 GMT[\r][\n]"
15:53:06.874 [main] DEBUG org.apache.http.wire -  << "content-encoding: gzip[\r][\n]"
15:53:06.875 [main] DEBUG org.apache.http.wire -  << "transfer-encoding: chunked[\r][\n]"
15:53:06.875 [main] DEBUG org.apache.http.wire -  << "server: Fly/3f2597ca (2023-05-03)[\r][\n]"
15:53:06.875 [main] DEBUG org.apache.http.wire -  << "via: 1.1 fly.io[\r][\n]"
15:53:06.875 [main] DEBUG org.apache.http.wire -  << "fly-request-id: 01H02DTDR7EYH2H0602QCYYJ4S-sin[\r][\n]"
15:53:06.875 [main] DEBUG org.apache.http.wire -  << "[\r][\n]"
15:53:06.876 [main] DEBUG org.apache.http.impl.conn.DefaultClientConnection - Receiving response: HTTP/1.1 400 Bad Request
15:53:06.876 [main] DEBUG org.apache.http.headers - << HTTP/1.1 400 Bad Request
15:53:06.876 [main] DEBUG org.apache.http.headers - << content-type: application/json
15:53:06.876 [main] DEBUG org.apache.http.headers - << date: Wed, 10 May 2023 08:53:06 GMT
15:53:06.876 [main] DEBUG org.apache.http.headers - << content-encoding: gzip
15:53:06.876 [main] DEBUG org.apache.http.headers - << transfer-encoding: chunked
15:53:06.877 [main] DEBUG org.apache.http.headers - << server: Fly/3f2597ca (2023-05-03)
15:53:06.877 [main] DEBUG org.apache.http.headers - << via: 1.1 fly.io
15:53:06.877 [main] DEBUG org.apache.http.headers - << fly-request-id: 01H02DTDR7EYH2H0602QCYYJ4S-sin
15:53:06.880 [main] DEBUG org.apache.http.impl.client.DefaultHttpClient - Connection can be kept alive indefinitely
15:53:06.881 [main] DEBUG io.restassured.internal.RestAssuredHttpBuilder - Parsing response as: application/json
15:53:06.881 [main] DEBUG org.apache.http.wire -  << "35[\r][\n]"
15:53:06.881 [main] DEBUG org.apache.http.wire -  << "[0x1f][0x8b][0x8][0x0][0x0][0x0][0x0][0x0][0x4][0xff][0xab]VJ-*[0xca]/R[0xb2]RJ+[0xcd][0xc9][0xc9]K[0xcc]MU[0xc8],V(J-,[0xcd],JMQ[0xaa][0xe5][0x2][0x0]ok4[0xc9]![0x0][0x0][0x0]"
15:53:06.881 [main] DEBUG org.apache.http.wire -  << "[\r][\n]"
15:53:06.882 [main] DEBUG org.apache.http.wire -  << "0[\r][\n]"
15:53:06.882 [main] DEBUG org.apache.http.wire -  << "[\r][\n]"
15:53:06.882 [main] DEBUG io.restassured.internal.RestAssuredHttpBuilder - Parsed data to instance of: class org.apache.http.conn.EofSensorInputStream
15:53:06.888 [main] DEBUG org.apache.http.impl.conn.BasicClientConnectionManager - Releasing connection org.apache.http.impl.conn.ManagedClientConnectionImpl@16ef1160
15:53:06.889 [main] DEBUG org.apache.http.impl.conn.BasicClientConnectionManager - Connection can be kept alive indefinitely
15:53:06.897 [main] DEBUG net.thucydides.core.steps.StepInterceptor - STEP DONE: I send POST HTTP request register2
  &amp#27;[32mWhen &amp#27;[0m&amp#27;[32mI send POST HTTP request register2&amp#27;[0m              &amp#27;[90m# starter.stepdefinitions.RegisterSteps.sendPostHttpRequestRegister2()&amp#27;[0m
15:53:06.911 [main] DEBUG net.thucydides.core.steps.StepInterceptor - STARTING STEP: RegisterSteps.receiveValidHttp400Register - I receive valid HTTP response code 400 register
15:53:06.915 [main] DEBUG net.thucydides.core.steps.StepInterceptor - STEP DONE: I receive valid HTTP response code 400 register
  &amp#27;[32mThen &amp#27;[0m&amp#27;[32mI receive valid HTTP response code 400 register&amp#27;[0m &amp#27;[90m# starter.stepdefinitions.RegisterSteps.receiveValidHttp400Register()&amp#27;[0m
15:53:06.922 [main] INFO  - 
  _____   ___   ___   _____     ___     _     ___   ___   ___   ___  
 |_   _| | __| / __| |_   _|   | _ \   /_\   / __| / __| | __| |   \ 
   | |   | _|  \__ \   | |     |  _/  / _ \  \__ \ \__ \ | _|  | |) |
   |_|   |___| |___/   |_|     |_|   /_/ \_\ |___/ |___/ |___| |___/ 

POST - Register without fullname
----------------------------------------------------------------------
]]></system-out>
  </testcase>
  <testcase name="POST - Register without email" classname="Register" time="1.93">
    <system-out><![CDATA[
Scenario: POST - Register without email                &amp#27;[90m# src/test/resources/features/1. Register.feature:17&amp#27;[0m
15:53:06.948 [main] DEBUG io.cucumber.core.plugin.SerenityReporter - Running feature from file:///D:/download/API_Minpro%20(1)/APIMinpro/API/minpro/src/test/resources/features/1.%20Register.feature
15:53:06.952 [main] INFO  - 
  _____   ___   ___   _____     ___   _____     _     ___   _____   ___   ___  
 |_   _| | __| / __| |_   _|   / __| |_   _|   /_\   | _ \ |_   _| | __| |   \ 
   | |   | _|  \__ \   | |     \__ \   | |    / _ \  |   /   | |   | _|  | |) |
   |_|   |___| |___/   |_|     |___/   |_|   /_/ \_\ |_|_\   |_|   |___| |___/ 

POST - Register without email(register;post---register-without-email)
--------------------------------------------------------------------------------
15:53:06.992 [main] DEBUG net.thucydides.core.steps.StepInterceptor - STARTING STEP: RegisterSteps.setPostApiEndpointsRegister - I set POST api endpoints register
15:53:06.993 [main] DEBUG net.thucydides.core.steps.StepInterceptor - STEP DONE: I set POST api endpoints register
  &amp#27;[32mGiven &amp#27;[0m&amp#27;[32mI set POST api endpoints register&amp#27;[0m              &amp#27;[90m# starter.stepdefinitions.RegisterSteps.setPostApiEndpointsRegister()&amp#27;[0m
15:53:07.005 [main] DEBUG net.thucydides.core.steps.StepInterceptor - STARTING STEP: RegisterSteps.sendPostHttpRequestRegister3 - I send POST HTTP request register3
15:53:07.010 [main] DEBUG net.thucydides.core.steps.StepInterceptor - STARTING STEP: Register.sendPostHttpRequestRegister3 - I set POST api endpoints register
15:53:07.010 [main] DEBUG net.thucydides.core.steps.StepInterceptor - STEP DONE: I set POST api endpoints register
15:53:07.151 [main] DEBUG org.apache.http.impl.conn.BasicClientConnectionManager - Get connection for route {s}->https://altashop-api.fly.dev:443
15:53:07.151 [main] DEBUG org.apache.http.impl.conn.DefaultClientConnectionOperator - Connecting to altashop-api.fly.dev:443
15:53:07.842 [main] DEBUG org.apache.http.client.protocol.RequestAddCookies - CookieSpec selected: ignoreCookies
15:53:07.843 [main] DEBUG org.apache.http.client.protocol.RequestAuthCache - Auth cache not set in the context
15:53:07.843 [main] DEBUG org.apache.http.client.protocol.RequestTargetAuthentication - Target auth state: UNCHALLENGED
15:53:07.843 [main] DEBUG org.apache.http.client.protocol.RequestProxyAuthentication - Proxy auth state: UNCHALLENGED
15:53:07.844 [main] DEBUG org.apache.http.impl.client.DefaultHttpClient - Attempt 1 to execute request
15:53:07.844 [main] DEBUG org.apache.http.impl.conn.DefaultClientConnection - Sending request: POST /api/auth/register HTTP/1.1
15:53:07.845 [main] DEBUG org.apache.http.wire -  >> "POST /api/auth/register HTTP/1.1[\r][\n]"
15:53:07.845 [main] DEBUG org.apache.http.wire -  >> "Accept: */*[\r][\n]"
15:53:07.845 [main] DEBUG org.apache.http.wire -  >> "Content-Type: application/json[\r][\n]"
15:53:07.845 [main] DEBUG org.apache.http.wire -  >> "Content-Length: 60[\r][\n]"
15:53:07.846 [main] DEBUG org.apache.http.wire -  >> "Host: altashop-api.fly.dev[\r][\n]"
15:53:07.846 [main] DEBUG org.apache.http.wire -  >> "Connection: Keep-Alive[\r][\n]"
15:53:07.846 [main] DEBUG org.apache.http.wire -  >> "User-Agent: Apache-HttpClient/4.5.13 (Java/19.0.2)[\r][\n]"
15:53:07.846 [main] DEBUG org.apache.http.wire -  >> "Accept-Encoding: gzip,deflate[\r][\n]"
15:53:07.847 [main] DEBUG org.apache.http.wire -  >> "[\r][\n]"
15:53:07.847 [main] DEBUG org.apache.http.headers - >> POST /api/auth/register HTTP/1.1
15:53:07.847 [main] DEBUG org.apache.http.headers - >> Accept: */*
15:53:07.847 [main] DEBUG org.apache.http.headers - >> Content-Type: application/json
15:53:07.847 [main] DEBUG org.apache.http.headers - >> Content-Length: 60
15:53:07.848 [main] DEBUG org.apache.http.headers - >> Host: altashop-api.fly.dev
15:53:07.848 [main] DEBUG org.apache.http.headers - >> Connection: Keep-Alive
15:53:07.848 [main] DEBUG org.apache.http.headers - >> User-Agent: Apache-HttpClient/4.5.13 (Java/19.0.2)
15:53:07.848 [main] DEBUG org.apache.http.headers - >> Accept-Encoding: gzip,deflate
15:53:07.848 [main] DEBUG org.apache.http.wire -  >> "{"password":"aafcbcfhda","fullname":"aafcbcfhda","email":""}"
15:53:08.817 [main] DEBUG org.apache.http.wire -  << "HTTP/1.1 400 Bad Request[\r][\n]"
15:53:08.817 [main] DEBUG org.apache.http.wire -  << "content-type: application/json[\r][\n]"
15:53:08.817 [main] DEBUG org.apache.http.wire -  << "date: Wed, 10 May 2023 08:53:08 GMT[\r][\n]"
15:53:08.817 [main] DEBUG org.apache.http.wire -  << "content-encoding: gzip[\r][\n]"
15:53:08.817 [main] DEBUG org.apache.http.wire -  << "transfer-encoding: chunked[\r][\n]"
15:53:08.817 [main] DEBUG org.apache.http.wire -  << "server: Fly/3f2597ca (2023-05-03)[\r][\n]"
15:53:08.817 [main] DEBUG org.apache.http.wire -  << "via: 1.1 fly.io[\r][\n]"
15:53:08.818 [main] DEBUG org.apache.http.wire -  << "fly-request-id: 01H02DTFNZ8Q950QF8C59BKRZ1-sin[\r][\n]"
15:53:08.818 [main] DEBUG org.apache.http.wire -  << "[\r][\n]"
15:53:08.818 [main] DEBUG org.apache.http.impl.conn.DefaultClientConnection - Receiving response: HTTP/1.1 400 Bad Request
15:53:08.818 [main] DEBUG org.apache.http.headers - << HTTP/1.1 400 Bad Request
15:53:08.818 [main] DEBUG org.apache.http.headers - << content-type: application/json
15:53:08.818 [main] DEBUG org.apache.http.headers - << date: Wed, 10 May 2023 08:53:08 GMT
15:53:08.818 [main] DEBUG org.apache.http.headers - << content-encoding: gzip
15:53:08.818 [main] DEBUG org.apache.http.headers - << transfer-encoding: chunked
15:53:08.818 [main] DEBUG org.apache.http.headers - << server: Fly/3f2597ca (2023-05-03)
15:53:08.819 [main] DEBUG org.apache.http.headers - << via: 1.1 fly.io
15:53:08.819 [main] DEBUG org.apache.http.headers - << fly-request-id: 01H02DTFNZ8Q950QF8C59BKRZ1-sin
15:53:08.819 [main] DEBUG org.apache.http.impl.client.DefaultHttpClient - Connection can be kept alive indefinitely
15:53:08.820 [main] DEBUG io.restassured.internal.RestAssuredHttpBuilder - Parsing response as: application/json
15:53:08.820 [main] DEBUG org.apache.http.wire -  << "32[\r][\n]"
15:53:08.820 [main] DEBUG org.apache.http.wire -  << "[0x1f][0x8b][0x8][0x0][0x0][0x0][0x0][0x0][0x4][0xff][0xab]VJ-*[0xca]/R[0xb2]RJ[0xcd]M[0xcc][0xcc]Q[0xc8],V(J-,[0xcd],JMQ[0xaa][0xe5][0x2][0x0]&[0xe3][0xaa]j[0x1e][0x0][0x0][0x0]"
15:53:08.820 [main] DEBUG org.apache.http.wire -  << "[\r][\n]"
15:53:08.821 [main] DEBUG org.apache.http.wire -  << "0[\r][\n]"
15:53:08.821 [main] DEBUG org.apache.http.wire -  << "[\r][\n]"
15:53:08.821 [main] DEBUG io.restassured.internal.RestAssuredHttpBuilder - Parsed data to instance of: class org.apache.http.conn.EofSensorInputStream
15:53:08.824 [main] DEBUG org.apache.http.impl.conn.BasicClientConnectionManager - Releasing connection org.apache.http.impl.conn.ManagedClientConnectionImpl@1cab19e2
15:53:08.825 [main] DEBUG org.apache.http.impl.conn.BasicClientConnectionManager - Connection can be kept alive indefinitely
15:53:08.827 [main] DEBUG net.thucydides.core.steps.StepInterceptor - STEP DONE: I send POST HTTP request register3
  &amp#27;[32mWhen &amp#27;[0m&amp#27;[32mI send POST HTTP request register3&amp#27;[0m              &amp#27;[90m# starter.stepdefinitions.RegisterSteps.sendPostHttpRequestRegister3()&amp#27;[0m
15:53:08.846 [main] DEBUG net.thucydides.core.steps.StepInterceptor - STARTING STEP: RegisterSteps.receiveValidHttp400Register - I receive valid HTTP response code 400 register
15:53:08.848 [main] DEBUG net.thucydides.core.steps.StepInterceptor - STEP DONE: I receive valid HTTP response code 400 register
  &amp#27;[32mThen &amp#27;[0m&amp#27;[32mI receive valid HTTP response code 400 register&amp#27;[0m &amp#27;[90m# starter.stepdefinitions.RegisterSteps.receiveValidHttp400Register()&amp#27;[0m
15:53:08.855 [main] INFO  - 
  _____   ___   ___   _____     ___     _     ___   ___   ___   ___  
 |_   _| | __| / __| |_   _|   | _ \   /_\   / __| / __| | __| |   \ 
   | |   | _|  \__ \   | |     |  _/  / _ \  \__ \ \__ \ | _|  | |) |
   |_|   |___| |___/   |_|     |_|   /_/ \_\ |___/ |___/ |___| |___/ 

POST - Register without email
----------------------------------------------------------------------
]]></system-out>
  </testcase>
  <testcase name="POST - Register without password" classname="Register" time="1.248">
    <system-out><![CDATA[
Scenario: POST - Register without password             &amp#27;[90m# src/test/resources/features/1. Register.feature:22&amp#27;[0m
15:53:08.886 [main] DEBUG io.cucumber.core.plugin.SerenityReporter - Running feature from file:///D:/download/API_Minpro%20(1)/APIMinpro/API/minpro/src/test/resources/features/1.%20Register.feature
15:53:08.892 [main] INFO  - 
  _____   ___   ___   _____     ___   _____     _     ___   _____   ___   ___  
 |_   _| | __| / __| |_   _|   / __| |_   _|   /_\   | _ \ |_   _| | __| |   \ 
   | |   | _|  \__ \   | |     \__ \   | |    / _ \  |   /   | |   | _|  | |) |
   |_|   |___| |___/   |_|     |___/   |_|   /_/ \_\ |_|_\   |_|   |___| |___/ 

POST - Register without password(register;post---register-without-password)
--------------------------------------------------------------------------------
15:53:08.912 [main] DEBUG net.thucydides.core.steps.StepInterceptor - STARTING STEP: RegisterSteps.setPostApiEndpointsRegister - I set POST api endpoints register
15:53:08.912 [main] DEBUG net.thucydides.core.steps.StepInterceptor - STEP DONE: I set POST api endpoints register
  &amp#27;[32mGiven &amp#27;[0m&amp#27;[32mI set POST api endpoints register&amp#27;[0m              &amp#27;[90m# starter.stepdefinitions.RegisterSteps.setPostApiEndpointsRegister()&amp#27;[0m
15:53:08.919 [main] DEBUG net.thucydides.core.steps.StepInterceptor - STARTING STEP: RegisterSteps.sendPostHttpRequest4 - I send POST HTTP request register4
15:53:08.927 [main] DEBUG net.thucydides.core.steps.StepInterceptor - STARTING STEP: Register.sendPostHttpRequestRegister4 - I set POST api endpoints register
15:53:08.927 [main] DEBUG net.thucydides.core.steps.StepInterceptor - STEP DONE: I set POST api endpoints register
15:53:08.963 [main] DEBUG org.apache.http.impl.conn.BasicClientConnectionManager - Get connection for route {s}->https://altashop-api.fly.dev:443
15:53:08.963 [main] DEBUG org.apache.http.impl.conn.DefaultClientConnectionOperator - Connecting to altashop-api.fly.dev:443
15:53:09.449 [main] DEBUG org.apache.http.client.protocol.RequestAddCookies - CookieSpec selected: ignoreCookies
15:53:09.449 [main] DEBUG org.apache.http.client.protocol.RequestAuthCache - Auth cache not set in the context
15:53:09.449 [main] DEBUG org.apache.http.client.protocol.RequestTargetAuthentication - Target auth state: UNCHALLENGED
15:53:09.449 [main] DEBUG org.apache.http.client.protocol.RequestProxyAuthentication - Proxy auth state: UNCHALLENGED
15:53:09.450 [main] DEBUG org.apache.http.impl.client.DefaultHttpClient - Attempt 1 to execute request
15:53:09.450 [main] DEBUG org.apache.http.impl.conn.DefaultClientConnection - Sending request: POST /api/auth/register HTTP/1.1
15:53:09.450 [main] DEBUG org.apache.http.wire -  >> "POST /api/auth/register HTTP/1.1[\r][\n]"
15:53:09.450 [main] DEBUG org.apache.http.wire -  >> "Accept: */*[\r][\n]"
15:53:09.451 [main] DEBUG org.apache.http.wire -  >> "Content-Type: application/json[\r][\n]"
15:53:09.451 [main] DEBUG org.apache.http.wire -  >> "Content-Length: 60[\r][\n]"
15:53:09.451 [main] DEBUG org.apache.http.wire -  >> "Host: altashop-api.fly.dev[\r][\n]"
15:53:09.451 [main] DEBUG org.apache.http.wire -  >> "Connection: Keep-Alive[\r][\n]"
15:53:09.452 [main] DEBUG org.apache.http.wire -  >> "User-Agent: Apache-HttpClient/4.5.13 (Java/19.0.2)[\r][\n]"
15:53:09.452 [main] DEBUG org.apache.http.wire -  >> "Accept-Encoding: gzip,deflate[\r][\n]"
15:53:09.452 [main] DEBUG org.apache.http.wire -  >> "[\r][\n]"
15:53:09.452 [main] DEBUG org.apache.http.headers - >> POST /api/auth/register HTTP/1.1
15:53:09.452 [main] DEBUG org.apache.http.headers - >> Accept: */*
15:53:09.453 [main] DEBUG org.apache.http.headers - >> Content-Type: application/json
15:53:09.453 [main] DEBUG org.apache.http.headers - >> Content-Length: 60
15:53:09.453 [main] DEBUG org.apache.http.headers - >> Host: altashop-api.fly.dev
15:53:09.453 [main] DEBUG org.apache.http.headers - >> Connection: Keep-Alive
15:53:09.453 [main] DEBUG org.apache.http.headers - >> User-Agent: Apache-HttpClient/4.5.13 (Java/19.0.2)
15:53:09.454 [main] DEBUG org.apache.http.headers - >> Accept-Encoding: gzip,deflate
15:53:09.454 [main] DEBUG org.apache.http.wire -  >> "{"password":"","fullname":"daabahcfcc","email":"daabahcfcc"}"
15:53:10.077 [main] DEBUG org.apache.http.wire -  << "HTTP/1.1 400 Bad Request[\r][\n]"
15:53:10.078 [main] DEBUG org.apache.http.wire -  << "content-type: application/json[\r][\n]"
15:53:10.078 [main] DEBUG org.apache.http.wire -  << "date: Wed, 10 May 2023 08:53:09 GMT[\r][\n]"
15:53:10.078 [main] DEBUG org.apache.http.wire -  << "content-encoding: gzip[\r][\n]"
15:53:10.078 [main] DEBUG org.apache.http.wire -  << "transfer-encoding: chunked[\r][\n]"
15:53:10.078 [main] DEBUG org.apache.http.wire -  << "server: Fly/3f2597ca (2023-05-03)[\r][\n]"
15:53:10.078 [main] DEBUG org.apache.http.wire -  << "via: 1.1 fly.io[\r][\n]"
15:53:10.078 [main] DEBUG org.apache.http.wire -  << "fly-request-id: 01H02DTGX7PDM87ED3WZ6A3MMZ-sin[\r][\n]"
15:53:10.078 [main] DEBUG org.apache.http.wire -  << "[\r][\n]"
15:53:10.078 [main] DEBUG org.apache.http.impl.conn.DefaultClientConnection - Receiving response: HTTP/1.1 400 Bad Request
15:53:10.078 [main] DEBUG org.apache.http.headers - << HTTP/1.1 400 Bad Request
15:53:10.078 [main] DEBUG org.apache.http.headers - << content-type: application/json
15:53:10.079 [main] DEBUG org.apache.http.headers - << date: Wed, 10 May 2023 08:53:09 GMT
15:53:10.079 [main] DEBUG org.apache.http.headers - << content-encoding: gzip
15:53:10.079 [main] DEBUG org.apache.http.headers - << transfer-encoding: chunked
15:53:10.079 [main] DEBUG org.apache.http.headers - << server: Fly/3f2597ca (2023-05-03)
15:53:10.079 [main] DEBUG org.apache.http.headers - << via: 1.1 fly.io
15:53:10.079 [main] DEBUG org.apache.http.headers - << fly-request-id: 01H02DTGX7PDM87ED3WZ6A3MMZ-sin
15:53:10.079 [main] DEBUG org.apache.http.impl.client.DefaultHttpClient - Connection can be kept alive indefinitely
15:53:10.079 [main] DEBUG io.restassured.internal.RestAssuredHttpBuilder - Parsing response as: application/json
15:53:10.080 [main] DEBUG org.apache.http.wire -  << "35[\r][\n]"
15:53:10.080 [main] DEBUG org.apache.http.wire -  << "[0x1f][0x8b][0x8][0x0][0x0][0x0][0x0][0x0][0x4][0xff][0xab]VJ-*[0xca]/R[0xb2]R*H,..[0xcf]/JQ[0xc8],V(J-,[0xcd],JMQ[0xaa][0xe5][0x2][0x0][0xb9][0x8f][0xe5][0xe0]![0x0][0x0][0x0]"
15:53:10.080 [main] DEBUG org.apache.http.wire -  << "[\r][\n]"
15:53:10.085 [main] DEBUG org.apache.http.wire -  << "0[\r][\n]"
15:53:10.085 [main] DEBUG org.apache.http.wire -  << "[\r][\n]"
15:53:10.085 [main] DEBUG io.restassured.internal.RestAssuredHttpBuilder - Parsed data to instance of: class org.apache.http.conn.EofSensorInputStream
15:53:10.088 [main] DEBUG org.apache.http.impl.conn.BasicClientConnectionManager - Releasing connection org.apache.http.impl.conn.ManagedClientConnectionImpl@34fc315d
15:53:10.088 [main] DEBUG org.apache.http.impl.conn.BasicClientConnectionManager - Connection can be kept alive indefinitely
15:53:10.089 [main] DEBUG net.thucydides.core.steps.StepInterceptor - STEP DONE: I send POST HTTP request register4
  &amp#27;[32mWhen &amp#27;[0m&amp#27;[32mI send POST HTTP request register4&amp#27;[0m              &amp#27;[90m# starter.stepdefinitions.RegisterSteps.sendPostHttpRequest4()&amp#27;[0m
15:53:10.099 [main] DEBUG net.thucydides.core.steps.StepInterceptor - STARTING STEP: RegisterSteps.receiveValidHttp400Register - I receive valid HTTP response code 400 register
15:53:10.101 [main] DEBUG net.thucydides.core.steps.StepInterceptor - STEP DONE: I receive valid HTTP response code 400 register
  &amp#27;[32mThen &amp#27;[0m&amp#27;[32mI receive valid HTTP response code 400 register&amp#27;[0m &amp#27;[90m# starter.stepdefinitions.RegisterSteps.receiveValidHttp400Register()&amp#27;[0m
15:53:10.105 [main] INFO  - 
  _____   ___   ___   _____     ___     _     ___   ___   ___   ___  
 |_   _| | __| / __| |_   _|   | _ \   /_\   / __| / __| | __| |   \ 
   | |   | _|  \__ \   | |     |  _/  / _ \  \__ \ \__ \ | _|  | |) |
   |_|   |___| |___/   |_|     |_|   /_/ \_\ |___/ |___/ |___| |___/ 

POST - Register without password
----------------------------------------------------------------------
]]></system-out>
  </testcase>
  <testcase name="POST - Register with existed account" classname="Register" time="1.65">
    <system-out><![CDATA[15:53:10.163 [Finalizer] DEBUG org.apache.http.impl.conn.DefaultClientConnection - Connection 0.0.0.0:53992<->149.248.193.56:443 closed
15:53:10.163 [Finalizer] DEBUG org.apache.http.impl.conn.DefaultClientConnection - Connection 0.0.0.0:53991<->149.248.193.56:443 closed

Scenario: POST - Register with existed account         &amp#27;[90m# src/test/resources/features/1. Register.feature:27&amp#27;[0m
15:53:10.170 [main] DEBUG io.cucumber.core.plugin.SerenityReporter - Running feature from file:///D:/download/API_Minpro%20(1)/APIMinpro/API/minpro/src/test/resources/features/1.%20Register.feature
15:53:10.174 [main] INFO  - 
  _____   ___   ___   _____     ___   _____     _     ___   _____   ___   ___  
 |_   _| | __| / __| |_   _|   / __| |_   _|   /_\   | _ \ |_   _| | __| |   \ 
   | |   | _|  \__ \   | |     \__ \   | |    / _ \  |   /   | |   | _|  | |) |
   |_|   |___| |___/   |_|     |___/   |_|   /_/ \_\ |_|_\   |_|   |___| |___/ 

POST - Register with existed account(register;post---register-with-existed-account)
--------------------------------------------------------------------------------
15:53:10.196 [main] DEBUG net.thucydides.core.steps.StepInterceptor - STARTING STEP: RegisterSteps.setPostApiEndpointsRegister - I set POST api endpoints register
15:53:10.197 [main] DEBUG net.thucydides.core.steps.StepInterceptor - STEP DONE: I set POST api endpoints register
  &amp#27;[32mGiven &amp#27;[0m&amp#27;[32mI set POST api endpoints register&amp#27;[0m              &amp#27;[90m# starter.stepdefinitions.RegisterSteps.setPostApiEndpointsRegister()&amp#27;[0m
15:53:10.210 [main] DEBUG net.thucydides.core.steps.StepInterceptor - STARTING STEP: RegisterSteps.sendPostHttpRequest5 - I send POST HTTP request register5
15:53:10.213 [main] DEBUG net.thucydides.core.steps.StepInterceptor - STARTING STEP: Register.sendPostHttpRequestRegister5 - I set POST api endpoints register
15:53:10.213 [main] DEBUG net.thucydides.core.steps.StepInterceptor - STEP DONE: I set POST api endpoints register
15:53:10.245 [main] DEBUG org.apache.http.impl.conn.BasicClientConnectionManager - Get connection for route {s}->https://altashop-api.fly.dev:443
15:53:10.245 [main] DEBUG org.apache.http.impl.conn.DefaultClientConnectionOperator - Connecting to altashop-api.fly.dev:443
15:53:11.466 [main] DEBUG org.apache.http.client.protocol.RequestAddCookies - CookieSpec selected: ignoreCookies
15:53:11.467 [main] DEBUG org.apache.http.client.protocol.RequestAuthCache - Auth cache not set in the context
15:53:11.467 [main] DEBUG org.apache.http.client.protocol.RequestTargetAuthentication - Target auth state: UNCHALLENGED
15:53:11.467 [main] DEBUG org.apache.http.client.protocol.RequestProxyAuthentication - Proxy auth state: UNCHALLENGED
15:53:11.467 [main] DEBUG org.apache.http.impl.client.DefaultHttpClient - Attempt 1 to execute request
15:53:11.467 [main] DEBUG org.apache.http.impl.conn.DefaultClientConnection - Sending request: POST /api/auth/register HTTP/1.1
15:53:11.467 [main] DEBUG org.apache.http.wire -  >> "POST /api/auth/register HTTP/1.1[\r][\n]"
15:53:11.467 [main] DEBUG org.apache.http.wire -  >> "Accept: */*[\r][\n]"
15:53:11.467 [main] DEBUG org.apache.http.wire -  >> "Content-Type: application/json[\r][\n]"
15:53:11.467 [main] DEBUG org.apache.http.wire -  >> "Content-Length: 78[\r][\n]"
15:53:11.483 [main] DEBUG org.apache.http.wire -  >> "Host: altashop-api.fly.dev[\r][\n]"
15:53:11.483 [main] DEBUG org.apache.http.wire -  >> "Connection: Keep-Alive[\r][\n]"
15:53:11.484 [main] DEBUG org.apache.http.wire -  >> "User-Agent: Apache-HttpClient/4.5.13 (Java/19.0.2)[\r][\n]"
15:53:11.484 [main] DEBUG org.apache.http.wire -  >> "Accept-Encoding: gzip,deflate[\r][\n]"
15:53:11.484 [main] DEBUG org.apache.http.wire -  >> "[\r][\n]"
15:53:11.484 [main] DEBUG org.apache.http.headers - >> POST /api/auth/register HTTP/1.1
15:53:11.484 [main] DEBUG org.apache.http.headers - >> Accept: */*
15:53:11.484 [main] DEBUG org.apache.http.headers - >> Content-Type: application/json
15:53:11.484 [main] DEBUG org.apache.http.headers - >> Content-Length: 78
15:53:11.484 [main] DEBUG org.apache.http.headers - >> Host: altashop-api.fly.dev
15:53:11.484 [main] DEBUG org.apache.http.headers - >> Connection: Keep-Alive
15:53:11.484 [main] DEBUG org.apache.http.headers - >> User-Agent: Apache-HttpClient/4.5.13 (Java/19.0.2)
15:53:11.484 [main] DEBUG org.apache.http.headers - >> Accept-Encoding: gzip,deflate
15:53:11.484 [main] DEBUG org.apache.http.wire -  >> "{"password":"1234567","fullname":"rinimaulidaaaa","email":"rinike4@gmail.com"}"
15:53:11.733 [main] DEBUG org.apache.http.wire -  << "HTTP/1.1 400 Bad Request[\r][\n]"
15:53:11.733 [main] DEBUG org.apache.http.wire -  << "content-type: application/json[\r][\n]"
15:53:11.733 [main] DEBUG org.apache.http.wire -  << "date: Wed, 10 May 2023 08:53:11 GMT[\r][\n]"
15:53:11.733 [main] DEBUG org.apache.http.wire -  << "content-encoding: gzip[\r][\n]"
15:53:11.733 [main] DEBUG org.apache.http.wire -  << "transfer-encoding: chunked[\r][\n]"
15:53:11.733 [main] DEBUG org.apache.http.wire -  << "server: Fly/3f2597ca (2023-05-03)[\r][\n]"
15:53:11.733 [main] DEBUG org.apache.http.wire -  << "via: 1.1 fly.io[\r][\n]"
15:53:11.733 [main] DEBUG org.apache.http.wire -  << "fly-request-id: 01H02DTJGKKM6PVSZG4VEFM8XH-sin[\r][\n]"
15:53:11.733 [main] DEBUG org.apache.http.wire -  << "[\r][\n]"
15:53:11.733 [main] DEBUG org.apache.http.impl.conn.DefaultClientConnection - Receiving response: HTTP/1.1 400 Bad Request
15:53:11.733 [main] DEBUG org.apache.http.headers - << HTTP/1.1 400 Bad Request
15:53:11.734 [main] DEBUG org.apache.http.headers - << content-type: application/json
15:53:11.734 [main] DEBUG org.apache.http.headers - << date: Wed, 10 May 2023 08:53:11 GMT
15:53:11.734 [main] DEBUG org.apache.http.headers - << content-encoding: gzip
15:53:11.734 [main] DEBUG org.apache.http.headers - << transfer-encoding: chunked
15:53:11.734 [main] DEBUG org.apache.http.headers - << server: Fly/3f2597ca (2023-05-03)
15:53:11.734 [main] DEBUG org.apache.http.headers - << via: 1.1 fly.io
15:53:11.734 [main] DEBUG org.apache.http.headers - << fly-request-id: 01H02DTJGKKM6PVSZG4VEFM8XH-sin
15:53:11.734 [main] DEBUG org.apache.http.impl.client.DefaultHttpClient - Connection can be kept alive indefinitely
15:53:11.734 [main] DEBUG io.restassured.internal.RestAssuredHttpBuilder - Parsing response as: application/json
15:53:11.734 [main] DEBUG org.apache.http.wire -  << "7B[\r][\n]"
15:53:11.735 [main] DEBUG org.apache.http.wire -  << "[0x1f][0x8b][0x8][0x0][0x0][0x0][0x0][0x0][0x4][0xff][0xab]VJ-*[0xca]/R[0xb2]Rr[\r][\n]"
15:53:11.735 [main] DEBUG org.apache.http.wire -  << "[0xf2][0xf][0xb2]RH)-[0xc8][0xc9]LN,IU[0xc8]N[0xad]T(K[0xcc])MU([0xcb][0xcc][0xcf]I,I-V([0xcd][0xcb],,MUH[0xce][0xcf]+.)J[0xcc][0xcc]+Q[0x88]Q*-N-*[0x8e]O[0xcd]M[0xcc][0xcc][0x89][0xcf]N[0xad][0x8c]QR[0xd0][0x8][0xe][0xf4][0x9][0xe]q[0xc]qU02650[0xd5]T[0xaa][0xe5][0x2][0x0][0x1a]G[0x13]pg[0x0][0x0][0x0]"
15:53:11.735 [main] DEBUG org.apache.http.wire -  << "[\r][\n]"
15:53:11.735 [main] DEBUG org.apache.http.wire -  << "0[\r][\n]"
15:53:11.735 [main] DEBUG org.apache.http.wire -  << "[\r][\n]"
15:53:11.735 [main] DEBUG io.restassured.internal.RestAssuredHttpBuilder - Parsed data to instance of: class org.apache.http.conn.EofSensorInputStream
15:53:11.742 [main] DEBUG org.apache.http.impl.conn.BasicClientConnectionManager - Releasing connection org.apache.http.impl.conn.ManagedClientConnectionImpl@7028b5cc
15:53:11.742 [main] DEBUG org.apache.http.impl.conn.BasicClientConnectionManager - Connection can be kept alive indefinitely
15:53:11.749 [main] DEBUG net.thucydides.core.steps.StepInterceptor - STEP DONE: I send POST HTTP request register5
  &amp#27;[32mWhen &amp#27;[0m&amp#27;[32mI send POST HTTP request register5&amp#27;[0m              &amp#27;[90m# starter.stepdefinitions.RegisterSteps.sendPostHttpRequest5()&amp#27;[0m
15:53:11.757 [main] DEBUG net.thucydides.core.steps.StepInterceptor - STARTING STEP: RegisterSteps.receiveValidHttp400Register - I receive valid HTTP response code 400 register
15:53:11.759 [main] DEBUG net.thucydides.core.steps.StepInterceptor - STEP DONE: I receive valid HTTP response code 400 register
  &amp#27;[32mThen &amp#27;[0m&amp#27;[32mI receive valid HTTP response code 400 register&amp#27;[0m &amp#27;[90m# starter.stepdefinitions.RegisterSteps.receiveValidHttp400Register()&amp#27;[0m
15:53:11.765 [main] INFO  - 
  _____   ___   ___   _____     ___     _     ___   ___   ___   ___  
 |_   _| | __| / __| |_   _|   | _ \   /_\   / __| / __| | __| |   \ 
   | |   | _|  \__ \   | |     |  _/  / _ \  \__ \ \__ \ | _|  | |) |
   |_|   |___| |___/   |_|     |_|   /_/ \_\ |___/ |___/ |___| |___/ 

POST - Register with existed account
----------------------------------------------------------------------
]]></system-out>
  </testcase>
  <testcase name="POST - Login with valid account" classname="Login" time="1.85">
    <system-out><![CDATA[15:53:11.768 [main] DEBUG io.cucumber.core.plugin.SerenityReporter - Running feature from file:///D:/download/API_Minpro%20(1)/APIMinpro/API/minpro/src/test/resources/features/2.%20Login.feature
15:53:11.775 [main] DEBUG net.thucydides.core.steps.StepEventBus - Test suite started for story net.thucydides.core.model.Story@86b1dd01
15:53:11.785 [main] INFO  - Test Suite Started: Login

Scenario: POST - Login with valid account           &amp#27;[90m# src/test/resources/features/2. Login.feature:7&amp#27;[0m
15:53:11.800 [main] DEBUG io.cucumber.core.plugin.SerenityReporter - Running feature from file:///D:/download/API_Minpro%20(1)/APIMinpro/API/minpro/src/test/resources/features/2.%20Login.feature
15:53:11.809 [main] INFO  - 
  _____   ___   ___   _____     ___   _____     _     ___   _____   ___   ___  
 |_   _| | __| / __| |_   _|   / __| |_   _|   /_\   | _ \ |_   _| | __| |   \ 
   | |   | _|  \__ \   | |     \__ \   | |    / _ \  |   /   | |   | _|  | |) |
   |_|   |___| |___/   |_|     |___/   |_|   /_/ \_\ |_|_\   |_|   |___| |___/ 

POST - Login with valid account(login;post---login-with-valid-account)
--------------------------------------------------------------------------------
15:53:11.940 [main] DEBUG net.thucydides.core.steps.StepInterceptor - STARTING STEP: LoginSteps.setPostApiEndpointsLogin - I set POST api endpoints login
15:53:11.940 [main] DEBUG net.thucydides.core.steps.StepInterceptor - STEP DONE: I set POST api endpoints login
  &amp#27;[32mGiven &amp#27;[0m&amp#27;[32mI set POST api endpoints login&amp#27;[0m              &amp#27;[90m# starter.stepdefinitions.LoginSteps.setPostApiEndpointsLogin()&amp#27;[0m
15:53:11.956 [main] DEBUG net.thucydides.core.steps.StepInterceptor - STARTING STEP: LoginSteps.sendPostHttpRequestLogin - I send POST HTTP request login
15:53:11.960 [main] DEBUG net.thucydides.core.steps.StepInterceptor - STARTING STEP: Login.sendPostHttpRequestLogin - I set POST api endpoints login
15:53:11.960 [main] DEBUG net.thucydides.core.steps.StepInterceptor - STEP DONE: I set POST api endpoints login
15:53:12.048 [main] DEBUG org.apache.http.impl.conn.BasicClientConnectionManager - Get connection for route {s}->https://altashop-api.fly.dev:443
15:53:12.049 [main] DEBUG org.apache.http.impl.conn.DefaultClientConnectionOperator - Connecting to altashop-api.fly.dev:443
15:53:12.310 [main] DEBUG org.apache.http.client.protocol.RequestAddCookies - CookieSpec selected: ignoreCookies
15:53:12.310 [main] DEBUG org.apache.http.client.protocol.RequestAuthCache - Auth cache not set in the context
15:53:12.310 [main] DEBUG org.apache.http.client.protocol.RequestTargetAuthentication - Target auth state: UNCHALLENGED
15:53:12.310 [main] DEBUG org.apache.http.client.protocol.RequestProxyAuthentication - Proxy auth state: UNCHALLENGED
15:53:12.310 [main] DEBUG org.apache.http.impl.client.DefaultHttpClient - Attempt 1 to execute request
15:53:12.311 [main] DEBUG org.apache.http.impl.conn.DefaultClientConnection - Sending request: POST /api/auth/login HTTP/1.1
15:53:12.311 [main] DEBUG org.apache.http.wire -  >> "POST /api/auth/login HTTP/1.1[\r][\n]"
15:53:12.311 [main] DEBUG org.apache.http.wire -  >> "Accept: */*[\r][\n]"
15:53:12.311 [main] DEBUG org.apache.http.wire -  >> "Content-Type: application/json[\r][\n]"
15:53:12.311 [main] DEBUG org.apache.http.wire -  >> "Content-Length: 50[\r][\n]"
15:53:12.311 [main] DEBUG org.apache.http.wire -  >> "Host: altashop-api.fly.dev[\r][\n]"
15:53:12.311 [main] DEBUG org.apache.http.wire -  >> "Connection: Keep-Alive[\r][\n]"
15:53:12.311 [main] DEBUG org.apache.http.wire -  >> "User-Agent: Apache-HttpClient/4.5.13 (Java/19.0.2)[\r][\n]"
15:53:12.311 [main] DEBUG org.apache.http.wire -  >> "Accept-Encoding: gzip,deflate[\r][\n]"
15:53:12.311 [main] DEBUG org.apache.http.wire -  >> "[\r][\n]"
15:53:12.311 [main] DEBUG org.apache.http.headers - >> POST /api/auth/login HTTP/1.1
15:53:12.311 [main] DEBUG org.apache.http.headers - >> Accept: */*
15:53:12.311 [main] DEBUG org.apache.http.headers - >> Content-Type: application/json
15:53:12.311 [main] DEBUG org.apache.http.headers - >> Content-Length: 50
15:53:12.311 [main] DEBUG org.apache.http.headers - >> Host: altashop-api.fly.dev
15:53:12.311 [main] DEBUG org.apache.http.headers - >> Connection: Keep-Alive
15:53:12.311 [main] DEBUG org.apache.http.headers - >> User-Agent: Apache-HttpClient/4.5.13 (Java/19.0.2)
15:53:12.311 [main] DEBUG org.apache.http.headers - >> Accept-Encoding: gzip,deflate
15:53:12.311 [main] DEBUG org.apache.http.wire -  >> "{"password":"1234567","email":"rinike4@gmail.com"}"
15:53:13.595 [main] DEBUG org.apache.http.wire -  << "HTTP/1.1 200 OK[\r][\n]"
15:53:13.595 [main] DEBUG org.apache.http.wire -  << "content-type: application/json[\r][\n]"
15:53:13.595 [main] DEBUG org.apache.http.wire -  << "date: Wed, 10 May 2023 08:53:13 GMT[\r][\n]"
15:53:13.595 [main] DEBUG org.apache.http.wire -  << "content-encoding: gzip[\r][\n]"
15:53:13.595 [main] DEBUG org.apache.http.wire -  << "transfer-encoding: chunked[\r][\n]"
15:53:13.595 [main] DEBUG org.apache.http.wire -  << "server: Fly/3f2597ca (2023-05-03)[\r][\n]"
15:53:13.595 [main] DEBUG org.apache.http.wire -  << "via: 1.1 fly.io[\r][\n]"
15:53:13.595 [main] DEBUG org.apache.http.wire -  << "fly-request-id: 01H02DTMB22FRVT7WJAQ7SNPWG-sin[\r][\n]"
15:53:13.595 [main] DEBUG org.apache.http.wire -  << "[\r][\n]"
15:53:13.595 [main] DEBUG org.apache.http.impl.conn.DefaultClientConnection - Receiving response: HTTP/1.1 200 OK
15:53:13.595 [main] DEBUG org.apache.http.headers - << HTTP/1.1 200 OK
15:53:13.595 [main] DEBUG org.apache.http.headers - << content-type: application/json
15:53:13.595 [main] DEBUG org.apache.http.headers - << date: Wed, 10 May 2023 08:53:13 GMT
15:53:13.595 [main] DEBUG org.apache.http.headers - << content-encoding: gzip
15:53:13.595 [main] DEBUG org.apache.http.headers - << transfer-encoding: chunked
15:53:13.595 [main] DEBUG org.apache.http.headers - << server: Fly/3f2597ca (2023-05-03)
15:53:13.595 [main] DEBUG org.apache.http.headers - << via: 1.1 fly.io
15:53:13.595 [main] DEBUG org.apache.http.headers - << fly-request-id: 01H02DTMB22FRVT7WJAQ7SNPWG-sin
15:53:13.596 [main] DEBUG org.apache.http.impl.client.DefaultHttpClient - Connection can be kept alive indefinitely
15:53:13.596 [main] DEBUG io.restassured.internal.RestAssuredHttpBuilder - Parsing response as: application/json
15:53:13.596 [main] DEBUG org.apache.http.wire -  << "BB[\r][\n]"
15:53:13.596 [main] DEBUG org.apache.http.wire -  << "[0x1f][0x8b][0x8][0x0][0x0][0x0][0x0][0x0][0x4][0xff][0xab]VJI,IT[0xb2]RJ[0xad][0xf4][0xca]HrO[0xce][0xf4][0xcf][0xf4][0xf2][0xc][0xad][0xf2]4[0xf4][0xcb][0xf4],[0xf6][0xcc][0xb]2Mv[0xf6]4[0xf3][0xcc].[0x88][0x8]s[0xf6][0xb2][0xd4]K[0xad][0xf4]rO[0x9][0xaf](N[0xca]u+[0x89][\n]"
15:53:13.596 [main] DEBUG org.apache.http.wire -  << "[0xf6]4[0xf3][0xcc][0xf3]*H[0xca][0xcd])[0x89][0x8c][0x8]+N[0xc][0xf][0xca][0x88][0xc]w[0xcb][0xf0][0xcc],[0xcf][0xc][\n]"
15:53:13.596 [main] DEBUG org.apache.http.wire -  << "7[0xcc]H[0xc]/[0x7][0x19]V[0x99][0x18]nZ[0x90]h[0x14]j[0x10][0xe8][0x9e]R[0x12][0x19][0x9e]S[0xec][0x93][0xeb]W[0x96][0x14][0xec]e[0xa9][0x17][0x15][0x10][0x9c]fi[0x92]S[0x19]e[0xe8]h[0xe4][0xe2][0xe1]db[0xe8]V[0x16][0x1f][0xe6][0x1f][0xe9][0x13][0x18]fXej[0x9c]h[0x10][0xef][0x18]o[0xee][0xe7][0xe5]YP[0x14][0x9c][0xae]T[0xcb][0x5][0x0]G[0x2]-j[0xa9][0x0][0x0][0x0]"
15:53:13.596 [main] DEBUG org.apache.http.wire -  << "[\r][\n]"
15:53:13.596 [main] DEBUG org.apache.http.wire -  << "0[\r][\n]"
15:53:13.596 [main] DEBUG org.apache.http.wire -  << "[\r][\n]"
15:53:13.596 [main] DEBUG io.restassured.internal.RestAssuredHttpBuilder - Parsed data to instance of: class org.apache.http.conn.EofSensorInputStream
15:53:13.598 [main] DEBUG org.apache.http.impl.conn.BasicClientConnectionManager - Releasing connection org.apache.http.impl.conn.ManagedClientConnectionImpl@5ad50b02
15:53:13.598 [main] DEBUG org.apache.http.impl.conn.BasicClientConnectionManager - Connection can be kept alive indefinitely
15:53:13.599 [main] DEBUG net.thucydides.core.steps.StepInterceptor - STEP DONE: I send POST HTTP request login
  &amp#27;[32mWhen &amp#27;[0m&amp#27;[32mI send POST HTTP request login&amp#27;[0m               &amp#27;[90m# starter.stepdefinitions.LoginSteps.sendPostHttpRequestLogin()&amp#27;[0m
15:53:13.608 [main] DEBUG net.thucydides.core.steps.StepInterceptor - STARTING STEP: LoginSteps.receiveValidHttp200Login - I receive valid HTTP response code 200 login
15:53:13.610 [main] DEBUG net.thucydides.core.steps.StepInterceptor - STEP DONE: I receive valid HTTP response code 200 login
  &amp#27;[32mThen &amp#27;[0m&amp#27;[32mI receive valid HTTP response code 200 login&amp#27;[0m &amp#27;[90m# starter.stepdefinitions.LoginSteps.receiveValidHttp200Login()&amp#27;[0m
15:53:13.629 [main] INFO  - 
  _____   ___   ___   _____     ___     _     ___   ___   ___   ___  
 |_   _| | __| / __| |_   _|   | _ \   /_\   / __| / __| | __| |   \ 
   | |   | _|  \__ \   | |     |  _/  / _ \  \__ \ \__ \ | _|  | |) |
   |_|   |___| |___/   |_|     |_|   /_/ \_\ |___/ |___/ |___| |___/ 

POST - Login with valid account
----------------------------------------------------------------------
]]></system-out>
  </testcase>
  <testcase name="POST - Login with empty email" classname="Login" time="0.617">
    <system-out><![CDATA[
Scenario: POST - Login with empty email             &amp#27;[90m# src/test/resources/features/2. Login.feature:12&amp#27;[0m
15:53:13.650 [main] DEBUG io.cucumber.core.plugin.SerenityReporter - Running feature from file:///D:/download/API_Minpro%20(1)/APIMinpro/API/minpro/src/test/resources/features/2.%20Login.feature
15:53:13.700 [main] INFO  - 
  _____   ___   ___   _____     ___   _____     _     ___   _____   ___   ___  
 |_   _| | __| / __| |_   _|   / __| |_   _|   /_\   | _ \ |_   _| | __| |   \ 
   | |   | _|  \__ \   | |     \__ \   | |    / _ \  |   /   | |   | _|  | |) |
   |_|   |___| |___/   |_|     |___/   |_|   /_/ \_\ |_|_\   |_|   |___| |___/ 

POST - Login with empty email(login;post---login-with-empty-email)
--------------------------------------------------------------------------------
15:53:13.754 [main] DEBUG net.thucydides.core.steps.StepInterceptor - STARTING STEP: LoginSteps.setPostApiEndpointsLogin - I set POST api endpoints login
15:53:13.754 [main] DEBUG net.thucydides.core.steps.StepInterceptor - STEP DONE: I set POST api endpoints login
  &amp#27;[32mGiven &amp#27;[0m&amp#27;[32mI set POST api endpoints login&amp#27;[0m              &amp#27;[90m# starter.stepdefinitions.LoginSteps.setPostApiEndpointsLogin()&amp#27;[0m
15:53:13.786 [main] DEBUG net.thucydides.core.steps.StepInterceptor - STARTING STEP: LoginSteps.sendPostHttpRequestLogin2 - I send POST HTTP request login2
15:53:13.813 [main] DEBUG net.thucydides.core.steps.StepInterceptor - STARTING STEP: Login.sendPostHttpRequestLogin2 - I set POST api endpoints login
15:53:13.813 [main] DEBUG net.thucydides.core.steps.StepInterceptor - STEP DONE: I set POST api endpoints login
15:53:13.964 [main] DEBUG org.apache.http.impl.conn.BasicClientConnectionManager - Get connection for route {s}->https://altashop-api.fly.dev:443
15:53:13.964 [main] DEBUG org.apache.http.impl.conn.DefaultClientConnectionOperator - Connecting to altashop-api.fly.dev:443
15:53:14.157 [main] DEBUG org.apache.http.client.protocol.RequestAddCookies - CookieSpec selected: ignoreCookies
15:53:14.158 [main] DEBUG org.apache.http.client.protocol.RequestAuthCache - Auth cache not set in the context
15:53:14.158 [main] DEBUG org.apache.http.client.protocol.RequestTargetAuthentication - Target auth state: UNCHALLENGED
15:53:14.158 [main] DEBUG org.apache.http.client.protocol.RequestProxyAuthentication - Proxy auth state: UNCHALLENGED
15:53:14.158 [main] DEBUG org.apache.http.impl.client.DefaultHttpClient - Attempt 1 to execute request
15:53:14.158 [main] DEBUG org.apache.http.impl.conn.DefaultClientConnection - Sending request: POST /api/auth/login HTTP/1.1
15:53:14.158 [main] DEBUG org.apache.http.wire -  >> "POST /api/auth/login HTTP/1.1[\r][\n]"
15:53:14.158 [main] DEBUG org.apache.http.wire -  >> "Accept: */*[\r][\n]"
15:53:14.158 [main] DEBUG org.apache.http.wire -  >> "Content-Type: application/json[\r][\n]"
15:53:14.158 [main] DEBUG org.apache.http.wire -  >> "Content-Length: 34[\r][\n]"
15:53:14.158 [main] DEBUG org.apache.http.wire -  >> "Host: altashop-api.fly.dev[\r][\n]"
15:53:14.158 [main] DEBUG org.apache.http.wire -  >> "Connection: Keep-Alive[\r][\n]"
15:53:14.158 [main] DEBUG org.apache.http.wire -  >> "User-Agent: Apache-HttpClient/4.5.13 (Java/19.0.2)[\r][\n]"
15:53:14.158 [main] DEBUG org.apache.http.wire -  >> "Accept-Encoding: gzip,deflate[\r][\n]"
15:53:14.158 [main] DEBUG org.apache.http.wire -  >> "[\r][\n]"
15:53:14.158 [main] DEBUG org.apache.http.headers - >> POST /api/auth/login HTTP/1.1
15:53:14.158 [main] DEBUG org.apache.http.headers - >> Accept: */*
15:53:14.158 [main] DEBUG org.apache.http.headers - >> Content-Type: application/json
15:53:14.158 [main] DEBUG org.apache.http.headers - >> Content-Length: 34
15:53:14.158 [main] DEBUG org.apache.http.headers - >> Host: altashop-api.fly.dev
15:53:14.158 [main] DEBUG org.apache.http.headers - >> Connection: Keep-Alive
15:53:14.158 [main] DEBUG org.apache.http.headers - >> User-Agent: Apache-HttpClient/4.5.13 (Java/19.0.2)
15:53:14.158 [main] DEBUG org.apache.http.headers - >> Accept-Encoding: gzip,deflate
15:53:14.158 [main] DEBUG org.apache.http.wire -  >> "{"password":"1234567","email":" "}"
15:53:14.227 [main] DEBUG org.apache.http.wire -  << "HTTP/1.1 400 Bad Request[\r][\n]"
15:53:14.227 [main] DEBUG org.apache.http.wire -  << "content-type: application/json[\r][\n]"
15:53:14.227 [main] DEBUG org.apache.http.wire -  << "date: Wed, 10 May 2023 08:53:13 GMT[\r][\n]"
15:53:14.227 [main] DEBUG org.apache.http.wire -  << "content-encoding: gzip[\r][\n]"
15:53:14.227 [main] DEBUG org.apache.http.wire -  << "transfer-encoding: chunked[\r][\n]"
15:53:14.227 [main] DEBUG org.apache.http.wire -  << "server: Fly/3f2597ca (2023-05-03)[\r][\n]"
15:53:14.227 [main] DEBUG org.apache.http.wire -  << "via: 1.1 fly.io[\r][\n]"
15:53:14.227 [main] DEBUG org.apache.http.wire -  << "fly-request-id: 01H02DTMZ88V88Y0VEKXCBNMZW-sin[\r][\n]"
15:53:14.227 [main] DEBUG org.apache.http.wire -  << "[\r][\n]"
15:53:14.227 [main] DEBUG org.apache.http.impl.conn.DefaultClientConnection - Receiving response: HTTP/1.1 400 Bad Request
15:53:14.227 [main] DEBUG org.apache.http.headers - << HTTP/1.1 400 Bad Request
15:53:14.227 [main] DEBUG org.apache.http.headers - << content-type: application/json
15:53:14.227 [main] DEBUG org.apache.http.headers - << date: Wed, 10 May 2023 08:53:13 GMT
15:53:14.227 [main] DEBUG org.apache.http.headers - << content-encoding: gzip
15:53:14.227 [main] DEBUG org.apache.http.headers - << transfer-encoding: chunked
15:53:14.227 [main] DEBUG org.apache.http.headers - << server: Fly/3f2597ca (2023-05-03)
15:53:14.227 [main] DEBUG org.apache.http.headers - << via: 1.1 fly.io
15:53:14.227 [main] DEBUG org.apache.http.headers - << fly-request-id: 01H02DTMZ88V88Y0VEKXCBNMZW-sin
15:53:14.228 [main] DEBUG org.apache.http.impl.client.DefaultHttpClient - Connection can be kept alive indefinitely
15:53:14.228 [main] DEBUG io.restassured.internal.RestAssuredHttpBuilder - Parsing response as: application/json
15:53:14.228 [main] DEBUG org.apache.http.wire -  << "3D[\r][\n]"
15:53:14.229 [main] DEBUG org.apache.http.wire -  << "[0x1f][0x8b][0x8][0x0][0x0][0x0][0x0][0x0][0x4][0xff][0xab]VJ-*[0xca]/R[0xb2]RJ[0xcd]M[0xcc][0xcc]Q[0xc8]/R(H,..[0xcf]/JQ[0xc8],V[0xc8][0xcc]+K[0xcc][0xc9]LQ[0xaa][0xe5][0x2][0x0][0xc0][0xad][0xff][0xb])[0x0][0x0][0x0]"
15:53:14.229 [main] DEBUG org.apache.http.wire -  << "[\r][\n]"
15:53:14.230 [main] DEBUG org.apache.http.wire -  << "0[\r][\n]"
15:53:14.230 [main] DEBUG org.apache.http.wire -  << "[\r][\n]"
15:53:14.230 [main] DEBUG io.restassured.internal.RestAssuredHttpBuilder - Parsed data to instance of: class org.apache.http.conn.EofSensorInputStream
15:53:14.235 [main] DEBUG org.apache.http.impl.conn.BasicClientConnectionManager - Releasing connection org.apache.http.impl.conn.ManagedClientConnectionImpl@4f9213d2
15:53:14.235 [main] DEBUG org.apache.http.impl.conn.BasicClientConnectionManager - Connection can be kept alive indefinitely
15:53:14.236 [main] DEBUG net.thucydides.core.steps.StepInterceptor - STEP DONE: I send POST HTTP request login2
  &amp#27;[32mWhen &amp#27;[0m&amp#27;[32mI send POST HTTP request login2&amp#27;[0m              &amp#27;[90m# starter.stepdefinitions.LoginSteps.sendPostHttpRequestLogin2()&amp#27;[0m
15:53:14.246 [main] DEBUG net.thucydides.core.steps.StepInterceptor - STARTING STEP: LoginSteps.receiveValidHttp400Login - I receive valid HTTP response code 400 login
15:53:14.248 [main] DEBUG net.thucydides.core.steps.StepInterceptor - STEP DONE: I receive valid HTTP response code 400 login
  &amp#27;[32mThen &amp#27;[0m&amp#27;[32mI receive valid HTTP response code 400 login&amp#27;[0m &amp#27;[90m# starter.stepdefinitions.LoginSteps.receiveValidHttp400Login()&amp#27;[0m
15:53:14.253 [main] INFO  - 
  _____   ___   ___   _____     ___     _     ___   ___   ___   ___  
 |_   _| | __| / __| |_   _|   | _ \   /_\   / __| / __| | __| |   \ 
   | |   | _|  \__ \   | |     |  _/  / _ \  \__ \ \__ \ | _|  | |) |
   |_|   |___| |___/   |_|     |_|   /_/ \_\ |___/ |___/ |___| |___/ 

POST - Login with empty email
----------------------------------------------------------------------
]]></system-out>
  </testcase>
  <testcase name="POST - Login with empty password" classname="Login" time="0.706">
    <system-out><![CDATA[
Scenario: POST - Login with empty password          &amp#27;[90m# src/test/resources/features/2. Login.feature:17&amp#27;[0m
15:53:14.262 [main] DEBUG io.cucumber.core.plugin.SerenityReporter - Running feature from file:///D:/download/API_Minpro%20(1)/APIMinpro/API/minpro/src/test/resources/features/2.%20Login.feature
15:53:14.265 [main] INFO  - 
  _____   ___   ___   _____     ___   _____     _     ___   _____   ___   ___  
 |_   _| | __| / __| |_   _|   / __| |_   _|   /_\   | _ \ |_   _| | __| |   \ 
   | |   | _|  \__ \   | |     \__ \   | |    / _ \  |   /   | |   | _|  | |) |
   |_|   |___| |___/   |_|     |___/   |_|   /_/ \_\ |_|_\   |_|   |___| |___/ 

POST - Login with empty password(login;post---login-with-empty-password)
--------------------------------------------------------------------------------
15:53:14.359 [main] DEBUG net.thucydides.core.steps.StepInterceptor - STARTING STEP: LoginSteps.setPostApiEndpointsLogin - I set POST api endpoints login
15:53:14.359 [main] DEBUG net.thucydides.core.steps.StepInterceptor - STEP DONE: I set POST api endpoints login
  &amp#27;[32mGiven &amp#27;[0m&amp#27;[32mI set POST api endpoints login&amp#27;[0m              &amp#27;[90m# starter.stepdefinitions.LoginSteps.setPostApiEndpointsLogin()&amp#27;[0m
15:53:14.371 [main] DEBUG net.thucydides.core.steps.StepInterceptor - STARTING STEP: LoginSteps.sendPostHttpRequestLogin3 - I send POST HTTP request login3
15:53:14.377 [main] DEBUG net.thucydides.core.steps.StepInterceptor - STARTING STEP: Login.sendPostHttpRequestLogin3 - I set POST api endpoints login
15:53:14.380 [main] DEBUG net.thucydides.core.steps.StepInterceptor - STEP DONE: I set POST api endpoints login
15:53:14.698 [main] DEBUG org.apache.http.impl.conn.BasicClientConnectionManager - Get connection for route {s}->https://altashop-api.fly.dev:443
15:53:14.698 [main] DEBUG org.apache.http.impl.conn.DefaultClientConnectionOperator - Connecting to altashop-api.fly.dev:443
15:53:14.869 [main] DEBUG org.apache.http.client.protocol.RequestAddCookies - CookieSpec selected: ignoreCookies
15:53:14.869 [main] DEBUG org.apache.http.client.protocol.RequestAuthCache - Auth cache not set in the context
15:53:14.869 [main] DEBUG org.apache.http.client.protocol.RequestTargetAuthentication - Target auth state: UNCHALLENGED
15:53:14.869 [main] DEBUG org.apache.http.client.protocol.RequestProxyAuthentication - Proxy auth state: UNCHALLENGED
15:53:14.869 [main] DEBUG org.apache.http.impl.client.DefaultHttpClient - Attempt 1 to execute request
15:53:14.869 [main] DEBUG org.apache.http.impl.conn.DefaultClientConnection - Sending request: POST /api/auth/login HTTP/1.1
15:53:14.871 [main] DEBUG org.apache.http.wire -  >> "POST /api/auth/login HTTP/1.1[\r][\n]"
15:53:14.871 [main] DEBUG org.apache.http.wire -  >> "Accept: */*[\r][\n]"
15:53:14.871 [main] DEBUG org.apache.http.wire -  >> "Content-Type: application/json[\r][\n]"
15:53:14.871 [main] DEBUG org.apache.http.wire -  >> "Content-Length: 43[\r][\n]"
15:53:14.871 [main] DEBUG org.apache.http.wire -  >> "Host: altashop-api.fly.dev[\r][\n]"
15:53:14.871 [main] DEBUG org.apache.http.wire -  >> "Connection: Keep-Alive[\r][\n]"
15:53:14.872 [main] DEBUG org.apache.http.wire -  >> "User-Agent: Apache-HttpClient/4.5.13 (Java/19.0.2)[\r][\n]"
15:53:14.872 [main] DEBUG org.apache.http.wire -  >> "Accept-Encoding: gzip,deflate[\r][\n]"
15:53:14.872 [main] DEBUG org.apache.http.wire -  >> "[\r][\n]"
15:53:14.872 [main] DEBUG org.apache.http.headers - >> POST /api/auth/login HTTP/1.1
15:53:14.872 [main] DEBUG org.apache.http.headers - >> Accept: */*
15:53:14.872 [main] DEBUG org.apache.http.headers - >> Content-Type: application/json
15:53:14.872 [main] DEBUG org.apache.http.headers - >> Content-Length: 43
15:53:14.872 [main] DEBUG org.apache.http.headers - >> Host: altashop-api.fly.dev
15:53:14.872 [main] DEBUG org.apache.http.headers - >> Connection: Keep-Alive
15:53:14.872 [main] DEBUG org.apache.http.headers - >> User-Agent: Apache-HttpClient/4.5.13 (Java/19.0.2)
15:53:14.872 [main] DEBUG org.apache.http.headers - >> Accept-Encoding: gzip,deflate
15:53:14.872 [main] DEBUG org.apache.http.wire -  >> "{"password":" ","email":"someone@mail.com"}"
15:53:14.941 [main] DEBUG org.apache.http.wire -  << "HTTP/1.1 400 Bad Request[\r][\n]"
15:53:14.942 [main] DEBUG org.apache.http.wire -  << "content-type: application/json[\r][\n]"
15:53:14.942 [main] DEBUG org.apache.http.wire -  << "date: Wed, 10 May 2023 08:53:14 GMT[\r][\n]"
15:53:14.942 [main] DEBUG org.apache.http.wire -  << "content-encoding: gzip[\r][\n]"
15:53:14.942 [main] DEBUG org.apache.http.wire -  << "transfer-encoding: chunked[\r][\n]"
15:53:14.942 [main] DEBUG org.apache.http.wire -  << "server: Fly/3f2597ca (2023-05-03)[\r][\n]"
15:53:14.942 [main] DEBUG org.apache.http.wire -  << "via: 1.1 fly.io[\r][\n]"
15:53:14.942 [main] DEBUG org.apache.http.wire -  << "fly-request-id: 01H02DTNNCSDDW6QSKJ0765EZ9-sin[\r][\n]"
15:53:14.942 [main] DEBUG org.apache.http.wire -  << "[\r][\n]"
15:53:14.942 [main] DEBUG org.apache.http.impl.conn.DefaultClientConnection - Receiving response: HTTP/1.1 400 Bad Request
15:53:14.942 [main] DEBUG org.apache.http.headers - << HTTP/1.1 400 Bad Request
15:53:14.942 [main] DEBUG org.apache.http.headers - << content-type: application/json
15:53:14.942 [main] DEBUG org.apache.http.headers - << date: Wed, 10 May 2023 08:53:14 GMT
15:53:14.942 [main] DEBUG org.apache.http.headers - << content-encoding: gzip
15:53:14.942 [main] DEBUG org.apache.http.headers - << transfer-encoding: chunked
15:53:14.942 [main] DEBUG org.apache.http.headers - << server: Fly/3f2597ca (2023-05-03)
15:53:14.942 [main] DEBUG org.apache.http.headers - << via: 1.1 fly.io
15:53:14.942 [main] DEBUG org.apache.http.headers - << fly-request-id: 01H02DTNNCSDDW6QSKJ0765EZ9-sin
15:53:14.942 [main] DEBUG org.apache.http.impl.client.DefaultHttpClient - Connection can be kept alive indefinitely
15:53:14.943 [main] DEBUG io.restassured.internal.RestAssuredHttpBuilder - Parsing response as: application/json
15:53:14.943 [main] DEBUG org.apache.http.wire -  << "3D[\r][\n]"
15:53:14.943 [main] DEBUG org.apache.http.wire -  << "[0x1f][0x8b][0x8][0x0][0x0][0x0][0x0][0x0][0x4][0xff][0xab]VJ-*[0xca]/R[0xb2]RJ[0xcd]M[0xcc][0xcc]Q[0xc8]/R(H,..[0xcf]/JQ[0xc8],V[0xc8][0xcc]+K[0xcc][0xc9]LQ[0xaa][0xe5][0x2][0x0][0xc0][0xad][0xff][0xb])[0x0][0x0][0x0]"
15:53:14.943 [main] DEBUG org.apache.http.wire -  << "[\r][\n]"
15:53:14.943 [main] DEBUG org.apache.http.wire -  << "0[\r][\n]"
15:53:14.943 [main] DEBUG org.apache.http.wire -  << "[\r][\n]"
15:53:14.943 [main] DEBUG io.restassured.internal.RestAssuredHttpBuilder - Parsed data to instance of: class org.apache.http.conn.EofSensorInputStream
15:53:14.945 [main] DEBUG org.apache.http.impl.conn.BasicClientConnectionManager - Releasing connection org.apache.http.impl.conn.ManagedClientConnectionImpl@7db06c50
15:53:14.945 [main] DEBUG org.apache.http.impl.conn.BasicClientConnectionManager - Connection can be kept alive indefinitely
15:53:14.946 [main] DEBUG net.thucydides.core.steps.StepInterceptor - STEP DONE: I send POST HTTP request login3
  &amp#27;[32mWhen &amp#27;[0m&amp#27;[32mI send POST HTTP request login3&amp#27;[0m              &amp#27;[90m# starter.stepdefinitions.LoginSteps.sendPostHttpRequestLogin3()&amp#27;[0m
15:53:14.954 [main] DEBUG net.thucydides.core.steps.StepInterceptor - STARTING STEP: LoginSteps.receiveValidHttp400Login - I receive valid HTTP response code 400 login
15:53:14.955 [main] DEBUG net.thucydides.core.steps.StepInterceptor - STEP DONE: I receive valid HTTP response code 400 login
  &amp#27;[32mThen &amp#27;[0m&amp#27;[32mI receive valid HTTP response code 400 login&amp#27;[0m &amp#27;[90m# starter.stepdefinitions.LoginSteps.receiveValidHttp400Login()&amp#27;[0m
15:53:14.959 [main] INFO  - 
  _____   ___   ___   _____     ___     _     ___   ___   ___   ___  
 |_   _| | __| / __| |_   _|   | _ \   /_\   / __| / __| | __| |   \ 
   | |   | _|  \__ \   | |     |  _/  / _ \  \__ \ \__ \ | _|  | |) |
   |_|   |___| |___/   |_|     |_|   /_/ \_\ |___/ |___/ |___| |___/ 

POST - Login with empty password
----------------------------------------------------------------------
]]></system-out>
  </testcase>
  <testcase name="POST - Login without payload" classname="Login" time="0.424">
    <system-out><![CDATA[
Scenario: POST - Login without payload              &amp#27;[90m# src/test/resources/features/2. Login.feature:22&amp#27;[0m
15:53:14.972 [main] DEBUG io.cucumber.core.plugin.SerenityReporter - Running feature from file:///D:/download/API_Minpro%20(1)/APIMinpro/API/minpro/src/test/resources/features/2.%20Login.feature
15:53:14.975 [main] INFO  - 
  _____   ___   ___   _____     ___   _____     _     ___   _____   ___   ___  
 |_   _| | __| / __| |_   _|   / __| |_   _|   /_\   | _ \ |_   _| | __| |   \ 
   | |   | _|  \__ \   | |     \__ \   | |    / _ \  |   /   | |   | _|  | |) |
   |_|   |___| |___/   |_|     |___/   |_|   /_/ \_\ |_|_\   |_|   |___| |___/ 

POST - Login without payload(login;post---login-without-payload)
--------------------------------------------------------------------------------
15:53:15.026 [main] DEBUG net.thucydides.core.steps.StepInterceptor - STARTING STEP: LoginSteps.setPostApiEndpointsLogin - I set POST api endpoints login
15:53:15.026 [main] DEBUG net.thucydides.core.steps.StepInterceptor - STEP DONE: I set POST api endpoints login
  &amp#27;[32mGiven &amp#27;[0m&amp#27;[32mI set POST api endpoints login&amp#27;[0m              &amp#27;[90m# starter.stepdefinitions.LoginSteps.setPostApiEndpointsLogin()&amp#27;[0m
15:53:15.041 [main] DEBUG net.thucydides.core.steps.StepInterceptor - STARTING STEP: LoginSteps.sendPostHttpRequestLogin4 - I send POST HTTP request login4
15:53:15.043 [main] DEBUG net.thucydides.core.steps.StepInterceptor - STARTING STEP: Login.sendPostHttpRequestLogin4 - I set POST api endpoints login
15:53:15.044 [main] DEBUG net.thucydides.core.steps.StepInterceptor - STEP DONE: I set POST api endpoints login
15:53:15.121 [main] DEBUG org.apache.http.impl.conn.BasicClientConnectionManager - Get connection for route {s}->https://altashop-api.fly.dev:443
15:53:15.122 [main] DEBUG org.apache.http.impl.conn.DefaultClientConnectionOperator - Connecting to altashop-api.fly.dev:443
15:53:15.283 [main] DEBUG org.apache.http.client.protocol.RequestAddCookies - CookieSpec selected: ignoreCookies
15:53:15.283 [main] DEBUG org.apache.http.client.protocol.RequestAuthCache - Auth cache not set in the context
15:53:15.283 [main] DEBUG org.apache.http.client.protocol.RequestTargetAuthentication - Target auth state: UNCHALLENGED
15:53:15.283 [main] DEBUG org.apache.http.client.protocol.RequestProxyAuthentication - Proxy auth state: UNCHALLENGED
15:53:15.283 [main] DEBUG org.apache.http.impl.client.DefaultHttpClient - Attempt 1 to execute request
15:53:15.283 [main] DEBUG org.apache.http.impl.conn.DefaultClientConnection - Sending request: POST /api/auth/login HTTP/1.1
15:53:15.283 [main] DEBUG org.apache.http.wire -  >> "POST /api/auth/login HTTP/1.1[\r][\n]"
15:53:15.283 [main] DEBUG org.apache.http.wire -  >> "Accept: */*[\r][\n]"
15:53:15.283 [main] DEBUG org.apache.http.wire -  >> "Content-Type: application/json[\r][\n]"
15:53:15.283 [main] DEBUG org.apache.http.wire -  >> "Content-Length: 9[\r][\n]"
15:53:15.283 [main] DEBUG org.apache.http.wire -  >> "Host: altashop-api.fly.dev[\r][\n]"
15:53:15.283 [main] DEBUG org.apache.http.wire -  >> "Connection: Keep-Alive[\r][\n]"
15:53:15.283 [main] DEBUG org.apache.http.wire -  >> "User-Agent: Apache-HttpClient/4.5.13 (Java/19.0.2)[\r][\n]"
15:53:15.283 [main] DEBUG org.apache.http.wire -  >> "Accept-Encoding: gzip,deflate[\r][\n]"
15:53:15.283 [main] DEBUG org.apache.http.wire -  >> "[\r][\n]"
15:53:15.283 [main] DEBUG org.apache.http.headers - >> POST /api/auth/login HTTP/1.1
15:53:15.283 [main] DEBUG org.apache.http.headers - >> Accept: */*
15:53:15.283 [main] DEBUG org.apache.http.headers - >> Content-Type: application/json
15:53:15.283 [main] DEBUG org.apache.http.headers - >> Content-Length: 9
15:53:15.283 [main] DEBUG org.apache.http.headers - >> Host: altashop-api.fly.dev
15:53:15.283 [main] DEBUG org.apache.http.headers - >> Connection: Keep-Alive
15:53:15.283 [main] DEBUG org.apache.http.headers - >> User-Agent: Apache-HttpClient/4.5.13 (Java/19.0.2)
15:53:15.283 [main] DEBUG org.apache.http.headers - >> Accept-Encoding: gzip,deflate
15:53:15.283 [main] DEBUG org.apache.http.wire -  >> "{" ":" "}"
15:53:15.371 [main] DEBUG org.apache.http.wire -  << "HTTP/1.1 400 Bad Request[\r][\n]"
15:53:15.371 [main] DEBUG org.apache.http.wire -  << "content-type: application/json[\r][\n]"
15:53:15.371 [main] DEBUG org.apache.http.wire -  << "date: Wed, 10 May 2023 08:53:14 GMT[\r][\n]"
15:53:15.371 [main] DEBUG org.apache.http.wire -  << "content-encoding: gzip[\r][\n]"
15:53:15.371 [main] DEBUG org.apache.http.wire -  << "transfer-encoding: chunked[\r][\n]"
15:53:15.371 [main] DEBUG org.apache.http.wire -  << "server: Fly/3f2597ca (2023-05-03)[\r][\n]"
15:53:15.371 [main] DEBUG org.apache.http.wire -  << "via: 1.1 fly.io[\r][\n]"
15:53:15.371 [main] DEBUG org.apache.http.wire -  << "fly-request-id: 01H02DTP2QM911MA9XABW4MP2K-sin[\r][\n]"
15:53:15.371 [main] DEBUG org.apache.http.wire -  << "[\r][\n]"
15:53:15.371 [main] DEBUG org.apache.http.impl.conn.DefaultClientConnection - Receiving response: HTTP/1.1 400 Bad Request
15:53:15.371 [main] DEBUG org.apache.http.headers - << HTTP/1.1 400 Bad Request
15:53:15.371 [main] DEBUG org.apache.http.headers - << content-type: application/json
15:53:15.371 [main] DEBUG org.apache.http.headers - << date: Wed, 10 May 2023 08:53:14 GMT
15:53:15.371 [main] DEBUG org.apache.http.headers - << content-encoding: gzip
15:53:15.371 [main] DEBUG org.apache.http.headers - << transfer-encoding: chunked
15:53:15.371 [main] DEBUG org.apache.http.headers - << server: Fly/3f2597ca (2023-05-03)
15:53:15.371 [main] DEBUG org.apache.http.headers - << via: 1.1 fly.io
15:53:15.371 [main] DEBUG org.apache.http.headers - << fly-request-id: 01H02DTP2QM911MA9XABW4MP2K-sin
15:53:15.372 [main] DEBUG org.apache.http.impl.client.DefaultHttpClient - Connection can be kept alive indefinitely
15:53:15.372 [main] DEBUG io.restassured.internal.RestAssuredHttpBuilder - Parsing response as: application/json
15:53:15.373 [main] DEBUG org.apache.http.wire -  << "32[\r][\n]"
15:53:15.373 [main] DEBUG org.apache.http.wire -  << "[0x1f][0x8b][0x8][0x0][0x0][0x0][0x0][0x0][0x4][0xff][0xab]VJ-*[0xca]/R[0xb2]RJ[0xcd]M[0xcc][0xcc]Q[0xc8],V(J-,[0xcd],JMQ[0xaa][0xe5][0x2][0x0]&[0xe3][0xaa]j[0x1e][0x0][0x0][0x0]"
15:53:15.373 [main] DEBUG org.apache.http.wire -  << "[\r][\n]"
15:53:15.374 [main] DEBUG org.apache.http.wire -  << "0[\r][\n]"
15:53:15.374 [main] DEBUG org.apache.http.wire -  << "[\r][\n]"
15:53:15.374 [main] DEBUG io.restassured.internal.RestAssuredHttpBuilder - Parsed data to instance of: class org.apache.http.conn.EofSensorInputStream
15:53:15.375 [main] DEBUG org.apache.http.impl.conn.BasicClientConnectionManager - Releasing connection org.apache.http.impl.conn.ManagedClientConnectionImpl@42ebece0
15:53:15.376 [main] DEBUG org.apache.http.impl.conn.BasicClientConnectionManager - Connection can be kept alive indefinitely
15:53:15.376 [main] DEBUG net.thucydides.core.steps.StepInterceptor - STEP DONE: I send POST HTTP request login4
  &amp#27;[32mWhen &amp#27;[0m&amp#27;[32mI send POST HTTP request login4&amp#27;[0m              &amp#27;[90m# starter.stepdefinitions.LoginSteps.sendPostHttpRequestLogin4()&amp#27;[0m
15:53:15.381 [main] DEBUG net.thucydides.core.steps.StepInterceptor - STARTING STEP: LoginSteps.receiveValidHttp400Login - I receive valid HTTP response code 400 login
15:53:15.382 [main] DEBUG net.thucydides.core.steps.StepInterceptor - STEP DONE: I receive valid HTTP response code 400 login
  &amp#27;[32mThen &amp#27;[0m&amp#27;[32mI receive valid HTTP response code 400 login&amp#27;[0m &amp#27;[90m# starter.stepdefinitions.LoginSteps.receiveValidHttp400Login()&amp#27;[0m
15:53:15.387 [main] INFO  - 
  _____   ___   ___   _____     ___     _     ___   ___   ___   ___  
 |_   _| | __| / __| |_   _|   | _ \   /_\   / __| / __| | __| |   \ 
   | |   | _|  \__ \   | |     |  _/  / _ \  \__ \ \__ \ | _|  | |) |
   |_|   |___| |___/   |_|     |_|   /_/ \_\ |___/ |___/ |___| |___/ 

POST - Login without payload
----------------------------------------------------------------------
]]></system-out>
  </testcase>
  <testcase name="POST - Login with empty body parameter" classname="Login" time="0.477">
    <system-out><![CDATA[
Scenario: POST - Login with empty body parameter    &amp#27;[90m# src/test/resources/features/2. Login.feature:27&amp#27;[0m
15:53:15.396 [main] DEBUG io.cucumber.core.plugin.SerenityReporter - Running feature from file:///D:/download/API_Minpro%20(1)/APIMinpro/API/minpro/src/test/resources/features/2.%20Login.feature
15:53:15.400 [main] INFO  - 
  _____   ___   ___   _____     ___   _____     _     ___   _____   ___   ___  
 |_   _| | __| / __| |_   _|   / __| |_   _|   /_\   | _ \ |_   _| | __| |   \ 
   | |   | _|  \__ \   | |     \__ \   | |    / _ \  |   /   | |   | _|  | |) |
   |_|   |___| |___/   |_|     |___/   |_|   /_/ \_\ |_|_\   |_|   |___| |___/ 

POST - Login with empty body parameter(login;post---login-with-empty-body-parameter)
--------------------------------------------------------------------------------
15:53:15.417 [main] DEBUG net.thucydides.core.steps.StepInterceptor - STARTING STEP: LoginSteps.setPostApiEndpointsLogin - I set POST api endpoints login
15:53:15.417 [main] DEBUG net.thucydides.core.steps.StepInterceptor - STEP DONE: I set POST api endpoints login
  &amp#27;[32mGiven &amp#27;[0m&amp#27;[32mI set POST api endpoints login&amp#27;[0m              &amp#27;[90m# starter.stepdefinitions.LoginSteps.setPostApiEndpointsLogin()&amp#27;[0m
15:53:15.425 [main] DEBUG net.thucydides.core.steps.StepInterceptor - STARTING STEP: LoginSteps.sendPostHttpRequestLogin5 - I send POST HTTP request login5
15:53:15.450 [main] DEBUG net.thucydides.core.steps.StepInterceptor - STARTING STEP: Login.sendPostHttpRequestLogin5 - I set POST api endpoints login
15:53:15.451 [main] DEBUG net.thucydides.core.steps.StepInterceptor - STEP DONE: I set POST api endpoints login
15:53:15.610 [main] DEBUG org.apache.http.impl.conn.BasicClientConnectionManager - Get connection for route {s}->https://altashop-api.fly.dev:443
15:53:15.613 [main] DEBUG org.apache.http.impl.conn.DefaultClientConnectionOperator - Connecting to altashop-api.fly.dev:443
15:53:15.774 [main] DEBUG org.apache.http.client.protocol.RequestAddCookies - CookieSpec selected: ignoreCookies
15:53:15.774 [main] DEBUG org.apache.http.client.protocol.RequestAuthCache - Auth cache not set in the context
15:53:15.774 [main] DEBUG org.apache.http.client.protocol.RequestTargetAuthentication - Target auth state: UNCHALLENGED
15:53:15.774 [main] DEBUG org.apache.http.client.protocol.RequestProxyAuthentication - Proxy auth state: UNCHALLENGED
15:53:15.774 [main] DEBUG org.apache.http.impl.client.DefaultHttpClient - Attempt 1 to execute request
15:53:15.774 [main] DEBUG org.apache.http.impl.conn.DefaultClientConnection - Sending request: POST /api/auth/login HTTP/1.1
15:53:15.774 [main] DEBUG org.apache.http.wire -  >> "POST /api/auth/login HTTP/1.1[\r][\n]"
15:53:15.774 [main] DEBUG org.apache.http.wire -  >> "Accept: */*[\r][\n]"
15:53:15.774 [main] DEBUG org.apache.http.wire -  >> "Content-Type: application/json[\r][\n]"
15:53:15.774 [main] DEBUG org.apache.http.wire -  >> "Content-Length: 28[\r][\n]"
15:53:15.774 [main] DEBUG org.apache.http.wire -  >> "Host: altashop-api.fly.dev[\r][\n]"
15:53:15.774 [main] DEBUG org.apache.http.wire -  >> "Connection: Keep-Alive[\r][\n]"
15:53:15.774 [main] DEBUG org.apache.http.wire -  >> "User-Agent: Apache-HttpClient/4.5.13 (Java/19.0.2)[\r][\n]"
15:53:15.774 [main] DEBUG org.apache.http.wire -  >> "Accept-Encoding: gzip,deflate[\r][\n]"
15:53:15.774 [main] DEBUG org.apache.http.wire -  >> "[\r][\n]"
15:53:15.774 [main] DEBUG org.apache.http.headers - >> POST /api/auth/login HTTP/1.1
15:53:15.774 [main] DEBUG org.apache.http.headers - >> Accept: */*
15:53:15.774 [main] DEBUG org.apache.http.headers - >> Content-Type: application/json
15:53:15.774 [main] DEBUG org.apache.http.headers - >> Content-Length: 28
15:53:15.774 [main] DEBUG org.apache.http.headers - >> Host: altashop-api.fly.dev
15:53:15.774 [main] DEBUG org.apache.http.headers - >> Connection: Keep-Alive
15:53:15.775 [main] DEBUG org.apache.http.headers - >> User-Agent: Apache-HttpClient/4.5.13 (Java/19.0.2)
15:53:15.775 [main] DEBUG org.apache.http.headers - >> Accept-Encoding: gzip,deflate
15:53:15.775 [main] DEBUG org.apache.http.wire -  >> "{"password":" ","email":" "}"
15:53:15.848 [main] DEBUG org.apache.http.wire -  << "HTTP/1.1 400 Bad Request[\r][\n]"
15:53:15.848 [main] DEBUG org.apache.http.wire -  << "content-type: application/json[\r][\n]"
15:53:15.848 [main] DEBUG org.apache.http.wire -  << "date: Wed, 10 May 2023 08:53:15 GMT[\r][\n]"
15:53:15.848 [main] DEBUG org.apache.http.wire -  << "content-encoding: gzip[\r][\n]"
15:53:15.848 [main] DEBUG org.apache.http.wire -  << "transfer-encoding: chunked[\r][\n]"
15:53:15.848 [main] DEBUG org.apache.http.wire -  << "server: Fly/3f2597ca (2023-05-03)[\r][\n]"
15:53:15.848 [main] DEBUG org.apache.http.wire -  << "via: 1.1 fly.io[\r][\n]"
15:53:15.848 [main] DEBUG org.apache.http.wire -  << "fly-request-id: 01H02DTPHQ6PXXBVEZCXB7J5ZZ-sin[\r][\n]"
15:53:15.848 [main] DEBUG org.apache.http.wire -  << "[\r][\n]"
15:53:15.848 [main] DEBUG org.apache.http.impl.conn.DefaultClientConnection - Receiving response: HTTP/1.1 400 Bad Request
15:53:15.848 [main] DEBUG org.apache.http.headers - << HTTP/1.1 400 Bad Request
15:53:15.849 [main] DEBUG org.apache.http.headers - << content-type: application/json
15:53:15.849 [main] DEBUG org.apache.http.headers - << date: Wed, 10 May 2023 08:53:15 GMT
15:53:15.849 [main] DEBUG org.apache.http.headers - << content-encoding: gzip
15:53:15.849 [main] DEBUG org.apache.http.headers - << transfer-encoding: chunked
15:53:15.849 [main] DEBUG org.apache.http.headers - << server: Fly/3f2597ca (2023-05-03)
15:53:15.849 [main] DEBUG org.apache.http.headers - << via: 1.1 fly.io
15:53:15.849 [main] DEBUG org.apache.http.headers - << fly-request-id: 01H02DTPHQ6PXXBVEZCXB7J5ZZ-sin
15:53:15.849 [main] DEBUG org.apache.http.impl.client.DefaultHttpClient - Connection can be kept alive indefinitely
15:53:15.850 [main] DEBUG io.restassured.internal.RestAssuredHttpBuilder - Parsing response as: application/json
15:53:15.850 [main] DEBUG org.apache.http.wire -  << "3D[\r][\n]"
15:53:15.850 [main] DEBUG org.apache.http.wire -  << "[0x1f][0x8b][0x8][0x0][0x0][0x0][0x0][0x0][0x4][0xff][0xab]VJ-*[0xca]/R[0xb2]RJ[0xcd]M[0xcc][0xcc]Q[0xc8]/R(H,..[0xcf]/JQ[0xc8],V[0xc8][0xcc]+K[0xcc][0xc9]LQ[0xaa][0xe5][0x2][0x0][0xc0][0xad][0xff][0xb])[0x0][0x0][0x0]"
15:53:15.850 [main] DEBUG org.apache.http.wire -  << "[\r][\n]"
15:53:15.850 [main] DEBUG org.apache.http.wire -  << "0[\r][\n]"
15:53:15.850 [main] DEBUG org.apache.http.wire -  << "[\r][\n]"
15:53:15.850 [main] DEBUG io.restassured.internal.RestAssuredHttpBuilder - Parsed data to instance of: class org.apache.http.conn.EofSensorInputStream
15:53:15.852 [main] DEBUG org.apache.http.impl.conn.BasicClientConnectionManager - Releasing connection org.apache.http.impl.conn.ManagedClientConnectionImpl@283ecb4b
15:53:15.853 [main] DEBUG org.apache.http.impl.conn.BasicClientConnectionManager - Connection can be kept alive indefinitely
15:53:15.853 [main] DEBUG net.thucydides.core.steps.StepInterceptor - STEP DONE: I send POST HTTP request login5
  &amp#27;[32mWhen &amp#27;[0m&amp#27;[32mI send POST HTTP request login5&amp#27;[0m              &amp#27;[90m# starter.stepdefinitions.LoginSteps.sendPostHttpRequestLogin5()&amp#27;[0m
15:53:15.859 [main] DEBUG net.thucydides.core.steps.StepInterceptor - STARTING STEP: LoginSteps.receiveValidHttp400Login - I receive valid HTTP response code 400 login
15:53:15.859 [main] DEBUG net.thucydides.core.steps.StepInterceptor - STEP DONE: I receive valid HTTP response code 400 login
  &amp#27;[32mThen &amp#27;[0m&amp#27;[32mI receive valid HTTP response code 400 login&amp#27;[0m &amp#27;[90m# starter.stepdefinitions.LoginSteps.receiveValidHttp400Login()&amp#27;[0m
15:53:15.863 [main] INFO  - 
  _____   ___   ___   _____     ___     _     ___   ___   ___   ___  
 |_   _| | __| / __| |_   _|   | _ \   /_\   / __| / __| | __| |   \ 
   | |   | _|  \__ \   | |     |  _/  / _ \  \__ \ \__ \ | _|  | |) |
   |_|   |___| |___/   |_|     |_|   /_/ \_\ |___/ |___/ |___| |___/ 

POST - Login with empty body parameter
----------------------------------------------------------------------
]]></system-out>
  </testcase>
  <testcase name="GET - Get user information" classname="User Information" time="0.347">
    <system-out><![CDATA[15:53:15.867 [main] DEBUG io.cucumber.core.plugin.SerenityReporter - Running feature from file:///D:/download/API_Minpro%20(1)/APIMinpro/API/minpro/src/test/resources/features/3.%20User.feature
15:53:15.870 [main] DEBUG net.thucydides.core.steps.StepEventBus - Test suite started for story net.thucydides.core.model.Story@11e807f1
15:53:15.871 [main] INFO  - Test Suite Started: User Information

Scenario: GET - Get user information               &amp#27;[90m# src/test/resources/features/3. User.feature:7&amp#27;[0m
15:53:15.880 [main] DEBUG io.cucumber.core.plugin.SerenityReporter - Running feature from file:///D:/download/API_Minpro%20(1)/APIMinpro/API/minpro/src/test/resources/features/3.%20User.feature
15:53:15.884 [main] INFO  - 
  _____   ___   ___   _____     ___   _____     _     ___   _____   ___   ___  
 |_   _| | __| / __| |_   _|   / __| |_   _|   /_\   | _ \ |_   _| | __| |   \ 
   | |   | _|  \__ \   | |     \__ \   | |    / _ \  |   /   | |   | _|  | |) |
   |_|   |___| |___/   |_|     |___/   |_|   /_/ \_\ |_|_\   |_|   |___| |___/ 

GET - Get user information(user-information;get---get-user-information)
--------------------------------------------------------------------------------
  &amp#27;[32mGiven &amp#27;[0m&amp#27;[32mI set GET api endpoints user&amp#27;[0m               &amp#27;[90m# starter.stepdefinitions.UserSteps.setGetApiEndpointsUser()&amp#27;[0m
15:53:15.995 [main] DEBUG org.apache.http.impl.conn.BasicClientConnectionManager - Get connection for route {s}->https://altashop-api.fly.dev:443
15:53:15.996 [main] DEBUG org.apache.http.impl.conn.DefaultClientConnectionOperator - Connecting to altashop-api.fly.dev:443
15:53:16.136 [main] DEBUG org.apache.http.client.protocol.RequestAddCookies - CookieSpec selected: ignoreCookies
15:53:16.136 [main] DEBUG org.apache.http.client.protocol.RequestAuthCache - Auth cache not set in the context
15:53:16.136 [main] DEBUG org.apache.http.client.protocol.RequestProxyAuthentication - Proxy auth state: UNCHALLENGED
15:53:16.136 [main] DEBUG org.apache.http.impl.client.DefaultHttpClient - Attempt 1 to execute request
15:53:16.136 [main] DEBUG org.apache.http.impl.conn.DefaultClientConnection - Sending request: GET /api/auth/info HTTP/1.1
15:53:16.136 [main] DEBUG org.apache.http.wire -  >> "GET /api/auth/info HTTP/1.1[\r][\n]"
15:53:16.136 [main] DEBUG org.apache.http.wire -  >> "Authorization: Bearer eyJhbGciOiJIUzI1NiIsInR5cCI6IkpXVCJ9.eyJGdWxsbmFtZSI6IkFkaXR5YSBOdWdyYWhhIiwiRW1haWwiOiJhZGl0QGdtYWlsLmNvbSJ9.VM2lARkmmliu1pWtk1uhb8z5fGaElvH1jIoYM72Te3g[\r][\n]"
15:53:16.136 [main] DEBUG org.apache.http.wire -  >> "Accept: */*[\r][\n]"
15:53:16.136 [main] DEBUG org.apache.http.wire -  >> "Host: altashop-api.fly.dev[\r][\n]"
15:53:16.136 [main] DEBUG org.apache.http.wire -  >> "Connection: Keep-Alive[\r][\n]"
15:53:16.137 [main] DEBUG org.apache.http.wire -  >> "User-Agent: Apache-HttpClient/4.5.13 (Java/19.0.2)[\r][\n]"
15:53:16.137 [main] DEBUG org.apache.http.wire -  >> "Accept-Encoding: gzip,deflate[\r][\n]"
15:53:16.137 [main] DEBUG org.apache.http.wire -  >> "[\r][\n]"
15:53:16.137 [main] DEBUG org.apache.http.headers - >> GET /api/auth/info HTTP/1.1
15:53:16.137 [main] DEBUG org.apache.http.headers - >> Authorization: Bearer eyJhbGciOiJIUzI1NiIsInR5cCI6IkpXVCJ9.eyJGdWxsbmFtZSI6IkFkaXR5YSBOdWdyYWhhIiwiRW1haWwiOiJhZGl0QGdtYWlsLmNvbSJ9.VM2lARkmmliu1pWtk1uhb8z5fGaElvH1jIoYM72Te3g
15:53:16.137 [main] DEBUG org.apache.http.headers - >> Accept: */*
15:53:16.137 [main] DEBUG org.apache.http.headers - >> Host: altashop-api.fly.dev
15:53:16.137 [main] DEBUG org.apache.http.headers - >> Connection: Keep-Alive
15:53:16.137 [main] DEBUG org.apache.http.headers - >> User-Agent: Apache-HttpClient/4.5.13 (Java/19.0.2)
15:53:16.137 [main] DEBUG org.apache.http.headers - >> Accept-Encoding: gzip,deflate
15:53:16.201 [main] DEBUG org.apache.http.wire -  << "HTTP/1.1 200 OK[\r][\n]"
15:53:16.202 [main] DEBUG org.apache.http.wire -  << "content-type: application/json[\r][\n]"
15:53:16.202 [main] DEBUG org.apache.http.wire -  << "date: Wed, 10 May 2023 08:53:15 GMT[\r][\n]"
15:53:16.202 [main] DEBUG org.apache.http.wire -  << "content-encoding: gzip[\r][\n]"
15:53:16.202 [main] DEBUG org.apache.http.wire -  << "transfer-encoding: chunked[\r][\n]"
15:53:16.202 [main] DEBUG org.apache.http.wire -  << "server: Fly/3f2597ca (2023-05-03)[\r][\n]"
15:53:16.202 [main] DEBUG org.apache.http.wire -  << "via: 1.1 fly.io[\r][\n]"
15:53:16.202 [main] DEBUG org.apache.http.wire -  << "fly-request-id: 01H02DTPWY841ZF0RPV5J54NTT-sin[\r][\n]"
15:53:16.202 [main] DEBUG org.apache.http.wire -  << "[\r][\n]"
15:53:16.202 [main] DEBUG org.apache.http.impl.conn.DefaultClientConnection - Receiving response: HTTP/1.1 200 OK
15:53:16.202 [main] DEBUG org.apache.http.headers - << HTTP/1.1 200 OK
15:53:16.202 [main] DEBUG org.apache.http.headers - << content-type: application/json
15:53:16.202 [main] DEBUG org.apache.http.headers - << date: Wed, 10 May 2023 08:53:15 GMT
15:53:16.202 [main] DEBUG org.apache.http.headers - << content-encoding: gzip
15:53:16.202 [main] DEBUG org.apache.http.headers - << transfer-encoding: chunked
15:53:16.202 [main] DEBUG org.apache.http.headers - << server: Fly/3f2597ca (2023-05-03)
15:53:16.202 [main] DEBUG org.apache.http.headers - << via: 1.1 fly.io
15:53:16.202 [main] DEBUG org.apache.http.headers - << fly-request-id: 01H02DTPWY841ZF0RPV5J54NTT-sin
15:53:16.202 [main] DEBUG org.apache.http.impl.client.DefaultHttpClient - Connection can be kept alive indefinitely
15:53:16.202 [main] DEBUG io.restassured.internal.RestAssuredHttpBuilder - Parsing response as: application/json
15:53:16.202 [main] DEBUG org.apache.http.wire -  << "6C[\r][\n]"
15:53:16.202 [main] DEBUG org.apache.http.wire -  << "[0x1f][0x8b][0x8][0x0][0x0][0x0][0x0][0x0][0x4][0xff][0xab]VJI,IT[0xb2][0xaa]V[0xf2]tQ[0xb2]2471[0xb2][0xd4]Qr+[0xcd][0xc9][0xc9]K[0xcc]MU[0xb2]RrL[0xc9],[0xa9]LT[0xf0]+M/J[0xcc]HT[0xd2]Qr[0xcd]M[0xcc][0xcc]Q[0xb2]RJL[0xc9],qH[0x7]q[0xf4][0x92][0xf3]s[0x95]t[0x94][0x2][0x12][0x8b][0x8b][0xcb][0xf3][0x8b]R[0xa0]r[0x86]F[0xc6]J[0xb5][0xb5]\[0x0][0xd4][0xca][0x1]_`[0x0][0x0][0x0]"
15:53:16.202 [main] DEBUG org.apache.http.wire -  << "[\r][\n]"
15:53:16.206 [main] DEBUG org.apache.http.wire -  << "0[\r][\n]"
15:53:16.206 [main] DEBUG org.apache.http.wire -  << "[\r][\n]"
15:53:16.206 [main] DEBUG io.restassured.internal.RestAssuredHttpBuilder - Parsed data to instance of: class org.apache.http.conn.EofSensorInputStream
15:53:16.208 [main] DEBUG org.apache.http.impl.conn.BasicClientConnectionManager - Releasing connection org.apache.http.impl.conn.ManagedClientConnectionImpl@733bd6f3
15:53:16.208 [main] DEBUG org.apache.http.impl.conn.BasicClientConnectionManager - Connection can be kept alive indefinitely
  &amp#27;[32mWhen &amp#27;[0m&amp#27;[32mI send GET HTTP request user&amp#27;[0m                &amp#27;[90m# starter.stepdefinitions.UserSteps.sentGetHttpRequestUser()&amp#27;[0m
  &amp#27;[32mThen &amp#27;[0m&amp#27;[32mI receive valid HTTP response code 200 user&amp#27;[0m &amp#27;[90m# starter.stepdefinitions.UserSteps.receiveValidHttp200User()&amp#27;[0m
15:53:16.220 [main] INFO  - 
  _____   ___   ___   _____     ___     _     ___   ___   ___   ___  
 |_   _| | __| / __| |_   _|   | _ \   /_\   / __| / __| | __| |   \ 
   | |   | _|  \__ \   | |     |  _/  / _ \  \__ \ \__ \ | _|  | |) |
   |_|   |___| |___/   |_|     |_|   /_/ \_\ |___/ |___/ |___| |___/ 

GET - Get user information
----------------------------------------------------------------------
]]></system-out>
  </testcase>
  <testcase name="GET - Get user information without token" classname="User Information" time="0.705">
    <system-out><![CDATA[
Scenario: GET - Get user information without token &amp#27;[90m# src/test/resources/features/3. User.feature:12&amp#27;[0m
15:53:16.234 [main] DEBUG io.cucumber.core.plugin.SerenityReporter - Running feature from file:///D:/download/API_Minpro%20(1)/APIMinpro/API/minpro/src/test/resources/features/3.%20User.feature
15:53:16.238 [main] INFO  - 
  _____   ___   ___   _____     ___   _____     _     ___   _____   ___   ___  
 |_   _| | __| / __| |_   _|   / __| |_   _|   /_\   | _ \ |_   _| | __| |   \ 
   | |   | _|  \__ \   | |     \__ \   | |    / _ \  |   /   | |   | _|  | |) |
   |_|   |___| |___/   |_|     |___/   |_|   /_/ \_\ |_|_\   |_|   |___| |___/ 

GET - Get user information without token(user-information;get---get-user-information-without-token)
--------------------------------------------------------------------------------
  &amp#27;[32mGiven &amp#27;[0m&amp#27;[32mI set GET api endpoints user&amp#27;[0m               &amp#27;[90m# starter.stepdefinitions.UserSteps.setGetApiEndpointsUser()&amp#27;[0m
15:53:16.301 [main] DEBUG org.apache.http.impl.conn.BasicClientConnectionManager - Get connection for route {s}->https://altashop-api.fly.dev:443
15:53:16.301 [main] DEBUG org.apache.http.impl.conn.DefaultClientConnectionOperator - Connecting to altashop-api.fly.dev:443
15:53:16.798 [main] DEBUG org.apache.http.client.protocol.RequestAddCookies - CookieSpec selected: ignoreCookies
15:53:16.798 [main] DEBUG org.apache.http.client.protocol.RequestAuthCache - Auth cache not set in the context
15:53:16.798 [main] DEBUG org.apache.http.client.protocol.RequestTargetAuthentication - Target auth state: UNCHALLENGED
15:53:16.798 [main] DEBUG org.apache.http.client.protocol.RequestProxyAuthentication - Proxy auth state: UNCHALLENGED
15:53:16.798 [main] DEBUG org.apache.http.impl.client.DefaultHttpClient - Attempt 1 to execute request
15:53:16.798 [main] DEBUG org.apache.http.impl.conn.DefaultClientConnection - Sending request: GET /api/auth/info HTTP/1.1
15:53:16.798 [main] DEBUG org.apache.http.wire -  >> "GET /api/auth/info HTTP/1.1[\r][\n]"
15:53:16.798 [main] DEBUG org.apache.http.wire -  >> "Accept: */*[\r][\n]"
15:53:16.798 [main] DEBUG org.apache.http.wire -  >> "Host: altashop-api.fly.dev[\r][\n]"
15:53:16.798 [main] DEBUG org.apache.http.wire -  >> "Connection: Keep-Alive[\r][\n]"
15:53:16.798 [main] DEBUG org.apache.http.wire -  >> "User-Agent: Apache-HttpClient/4.5.13 (Java/19.0.2)[\r][\n]"
15:53:16.798 [main] DEBUG org.apache.http.wire -  >> "Accept-Encoding: gzip,deflate[\r][\n]"
15:53:16.798 [main] DEBUG org.apache.http.wire -  >> "[\r][\n]"
15:53:16.798 [main] DEBUG org.apache.http.headers - >> GET /api/auth/info HTTP/1.1
15:53:16.798 [main] DEBUG org.apache.http.headers - >> Accept: */*
15:53:16.798 [main] DEBUG org.apache.http.headers - >> Host: altashop-api.fly.dev
15:53:16.798 [main] DEBUG org.apache.http.headers - >> Connection: Keep-Alive
15:53:16.798 [main] DEBUG org.apache.http.headers - >> User-Agent: Apache-HttpClient/4.5.13 (Java/19.0.2)
15:53:16.798 [main] DEBUG org.apache.http.headers - >> Accept-Encoding: gzip,deflate
15:53:16.907 [main] DEBUG org.apache.http.wire -  << "HTTP/1.1 401 Unauthorized[\r][\n]"
15:53:16.907 [main] DEBUG org.apache.http.wire -  << "content-type: application/json[\r][\n]"
15:53:16.907 [main] DEBUG org.apache.http.wire -  << "date: Wed, 10 May 2023 08:53:16 GMT[\r][\n]"
15:53:16.907 [main] DEBUG org.apache.http.wire -  << "content-encoding: gzip[\r][\n]"
15:53:16.907 [main] DEBUG org.apache.http.wire -  << "transfer-encoding: chunked[\r][\n]"
15:53:16.907 [main] DEBUG org.apache.http.wire -  << "server: Fly/3f2597ca (2023-05-03)[\r][\n]"
15:53:16.907 [main] DEBUG org.apache.http.wire -  << "via: 1.1 fly.io[\r][\n]"
15:53:16.908 [main] DEBUG org.apache.http.wire -  << "fly-request-id: 01H02DTQJYV7EGTP4A3HFG8XW2-sin[\r][\n]"
15:53:16.908 [main] DEBUG org.apache.http.wire -  << "[\r][\n]"
15:53:16.908 [main] DEBUG org.apache.http.impl.conn.DefaultClientConnection - Receiving response: HTTP/1.1 401 Unauthorized
15:53:16.908 [main] DEBUG org.apache.http.headers - << HTTP/1.1 401 Unauthorized
15:53:16.908 [main] DEBUG org.apache.http.headers - << content-type: application/json
15:53:16.908 [main] DEBUG org.apache.http.headers - << date: Wed, 10 May 2023 08:53:16 GMT
15:53:16.908 [main] DEBUG org.apache.http.headers - << content-encoding: gzip
15:53:16.908 [main] DEBUG org.apache.http.headers - << transfer-encoding: chunked
15:53:16.908 [main] DEBUG org.apache.http.headers - << server: Fly/3f2597ca (2023-05-03)
15:53:16.908 [main] DEBUG org.apache.http.headers - << via: 1.1 fly.io
15:53:16.908 [main] DEBUG org.apache.http.headers - << fly-request-id: 01H02DTQJYV7EGTP4A3HFG8XW2-sin
15:53:16.909 [main] DEBUG org.apache.http.impl.client.DefaultHttpClient - Connection can be kept alive indefinitely
15:53:16.909 [main] DEBUG org.apache.http.impl.client.DefaultHttpClient - Authentication required
15:53:16.909 [main] DEBUG org.apache.http.impl.client.DefaultHttpClient - altashop-api.fly.dev:443 requested authentication
15:53:16.909 [main] DEBUG org.apache.http.impl.client.DefaultHttpClient - Response contains no authentication challenges
15:53:16.910 [main] DEBUG io.restassured.internal.RestAssuredHttpBuilder - Parsing response as: application/json
15:53:16.910 [main] DEBUG org.apache.http.wire -  << "2D[\r][\n]"
15:53:16.910 [main] DEBUG org.apache.http.wire -  << "[0x1f][0x8b][0x8][0x0][0x0][0x0][0x0][0x0][0x4][0xff][0xab]VJ-*[0xca]/R[0xb2]R*[0xcd]K,-[0xc9][0xc8]/[0xca][0xac]JMQ[0xaa][0xe5][0x2][0x0]@[0x17]da[0x19][0x0][0x0][0x0]"
15:53:16.910 [main] DEBUG org.apache.http.wire -  << "[\r][\n]"
15:53:16.910 [main] DEBUG org.apache.http.wire -  << "0[\r][\n]"
15:53:16.910 [main] DEBUG org.apache.http.wire -  << "[\r][\n]"
15:53:16.910 [main] DEBUG io.restassured.internal.RestAssuredHttpBuilder - Parsed data to instance of: class org.apache.http.conn.EofSensorInputStream
15:53:16.913 [main] DEBUG org.apache.http.impl.conn.BasicClientConnectionManager - Releasing connection org.apache.http.impl.conn.ManagedClientConnectionImpl@75dbe490
15:53:16.913 [main] DEBUG org.apache.http.impl.conn.BasicClientConnectionManager - Connection can be kept alive indefinitely
  &amp#27;[32mWhen &amp#27;[0m&amp#27;[32mI send GET HTTP request user2&amp#27;[0m               &amp#27;[90m# starter.stepdefinitions.UserSteps.sendGetHttpRequestUser2()&amp#27;[0m
  &amp#27;[32mThen &amp#27;[0m&amp#27;[32mI receive valid HTTP response code 401 user&amp#27;[0m &amp#27;[90m# starter.stepdefinitions.UserSteps.receiveValidHttp401User()&amp#27;[0m
15:53:16.925 [main] INFO  - 
  _____   ___   ___   _____     ___     _     ___   ___   ___   ___  
 |_   _| | __| / __| |_   _|   | _ \   /_\   / __| / __| | __| |   \ 
   | |   | _|  \__ \   | |     |  _/  / _ \  \__ \ \__ \ | _|  | |) |
   |_|   |___| |___/   |_|     |_|   /_/ \_\ |___/ |___/ |___| |___/ 

GET - Get user information without token
----------------------------------------------------------------------
]]></system-out>
  </testcase>
  <testcase name="POST - Add new category" classname="Categories" time="0.567">
    <system-out><![CDATA[15:53:16.927 [main] DEBUG io.cucumber.core.plugin.SerenityReporter - Running feature from file:///D:/download/API_Minpro%20(1)/APIMinpro/API/minpro/src/test/resources/features/4.%20Categories.feature
15:53:16.931 [main] DEBUG net.thucydides.core.steps.StepEventBus - Test suite started for story net.thucydides.core.model.Story@1b5f86d1
15:53:16.932 [main] INFO  - Test Suite Started: Categories

Scenario: POST - Add new category                        &amp#27;[90m# src/test/resources/features/4. Categories.feature:7&amp#27;[0m
15:53:16.938 [main] DEBUG io.cucumber.core.plugin.SerenityReporter - Running feature from file:///D:/download/API_Minpro%20(1)/APIMinpro/API/minpro/src/test/resources/features/4.%20Categories.feature
15:53:16.941 [main] INFO  - 
  _____   ___   ___   _____     ___   _____     _     ___   _____   ___   ___  
 |_   _| | __| / __| |_   _|   / __| |_   _|   /_\   | _ \ |_   _| | __| |   \ 
   | |   | _|  \__ \   | |     \__ \   | |    / _ \  |   /   | |   | _|  | |) |
   |_|   |___| |___/   |_|     |___/   |_|   /_/ \_\ |_|_\   |_|   |___| |___/ 

POST - Add new category(categories;post---add-new-category)
--------------------------------------------------------------------------------
15:53:17.006 [main] DEBUG net.thucydides.core.steps.StepInterceptor - STARTING STEP: CategoriesSteps.setPostApiEndpointsf - I set POST api endpoints categories
15:53:17.006 [main] DEBUG net.thucydides.core.steps.StepInterceptor - STEP DONE: I set POST api endpoints categories
  &amp#27;[32mGiven &amp#27;[0m&amp#27;[32mI set POST api endpoints categories&amp#27;[0m              &amp#27;[90m# starter.stepdefinitions.CategoriesSteps.setPostApiEndpointsf()&amp#27;[0m
15:53:17.013 [main] DEBUG net.thucydides.core.steps.StepInterceptor - STARTING STEP: CategoriesSteps.sendPostHttpRequestCategories - I send POST HTTP request categories
15:53:17.104 [main] DEBUG net.thucydides.core.steps.StepInterceptor - STARTING STEP: Categories.sendPostHttpRequestCategories - I set POST api endpoints categories
15:53:17.104 [main] DEBUG net.thucydides.core.steps.StepInterceptor - STEP DONE: I set POST api endpoints categories
15:53:17.149 [main] DEBUG org.apache.http.impl.conn.BasicClientConnectionManager - Get connection for route {s}->https://altashop-api.fly.dev:443
15:53:17.149 [main] DEBUG org.apache.http.impl.conn.DefaultClientConnectionOperator - Connecting to altashop-api.fly.dev:443
15:53:17.308 [main] DEBUG org.apache.http.client.protocol.RequestAddCookies - CookieSpec selected: ignoreCookies
15:53:17.308 [main] DEBUG org.apache.http.client.protocol.RequestAuthCache - Auth cache not set in the context
15:53:17.308 [main] DEBUG org.apache.http.client.protocol.RequestTargetAuthentication - Target auth state: UNCHALLENGED
15:53:17.308 [main] DEBUG org.apache.http.client.protocol.RequestProxyAuthentication - Proxy auth state: UNCHALLENGED
15:53:17.308 [main] DEBUG org.apache.http.impl.client.DefaultHttpClient - Attempt 1 to execute request
15:53:17.308 [main] DEBUG org.apache.http.impl.conn.DefaultClientConnection - Sending request: POST /api/categories HTTP/1.1
15:53:17.308 [main] DEBUG org.apache.http.wire -  >> "POST /api/categories HTTP/1.1[\r][\n]"
15:53:17.308 [main] DEBUG org.apache.http.wire -  >> "Accept: */*[\r][\n]"
15:53:17.308 [main] DEBUG org.apache.http.wire -  >> "Content-Type: application/json[\r][\n]"
15:53:17.308 [main] DEBUG org.apache.http.wire -  >> "Content-Length: 53[\r][\n]"
15:53:17.308 [main] DEBUG org.apache.http.wire -  >> "Host: altashop-api.fly.dev[\r][\n]"
15:53:17.308 [main] DEBUG org.apache.http.wire -  >> "Connection: Keep-Alive[\r][\n]"
15:53:17.308 [main] DEBUG org.apache.http.wire -  >> "User-Agent: Apache-HttpClient/4.5.13 (Java/19.0.2)[\r][\n]"
15:53:17.308 [main] DEBUG org.apache.http.wire -  >> "Accept-Encoding: gzip,deflate[\r][\n]"
15:53:17.308 [main] DEBUG org.apache.http.wire -  >> "[\r][\n]"
15:53:17.308 [main] DEBUG org.apache.http.headers - >> POST /api/categories HTTP/1.1
15:53:17.308 [main] DEBUG org.apache.http.headers - >> Accept: */*
15:53:17.308 [main] DEBUG org.apache.http.headers - >> Content-Type: application/json
15:53:17.308 [main] DEBUG org.apache.http.headers - >> Content-Length: 53
15:53:17.308 [main] DEBUG org.apache.http.headers - >> Host: altashop-api.fly.dev
15:53:17.308 [main] DEBUG org.apache.http.headers - >> Connection: Keep-Alive
15:53:17.308 [main] DEBUG org.apache.http.headers - >> User-Agent: Apache-HttpClient/4.5.13 (Java/19.0.2)
15:53:17.308 [main] DEBUG org.apache.http.headers - >> Accept-Encoding: gzip,deflate
15:53:17.308 [main] DEBUG org.apache.http.wire -  >> "{"name":"Gaming","description":"For gaming purposes"}"
15:53:17.391 [main] DEBUG org.apache.http.wire -  << "HTTP/1.1 200 OK[\r][\n]"
15:53:17.391 [main] DEBUG org.apache.http.wire -  << "content-type: application/json[\r][\n]"
15:53:17.391 [main] DEBUG org.apache.http.wire -  << "date: Wed, 10 May 2023 08:53:16 GMT[\r][\n]"
15:53:17.391 [main] DEBUG org.apache.http.wire -  << "content-encoding: gzip[\r][\n]"
15:53:17.391 [main] DEBUG org.apache.http.wire -  << "transfer-encoding: chunked[\r][\n]"
15:53:17.391 [main] DEBUG org.apache.http.wire -  << "server: Fly/3f2597ca (2023-05-03)[\r][\n]"
15:53:17.391 [main] DEBUG org.apache.http.wire -  << "via: 1.1 fly.io[\r][\n]"
15:53:17.391 [main] DEBUG org.apache.http.wire -  << "fly-request-id: 01H02DTR1DJ9K9PTEKQZ6CKV8J-sin[\r][\n]"
15:53:17.391 [main] DEBUG org.apache.http.wire -  << "[\r][\n]"
15:53:17.391 [main] DEBUG org.apache.http.impl.conn.DefaultClientConnection - Receiving response: HTTP/1.1 200 OK
15:53:17.391 [main] DEBUG org.apache.http.headers - << HTTP/1.1 200 OK
15:53:17.391 [main] DEBUG org.apache.http.headers - << content-type: application/json
15:53:17.391 [main] DEBUG org.apache.http.headers - << date: Wed, 10 May 2023 08:53:16 GMT
15:53:17.391 [main] DEBUG org.apache.http.headers - << content-encoding: gzip
15:53:17.391 [main] DEBUG org.apache.http.headers - << transfer-encoding: chunked
15:53:17.391 [main] DEBUG org.apache.http.headers - << server: Fly/3f2597ca (2023-05-03)
15:53:17.391 [main] DEBUG org.apache.http.headers - << via: 1.1 fly.io
15:53:17.391 [main] DEBUG org.apache.http.headers - << fly-request-id: 01H02DTR1DJ9K9PTEKQZ6CKV8J-sin
15:53:17.392 [main] DEBUG org.apache.http.impl.client.DefaultHttpClient - Connection can be kept alive indefinitely
15:53:17.392 [main] DEBUG io.restassured.internal.RestAssuredHttpBuilder - Parsing response as: application/json
15:53:17.392 [main] DEBUG org.apache.http.wire -  << "5B[\r][\n]"
15:53:17.392 [main] DEBUG org.apache.http.wire -  << "[0x1f][0x8b][0x8][0x0][0x0][0x0][0x0][0x0][0x4][0xff][0xab]VJI,IT[0xb2][0xaa]V[0xf2]tQ[0xb2]24103[0xd2]Q[0xf2]K[0xcc]MU[0xb2]RrO[0xcc][0xcd][0xcc]KW[0xd2]QrI-N.[0xca],([0xc9][0xcc][0xcf]S[0xb2]Rr[0xcb]/RH[0x7]K)[0x14][0x94][0x16][0x15][0xe4][0x17][0xa7][0x16]+[0xd5][0xd6]r[0x1][0x0][0xcf][0x97][0xb0][0xc7]J[0x0][0x0][0x0]"
15:53:17.392 [main] DEBUG org.apache.http.wire -  << "[\r][\n]"
15:53:17.394 [main] DEBUG org.apache.http.wire -  << "0[\r][\n]"
15:53:17.394 [main] DEBUG org.apache.http.wire -  << "[\r][\n]"
15:53:17.394 [main] DEBUG io.restassured.internal.RestAssuredHttpBuilder - Parsed data to instance of: class org.apache.http.conn.EofSensorInputStream
15:53:17.455 [Finalizer] DEBUG org.apache.http.impl.conn.DefaultClientConnection - Connection 0.0.0.0:53997<->149.248.193.56:443 closed
15:53:17.455 [Finalizer] DEBUG org.apache.http.impl.conn.DefaultClientConnection - Connection 0.0.0.0:53996<->149.248.193.56:443 closed
15:53:17.456 [Finalizer] DEBUG org.apache.http.impl.conn.DefaultClientConnection - Connection 0.0.0.0:53994<->149.248.193.56:443 closed
15:53:17.456 [Finalizer] DEBUG org.apache.http.impl.conn.DefaultClientConnection - Connection 0.0.0.0:54002<->149.248.193.56:443 closed
15:53:17.457 [Finalizer] DEBUG org.apache.http.impl.conn.DefaultClientConnection - Connection 0.0.0.0:54001<->149.248.193.56:443 closed
15:53:17.458 [Finalizer] DEBUG org.apache.http.impl.conn.DefaultClientConnection - Connection 0.0.0.0:54000<->149.248.193.56:443 closed
15:53:17.458 [Finalizer] DEBUG org.apache.http.impl.conn.DefaultClientConnection - Connection 0.0.0.0:53999<->149.248.193.56:443 closed
15:53:17.459 [Finalizer] DEBUG org.apache.http.impl.conn.DefaultClientConnection - Connection 0.0.0.0:53998<->149.248.193.56:443 closed
15:53:17.460 [main] DEBUG org.apache.http.impl.conn.BasicClientConnectionManager - Releasing connection org.apache.http.impl.conn.ManagedClientConnectionImpl@eddc9bb
15:53:17.460 [main] DEBUG org.apache.http.impl.conn.BasicClientConnectionManager - Connection can be kept alive indefinitely
15:53:17.467 [main] DEBUG net.thucydides.core.steps.StepInterceptor - STEP DONE: I send POST HTTP request categories
  &amp#27;[32mWhen &amp#27;[0m&amp#27;[32mI send POST HTTP request categories&amp#27;[0m               &amp#27;[90m# starter.stepdefinitions.CategoriesSteps.sendPostHttpRequestCategories()&amp#27;[0m
15:53:17.472 [main] DEBUG net.thucydides.core.steps.StepInterceptor - STARTING STEP: CategoriesSteps.receiveValidHttp200Categories - I receive valid HTTP response code 200 categories
15:53:17.474 [main] DEBUG net.thucydides.core.steps.StepInterceptor - STEP DONE: I receive valid HTTP response code 200 categories
  &amp#27;[32mThen &amp#27;[0m&amp#27;[32mI receive valid HTTP response code 200 categories&amp#27;[0m &amp#27;[90m# starter.stepdefinitions.CategoriesSteps.receiveValidHttp200Categories()&amp#27;[0m
15:53:17.499 [main] INFO  - 
  _____   ___   ___   _____     ___     _     ___   ___   ___   ___  
 |_   _| | __| / __| |_   _|   | _ \   /_\   / __| / __| | __| |   \ 
   | |   | _|  \__ \   | |     |  _/  / _ \  \__ \ \__ \ | _|  | |) |
   |_|   |___| |___/   |_|     |_|   /_/ \_\ |___/ |___/ |___| |___/ 

POST - Add new category
----------------------------------------------------------------------
]]></system-out>
  </testcase>
  <testcase name="POST - Add new category without description data payload" classname="Categories" time="0.775">
    <system-out><![CDATA[
Scenario: POST - Add new category without description data payload &amp#27;[90m# src/test/resources/features/4. Categories.feature:12&amp#27;[0m
15:53:17.604 [main] DEBUG io.cucumber.core.plugin.SerenityReporter - Running feature from file:///D:/download/API_Minpro%20(1)/APIMinpro/API/minpro/src/test/resources/features/4.%20Categories.feature
15:53:17.608 [main] INFO  - 
  _____   ___   ___   _____     ___   _____     _     ___   _____   ___   ___  
 |_   _| | __| / __| |_   _|   / __| |_   _|   /_\   | _ \ |_   _| | __| |   \ 
   | |   | _|  \__ \   | |     \__ \   | |    / _ \  |   /   | |   | _|  | |) |
   |_|   |___| |___/   |_|     |___/   |_|   /_/ \_\ |_|_\   |_|   |___| |___/ 

POST - Add new category without description data payload(categories;post---add-new-category-without-description-data-payload)
--------------------------------------------------------------------------------
15:53:17.960 [main] DEBUG net.thucydides.core.steps.StepInterceptor - STARTING STEP: CategoriesSteps.setPostApiEndpointsf - I set POST api endpoints categories
15:53:17.961 [main] DEBUG net.thucydides.core.steps.StepInterceptor - STEP DONE: I set POST api endpoints categories
  &amp#27;[32mGiven &amp#27;[0m&amp#27;[32mI set POST api endpoints categories&amp#27;[0m                        &amp#27;[90m# starter.stepdefinitions.CategoriesSteps.setPostApiEndpointsf()&amp#27;[0m
15:53:17.973 [main] DEBUG net.thucydides.core.steps.StepInterceptor - STARTING STEP: CategoriesSteps.sendPostHttpRequestCategories2 - I send POST HTTP request categories2
15:53:17.978 [main] DEBUG net.thucydides.core.steps.StepInterceptor - STARTING STEP: Categories.sendPostHttpRequestCategories2 - I set POST api endpoints categories
15:53:17.978 [main] DEBUG net.thucydides.core.steps.StepInterceptor - STEP DONE: I set POST api endpoints categories
15:53:18.034 [main] DEBUG org.apache.http.impl.conn.BasicClientConnectionManager - Get connection for route {s}->https://altashop-api.fly.dev:443
15:53:18.035 [main] DEBUG org.apache.http.impl.conn.DefaultClientConnectionOperator - Connecting to altashop-api.fly.dev:443
15:53:18.195 [main] DEBUG org.apache.http.client.protocol.RequestAddCookies - CookieSpec selected: ignoreCookies
15:53:18.195 [main] DEBUG org.apache.http.client.protocol.RequestAuthCache - Auth cache not set in the context
15:53:18.195 [main] DEBUG org.apache.http.client.protocol.RequestTargetAuthentication - Target auth state: UNCHALLENGED
15:53:18.195 [main] DEBUG org.apache.http.client.protocol.RequestProxyAuthentication - Proxy auth state: UNCHALLENGED
15:53:18.195 [main] DEBUG org.apache.http.impl.client.DefaultHttpClient - Attempt 1 to execute request
15:53:18.195 [main] DEBUG org.apache.http.impl.conn.DefaultClientConnection - Sending request: POST /api/categories HTTP/1.1
15:53:18.195 [main] DEBUG org.apache.http.wire -  >> "POST /api/categories HTTP/1.1[\r][\n]"
15:53:18.195 [main] DEBUG org.apache.http.wire -  >> "Accept: */*[\r][\n]"
15:53:18.195 [main] DEBUG org.apache.http.wire -  >> "Content-Type: application/json[\r][\n]"
15:53:18.195 [main] DEBUG org.apache.http.wire -  >> "Content-Length: 17[\r][\n]"
15:53:18.195 [main] DEBUG org.apache.http.wire -  >> "Host: altashop-api.fly.dev[\r][\n]"
15:53:18.195 [main] DEBUG org.apache.http.wire -  >> "Connection: Keep-Alive[\r][\n]"
15:53:18.195 [main] DEBUG org.apache.http.wire -  >> "User-Agent: Apache-HttpClient/4.5.13 (Java/19.0.2)[\r][\n]"
15:53:18.196 [main] DEBUG org.apache.http.wire -  >> "Accept-Encoding: gzip,deflate[\r][\n]"
15:53:18.196 [main] DEBUG org.apache.http.wire -  >> "[\r][\n]"
15:53:18.196 [main] DEBUG org.apache.http.headers - >> POST /api/categories HTTP/1.1
15:53:18.196 [main] DEBUG org.apache.http.headers - >> Accept: */*
15:53:18.196 [main] DEBUG org.apache.http.headers - >> Content-Type: application/json
15:53:18.196 [main] DEBUG org.apache.http.headers - >> Content-Length: 17
15:53:18.196 [main] DEBUG org.apache.http.headers - >> Host: altashop-api.fly.dev
15:53:18.196 [main] DEBUG org.apache.http.headers - >> Connection: Keep-Alive
15:53:18.196 [main] DEBUG org.apache.http.headers - >> User-Agent: Apache-HttpClient/4.5.13 (Java/19.0.2)
15:53:18.196 [main] DEBUG org.apache.http.headers - >> Accept-Encoding: gzip,deflate
15:53:18.196 [main] DEBUG org.apache.http.wire -  >> "{"name":"Gaming"}"
15:53:18.267 [main] DEBUG org.apache.http.wire -  << "HTTP/1.1 200 OK[\r][\n]"
15:53:18.267 [main] DEBUG org.apache.http.wire -  << "content-type: application/json[\r][\n]"
15:53:18.267 [main] DEBUG org.apache.http.wire -  << "date: Wed, 10 May 2023 08:53:17 GMT[\r][\n]"
15:53:18.267 [main] DEBUG org.apache.http.wire -  << "content-encoding: gzip[\r][\n]"
15:53:18.267 [main] DEBUG org.apache.http.wire -  << "transfer-encoding: chunked[\r][\n]"
15:53:18.267 [main] DEBUG org.apache.http.wire -  << "server: Fly/3f2597ca (2023-05-03)[\r][\n]"
15:53:18.267 [main] DEBUG org.apache.http.wire -  << "via: 1.1 fly.io[\r][\n]"
15:53:18.267 [main] DEBUG org.apache.http.wire -  << "fly-request-id: 01H02DTRXD1SYTTET83ECC9KRK-sin[\r][\n]"
15:53:18.267 [main] DEBUG org.apache.http.wire -  << "[\r][\n]"
15:53:18.267 [main] DEBUG org.apache.http.impl.conn.DefaultClientConnection - Receiving response: HTTP/1.1 200 OK
15:53:18.267 [main] DEBUG org.apache.http.headers - << HTTP/1.1 200 OK
15:53:18.267 [main] DEBUG org.apache.http.headers - << content-type: application/json
15:53:18.267 [main] DEBUG org.apache.http.headers - << date: Wed, 10 May 2023 08:53:17 GMT
15:53:18.267 [main] DEBUG org.apache.http.headers - << content-encoding: gzip
15:53:18.267 [main] DEBUG org.apache.http.headers - << transfer-encoding: chunked
15:53:18.267 [main] DEBUG org.apache.http.headers - << server: Fly/3f2597ca (2023-05-03)
15:53:18.267 [main] DEBUG org.apache.http.headers - << via: 1.1 fly.io
15:53:18.267 [main] DEBUG org.apache.http.headers - << fly-request-id: 01H02DTRXD1SYTTET83ECC9KRK-sin
15:53:18.268 [main] DEBUG org.apache.http.impl.client.DefaultHttpClient - Connection can be kept alive indefinitely
15:53:18.268 [main] DEBUG io.restassured.internal.RestAssuredHttpBuilder - Parsing response as: application/json
15:53:18.268 [main] DEBUG org.apache.http.wire -  << "4B[\r][\n]"
15:53:18.268 [main] DEBUG org.apache.http.wire -  << "[0x1f][0x8b][0x8][0x0][0x0][0x0][0x0][0x0][0x4][0xff][0xab]VJI,IT[0xb2][0xaa]V[0xf2]tQ[0xb2]24103[0xd6]Q[0xf2]K[0xcc]MU[0xb2]RrO[0xcc][0xcd][0xcc]KW[0xd2]QrI-N.[0xca],([0xc9][0xcc][0xcf]S[0xb2]RR[0xaa][0xad][0xe5][0x2][0x0]V[0xf6]![0xed]7[0x0][0x0][0x0]"
15:53:18.268 [main] DEBUG org.apache.http.wire -  << "[\r][\n]"
15:53:18.268 [main] DEBUG org.apache.http.wire -  << "0[\r][\n]"
15:53:18.268 [main] DEBUG org.apache.http.wire -  << "[\r][\n]"
15:53:18.268 [main] DEBUG io.restassured.internal.RestAssuredHttpBuilder - Parsed data to instance of: class org.apache.http.conn.EofSensorInputStream
15:53:18.270 [main] DEBUG org.apache.http.impl.conn.BasicClientConnectionManager - Releasing connection org.apache.http.impl.conn.ManagedClientConnectionImpl@18e76101
15:53:18.270 [main] DEBUG org.apache.http.impl.conn.BasicClientConnectionManager - Connection can be kept alive indefinitely
15:53:18.270 [main] DEBUG net.thucydides.core.steps.StepInterceptor - STEP DONE: I send POST HTTP request categories2
  &amp#27;[32mWhen &amp#27;[0m&amp#27;[32mI send POST HTTP request categories2&amp#27;[0m                        &amp#27;[90m# starter.stepdefinitions.CategoriesSteps.sendPostHttpRequestCategories2()&amp#27;[0m
15:53:18.274 [main] DEBUG net.thucydides.core.steps.StepInterceptor - STARTING STEP: CategoriesSteps.receiveValidHttp200Categories - I receive valid HTTP response code 200 categories
15:53:18.275 [main] DEBUG net.thucydides.core.steps.StepInterceptor - STEP DONE: I receive valid HTTP response code 200 categories
  &amp#27;[32mThen &amp#27;[0m&amp#27;[32mI receive valid HTTP response code 200 categories&amp#27;[0m           &amp#27;[90m# starter.stepdefinitions.CategoriesSteps.receiveValidHttp200Categories()&amp#27;[0m
15:53:18.276 [main] INFO  - 
  _____   ___   ___   _____     ___     _     ___   ___   ___   ___  
 |_   _| | __| / __| |_   _|   | _ \   /_\   / __| / __| | __| |   \ 
   | |   | _|  \__ \   | |     |  _/  / _ \  \__ \ \__ \ | _|  | |) |
   |_|   |___| |___/   |_|     |_|   /_/ \_\ |___/ |___/ |___| |___/ 

POST - Add new category without description data payload
----------------------------------------------------------------------
]]></system-out>
  </testcase>
  <testcase name="POST - Add new category without name data payload" classname="Categories" time="0.363">
    <system-out><![CDATA[
Scenario: POST - Add new category without name data payload &amp#27;[90m# src/test/resources/features/4. Categories.feature:17&amp#27;[0m
15:53:18.284 [main] DEBUG io.cucumber.core.plugin.SerenityReporter - Running feature from file:///D:/download/API_Minpro%20(1)/APIMinpro/API/minpro/src/test/resources/features/4.%20Categories.feature
15:53:18.287 [main] INFO  - 
  _____   ___   ___   _____     ___   _____     _     ___   _____   ___   ___  
 |_   _| | __| / __| |_   _|   / __| |_   _|   /_\   | _ \ |_   _| | __| |   \ 
   | |   | _|  \__ \   | |     \__ \   | |    / _ \  |   /   | |   | _|  | |) |
   |_|   |___| |___/   |_|     |___/   |_|   /_/ \_\ |_|_\   |_|   |___| |___/ 

POST - Add new category without name data payload(categories;post---add-new-category-without-name-data-payload)
--------------------------------------------------------------------------------
15:53:18.301 [main] DEBUG net.thucydides.core.steps.StepInterceptor - STARTING STEP: CategoriesSteps.setPostApiEndpointsf - I set POST api endpoints categories
15:53:18.302 [main] DEBUG net.thucydides.core.steps.StepInterceptor - STEP DONE: I set POST api endpoints categories
  &amp#27;[32mGiven &amp#27;[0m&amp#27;[32mI set POST api endpoints categories&amp#27;[0m                 &amp#27;[90m# starter.stepdefinitions.CategoriesSteps.setPostApiEndpointsf()&amp#27;[0m
15:53:18.307 [main] DEBUG net.thucydides.core.steps.StepInterceptor - STARTING STEP: CategoriesSteps.sendPostHttpRequestCategories3 - I send POST HTTP request categories3
15:53:18.310 [main] DEBUG net.thucydides.core.steps.StepInterceptor - STARTING STEP: Categories.sendPostHttpRequestCategories3 - I set POST api endpoints categories
15:53:18.310 [main] DEBUG net.thucydides.core.steps.StepInterceptor - STEP DONE: I set POST api endpoints categories
15:53:18.417 [main] DEBUG org.apache.http.impl.conn.BasicClientConnectionManager - Get connection for route {s}->https://altashop-api.fly.dev:443
15:53:18.417 [main] DEBUG org.apache.http.impl.conn.DefaultClientConnectionOperator - Connecting to altashop-api.fly.dev:443
15:53:18.562 [main] DEBUG org.apache.http.client.protocol.RequestAddCookies - CookieSpec selected: ignoreCookies
15:53:18.562 [main] DEBUG org.apache.http.client.protocol.RequestAuthCache - Auth cache not set in the context
15:53:18.562 [main] DEBUG org.apache.http.client.protocol.RequestTargetAuthentication - Target auth state: UNCHALLENGED
15:53:18.563 [main] DEBUG org.apache.http.client.protocol.RequestProxyAuthentication - Proxy auth state: UNCHALLENGED
15:53:18.563 [main] DEBUG org.apache.http.impl.client.DefaultHttpClient - Attempt 1 to execute request
15:53:18.563 [main] DEBUG org.apache.http.impl.conn.DefaultClientConnection - Sending request: POST /api/categories HTTP/1.1
15:53:18.563 [main] DEBUG org.apache.http.wire -  >> "POST /api/categories HTTP/1.1[\r][\n]"
15:53:18.563 [main] DEBUG org.apache.http.wire -  >> "Accept: */*[\r][\n]"
15:53:18.563 [main] DEBUG org.apache.http.wire -  >> "Content-Type: application/json[\r][\n]"
15:53:18.563 [main] DEBUG org.apache.http.wire -  >> "Content-Length: 37[\r][\n]"
15:53:18.563 [main] DEBUG org.apache.http.wire -  >> "Host: altashop-api.fly.dev[\r][\n]"
15:53:18.563 [main] DEBUG org.apache.http.wire -  >> "Connection: Keep-Alive[\r][\n]"
15:53:18.563 [main] DEBUG org.apache.http.wire -  >> "User-Agent: Apache-HttpClient/4.5.13 (Java/19.0.2)[\r][\n]"
15:53:18.563 [main] DEBUG org.apache.http.wire -  >> "Accept-Encoding: gzip,deflate[\r][\n]"
15:53:18.563 [main] DEBUG org.apache.http.wire -  >> "[\r][\n]"
15:53:18.563 [main] DEBUG org.apache.http.headers - >> POST /api/categories HTTP/1.1
15:53:18.563 [main] DEBUG org.apache.http.headers - >> Accept: */*
15:53:18.563 [main] DEBUG org.apache.http.headers - >> Content-Type: application/json
15:53:18.563 [main] DEBUG org.apache.http.headers - >> Content-Length: 37
15:53:18.563 [main] DEBUG org.apache.http.headers - >> Host: altashop-api.fly.dev
15:53:18.563 [main] DEBUG org.apache.http.headers - >> Connection: Keep-Alive
15:53:18.563 [main] DEBUG org.apache.http.headers - >> User-Agent: Apache-HttpClient/4.5.13 (Java/19.0.2)
15:53:18.563 [main] DEBUG org.apache.http.headers - >> Accept-Encoding: gzip,deflate
15:53:18.563 [main] DEBUG org.apache.http.wire -  >> "{"description":"For gaming purposes"}"
15:53:18.628 [main] DEBUG org.apache.http.wire -  << "HTTP/1.1 500 Internal Server Error[\r][\n]"
15:53:18.628 [main] DEBUG org.apache.http.wire -  << "content-type: application/json[\r][\n]"
15:53:18.628 [main] DEBUG org.apache.http.wire -  << "date: Wed, 10 May 2023 08:53:18 GMT[\r][\n]"
15:53:18.628 [main] DEBUG org.apache.http.wire -  << "content-encoding: gzip[\r][\n]"
15:53:18.628 [main] DEBUG org.apache.http.wire -  << "transfer-encoding: chunked[\r][\n]"
15:53:18.628 [main] DEBUG org.apache.http.wire -  << "server: Fly/3f2597ca (2023-05-03)[\r][\n]"
15:53:18.628 [main] DEBUG org.apache.http.wire -  << "via: 1.1 fly.io[\r][\n]"
15:53:18.628 [main] DEBUG org.apache.http.wire -  << "fly-request-id: 01H02DTS8M6G3PZQB31095XE0V-sin[\r][\n]"
15:53:18.628 [main] DEBUG org.apache.http.wire -  << "[\r][\n]"
15:53:18.628 [main] DEBUG org.apache.http.impl.conn.DefaultClientConnection - Receiving response: HTTP/1.1 500 Internal Server Error
15:53:18.628 [main] DEBUG org.apache.http.headers - << HTTP/1.1 500 Internal Server Error
15:53:18.628 [main] DEBUG org.apache.http.headers - << content-type: application/json
15:53:18.628 [main] DEBUG org.apache.http.headers - << date: Wed, 10 May 2023 08:53:18 GMT
15:53:18.628 [main] DEBUG org.apache.http.headers - << content-encoding: gzip
15:53:18.628 [main] DEBUG org.apache.http.headers - << transfer-encoding: chunked
15:53:18.628 [main] DEBUG org.apache.http.headers - << server: Fly/3f2597ca (2023-05-03)
15:53:18.628 [main] DEBUG org.apache.http.headers - << via: 1.1 fly.io
15:53:18.628 [main] DEBUG org.apache.http.headers - << fly-request-id: 01H02DTS8M6G3PZQB31095XE0V-sin
15:53:18.628 [main] DEBUG org.apache.http.impl.client.DefaultHttpClient - Connection can be kept alive indefinitely
15:53:18.628 [main] DEBUG io.restassured.internal.RestAssuredHttpBuilder - Parsing response as: application/json
15:53:18.628 [main] DEBUG org.apache.http.wire -  << "82[\r][\n]"
15:53:18.628 [main] DEBUG org.apache.http.wire -  << "[0x1f][0x8b][0x8][0x0][0x0][0x0][0x0][0x0][0x4][0xff][0xab]VJ-*[0xca]/R[0xb2]Rr[\r][\n]"
15:53:18.628 [main] DEBUG org.apache.http.wire -  << "[0xf2][0xf][0xb2]R[0xc8]K-W([0xca]/WH[0xcb]/R(J[0xcd]I,[0xc9][0xcc][0xcf]S[0x88]QJN,IM[0xcf]/[0xca]L-[0x8e]QR([0xcb][0xcc][0xcf]I,I-VH[0xce]HM[0xce]VH[0xce][0xcf]+.)J[0xcc][0xcc]+AQ[0x18][0x9f][0x97][0x98][0x9b][0x1a][0xf]V[0x12][0xa3][0xa4][0xa0][0x11][0x1c][0xe8][0x13][0x1c][0xe2][0x18][0xe2][0xaa]`dljh[0xa2][0xa9]T[0xcb][0x5][0x0]p%[0xdd]o|[0x0][0x0][0x0]"
15:53:18.628 [main] DEBUG org.apache.http.wire -  << "[\r][\n]"
15:53:18.629 [main] DEBUG org.apache.http.wire -  << "0[\r][\n]"
15:53:18.629 [main] DEBUG org.apache.http.wire -  << "[\r][\n]"
15:53:18.629 [main] DEBUG io.restassured.internal.RestAssuredHttpBuilder - Parsed data to instance of: class org.apache.http.conn.EofSensorInputStream
15:53:18.630 [main] DEBUG org.apache.http.impl.conn.BasicClientConnectionManager - Releasing connection org.apache.http.impl.conn.ManagedClientConnectionImpl@65c689e7
15:53:18.630 [main] DEBUG org.apache.http.impl.conn.BasicClientConnectionManager - Connection can be kept alive indefinitely
15:53:18.631 [main] DEBUG net.thucydides.core.steps.StepInterceptor - STEP DONE: I send POST HTTP request categories3
  &amp#27;[32mWhen &amp#27;[0m&amp#27;[32mI send POST HTTP request categories3&amp#27;[0m                 &amp#27;[90m# starter.stepdefinitions.CategoriesSteps.sendPostHttpRequestCategories3()&amp#27;[0m
15:53:18.635 [main] DEBUG net.thucydides.core.steps.StepInterceptor - STARTING STEP: CategoriesSteps.receiveValidHttp500Categories - I receive valid HTTP response code 500 categories
15:53:18.636 [main] DEBUG net.thucydides.core.steps.StepInterceptor - STEP DONE: I receive valid HTTP response code 500 categories
  &amp#27;[32mThen &amp#27;[0m&amp#27;[32mI receive valid HTTP response code 500 categories&amp#27;[0m    &amp#27;[90m# starter.stepdefinitions.CategoriesSteps.receiveValidHttp500Categories()&amp#27;[0m
15:53:18.638 [main] INFO  - 
  _____   ___   ___   _____     ___     _     ___   ___   ___   ___  
 |_   _| | __| / __| |_   _|   | _ \   /_\   / __| / __| | __| |   \ 
   | |   | _|  \__ \   | |     |  _/  / _ \  \__ \ \__ \ | _|  | |) |
   |_|   |___| |___/   |_|     |_|   /_/ \_\ |___/ |___/ |___| |___/ 

POST - Add new category without name data payload
----------------------------------------------------------------------
]]></system-out>
  </testcase>
  <testcase name="GET - Get list all categories" classname="Categories" time="0.639">
    <system-out><![CDATA[
Scenario: GET - Get list all categories                  &amp#27;[90m# src/test/resources/features/4. Categories.feature:22&amp#27;[0m
15:53:18.658 [main] DEBUG io.cucumber.core.plugin.SerenityReporter - Running feature from file:///D:/download/API_Minpro%20(1)/APIMinpro/API/minpro/src/test/resources/features/4.%20Categories.feature
15:53:18.661 [main] INFO  - 
  _____   ___   ___   _____     ___   _____     _     ___   _____   ___   ___  
 |_   _| | __| / __| |_   _|   / __| |_   _|   /_\   | _ \ |_   _| | __| |   \ 
   | |   | _|  \__ \   | |     \__ \   | |    / _ \  |   /   | |   | _|  | |) |
   |_|   |___| |___/   |_|     |___/   |_|   /_/ \_\ |_|_\   |_|   |___| |___/ 

GET - Get list all categories(categories;get---get-list-all-categories)
--------------------------------------------------------------------------------
15:53:18.676 [main] DEBUG net.thucydides.core.steps.StepInterceptor - STARTING STEP: CategoriesSteps.setGetApiEndpoints - I set GET api endpoints categories
15:53:18.677 [main] DEBUG net.thucydides.core.steps.StepInterceptor - STEP DONE: I set GET api endpoints categories
  &amp#27;[32mGiven &amp#27;[0m&amp#27;[32mI set GET api endpoints categories&amp#27;[0m               &amp#27;[90m# starter.stepdefinitions.CategoriesSteps.setGetApiEndpoints()&amp#27;[0m
15:53:18.683 [main] DEBUG net.thucydides.core.steps.StepInterceptor - STARTING STEP: CategoriesSteps.sentGetHttpRequestCategories - I send GET HTTP request categories
15:53:18.685 [main] DEBUG net.thucydides.core.steps.StepInterceptor - STARTING STEP: Categories.sendGetHttpRequestCategories - I set GET api endpoints categories
15:53:18.685 [main] DEBUG net.thucydides.core.steps.StepInterceptor - STEP DONE: I set GET api endpoints categories
15:53:18.706 [main] DEBUG org.apache.http.impl.conn.BasicClientConnectionManager - Get connection for route {s}->https://altashop-api.fly.dev:443
15:53:18.707 [main] DEBUG org.apache.http.impl.conn.DefaultClientConnectionOperator - Connecting to altashop-api.fly.dev:443
15:53:18.974 [main] DEBUG org.apache.http.client.protocol.RequestAddCookies - CookieSpec selected: ignoreCookies
15:53:18.974 [main] DEBUG org.apache.http.client.protocol.RequestAuthCache - Auth cache not set in the context
15:53:18.974 [main] DEBUG org.apache.http.client.protocol.RequestTargetAuthentication - Target auth state: UNCHALLENGED
15:53:18.975 [main] DEBUG org.apache.http.client.protocol.RequestProxyAuthentication - Proxy auth state: UNCHALLENGED
15:53:18.975 [main] DEBUG org.apache.http.impl.client.DefaultHttpClient - Attempt 1 to execute request
15:53:18.975 [main] DEBUG org.apache.http.impl.conn.DefaultClientConnection - Sending request: GET /api/categories HTTP/1.1
15:53:18.975 [main] DEBUG org.apache.http.wire -  >> "GET /api/categories HTTP/1.1[\r][\n]"
15:53:18.975 [main] DEBUG org.apache.http.wire -  >> "Accept: */*[\r][\n]"
15:53:18.975 [main] DEBUG org.apache.http.wire -  >> "Host: altashop-api.fly.dev[\r][\n]"
15:53:18.975 [main] DEBUG org.apache.http.wire -  >> "Connection: Keep-Alive[\r][\n]"
15:53:18.975 [main] DEBUG org.apache.http.wire -  >> "User-Agent: Apache-HttpClient/4.5.13 (Java/19.0.2)[\r][\n]"
15:53:18.975 [main] DEBUG org.apache.http.wire -  >> "Accept-Encoding: gzip,deflate[\r][\n]"
15:53:18.975 [main] DEBUG org.apache.http.wire -  >> "[\r][\n]"
15:53:18.975 [main] DEBUG org.apache.http.headers - >> GET /api/categories HTTP/1.1
15:53:18.975 [main] DEBUG org.apache.http.headers - >> Accept: */*
15:53:18.975 [main] DEBUG org.apache.http.headers - >> Host: altashop-api.fly.dev
15:53:18.976 [main] DEBUG org.apache.http.headers - >> Connection: Keep-Alive
15:53:18.976 [main] DEBUG org.apache.http.headers - >> User-Agent: Apache-HttpClient/4.5.13 (Java/19.0.2)
15:53:18.976 [main] DEBUG org.apache.http.headers - >> Accept-Encoding: gzip,deflate
15:53:19.057 [main] DEBUG org.apache.http.wire -  << "HTTP/1.1 200 OK[\r][\n]"
15:53:19.058 [main] DEBUG org.apache.http.wire -  << "content-type: application/json[\r][\n]"
15:53:19.058 [main] DEBUG org.apache.http.wire -  << "date: Wed, 10 May 2023 08:53:18 GMT[\r][\n]"
15:53:19.058 [main] DEBUG org.apache.http.wire -  << "transfer-encoding: chunked[\r][\n]"
15:53:19.058 [main] DEBUG org.apache.http.wire -  << "content-encoding: gzip[\r][\n]"
15:53:19.058 [main] DEBUG org.apache.http.wire -  << "server: Fly/3f2597ca (2023-05-03)[\r][\n]"
15:53:19.058 [main] DEBUG org.apache.http.wire -  << "via: 1.1 fly.io[\r][\n]"
15:53:19.058 [main] DEBUG org.apache.http.wire -  << "fly-request-id: 01H02DTSNYXXM73Z3PZFMCBAJJ-sin[\r][\n]"
15:53:19.058 [main] DEBUG org.apache.http.wire -  << "[\r][\n]"
15:53:19.058 [main] DEBUG org.apache.http.impl.conn.DefaultClientConnection - Receiving response: HTTP/1.1 200 OK
15:53:19.058 [main] DEBUG org.apache.http.headers - << HTTP/1.1 200 OK
15:53:19.058 [main] DEBUG org.apache.http.headers - << content-type: application/json
15:53:19.058 [main] DEBUG org.apache.http.headers - << date: Wed, 10 May 2023 08:53:18 GMT
15:53:19.058 [main] DEBUG org.apache.http.headers - << transfer-encoding: chunked
15:53:19.058 [main] DEBUG org.apache.http.headers - << content-encoding: gzip
15:53:19.058 [main] DEBUG org.apache.http.headers - << server: Fly/3f2597ca (2023-05-03)
15:53:19.058 [main] DEBUG org.apache.http.headers - << via: 1.1 fly.io
15:53:19.058 [main] DEBUG org.apache.http.headers - << fly-request-id: 01H02DTSNYXXM73Z3PZFMCBAJJ-sin
15:53:19.058 [main] DEBUG org.apache.http.impl.client.DefaultHttpClient - Connection can be kept alive indefinitely
15:53:19.058 [main] DEBUG io.restassured.internal.RestAssuredHttpBuilder - Parsing response as: application/json
15:53:19.058 [main] DEBUG org.apache.http.wire -  << "4E6[\r][\n]"
15:53:19.058 [main] DEBUG org.apache.http.wire -  << "[0x1f][0x8b][0x8][0x0][0x0][0x0][0x0][0x0][0x4][0xff][0xaa]VJI,IT[0xb2][0x8a][0xae]V[0xf2]tQ[0xb2]2425[0xb0][0xd4]Q[0xf2]K[0xcc]MU[0xb2]RRtPVQU[0xd2]QrI-N.[0xca],([0xc9][0xcc][0xcf]S[0xb2]RJ[0xcb]/RHO[0xcc][0xcd][0xcc]KW((-*[0xc8]/N-V[0xaa][0xd5][0x81][0xeb]74[0x83][0xeb][0x87][0xa8]"[0xd9][0x0]sJ[\r]@[0xf8][0x80]<[0x17][0x18][0x19]P[0xe8][0x2]##J[\r]0[0x86][0x1b][0x10][0x96]Z[0x92]Z[0x94][0x99][0x97]XT[0x89][0x11][0x90][0xa9]9[0xa9][0xc9]%E[0x99][0xc9][0x99][0x89]y[0xc8]1`d[\n]"
15:53:19.058 [main] DEBUG org.apache.http.wire -  << "[0xd7][0xec][0x9b][0xf][0x8a]4[0x85][0x80][0xcc][0xe4][0x92][0xd2][0xa2][0xd4]b[0x85][0xc4][0xbc][0x14][0x5][0xb7][0xcc][0x9c]\[0xc][0xa3]2[0x12]3[0x8b]R[0x8a]R[0x8b][0x8b]S[0x8b]P[0x8c]B[0xc4][0x85]Ginb[0x9e]BPjq~iQrj1[0x86][0x9][0xe5][0x99]y)[0xf9][0xe5][\n]"
15:53:19.058 [main] DEBUG org.apache.http.wire -  << "[0xc9]9[0xa9][0x89]yh[0x86] [0xe2][0xc3]5[0xa5]49[0x11][0xec]$[0xdf][0xc4][0xbc][0xc4][0xf4][0xd4][0xdc][0xd4][0xbc][0x12][0xc][0x93][\n]"
15:53:19.059 [main] DEBUG org.apache.http.wire -  << "[0xf2]s2[0x93]S[0x15][0xf2][0xd3][0xd2]2[0x93]QM26[0x84][0xfb],(13[0xa7](?1E[0xc1]71[0xaf]4-[0x11][0xec]?[0xc][0x93][0x12]KJ[0xf2][0x8b][0xf2]R+[0x15][0x12]K[0x14]r[0x12][0xcb][0x91]}f[0x8c][0x8]a[0xa7][0xc4][0x92][0xc4][0xf4][0xfc]"[0x85][0xf0][0xfc][0xec]R[0xc]#[0x9c]Ss3s[0x12][0xf3][0x14][0x8a]S3@[0x86][0xa4]V%[0x96]($[0xa5][0x16][0xa5]gVe[0xa2][0x18]g[0x2]w[0x19]yi[0xce][0x18][0x11]i[0x10][0x3][0xd2]1[0x9c]B [0xe3][0x19]#2^Ijq[0x9][0x96](Bq[0xb0][0x5][0x9a][0x83]I[0xb7][0xf][0x11][0xad]D[0xd8]g[0x82][0x88]:wp[0xe1][0x81][0xe1]=7[0xfc][0xe5][0x8a][0x9]"O[0xe1]0[0x0][0xd9]{&[0x88][0xe8]%38M[0x10]1J[0x8c][0xf7][0x10][0x19][0x85][0x8][0xd7][0x99]"[0x2][0x3][0xe2]:[0x8c][0xc0] [0x10][0xd7][0xa6][0x88][0xc0] [0xd3][0x0]D[0xf8]P#[0xf9][0x9b]"[0x2][0x8b]*[0xc6]!2[0x3]U[0x8c]C[0xe4][0xc][0xaa][0x18][0x87][0x88]k[0xaa][0x18][0x87][0xc8][0x89]T1[0xe][0x91]-[0xa9]a[0x9c][0x19][0xa5]u[0xa1][0x19]"[0xad];f'%[0x16])[0x4]eVeW*[0xb8]%f[0x14][0x95][0x16][0xe5]Wa[0xd6]j[0xb9][0x99]y[0x99][\n]"
15:53:19.059 [main] DEBUG org.apache.http.wire -  << "[0x5]E[0xf9]Y[0xa9][0xc9]%[0xc8]Y[0xda][0xc][0x91][0xe6][0xa9][0xe2]1D[0xe] /[0xb][0x99]![0xd2]<[0x99][0x6]P7[0x95][0x9b]!R9[0x99][0xee]A[0xa4]k[0xe7][0xc4][0x92][0xd4][0xf4][0xfc][0xa2]J[0x5][0xc7][0xd2][0x9c][0xcc]D[0x8c][0xd2][0x9][0x14]C[0xc9]0%[0x89]`%H-@3D[0x82][0xce]K[0xcc]M[0x4][0xc5]eJi6[0x86]![0xd9][0x10][0x3][0xc0]q[\r][0x92]G6[0x81][0xba]i[0xd8][0x1c][0x91][0x4][0xc9][0xb][0x19]sD[0xd2]#[0xd3][0x0]J[0x13][0x9b]9[0xa5][0x89][0xcd][0x1c][0x91][0xd8][0xc8][0xf4][0x2][0xa5][0xc9][0xcb][0x1c][0x91],[0xc8]t[0x1]"U@[0xc] [0xb9][0xc9]b[0x81]([0xcc][0x88][0xa8][0xd3]-([0x8d]u[0xb]Jc[0xdd][0x2][0x11][0xeb][0xc4][0xb8][0x97][0xd2][0x18][0xb2]@[0x14][0x0][0xc4]X[0x87][0x1e][0x1d][0x18]9[0x9c]@#[0xc6][0x12][0x11][0x1b]![0xa9][0xc5][0x98][0xfd][0x0][0xcf][0xbc]L[0x5][0x90][0x4][0xa8][0xa7][0xe9][0x9e][0x99][0x9a][0x83]\[0x19]XR[0x9a][0xa5]-)[0x8d]\KJ#[0xd7][0x12][0x11][0xb9][0x90][0xe4]Lr[0xf8]Q[0x9a][0xa5]-)M0[0x96][0x88][0x4]C[0xa6][0x17](-[0x13],[0x11][0x89][0x90]p[0x92]53[0xa0]0[0xd5][0x98][0x19] R[\r]1[0xd6]Q[0x18][0xc3]f[0x6][0x88][0x18]&[0xc6]:[\n]"
15:53:19.059 [main] DEBUG org.apache.http.wire -  << "c[0xc3][0xcc][0x0][0x11][0x1b]DXg[0x88][0x8][0xcc][0xdc][0xc4][0xec][0xc4][0xbc][0xc4]<[0x8c][0x4][0xc][0x13]GT[0xed]f[0x86][0x88][0x10]$+[0xc9][0x98][0x19]R[0x98][0xef][0xcc][0xc])[0x8d][0x15]JG[0xb8][0xcc][0xc][0x11][0x11]E[0x85][0x96][0xac][0x99]!"[0xda][0xc2]3[0x8b]RsR[0x8b]1Gg[\n]"
15:53:19.059 [main] DEBUG org.apache.http.wire -  << "2*[0x8b]3[0x93]3[0x8b][0x91][[0xd4]f[0x94][0x8e]s[0x99]Q:[0xce]efDi\[0x18]QX[0x84][0x99][0x19]![0x2][0xf]GzL,NA[0xaa]y[0xcc][0x8c]PK[0x1c]P[0xe5]TP[0x94][0x9f]R[0x9a][0x8c]Y[0x81][0x95]dd[0x16]+d[0x16]+[0x94]d[0xa4]B[0x1a][0xc1][0xc9]%[\n]"
15:53:19.059 [main] DEBUG org.apache.http.wire -  << ")Hc[0xa9]H[0xd9][0xc2][0x18]Q[0x17][0x82][0xb2][0x1e][0xb5]LEdQB[0xa6]"{[0xd1][0x18][0x91]G[0x9]i#[0xc5][0x8b][0x88][0x8c]K[0xc8]T[0x14][0xc7] [0xca]@[0x1c][0x11][0x84][0xbf][0x99]a[0x86]6.F[0xad][0xa0]E[0xe4]aR|[0x83]4[0xc]FH[0x1b][0x9]A[0x8b]46F[0xc8]T[0xe4][0xa0]E[0x1a][0xe2]"/hM([0xcd]}&[0x4]s[0x1f][0x81][0xc8]5E[0xe4][0x1b][0xf2][0xbc]@[0xe9]H[0x9a][0x99])[0xf1][0xc9][0x9a][0x84][0x18]5[0xa5]4[0xd5][0x9b]"[0xa2]& ?'[0xb3][0xbc]([0xb1]$[0x3][0xa3]~[0xe]J-(M[0xc9]L[0xcc]KILU[0xc8]K-N[0xce],[0xcd]+QH[0xad]HN-()-[0xca]TH[0xc9][0xcf][0xc9]/JUH-[0xcd]U(N-,[0xcd][0xd4]CN<[0xa6][0x88][0xc][0xe0][0x9b][0x98][0x9c][0x91][0x9f][0x9d][0x8a]a|`ibq[0xa6]BZiz[0xa2]B^~[0x9e]Bai~[0x8a]BfnAjJf[0x89]BYjNf[0x9][0xaa][0x81][0x94][0xa6][0x5]J[0x87][0xaa][0xcc][0x90]F[0x98] [0x89][0x89][0xd4][0xe][0xa6][0x99][0x19]jb[0xc0]?[0x6]oF[0xe9][0x88][0x8d][0x99][0x19][0xa2].[0x82]8[0x18]#[\n]"
15:53:19.059 [main] DEBUG org.apache.http.wire -  << "[0x8]d[0x1f]sJ[0xb3][0x8f]9[0xc2][0xc3]d[0xba][0x80][0xd2][0x16][0x80]9"[0x1d][0x92][0xe7][0x2][0xa4]A[0x1]2[\r][0xa0]4[0xc],[0x10]y[0x95]L[0x17][0x10][0xc][0x3][0xe4][0x9c]Ki[0xdf][0xd9][0x8c]p[0xdf][0x19][0xc5]:J}G[0xb8][0x97][0x89]d[0x9d]9[0xa5]}<s[0xa4]>[0x1e]Y[0xb1]an@jz[0x0][0x0][0x0][0x0][0xff][0xff]"
15:53:19.059 [main] DEBUG org.apache.http.wire -  << "[\r][\n]"
15:53:19.060 [main] DEBUG org.apache.http.wire -  << "68C[\r][\n]"
15:53:19.060 [main] DEBUG org.apache.http.wire -  << "B[0x9b]B77[0xa0]0O[0x98]#[0xf5][0x1b][0xc9][0xf4][0x2][0x85]qfn@J[0x8a]4G[0xea]J[0x92][0xe7]^J{[0x95][0xe6]H[0xbd]J[0x1c][0xf3]w[0xf8][0xa7]'[0xcd][\r][0x11][0x15]6[0x99][0x6] B[0xc][0x87][0x1][0xc8][0xa9][0x1c][0xa9][0xcf]Gf[0x88][0x11][0xac]:[0x90][0xad]3B$i[0x1c][0x8e]#[0x10]<H[0x1d]=[0x1c][0x6][0xa0]XGi[0xf2]3B[0x4]&[0x8e][0xe0]A[0xb6][0xe]iY[0x1][0xe][0xd5][0xf8][0xab]Qs[0xa4][0xe][0x13][0xe][0x3]P[0xac][0xa3][0xd4]w[0xc6]$[0xf9][0xe][0xa9][0xcb][0x81][0xc3]q[0x4]|[0x87][0xd4][0xbb][0xc0]a[0x0][0xb2][0xef][0x90][0xfa][0x4][0x84][0xfa]"[0xc4][0xb7][0x87][0xcd]M[0x10]^&d*[0x8a]c[0x10][0xa9][0x9c][0x90]6[0x12][0x1c][0x83]4}[0x8f]#1[0x13][0xc8][\r]H[0x9d][0xe][0x1c][0x6] {[0x2]ir[0x1d][0x87]jB[0xd6][0x11],[0x9b]P[0xac]C[0x4]5[0x8e][0xe8]&[0x90]^L[0x11][\r]y2[0xdd][0x8b][0x88]5[0x1c][0x6] [0xbb][0x17]i[0x82][0x99][\n]"
15:53:19.060 [main] DEBUG org.apache.http.wire -  << "[0xa3]i[0xe6][0x18][0x9d][0x0][0x12][0xdb][0xd4][0xe6]H}[0x0][0xf2][0xc2][0xf]ib[0xd9][0xad][0xb4](/[0x13][0xb4]t[0xb][0xc3][0x11]p[0x19][0x5][0xaf][0xd4][0x82][0xc4][0xa2]D[0x94][0x10][0xa1][0xb4][0x80]1[0xa3]4[0x9]P[0xda][0xaf]0[0xa7]t[0xca][0xd6][0x9c][0xd2])[s[0xa4][0x9e][\r]<[0xac]I[0x8a][0x5]Jg\[0xcd][0xcd][0x11][0xd1][0xe8]VT[0x9a][0x89]9[0xbe][0x88][0x1c][0xe7][0x94]v[0x83][0xcc][0x91][0xa6]g[0x89][0xb0][\r][0x91]C[0xb1]+N[0xcf][0xcf]OQ[0x0][0x95][0x13][0x19][0xa9][0x89]9%[0x19][0xc8].[0xa5][0xb4][0xbf]en[0x81][0x18][0xd5]$/[0x83]Q:[0xb1]kN[0xe9][0xc4][0xae]9[0xd2][0xc4].[0x99]^@[0x14][0xe9]d[0x1a][0x80]H\d[0x1a]@i[0x19]a[0x81][0xa8]&[0xc8]s[0x1][0xd2][0xfc]1[0x99][0x6]P[0x9a][0x90][0x8]w[0x84]AY[0x0][0xe2]8l[0x8b][0xa5][0xcd][0x91]&[0x91][0xa9]QwQ:[0xa5]lnIi[0xb2]"<[0xa5][0x8c]\[0x14] [0xf5][0xec][0xa9][0xe2]}[0x8a]S[0x14][0xa2]X[0x83]D[0x1a]F[0x81][0x8f]?>-[0xc]([0x1c]O[0xb3][0xa0]t[0xf4][0xc2][0x2][0xa9][0xeb][0xf][0x9b]}E_[0xc0][0xf][0x13]GL?Y u[0xd7][0xdd][0x1d]}=[0xfd][0xdc]I[0xf6]8"[0xe8][0x1d][0x93][0x93]S[0x8b][0x8b][0xf3][0x8b]2[0xb1][0x8c]~[0x96][0xe4]+[0xa4][0xe6]e$[0xe6]%[0xa7]*$[0x16][0x14][0xa4]&[0x16][0x81][0x98]H)[0xc2][0xc2][0x10][0x11][0x80]TH[0x11][0x16][0x94][0xe],X [\r],P[0xc5]=[0x88]~4U[0x8c]CdW[0xca]B[0x1d]Q[0x96]Sd[0x8e][0x11][0xa2]@[0xa5][0xc8][0x1c][0xa4]=([0xe4][0xe5]CJ[0xa7][0xe8]-([0x1d]_[0xb1]0[0xa4][0xb4]([0xa1]tr[0xde][0x2]ir[0x9e][0xa2][0xc8]@[0x1a][0xfb]!/2[0x90][0xc6]~(s[0x8][0x95]R;[0xa5]k[0x6],[0x8][0x8f].[0x11][0xa8]&[0x8]/: d[0x0][0xa5][0xa9][0xb]i[0xbd][0x1][0x8e]HE.[0x95])[0x1d] [0xb3]@[0x1a] [0xa3]([0x9] [0xcd][0xe5][0xe3]p6[0x81][0x80]C[0x1a]:[0xa3][0xcc]![0x88][0xfa][0x8e]L[0x87]P[0x1a][0x83]&[0x88][0x9a][0x92]<[0x17]P:.hAx\[0x90]@d`l[0xd2]![0xb5][0xd5]A[0xe9][0x2][0x6][0xb][0x13]D[0x91]Bf "[0xba]Q[0x14][0xa5]'[0xa4][0xf1]M2[0x1d]Bi[0x82]4[0xa1]4AR[0xba][0x14][0xc3][0x2]iX[0x95][0x9c][0x9d][0xa7][0x16]H+1[0xc8][0xb]C[0xa4][0x81]V2[\r]@$'[0x8a]R[0x3][0xd2][0xe2][\r][0xca][0xcc]A[0xb4][0xeb][0xc8][0xf4][0x10]"U[0x91][0x15]%HK2([0xf2][0x8][0xd2][0x18]/y[0x1e][0xa1]tT[0xd7][0x82][0xd2]Q][0xb][0xa4]Q][0xf2][0x82][0x12]Q[0xd2][0x90][0x19][0x4][0x88][0xc4]@[0x9e][0x3](- [0x90][0x6][0x85][0xc9]r[0x0][0xa5]C[0xba][0x16]HC[0xba][0xe4]9[0x0][0x91][0xbd][0xc9][0x8b][0x2][0xa4][0x11]][0xf2][0x1c][0x80][0xc8][0x8e]d:[0x0][0x11][0x87]d9[0x80][0xd2][0xa1]W[0xb][0xa4][0xa1]W[0xf2][0x1c]@[0xe1][0xd2][0x8][0xb][0xb]J[0xe3][0x10]i[0xb1][0xe]y>[0xa0]0[\n]"
15:53:19.060 [main] DEBUG org.apache.http.wire -  << "(][0xbd]c[0x81]4hI[0x96][0x7]([0x1d]d[0xb4]@[0x1a]d$[0xcf][0x1][0x88][0x82],9?[0xaf]$?C[0x17][0xba][0x17][0x11][0xdb][0x88][0x93][bqFf~^bRN*r[0x8f][0xc6][0x12][0x91][0x93][0x8][0x9b][0x81][0xa9][0x2]i[0xe8][0xc]i[0x7][\n]"
15:53:19.060 [main] DEBUG org.apache.http.wire -  << "Yy[0xd2][0x92][0xd2]!?KJ[0xd7][0x1b]Y"[0x8d][0x19][0x92][0xe9][0x5]D[0x8c][0x90]i[0x0]"S[0xe0][0x98][0xf1][0xc5]?[0xc5]m[0x89]4n[0x88][0xc3][0x0][0xa4][0xd8][0xb7]D[0x1a][0xd5][0xc3][0xa1][0x9a][0x90]u[0x88]q<[0x1c][0x6][0xa0]X[0x87](sp[0xa8]&d[0x1d][0xa2][0xee][0xc7]a[0x0][0x8a]u[0x88][0xb4]M^lP:veI[0xe9][0xd8][0x95]%[0xd2]@"y^@[0x1a][0xfc]"[0xd3][0x0]D[0xc][0x93]i[0x0][0x85]5[0x95]%[0xd2]0[0x15][0x8e]H'[0x90]j[0x90][0x86][0xa9]p[0x18][0x80][0x9c]j[0x90][0xf6][0xb5][0x90][0xe7]aJ[0x7][0x89],[0x91][0x6][0x89]p[0xb8][0x97][0x80][0x87][0x91][0xce]t[0xc1]a[0x0][0xb2][0x87]1N\!q[0xf4][0xc1][0x92][0xd2][0xc1](KcDF[0xc5][0xe1]^B[0x1e]&Xl"{[0x18]i[0xc0][0x87]<[0xeb][0x90][0x6]|p[0x18][0x80]b[0x1d][0xa5][0x19][0x80][0xd2][0xc1][0x19]K[0xa4][0xa5]h[0xe4]%iJGe,)[0xdd][0xdf]bI[0xe9][0xa0][0x8a]%[0xd2]R3[0xf2][0xc2][0x80][0xd2]A[0x11]KJ[0xb7][0xb2]X"[0x8d][0x86][0x90][0xe9][0x5]J[0x9b]'H+[0xda][0xc8]s[0x1][0xa5][0xc3][0xf][0x96][0x94][0xe]?XR[0xba][0xd7][0xc4][0xd2][0x94]`YC[0xa0][0xb0]B[0x1a][0xb]"[0xa2][0xf4]@[0x1a].!3[0xc8][0x11][0x8d].2[\r][0xa0]4[0xd5] [0xed][0xce][0xa1][0xde][0xe2]SK[0xa4]Q[0x14]B[0xa6]"[0x97][0xc6]H[0x83]'[0x84][0xb4][0x11][0xbf][0x12][0xd6][0x92][0xd2]cI,)]$g[0x89]4[0xa4]B^4S[0xba]p[0xce][0x12]i[0xe1][0x1c][0x99].@[0xe4],[0xf2][0xc][0xa0]tE[0x9d]%[0xd2][0xb0][0x8e]sbJni[0xb1]B@jYjQjN[0xe]F[0x9b][0xc8][0xa3]4--'[0xb5][0xa0]4-[\r]9u![\r][0xeb]8[0x95]&g'[0xa5]&b[0x9e][0xf7][0x13][0x9c]SY[0x92][0x1]:[0xca][0x10]E#[0xa2][0x99][0xed][0x9e][0x9a]_[0x94][0x9e][0xaa][0x10][0x9e][0x9a]X[0x9c][0x93][0x8a]y,THFi^JjQRf[0x11][0xf2]vlKJW[0xd2]Y"[0x8d][0xe7][0x90][0x19][0xfa][0x88]V[0x1c]y[0x6]P[0xba][0x8e][0xcd][0x12]iD[0x87]L[0x17]P[0xda]TC[0x1a][0xd2]![0xd3][0x5][0x88][0x1e].[0x99][0x6]PZZ#[0x8d][0x8]QtN[0x99]%[0xd2][0x80][0x10]%[0x6][0x19][0x1b]P[0xb8][0x98][0xcc][0xd8][0x0]i'[@jQfAFjQb[0x8e][0x2][0x8e][0xca][0xd7]7[0xbf][0xb4]8UG[0xc1];[0xb5]2)?[0xb1](EG[0xc1]#51[0xa5] #?/U[0xc1]5[0xc4][0x19][0x91]g[0x8d][\r]([0x1c]o26[0xa0]p[0x9b][0xb1][0x1][0x85][0x3]V[0xc6][0x6][0x6][0x94]%7c[0x3][0xa4][0xa3]R[0xc8]I[0xaf][0xc6][0x6]H[0x3]Vd[0x1a][0x80]8[0xa4][0x81]L[0x3][0x10][0x99][0x1e]G[0x92][0xc0][0xdb][0xa0]36 [0xbc][0xe5][\r]9[0xd5] [0x1d]zB[0xa6]{)[0xab]&[0x8d][\r][0x90][0x6][0x95][0xc8][0xf3]0[0xd2][0xa0][0x12][0xe][0x3][0x90]=[0x8c][0xb4][0xec][0x89]<[0xf]#[0x9d][0xe3][0x9b][0x86]s[0x1f][0x8][0x8a][0x8d][0x94][0x95][0x81][0xc6][0x6][0x14][0x8e][0x1][0x19][0x1b]P8[0x6]dl[0x80]4[0x6]D[0xcd]"[0xb]id[0x88][0xbc][0xb8]0Fd[0x16]2[\r][0xa0][0xac];bl@[0xe1]h[0x93][0xb1][0x1][0xd2][0xd2]'2[0xbd]@YC[0xc7][0xd8][0xc0][0x98][0xd2][0x1c]L[0xe1][0x9a]'c[0x3][0xa4][0x11],[0xf2][0xc2][0x80][0xc2][0x15]G[0xc6][0x6][0x14][0x8e]I[0x19][0x1b]P8[0xa4]dl@[0xe1][0x90][0x92][0xb1][0x1][0xd2]:[0x1d][0xf2][0x2][0x91][0xc2][0x85]:[0xc6][0x6][0x14][0xe])[0x19][0x1b] [0x1d]^B[0xa6][0x17](M[0xca]H[0xa3]![0xe9][0x0][0x0][0x0][0x0][0xff][0xff]"
15:53:19.060 [main] DEBUG org.apache.http.wire -  << "[\r][\n]"
15:53:19.064 [main] DEBUG org.apache.http.wire -  << "B9B[\r][\n]"
15:53:19.064 [main] DEBUG org.apache.http.wire -  << "[0xc2]~[0x1e]6[0xde][0xc5]s[0xc6][0x6][0x14][0xe])[0x19][0x1b]P8[0xc2]bl@[0xe1][0x90][0x92][0xb1][0x1][0xd2]A[0xb1][0xe4][0x85][0x1][0xd2]X[0x8][0x99][0x6] [0x16][0xac][0x93]i[0x0][0xa2][0xff]J[0xa6][0x1][0x94]V,[0x14][0x8e][0xa0][0x18][0x1b]P8~al`Ni^@[0x1a]~[0xc0][0xd1][0xae]"[0xd0][0x12]E[0x1a]~[0xc0]a[0x0]r3[0x9]i[0xc8][0x0][0x87]jB[0xd6]![0xea]r[0x1c][0x6][0xa0]X[0x87]h[0x95][0x91][0xb3][0x91][0xd4][0xd8][0xc0][0x2][0x11][0xbe][0xe4][0x19]@[0xe1][0x92][0x11]c[0x3][0xa4]mj[0xe4][0xa5]r[\n]"
15:53:19.065 [main] DEBUG org.apache.http.wire -  << "[0xc7][0x7][0x8c][\r][0x90]v[0x8a][0x91][0xe9][0x2]D [0x92]e[0x80]![0xe1][0xde]8R[0xa4][0x1b]R[0xda][0xc5]5$[0xdc][0xc5]E[0xb1][0x8e]R[0xdf]Q[0xb8]Q[0xca][0xd8][0x10][0xe9][0x0][0x15][0xf2][0xc2][0x17][0xa9]7[0xe9][0xe2][0xe9][0xec][0xef][0xe4][0xa8][0x10][0xe9][0xe8][0x81]1[0xfc][0xe8][0x18][0xe0][0xa9][0x10][0xee][0x1f][0xe4][0x1d][0x8c][0xec]{[\n]"
15:53:19.065 [main] DEBUG org.apache.http.wire -  << "w[0xfb][0x18][0x1b]"[0xed][0xf6]![0xd9]nJC[0x1e][0xa9]WJ^[0xc0]Q[0xb8]?[0xc7][0xd8][0x10][0xa9][0x9f]I[0xa6][0xb]([0x1c]M1DZ[0xa9]@[0xa6][0xb]([0xec][0x9a][0x18][0x12][0xde][0xf][0x83][0xbf]9fH[0xb8][0xe7][0x8b][0x9c]b[0x91][0xd6][0x1e][0xf8][0xa6][0xe6][0x97]c9[0x9a][0xcf]7[0xb1]"37[0x15]tL[0x9e]Bnf^i[0xb1]Bf[\n]"
15:53:19.065 [main] DEBUG org.apache.http.wire -  << "[0xf8][0x10][0xbd][0xcc][0x82][0xe2][0xc4]\[0x85][0xb2][0xfc][0x9c][0xd2][0x82][0x92][0xc4][0x92][0xd4]\[0x85][0xe2][0xcc][0xdc][0xcc][0x9c][0xcc][0xc2][0xd2]T[0xa4][0xc3][0xf4][0x8c][\r])[0xed]-[0x1a][0x12][0xee]-"[0xfb][0x7]ii[0x1]y[0x11]H[0xb8]c[0x86]b[0x1d][0xa5][0x9][0x8e][0xf0][0xc4]>[0xb2]u[0x94]vx[0xc])[0x9c][0x84]76[0xa4][0xb4][0xc7]dHx[0x16][0x1f][0xc5][0xc3][0x94]f'[0xa4][0xc9]b[0x1c][0xe9][0x1][0xd9]:J{"[0x86]H=[0x11]R[0xcb]o[\n]"
15:53:19.065 [main] DEBUG org.apache.http.wire -  << "[0x8f]:16D[0x9a][0xe5][0xc5][0xe1]U[0x2]%[0x7][0x85]G[0x9d][0x18][0x1b]"M[0xed][0x92][0xe9][0x2][\n]"
15:53:19.065 [main] DEBUG org.apache.http.wire -  << ";1[0x86][0x84][0xa7][0x81][0x91][0xa3][0x1b][0xa9][0xc3][0x81][0xa3][0xf9][0x8c][0xbf][0xfd]m[0x88][0xd4][0xe1][0xc0]a[0x0][0xb2]u[0x94][0xf6].[0xc]I[0xea]][0x18]R[0xda][0xbb]0DZ[0xa1]N[0x8c][0xef][0x10][0xbd][0xb][0x1c][0xaa][0x9][0x4]&[0xd2]1[0x1c]8[0xc]@[0xe]L[0xa4][0xb9]J[0x1c][0xaa][0x9]X[0x87][0xd4][0x17][0xc1]a[0x0][0x8a]u[0x88][0x94][0x89]C5![0xeb][0x10][0xdd]k[0x1c][0x6][0xa0]X[0x87][0xa8]W([0xb8][0x1][0xc7][0xd8][0x10][0xa9][0xb7][0x82][0xc3]VB[0xce]F[0x14][0xc0]8[0xc]@r[0xb6][0x11]R[0xd7][0x4][0x87]j[0xfc][0xd6][0x19]!-A[0xc7]a[0x0][0x8a]u[0x14]F[0x8a][0x11]R[0xe7][0x88][0x18][0xeb][0x10][0x91][0x82]C5![0xdf][0x11][0xcc]"([0xbe]C4[0xe8][0xc9][0xb3][0xe]if[0xf][0x87][0x1][0xc8][0xd6]Q[0xb8][0x14][0xdd][0xd8][0x8][0xa9][0xe3]E[0x8c]u[0x88][0xa1][0xb][0xb2][0xea][\n]"
15:53:19.065 [main] DEBUG org.apache.http.wire -  << "#[0xa4]i<[0x1c][0xd6][0x11][0x88][\r][0xa4][0xbe][0x16][0xe][0x3][0x90][0x83][0x7]i%9[0xe][0xd5][0x4][0xac]C[0xea]^[0xe1]0[0x0][0xc5]:D[0xd2]NN[0xcc]N5[0xc2][0xe8][0x82]D[0x15]r[0x12][0xb]2[0x91][0xee]<56B[0x9a][0xea]#k[0x84][0xc6][0x8]i[0xad]7[0x99][0x6] [\n]"
15:53:19.065 [main] DEBUG org.apache.http.wire -  << "[0xc][0xf2][0xe2][0x15][0xa9][0x3][0x14][0x9c][0x9d][0x99][0x97][0x9c]X[0x84]y[0x9e]7LB[0xa1]$[0xb5]()13[[0xa1]4[0xaf][0xa4]4[!7[0xb5]([0xb1]<[0xb1]D[0xa1]<1+[0x11][0xe9][0xa4]/c#[0xc2]}"[0xfc]M##J[0xa7][0xed][0x8c]([0xed][0x6][0x19][0x11][0xee][0x6][0x11][0xf2][0x2][0xc5][0x11][0x83]([0x8f][0xc8][0x8b]YJ'[0xcd][0x8c]([0xed][0xdc][0x19]![0xed][0xf3]W[0xc0][0xc8]Q[0x4][0xc2][0x8f][0xd2][0xf9]2#[0xc2]]=B.@D[0x0],[0x3]`x[0x2]&Al[0xce]@[0x9a][0x83]#[0xe7][0xbc]%c#[0xc2]][0xd2]t[0xd0][0x1d][0xce][0xf0]}j[0xc6]F[0x94][0xf6]A[0x8d][0x90][0xba][0x90]0[0xef]R[0x1e][0xe][0x88][0xea][0x88]zf"[0xda][0xb][0xd4]3[0x13][0xd1][0x84][0xa0][0x9e][0x99][0x88][0x92][0x81]zf"[0xd2]jA[0xb1])F[0xf4][0x10]H[0xe9][0x94][0xce]I[0x1a]Q[0xb8]M[0xdf][0xd8][0x8]iR[0x13]Gm[\r]][0xbc][0x8c]\iS[0xb8]6[0xde][0xd8][0x8]i[0xfc][0x81][0x8c][\r][0xa9][0xc6]F[0x94][0x8e]![0x18]Q:[0x11]j[0x84]4[0x8]A[0x96][0xf][0x90][0xc6] [0x88][0xf]w[0xa4]q[0x7][0x12]4!ZX$hB[0xf4][0xe2][0xc8][0xab][0x3][0x91]&I[0xc9][0xb][0x1f]D[0xfe]'[0xd3][0x1][0x88][0xcc]N[0x96][0x3](\[0xe2]ml[0x84]4[\n]"
15:53:19.065 [main] DEBUG org.apache.http.wire -  << "B[0x9e][0x3][0x8][0xc6][0x1b][0x81][0x86]8[0xe1]q[0x11][0xe4]<M[0xe1][0xaa]lc#[0xa4][0xbb],[0xc9][0xf3]/[0xa2]$%/[0xc6][0x91]FJ[0xc8]r[0x0][0x85][0x8b][0xba][0x8d][0x8d][0x90]&m][0xf3]JR[0x8b]J[0x12]3[0xf3]rS[0xf3]0[0x8f][0x11].[0xc8][0xcf][0xc9]LNU[0xc8]OK[0xcb]LN-B[0x8e][0x5]KD[0xbe]s[0xce][0xcf]-(-I-R[0x8][0xce]O+)[0xc7][0xd6];[0xc0]r[0xc5][0x9c][0xb1][0x11][0xd2][0xc4]o@iRNf[0xb2][0x2][0xe8]6[0xa2]d[0xcc][0xe5][0xfd][0xc9][0x19][0xa9][0xb9]([0xd7][0xd3][0x19][0x1b][0x11]>K[0x94]@}[0x86]4[0xc]Cf[0x1c]"r[0xad]3[0xc8]}[0xc9][0x89]9[0x98]W[0xeb][0x15][0xa7]&[0x17][0xa5][0x96]$[0x16]U[0xa2][0x84][0x1c][0x85][0xc9][0xc7][0x18]iL[0xc7]%[0xb5]83[0x1d][0xf3]r[0xc5][0xa4][0xd2][0xe2][0xcc][0xbc][0xd4][0xe2][0xe2][0xdc][0xc4]<$[0x9b][0x8d][0x91][0xc6]r[0xa8][0xd5][0xac]0FZH[0xee]V[0x9a][0x97][0xa2][0x1b][0x94][0x98]Y[0x9c][0x99][0x87]y;R^iQ1[0xd2]1[0xb][0xc6][0xc6]HK[0xc5][0x3][0x8a]2[0xf3]J[0xb0]iJKL.[0x1]]5][0x9e]_[0x94][0x8d][0x92][0xfc][0x8c][0x91][0xc6][0x89][0x1c][0x8b]J[0x8a][0x15][0x12][0xf3]R[0x14][0x9c][0x8b][0x12][0xd3]J0#!5/=3/[0x15]M;[0xf5][0x1b][0x97][0xc6]H[0xb][0xc7][0xc3]3[0xf3]R[0xc1]N[\n]"
15:53:19.065 [main] DEBUG org.apache.http.wire -  << ".[0xc8],[0xca][0xc4][0xe2][0xa6][0x9c][0xc4][0xf2]J4[0x17]![0xd2]SHjNjr~nni^frbIf~[0x1e][0xa6][0x9f][0x92]AGW[0xa0][0x19][0x80]HVT[0x8b]\[0xa4][0xf1]*[0xb2]r[0x89]1[0xd2][0xda][0x81][0xd0][0x92][0xcc][0x9c][0xcc][0x12]l[0xe7]p[0xa4]&[0xe7][0xe7][0xe5][0xa3][0xe5]pc[0xa4][0xb1]+2[0xad]F[0x14]P[0xd4][0xb][0xf]D[0xb2][0xf1]K-/.H,H-[0xc2][0x8c][0x9c][0xa4][0xd2][0xcc][0x9c][0x14][0xd4][0xc8]A[0x1a][0x1a]s[0xcd]IM.)[0xca]LN[0xcc]Q[0xd0]W[0x80]p[0xf2][0xf3]2[0x93][0x15]|[0x13][0xf3]JA[0xe9][0xbd][0xb4][0x8][NH[0xce]HE[0xda]Uel[0x8c]4TF=[0xdf]!R[0x90]{~Yj[0x11][0xb8]JPpL[0xc9][0xcd][0xcc][0xcb],.)[0x2]'E[0x8c]~CnjrFb^f2r9[0x83]4[0xb0][0xe6][0x9][0xaa]^[0xf2][0xc0]Z[0x13]s[0x14]B[0x8a][0x12]S [0x19][0xc3]%[0xb5],5'[0xbf][0x0]k[0xa5]S[0x94][\n]"
15:53:19.065 [main] DEBUG org.apache.http.wire -  << "[0xba]e.3[0x1f]d+[0x8a][0xb1][0x88]m[\r]T[0xf3]3[0xa5]+$[0x8c])]!a[0x8c]4[0xbe]G^B[0xa7]t[0x85][0x84]1[0x85]G[0x8e][0x1a][0x1b]S[0xba]7[0xc0][0x18]i[0x84][0x91][0xbc]0[0xa0]t8[0xd1][0x18]is[0x1][0x99].@4[0x82][0xc9]4[0x0]Q^[0x91]i[0x0][0xa2]p"[0xd3][0x0][0xc4][0xe8][0x8][0x99][0x6]P[0xd8][0x15]2F:[0xf5]"/_[0x1][0x87]#[0xf2][0xf2]K[0xc0][0xd7]G`95[0xdf][0xd8][0x98][0xd2]}[0x4][0xc6][0x94][0xe][0x89][0x1a]#[\r][0x89]b[0x8e]h* [0x97]gHc[0x9f][0x94][0x9f][0xf8]ml[0x8c][0xb4][0xff][0x80][0x90][0xc5][0x88][0x94][0x82][0xa9][0x12][0xc5][0x85][0x88][0x14]A[0x15][0x17]"[0xd2][0x7]U[0x8c]C4[0x99][0xa8]b[0x1c][0xa2][0xfa][0xa3][0x86]qH[0xe3][0xb8]8[0x12]2[0xfe].[0x8a]1[0xd2]8.[0xd5][0xaa];[0xa4][0x91]^[0x1c]C,[0xf8][0xbb][0xea][0xc6]H[0xab][0x8d]p[0x18][0x80][0x9c]~([0xdd][0x8c]aL[0xe1][0xf9][0x1e][0xc6][0xc6]H[0xbb]90[0x93]:JnD:[0xc8][0x83][0x90]JDB![0xa0][0x12]i[0xd4][0x94]jQ[0x88]4[0xe]J=3[0x11][0x95][0x17][0xf5][0xcc]D[0xd4]gd[0xcd][[0x1a]#[0xad][0xdc]"[0xd3][0x0]D[0xf9]@^[0xe]D[0x1a]:[0xa5]h[0xbb][0xb6]1[0xd2][0xe9][0xa2]8r[\r][0x81]l[0x87][0xb4][0x8a][\n]"
15:53:19.065 [main] DEBUG org.apache.http.wire -  << "[0x87][0x1][0xc8][0xd9][0x8e][0xc2]s+[0x8c][0x8d][0x91][0x96]a[0x91][0x17]rHc[0x92]$^[0x2]el[0x8c]4[0x1c]I[0xba]^D[0x17][0x81]L[0x87]#r[0x2][0x99][0x6] [0x92]=[0x89][0xeb][\r][0x8d][0x91]Vw[0x91][0xac][0x15]QQ[0x93][0xac][0x15][0x91]KH[0xd6][0x8a]([0x8]I[0xd5][0x8a]4[0x4]J[0xb2]V[0xc4][0xc6],[0x1c]y[0x81]@fB[0x1a]>[0xc5]a[0x0]rfB[0x1a][0xe8][0xc4][0xa1][0x9a][0x90]u[0x88][0xd6][0x16][0xe][0x3]P[0xac]C[0xb4][0x91]p[0xa8]&d[0x1d]">q[0x18][0x80]d[0x9d][0x9][0xd2]X"[0xe][0xd5][0xf8][0xad]3A[0x1a]S[0xc4]a[0x0][0x8a]u[0x88][0xec][0x85]C5![0xeb][0x10][0xd9][0xb][0x87][0x1]([0xd6]![0xb2][0x5]Y[0xb9][0xd9][0x4][0xe9],[0x7][0x1c][0xd6][0x11]r/"[0x8b][0xe0]0[0x0][0xd9][0xbd]H[0xc3]e[0xe4][0xb9][0x17]i[0xd4][0x8c][0xc4]leb[0x88][0x8]Y2[0xed]F[0x4]6%+$M[0x90][0xc6][0xca](3[0x7][0x91][0x11][0xc8][0xf3][0x10][0xd2][0x2]3[0x8a][0x1c][0x82]4[0x1c]F[0x99]9[0x88][0xca][\r]GZ"[0x90][0x18][0x91][0x6][0xbb]p[0x18][0x80][0x9c][0x18][0x91]F[0xb6]p[0xa8]&d[0x1d]"A[0xe0]0[0x0][0xc5]:Dt[0xe1]PM[0xc8]:[0x92][0xb2][0x1a][0xd2][0x88][0x11]y[0xd6]![0x8d][0x18][0xe1]0[0x0][0xd9]wH[0x87]D[0xe0]PM[0xc0]wH[0xdb][0x82]p[0x18][0x80]b[0x1d][0xa2][0x16][0x81][0xa4]}[0xcc][0x9][0x19][0xfc][0xbd]O[0x13][0xa4][0xa1][0x18][0xd0][0xba][\n]"
15:53:19.066 [main] DEBUG org.apache.http.wire -  << ",[0x17][0xb6]![0xdb]G[0xe9][0xa8][0x89][0x9][0xd2][0xa8][0x9][0xc4][0xc1][0x18][0x3][0xcd][0x4][0xdc]K[0xd2].![0x13]J[0x97][0x8e][0x99][0x10]^:[0x86][0x1c]<H]y[0xf2]|[0x87][0xd4]o[0xc7]a[0x0][0x8a]u[0x88][0x8c][0x87]C5[0x81][0xc0]D[0xea]5[0x93]i[0x0]"3[0xe3]0[0x0][0xd9][0xbd]H]Z[0x1c][0xaa][0x9][0xb8][0x97][0xf0]2[0x1f][0x14][0xeb][0xd0]3[0x7][0xa9]i[\r]iM[0xe][0xb5][0xba][0xcb]&H}M[0xf2][0xc2][0x80][0xd2][0x3][0xf]L[0x8]/[0xf4]!PD[0x11]^[0xf4][0x83][0x1c][0xb]H]Z[0xaa][0x5]"[0xd2]Z[0x1e]2[0x3][0x91][0xd2][0x9c][0x83][0xd4][0xf5][0xa6][0x9e][0xaf][0x8]f&[0x2][0xd9][0x3]iS[0x14]y[0xc1][0x82][0xd4][0x9d][0xa7][0x9a][0xaf][0x90][0xba][0xf9]d:[\n]"
15:53:19.066 [main] DEBUG org.apache.http.wire -  << "[0xd1][0x1c]"[0xd3][0x0]Dg[0x84]z[0xbe]B[0xb4][0xa2]qT[0xd3][0x4]2[0x11][0xd2] [0x0][0x99][0xbe]B$ar[0x16][0x17][0x99] m[0xfa]"[0xd3][0x1][0x88]v[0x18]y[0x6] [0x8d][\r][0x90]i[0x0]b[0x84][0x80]L[0x3](MZH[0xb][0xac][0xc8]K[0x6][0x94][0x8e]:[0x98] [0xad][0xae][0xc2][0xe1][0x2][0xe4][0xc2][0x18]i9[0x14][0xe][0xd5][0x4][0x92]-[0xd2][0x11][0x99]8[0xc]@[0xb2][0xce][0x14]i[0xd4][0x81][0xac][0x8]2E[0x1a]u [0xd3][0x0]D[0xc][0xe3]p/~[0xf][0x9b]"-_r[0xce]H,[0xca]M[0xcd]I[0xcd][0xc7]\[0x88][0x15][0x9a][0x97][0x92][0xaa][0x90][0x9f][0x9c][0x9c][0x98][\n]"
15:53:19.066 [main] DEBUG org.apache.http.wire -  << "Z[0xc9][0xa3][0x90]X[0x94][0x9c][0x91]Y[0x92][0x9a]\[0x92][0x8f][0xbc]#[0xdf][0x14]i1[0x13][0x99][0x8e]!8[0xc4]D[0xc8]7[0x88]B[0x83][0xcc][0xf0][0xa4][0xb0]Me[0x8a]4[0xd2]B[0x85][0xd9]7S[\n]"
15:53:19.066 [main] DEBUG org.apache.http.wire -  << "[0xaf][0x9]66EZ[0xfa]DN1jJ[0xe9][0xe6]=S[0xa4][0xa1][0x1c][0xf2][0x12][0x5][0xd2][0x80][0xe][0x99][0x6] R[0x15]E[0xd3][0x1f][0xa6]H[0x87][0xb0]Ph[0x10][0xa5][0xa9][0xc]i[0xd9][0x14]y[0xe9][0x1c][0xe9][0xfe][0x1b][0xf2][0x2][0x15]iP[0x89]L[0x3][0x10][0x95][0x1b][0x99][0x6]PZ[0xf4][0x11][0x1e]F"P[0xda] [0xed][0x89]$}+[0x8a])[0xd2][0xb8]TA[0xb1]![0x89]}7S[0xa4][0xe5]Vd[0x6][0x1f]"[\r][0xe2]0[0x0][0xb9][0xa6]CZ[0x1a][0x85]C5[0x81][0xb0]BZ[0x1a][0x85][0xc3][0x0]d[0xeb][0x8][0xf]J[0x11][0xb2][0xe][0xd1]&N[0xcb][0xcc][0xc9]UH[0xcc]K[0xcc][0x6][0x13][0x18][0xe1][0x9c][0x9b]Z[0x9c][0x9d]YP[0x9a][0xa7][0x80][0xaa]NG![0xbf][0xa8][0xa4]T!#[0xb1][0xa8][0xb4]X[0xa1]$[0xb5]$[0xb1]@!%1[0xb7] 3/=S[0x1]y[0x19][0xb4])[0xa5]#b[0xa6]$[0x8d][0x88][0x99]"[0xed][0xd6]Du0[0xf5]=[0x86][0xe8][0xae][0xe1][0x88]1Bq[0x80]h@[0xe3]0[0x0]9[0xca][0x91]F[0xce]h[0xec]1[0xa4]!6Z[0xdb]D[0xb7]T[0x88][0xb4]h[\n]"
15:53:19.066 [main] DEBUG org.apache.http.wire -  << "GX[0x13][0x88],[0xa4][0x9b][0x88]p[0x18][0x80][0x12]Y[0x4][0xb][0xf]B[0xd6][0x11]L\[0xc8][0xd6]![0xad]A[0xc2][0xe1]8[0x2][0xd6]![\r]\[0xe2]0[0x0][0xc5]:D[0xb4][0xe1]PM[0xc8]:[0x82][0xbd]g[0x14][0xeb][0x10][0x8d]V[0x1a][0xa7]G[0xa4][0xf1]PZ[0xdb]D0~[0x9][0x5]![0xc1][0xc2][0x83][0x80][0x1]Hk[0x96]h[0xec]W[0xa4]-[0xa1][0xb4][0xb6][0x9][0xd1][0xe4][0xa1][0xb5]M[0x88],@[0x8d]n[0xc][0xd2][0xf6]S[0xf2]r[0x94][0x19][0xa2][\r]O[0xa6][0x1][0x88]L[0x86][0xc3][0x0][0xe4],[0x89]42N[0xeb][0x80][0xa6]4[0x9d]#[0x8d][0x97][0x13][0xe1]1[0xa4][0xb1]m[0x1a]{[0xc]i[0xad][0x18][0xad]m"X[0xda][0x12](*[0x90][0x86][0xdb][0x89][0x9]BJ[0xeb]>[0xa4]UiDX[0x87]4f[0x8d]C5h^[0x13][0xb4][0xd7][0x6]q[0x12][0x82])[0xd2][0xa0]4[0x15][0xef][0x18]0E:&[0x8c][0xaa][0xc6]"[\n]"
15:53:19.066 [main] DEBUG org.apache.http.wire -  << "[0x1b][0x1c]^$[0x10][0x81][0x84]7[0xde][0x12]2[0x0]Q[0xbc]P[0xd5]c[0x4][0xb][0x1d]B[0xee]B[0xa4]5[0x1a]g"[0xa4][0xe1]r2[0xe3][0x80][0xd2][0x82][0xc]i[0xb8][0x9c]<[0x17] [0x9f][0xbb]V[0x94]X[0x96][0x9a][0x93]Z[0x84][0xd1])[0xf2]IL[0xca]/JUH[0xce][0xcf]+N-,M,)-R[0xc8][0xcb]/.)*[0xcd]U(-Q(,[0xcd]TH[0xcd][0xcb][0xcc]UHLN.-N[0x4][0xdd][0x12][0x96]Z\[0x8c]r[0xec][0xa8])[0xe1]Uw[0x4][0xe2][0x94][0xf0][0x98]:rM[0x84]4[0xfe]M[0xe3][0x14][0x80][0xb4][0x17][0x99][0xcc][0xf0]G$V[0x1c][0x6][0xa0]x[0xc][0x91]^([0xf0][0x18][0x0][0x0][0x0][0xff][0xff]"
15:53:19.066 [main] DEBUG org.apache.http.wire -  << "[\r][\n]"
15:53:19.067 [main] DEBUG org.apache.http.wire -  << "8E6[\r][\n]"
15:53:19.067 [main] DEBUG org.apache.http.wire -  << ""[0xa2][0x87]n[0x86]4JOk[0x9b][0x10]cZ[0x8e][0xc9][0xc9][0xa9][0xc5][0xc5][0xf9]E[0xd8]6[0x8a][0x96][0xe4]+[0xa4][0xe6]e$[0xe6]%[0xa7]*$[0x16][0x14][0xa4]&[0x16][0x81][0x98]Hac[0x86][0xb4][0x19][0x99][0xd6].F[0x14][0xbd][0x94][0xb9][0x18]Q[0x7][0x93]5 i[0x86][0xb4][0xeb][0x98][0xd6]^F$SZ[0xdb][0x84][0xe8][0x4][0xd1][0xda]&Df"/[0xf8])][0xb1]i[0x86]4[0xcc]O[0xa6][0xb](MAH[0xa7][0xab][0x93][0xe9][0x2]DmM[0xe3][0xe8]BZ[0x1a]J[0xa6]S[0x11])[0xb]b[0x0][0xa9][0xe3][0xc7]fH[0x13][0x0][0x10][0x13]0[0xaa]J[0xfc][0x8b]1[0xcc][0x90]&[0x0][0xc8]4[0x0][0xd1][0x99][0xc5]Q][0xe0][0xaf]H[0xcd][0x8][0x8f][0xdf]#[0x97][0xa9]H[0xc3][0xed]4[0x8e]][0xa4][0xa1]yZ[0xdb][0x84]([0xca](*[0xbd][0x91]vN[0x93][0x19][0x15][0x88][0xf2][0x7][0x87][0x1][0xc8]Q[0x81][0xb4]f[0x95][0xc6][0x1][0x84]4[0x8f]@k[0x9b][0x10][0x15])[0xad]mB[0x14][0x94][0xb4][0xb6][0x9][0xd1]+[0xa2][0xb5]M[0x88][0xa2]7 [0xb5][0xa8]83[0x11]s[0x9][0x82]n^f[0xb1]BQ*[0xa8]a[0x9e][0x97][0x92][0x98][0xaa][0x90]YZ[0x94][0xaa][0x90][0x97]Y[0x9c][0x9]n[0xb6]'[0x96][0x82]n[\n]"
15:53:19.067 [main] DEBUG org.apache.http.wire -  << "[0x80]^[0x1a]P[0x8c][0xbc],[0xc1][0x8c]nS&fH[0x8b][0x8d]i[0x1d]`[0x88][0xc][0x17][0x92][0x98][0x97][0x9e][0x9a][0x93][0x88]Q~[0x83][0xbb]:[0xa5][0xb9][\n]"
15:53:19.067 [main] DEBUG org.apache.http.wire -  << ")[0xf9]9[0xf9]E[0xa9][0xc5][\n]"
15:53:19.067 [main] DEBUG org.apache.http.wire -  << "[0xc5][0xa5]y%[\n]"
15:53:19.067 [main] DEBUG org.apache.http.wire -  << "[0x99]y[\n]"
15:53:19.067 [main] DEBUG org.apache.http.wire -  << "[0xa9][0x15][0xa9]E[0xc9][0x99]%[0xe0][0xb3],RsQB[\n]"
15:53:19.067 [main] DEBUG org.apache.http.wire -  << "i[0xf9]3[0x8d][0xdd][0x8f]4[0xdb]C^[0xed][0x81][0xb4][0xe9][0x9c]L[0x3][0xe8][0x96][0x8d][0x90][0xa6]Vh[0x1d][0xaa][0x88]lDk[0x9b][0x10]5[0xf][0xad]mB4upT-[0x4][0x9a][0x9]&[0x88][0xac][0x82][0xc3][0x0][0xe4][0xba][0x89][0xf0]L[0x11][0x1][0xeb][0x90][0x96][0xb8][0x13]c[0x1d]"[0x15][0xe2]PM[0xc8]:D[0x19][0x8d][0xc3][0x0][0x14][0xdf][0xd1]-[0xda][0x90][0xb6][0xa1][0xd3]8[0x81] ][0xc4]Ac[0x9b][0x90][0x96][0xe7][0xe3][0x8]k[0x2][0x91]E[0xb7]9)3[0xa4]9)[0xf2][0x8a]G[0xa4][0xbd][0xc]d[0xfa][0x95]ne[0x11][0xd2][0xe8]/y~[0xa5]t[0xad][0xb2][0x19][0xd2] [0x1d]Y[[0xfc][0xcd][0x90][0xd6][0xad][0xd2]8[\r]#][0xdd]NV`[0x99]#[0x8d][0xa6][0x91]i[0x0]b[0x90][0x8c][0x9c][0x15][0x89][0xe6]H+V[0xc9]t[0x0][0xa2][0xcc]%+[0xb6][0xcc][0x91][0xd6]x[0x92][0xe7][0x2][0xa4]E[0x99]de.s[0xa4][0xe1][0x1a][0x8a]V"[0x9a][0x11][0x9e][0x98]E[0xae]>[0x90]f[0xf][0xc9][0xf2][0xb8][0x19][0xd2][0xa4] [0x99][0x6] [0xe2][0x8e]L[0x3][0x10][0xf5]%[0x99][0x6] [0xca]52[\r]@[0xd4][0xc1]d[0x1a][0x80]h[0x11][0x91]i[0x0][0xa2]ED[0x9e][0x1]Hs[0x92]d[0x1a]@Y[0x19]`f[0x81][0xe8]m[0x93][0x95][0x81][0xcc](=|[0xd7][0xc][0xe9][0xf0]]*,[0x90]0C[0x9a]~[0xa3]q[0x5][0x80]t[0xd5]*yAGx[0x9e][0xe][0xb9][0xc8]@[0x9a].#/[0xa9] M[0x97][0x91]S][0x98]![0xed][0xe8][0xa0]m[0xc8][0x9a]#Ma[0x90][0xe5]Us[0x3][\n]"
15:53:19.067 [main] DEBUG org.apache.http.wire -  << "K[0x6]sJ[0x17][0xeb][0x9b]#[0x8d][0xe2][0x93][0x95]8[0xcc])][0xac]o[0x8e]4[0x8a]O[0xa6][0xb][0x10][0xe5]3[0xe][0x3][0x90][0x92][0xa7]9[0xd2]Bz*dcs[0xa4]Qu[0x1c][0x96][0xe3][0xef]![0x98]#[0x8d][0xaa][0xe3]0[0x0][0xd9][0xf5]F[0x88]!t*.[0G[0x1a]X'[0xf5][0xe4]"s[0xa4]5[0xf1][0xa4][0xeb][0xa5][0xb0]n6G[0x1a]y'[0xa7][0xac]0G[0x1a][0x7]'[0xaf]eHx[0x95];[0x81][0xf8]G[0x1a][0x1a]'"[0xfe][0x91].[0xf]"[0xd3][0xbd][0x88][0x10][0xa7]q[0xe1][0x88]tM[0x11][0xe][0x8f][0x11][\n]"
15:53:19.067 [main] DEBUG org.apache.http.wire -  << "[0x19]D[0xe1][0x88][0xc3][0x0][0xe4][0x9c][0x81]t~&[0x8d]=[0x86]4fJ^[0xa9]O[0xe9]H[0xa6]9[0xd2][0xf8]"[0xe][0x17]$[0x16][0xa7] [0x7][0xe][0xe1]S#PTS[0xd8][0xdc]4GZ[0xbd]M[0x9c][0xfb][0x90][0xc6][0xe0] [0x1a]t[0xb]1F[0xb7][0xf1][0xcf]N[0x9a]#[0x8d][0xc2]A[0x8c] [0xd9][0x0]D[0xb][0x13]b[0x80].[0xe6][0x94][0x4]!7P[0xd8]W1[0xa7][0xf4][0xd8]Is[0xa4]c'q[0xe4][0x19][0x2][0x99][0xe]i[0xc1]8[0xe][0x3][0x90]S[\n]"
15:53:19.067 [main] DEBUG org.apache.http.wire -  << "[0xd2]H[0x1c]$[0xcc]H[\r]tJG[0xad][0xcc][0x91]F[0xad][0xc8]t[0x1]z[0xb4][0x93][0xec][0x5]J#[0x1d]i[0xa5]3[0x99]^@4[0x80][0xc8]4[0x0]Q[0xd2][0x92]i[0x0][0xa5]%[0x6][0xa5][0x87][0x88][0x98]#-[0x8a]&[0xcf][0xb][0x94][0x8e]t[0x98]#[0x8d]t[0xe0][0xc8]9[0x4][0xb2][0x1e][0xd2][0xb9]"dz[0x1]Q[0xb7][0x93][0xe9][0x2]J[0x13][0x12][0xd2]!"d[0xba][0x80][0xd2][0x84][0x84]tb[0x8]y.[0xa0]t[0xa4][0xc3][0x1c]i%6[0x99].@[0xb4][0xf1][0xc9]K[0x7]Hc%[0x1e][0x99][0x5][\n]"
15:53:19.067 [main] DEBUG org.apache.http.wire -  << "[0x1e][0xf9][0x5]X[0xcb][0xb4][0xdc][0xd4][0xa2][0xe4][0xc]lg[0x91][0x9b]#[0x8d][0xaf][0x93][0xe9][0x5]DJ$[0xd3][0xb][0x88][0x12][0x89]L[0x17]P[0x9a][0x90]([0x1d]51G[0x1a]5!/[0xc][0x90]W7'[0xe6][0x82][0xd6][0xfb][0xeb]([0xb9][0xa4][0x16]'[0x17]e[0x16][0x80][0xee]VQ[0xb2]R"P[0xa0]P:[0x12]c[0x8e]4[0x12]C^, [0x1d][0x6]Bf[0x18] [0x12][0x12][0x99].@[0x14]i8[0xc]@n[0xcf] [\r][0x1d][0x91][0xe9]^[0xc4]@[0xab]OfN[0xa5]B@~I[0x9][0x96]E[0xe9]A[0x89]e[0xa9]y[0xc9]9[0x89][0xe5]H[0x96][ [0xcd][0xb3][0xe0]p*[0xfe][0xf8][0xb6]@:[[0x4][0x87][0x1]([0xd6]Q[0xd8][0xf0][0xb1][0xa0]t[0xf4][0xcb][0x82][0xd2][0xa3].,[0x90]F[0xbf](9[0x9f][0xd2][0x2]i[0x10][0x8c]2s(l[\n]"
15:53:19.068 [main] DEBUG org.apache.http.wire -  << "Z [0x8d][0x85]Q[0xe6][0x10]D[0xaa][0xa7][0xcc][0x1c][0xa4]b[0xd8][0xd1][0xd7][0xd3][0xcf][0x1d][0xa3]"q[0xf3][0xf]Rp[\r]s[\r][0x8a][0xf4][0xf7]sEN]HG[0x87][0x92][0x95][0x93],[0x90]F[0xba][0xc8]4[0x0]QtP[0xb2]T[0xd2][0x2][0xe9][0x96][0x1a][0x8a][0xcc]A[0x1a]x[0xf4]--[0xce]L[0xc6][0x8]JP[0xe7][0x12]g[0x9d]l[0x81]4[0xd0]hhd[0xac]@[0x8e][0x11]HC[0x8d] #[0x12][0xb3]0[0x97][0x90][0xe1]w[0x3][0xd2]h[0x19]EA[0x81]t[0xb6][0x4]yq[0x8b]4hF[0xa6][0x1][0x14][0xb6][0xb1],[0x90][0x6][0xe2][0xc8]t[0x1][0xa5]e[0x5][0xd2])[0x12]d[0xba][0x0]QH[0x90]i[0x0][0xa2][0xb2][0x83][0x18][0xa0]k[0x86]5QC$[0xb1][0xb5]4-([0x1d]K[0xb3][0xa0]tY[0xa1][0x5][0xc6]`[0x9c].[0xe6]e[0x92][0xa0]\[0x81][0xcf][0x13][0x94]F%[0xd2]x[0x1e][0x8e][0x8a][0x1b]s[0xc7][0xa7][0x5][0xe1]1=B[0xce]F*[0xdc][0xb1][0xb7]/[0xb1][0xd9]Ja[0xbb][0xda][0x2]iq[0x1e]$HIM2[0x84][0x7][0x17][0x9][0xf8][0x1b]i[0xb0][0x91][0xf8][0xd0][0xa6]tx[0xd1][0x2][0xe9][0xfe][0x19]2[0xfd]Mi*C[0x1a]\$g[0xae][0xc4][0x2]ih[0x90]L[0x1f] [0xd2][0xe]Y[0xe]@^L[0x97]_[0x4][0xbd]eK[0xc1][0x8]k[0x2]*(-*[0xc8]/N-Fn[0x93] [\r]6"%[0x11][0x12][0xf4]SZiP[0xba][0x9c][0xd0][0x82][0xa4][0xc5];[0x16]H[0xf7][0xd0][0x90]x[0xa6][0xbe][0x5][0xd2][0xed][0xdf]8[0xf2][0x8][0x81][0xbe][0x8][0xd2]y[\n]"
15:53:19.068 [main] DEBUG org.apache.http.wire -  << "8[0xc]@[0x8e][0x19]JG[0xef],(=[0x2][0xd8][0x2]i[0xf8][0x8f][0x18][0xf7]R[0x9a][0x17][0x91][0xe]  //[0x99]SZy#[\r][0x94]A\[0xa0][0x8b][0xbd]E[\n]"
15:53:19.068 [main] DEBUG org.apache.http.wire -  << "[0x91][0xc4]Zy#[\r][0x95]Q[0xd4][0xcb]@[0x1a]1[0xa3][0xcc][0x1c]D[0xfe][0xa4][0xcc][0x1c]D[0xcf][0x98]2s[0x10][0xa9][0x84]2s[0x10]=[0x19][0xca][0xcc]A[0xa4][0x19][0x1c]i[0x9c]@[0xa6]FZ[0x2][0x5]I[0x16]X[0x8b]^[0x88][0x14][0xf6][0x14][0x83][0xa8][0x1][0xc8]t[0x1]z[0x93][0x93]T[0x17] [0x8d][0xca][0x91][0xe7][0x2][0xa4]Q9[0x88]GIv[0x1]"[0x95][0x92][0xe9][0x2]D[0xf2]$[0xd3][0x5][0x88]tI[0xa6][0x1][0x88][0x4]I[0xa6][0x17][0x10])[0x91]L[0x17][0x10]l[0xbb][0x12]H[0xca][0x94][0x8e][0xf4]YP[0xba][0xac][0xda][0x12]i[0xb8][0x8f][0xac]0[0xb0]D[0x1a][0xee][0xa3][0xa4]7n[0x89]t[0xf6][0x0][0x99][0xe][0xa1]0AZ"[0x1d]#L[0xdb][0xb5][0x1b][0x96][0x6][0x88][0x94]K[0xa6]_)L[0xb9][0x96]HK[0xfe]p[0xe4][0x1d][0xcc]^[0x97]%[0xd2][0xfa]s*,Z[0xb3][0xa4]t[0xe0][0xd5][0x92][0xd2][0xe5][0xec][0x96]H[0xcb][0xd9]q[0x84][0x2]R[0xf3][0xd0][0x12]i|[0x96][0xc6][0xe9][0x83][0xf0]jF,[0xb1][0x83]4jK[0xad][0xe3][0xf8]-[0x91]N[0x1e][0xa6][0xa4][0xce][0xb7]D:x[0x80]2s[0x10]57y[0x19][0x7]i[0xfc][0x92]<[0x3]([0x1d]Q[0xb6][0xa4]tD[0xd9][0x12]i[0x95]$[0x99]^[0xa0][0xb0][0xe2][0xb5]D:[0xd2][0x80]L[0x17] [0xea]M2[\r][0xa0]4[0x1d] -[0x98]$[0xcf][0x5][0x94][0x8e][0xfd]Z"[0x1d][0x11]@[0xd1]V[0x1a]K[0xa4]1`[\n]"
15:53:19.068 [main] DEBUG org.apache.http.wire -  << "[\r][0xa2]4] mx[0x87][0x4][0xaa]n>[0x89][0xcd]RK[0xa4][0x9d][0xec][0x10]#H6[0x80][0xc2][0xa6][0xb9]%[0xd2])[0xbd][0xe4][0xb9][0x0]c([0x97]T/ [0x9d][0xa9]K[0xa6][0xb](m^P:[0xa8]kI[0xf8]z/[0xa4][0xa1]/,[0x83]d[0x96]&[0x88][0xc][0x8e][0xa3]f[0xc6][0xdf][0xb2][0xb6]D[0x1a][0xe0][0xc5]a[0x0]r[0xd5][0x8e]4[0x18]K^[0x90]#[\r][0xcc][0xe2][0xb0][0x8e][0x80]{[0x91][0x6]fq[0x18][0x80][0xe2]^D[0xc][0xbb][0x17]%[0x16]dd&+[0xb8][0xa4][0x16]g[0xa6]c[0xae][0x15]-H[0xcc][0xcc][0x3][0xcd][0xfd]#[0xe]i[0xb4]D[0x1a]A[\r])J[0xcc]+.[0xc8]/[0x82][0x9c][0xca][0x90][0xae][0xa0][0xaf][0x10]RT[0x9a][0x9c][0x9d][0x99][0x7]b[0x6]%f[0xe6][0x14][0xe5]'[0xa6]`[0xa4][0xdf][0x82][0xfc][0xe2][0x92][0xdc][0xc4]<[0x14][0x7]![0xe2][0xcb]9?[0x17]4[0x98][0x99][0x98][0xa3][0x10][0x94][0x9a][0x98][0xa3][0xe0]Z\[0x92]X[0x92][0x8a]aHJfjIf2[0xe8][0xc4][\r]$[0xa7]![0x8d][0xad][0x6][0xa4][0x16][0xa5][0xe5][0x17][0x81][0x16][0x9c](8[0x16][0x95][0x14]c[0xe8][0x7]{[0xab][0xa0]([0x15][0xcd]sH[0xa3][0xab][0x1][0x89][0xc9][0xd9][0x89][0xe9][0xa9][\n]"
15:53:19.068 [main] DEBUG org.apache.http.wire -  << "[0xfa][\n]"
15:53:19.068 [main] DEBUG org.apache.http.wire -  << "nE[0xa9][0x99][0xe9][0x19]%[\n]"
15:53:19.068 [main] DEBUG org.apache.http.wire -  << ".[0xa9]9[0x99]e[0xa9]E[0x95][0x18][0x86]e[0x94][0xe6]&[0xe6])[0x14][0xa5][0x16][0xe7][0x97][0x16]%[0xa3][0xc][0xd7]Z"[0x8d][0x96][0x86]g[0x16][0xa5][0xe6][0xa4][0x16]c[0xba]%[0xbf][0x0][0x8b]W(-M[0x91][0x16]d[0x6][0x17][0x96]f[0x16][0x95][0xe4]`[0x6][0xa2]gqI[0xaa]Bbi[0x89]B^fFf[0x8e]BjEANfrbR[0xbe]BAjQZjQj^J&[0xe8][0x14][0xf9][0xdc][0x82][0xfc]"[0x94][0xd3][0x4]-[0x91][0x6]ei[0xdc][0x96]E[0x1a][0xc3][0xa5][0xb5]M[0x88]4H[0xb5][0x6]0[0xd2][0x8a][0xd0][0x80][0xc4][0xa2][0xc4][0xe2][0xd4]d[0xcc]y[0xb9][0xe0][0xc4][0x82][0xcc][0xd4][0xbc][0x92]T[0x85][0xcc][0x9c][0x9c]|[0x85]|[0xf0]y1[0xc9][0xa5][0x5][0x99])[0x99]%[0x89][0x0][0x0][0x0][0x0][0xff][0xff]"
15:53:19.068 [main] DEBUG org.apache.http.wire -  << "[\r][\n]"
15:53:19.068 [main] DEBUG org.apache.http.wire -  << "D[\r][\n]"
15:53:19.068 [main] DEBUG org.apache.http.wire -  << "*A[\r]v[0xa4][0x11][0xe6][0x90][0xd4][0xbc][0x92][0xc4][0xe4]"
15:53:19.068 [main] DEBUG org.apache.http.wire -  << "[\r][\n]"
15:53:19.069 [main] DEBUG org.apache.http.wire -  << "323[\r][\n]"
15:53:19.069 [main] DEBUG org.apache.http.wire -  << "[0xfc][0xfc][0x1c][0x8c][0xc4][0xe8]YP[0x9c][0xa8][0x90][0x3]90[0x12]L[0x95][0xe6]*[0xe4][0xa5][0x82][0x8e][0xf5][0x3][0x19][0x98][0x99]T[0x8a]r[0xcc][0x8c]%[0xd2][0xa0][0xb3]/[0xe8][0xbe][0x80]|[0xcc][0xc][0xeb][0x99][0x7]:e[0x12][0xf9][0xf0][0xc9][0xcc][0xbc][0xb2][0xd4][0xbc][0x12][0xc8][0x91][0x94]EE[0xa5][0x5]%[0x99][0xd0][0xb3]'[0xf3]J2KQ[0xe]g[0xb1]D[0x1a][0x93]&[0xaf]lDZ[0x92]J[0xe3][0x14]@[0xe9][0xda]UKJ[0x7][0xc4]-[0x91][0x96][0x9e]:[0x16][0x95]d&[0x97][0xe6]a6[0x81]\K[0x14]Jsr[0x12]s[0x15]R+[0x92]S[0xb]JJ[0x8b]2[0x15][0x92]Ks[\n]"
15:53:19.069 [main] DEBUG org.apache.http.wire -  << "[0x12][0x91][0x8f][0xc4][0xb1]D:[0xac][0xd7]7[0xb1]([0xbf]<1[0x1b]#[0x9d][0x84][0xa4][0x82][0xf2]u"(ja[0xe7][0xf])[0xa4][0x96][0xe6]*[0xc0]9E[0xa9][0x99][0xc9][0x99][0x90]2 '[0xb1]4%[0x11]K[0xdc]R[0xda]ZB[0x1a]|'/q [0x8d][0xba][0x93]i[0x0][0xa5][0xc3]>H[0xcb]L[0x9][0xd5]9I[0xa5]%[0xc9][0x19][0xa9]E[0xc8][0x15][0x1f][0xd2][0x19][0xe]N[0x89]y[0xa0][0x9a][0x13]#[0x9e]RsR[0x93]K[0x8a]0[0xea]:[0xa4]a[0xec][0x90][0xfc][0xa4][0xc4][0xe4]d[0xcc][0x94][0x92][0x94][0x9f][0x9f][0x9d][0x9d][0x9a]Z[0x80]f%[0xa2][0x9c][0xcb][0xcb][0x87][0xce]?bX[0x9a][0x97]_[0xa2][0x0]jca[0x1b][0x0][0xb7]DZUJ[0xa6][0x9]H[0x3][0xd8]~[0x4][0xdd][0x80][0xad][0x81][0x87]4[0x80]M[0xa6][0x1][0x88][0x1]l[0xf2][0x12][0xe][0xa5][0xe3][0xcf][0x96]H[0x7][0xd7][0x92][0xe9][0x2]DD[0x92]c[0x80][0x89][0x1][0x85][0x83][0xb7]&[0x6][0x14][0xe][0xba][0x9a][0x18] [0x8d][0x99][0x92][0xe9][0x5][0xca]F2M[0xc][0x90][0x6]%[0xc9]s[0x1][0xd2]("[0x99][0x6]P[0x96][0x12]M[0xc][0x90][0x86][0xfb][0xc8]t[0x1][0xa5][0x81][0x88][0xb4]*[0x90]<[0x17]P8,fb[0x80][0xb4][0x97]L[0x17]P6[0xa6]db@[0xe1][0x90][0x90][0x89][0x1][0xd2]@[0xc]y^@[0xba][0xd2][0x9]TtC[0xc]Q0[0xc2]\[0x1a]R[0x90][0x93]X[0xa9][0x90][0x91]X[0xac][0x90][0x97][0xaf][0x90][0x93][0x99][0x9b]Y[0x82][0xb4][0xc0][0xc4][0xc4][0x80][0xc2]%y&[0x6][0xc8]{f[0xf3]sRs1*[0x17][0x17]p[0x95]VZ[0xc]kj[0x94][0x94][0xe6][0x82][0xe]CLT(.-N[0xce],[0xc8],Aj[0xca][0x98][0x18] [\r][0xb][0x85][0xa5][0xe6][0xe5][0xe7]%b6[0xa1]][0xf3][0x8b]A[0x6][0x80]:0[0xa9][0xa0]f3[0xdc]`PkW[0xa1]([0xb5][0xa0]4%3[0x11]|[0xfa]"[0xb4]qS[0x92][0xaa]P[\n]"
15:53:19.069 [main] DEBUG org.apache.http.wire -  << "[0xba][0x1b][0xb2]85[0x5][0xd5].J[0x8b]T[0xa4][\r][0xbc][0x90][0xf0][0xc7][0xf0]<R[0xd4]`Vl&[0x6]Hk[0x9][0x9d]Rsr[0x8a][0xb][0x8a][0xf2]K1=[0x1c][0x84]h[0x9a]A:[0xc][0xc5][0x99][0xb9][0x99]9[0x99][0x85][0xa5][0xa9][\n]"
15:53:19.069 [main] DEBUG org.apache.http.wire -  << "[0x5][0x89]E[0x99][0xa0][0x3][0xe2]Q[0xfc][0x85][0xb4][0xc0][0xd0]5;1[0xf][0xb3][0xb][0x1a]X[0x9a][0x9f][0xa2]PX[0x9a]X[0x9c][0xa9][0x90][0x9a][0xa8][0x0]o[0xde][0xa3][0x1a][0x82]([0xa8]<2Kr[0xf3][0xf3]rR1[0xbb][0x94][0xae]e[0xa9]y[0x99][0xa9]%[\n]"
15:53:19.069 [main] DEBUG org.apache.http.wire -  << "[0xc5][0x99]%[0xa0][0x80]O[0xcd][0xc9]I[0xcd]K[0x1]Euj[0xe],V[0x8a][0x91]Z[0xae][0x99][0xa5][0xc5]([0xb7]q[0x9a][0x18]P8|eb[0x80][0xb4][0xe][0x91][0xe4][0xb][0xea]L[0xc]([0x1c][0xbb]21[0xa0]p[0xec][0xca][0xc4][0x0]i[0xec][0x8a][0xcc]$DY[0xab][0xdc][0xc4][0x80][0xc2][0xc5][0x89]&[0x6][0x14][0x8e][0x87][0x99][0x18] [0x8d][0x87][0x91][0x17][0x6][0xa6][0x94]5[0xeb]M[0xc]L)[0x1b]11@[0xda][0xc4]L[0xa6][0x17][0x88]-[0x8b][0xc0][0x83]\[0xd8][0xca][0x12][0xa4][0x8d][0xcd]8[0x6][0x5][0xf1][0x8e]*[0x9a][0x18] [0x8d][0xa7][0xe1]0[0x0][0xd1][0x97]11@[0xda][0xc5][0x8c]C5![0xeb][0x10][0x91][0x86][0xc3][0x0][0xa5][0xda][0xd8]Z.[0x0][0x0][0x0][0x0][0xff][0xff]"
15:53:19.069 [main] DEBUG org.apache.http.wire -  << "[\r][\n]"
15:53:19.069 [main] DEBUG org.apache.http.wire -  << "A[\r][\n]"
15:53:19.070 [main] DEBUG org.apache.http.wire -  << "[0x3][0x0][0xf8]q[0xea][0xf3][0x1a]![0x1][0x0]"
15:53:19.070 [main] DEBUG org.apache.http.wire -  << "[\r][\n]"
15:53:19.070 [main] DEBUG org.apache.http.wire -  << "0[\r][\n]"
15:53:19.071 [main] DEBUG org.apache.http.wire -  << "[\r][\n]"
15:53:19.071 [main] DEBUG io.restassured.internal.RestAssuredHttpBuilder - Parsed data to instance of: class org.apache.http.conn.EofSensorInputStream
15:53:19.074 [main] DEBUG org.apache.http.impl.conn.BasicClientConnectionManager - Releasing connection org.apache.http.impl.conn.ManagedClientConnectionImpl@a302f30
15:53:19.074 [main] DEBUG org.apache.http.impl.conn.BasicClientConnectionManager - Connection can be kept alive indefinitely
15:53:19.246 [main] DEBUG net.thucydides.core.steps.StepInterceptor - STEP DONE: I send GET HTTP request categories
  &amp#27;[32mWhen &amp#27;[0m&amp#27;[32mI send GET HTTP request categories&amp#27;[0m                &amp#27;[90m# starter.stepdefinitions.CategoriesSteps.sentGetHttpRequestCategories()&amp#27;[0m
15:53:19.266 [main] DEBUG net.thucydides.core.steps.StepInterceptor - STARTING STEP: CategoriesSteps.receiveValidHttp200Categories - I receive valid HTTP response code 200 categories
15:53:19.267 [main] DEBUG net.thucydides.core.steps.StepInterceptor - STEP DONE: I receive valid HTTP response code 200 categories
  &amp#27;[32mThen &amp#27;[0m&amp#27;[32mI receive valid HTTP response code 200 categories&amp#27;[0m &amp#27;[90m# starter.stepdefinitions.CategoriesSteps.receiveValidHttp200Categories()&amp#27;[0m
15:53:19.273 [main] INFO  - 
  _____   ___   ___   _____     ___     _     ___   ___   ___   ___  
 |_   _| | __| / __| |_   _|   | _ \   /_\   / __| / __| | __| |   \ 
   | |   | _|  \__ \   | |     |  _/  / _ \  \__ \ \__ \ | _|  | |) |
   |_|   |___| |___/   |_|     |_|   /_/ \_\ |___/ |___/ |___| |___/ 

GET - Get list all categories
----------------------------------------------------------------------
]]></system-out>
  </testcase>
  <testcase name="GET - Get categories by ID" classname="Categories" time="0.491">
    <system-out><![CDATA[
Scenario: GET - Get categories by ID                     &amp#27;[90m# src/test/resources/features/4. Categories.feature:27&amp#27;[0m
15:53:19.301 [main] DEBUG io.cucumber.core.plugin.SerenityReporter - Running feature from file:///D:/download/API_Minpro%20(1)/APIMinpro/API/minpro/src/test/resources/features/4.%20Categories.feature
15:53:19.338 [main] INFO  - 
  _____   ___   ___   _____     ___   _____     _     ___   _____   ___   ___  
 |_   _| | __| / __| |_   _|   / __| |_   _|   /_\   | _ \ |_   _| | __| |   \ 
   | |   | _|  \__ \   | |     \__ \   | |    / _ \  |   /   | |   | _|  | |) |
   |_|   |___| |___/   |_|     |___/   |_|   /_/ \_\ |_|_\   |_|   |___| |___/ 

GET - Get categories by ID(categories;get---get-categories-by-id)
--------------------------------------------------------------------------------
15:53:19.359 [main] DEBUG net.thucydides.core.steps.StepInterceptor - STARTING STEP: CategoriesSteps.setGetApiEndpoints - I set GET api endpoints categories
15:53:19.360 [main] DEBUG net.thucydides.core.steps.StepInterceptor - STEP DONE: I set GET api endpoints categories
  &amp#27;[32mGiven &amp#27;[0m&amp#27;[32mI set GET api endpoints categories&amp#27;[0m               &amp#27;[90m# starter.stepdefinitions.CategoriesSteps.setGetApiEndpoints()&amp#27;[0m
15:53:19.377 [main] DEBUG net.thucydides.core.steps.StepInterceptor - STARTING STEP: CategoriesSteps.sendGetHttpRequestCategories2 - I send GET HTTP request categories2
15:53:19.382 [main] DEBUG net.thucydides.core.steps.StepInterceptor - STARTING STEP: Categories.sendGetHttpRequestCategories2 - I set GET api endpoints categories
15:53:19.383 [main] DEBUG net.thucydides.core.steps.StepInterceptor - STEP DONE: I set GET api endpoints categories
15:53:19.403 [main] DEBUG org.apache.http.impl.conn.BasicClientConnectionManager - Get connection for route {s}->https://altashop-api.fly.dev:443
15:53:19.403 [main] DEBUG org.apache.http.impl.conn.DefaultClientConnectionOperator - Connecting to altashop-api.fly.dev:443
15:53:19.582 [main] DEBUG org.apache.http.client.protocol.RequestAddCookies - CookieSpec selected: ignoreCookies
15:53:19.582 [main] DEBUG org.apache.http.client.protocol.RequestAuthCache - Auth cache not set in the context
15:53:19.582 [main] DEBUG org.apache.http.client.protocol.RequestTargetAuthentication - Target auth state: UNCHALLENGED
15:53:19.582 [main] DEBUG org.apache.http.client.protocol.RequestProxyAuthentication - Proxy auth state: UNCHALLENGED
15:53:19.582 [main] DEBUG org.apache.http.impl.client.DefaultHttpClient - Attempt 1 to execute request
15:53:19.582 [main] DEBUG org.apache.http.impl.conn.DefaultClientConnection - Sending request: GET /api/categories HTTP/1.1
15:53:19.582 [main] DEBUG org.apache.http.wire -  >> "GET /api/categories HTTP/1.1[\r][\n]"
15:53:19.582 [main] DEBUG org.apache.http.wire -  >> "Accept: */*[\r][\n]"
15:53:19.582 [main] DEBUG org.apache.http.wire -  >> "Host: altashop-api.fly.dev[\r][\n]"
15:53:19.582 [main] DEBUG org.apache.http.wire -  >> "Connection: Keep-Alive[\r][\n]"
15:53:19.582 [main] DEBUG org.apache.http.wire -  >> "User-Agent: Apache-HttpClient/4.5.13 (Java/19.0.2)[\r][\n]"
15:53:19.582 [main] DEBUG org.apache.http.wire -  >> "Accept-Encoding: gzip,deflate[\r][\n]"
15:53:19.582 [main] DEBUG org.apache.http.wire -  >> "[\r][\n]"
15:53:19.583 [main] DEBUG org.apache.http.headers - >> GET /api/categories HTTP/1.1
15:53:19.583 [main] DEBUG org.apache.http.headers - >> Accept: */*
15:53:19.583 [main] DEBUG org.apache.http.headers - >> Host: altashop-api.fly.dev
15:53:19.583 [main] DEBUG org.apache.http.headers - >> Connection: Keep-Alive
15:53:19.583 [main] DEBUG org.apache.http.headers - >> User-Agent: Apache-HttpClient/4.5.13 (Java/19.0.2)
15:53:19.583 [main] DEBUG org.apache.http.headers - >> Accept-Encoding: gzip,deflate
15:53:19.659 [main] DEBUG org.apache.http.wire -  << "HTTP/1.1 200 OK[\r][\n]"
15:53:19.660 [main] DEBUG org.apache.http.wire -  << "content-type: application/json[\r][\n]"
15:53:19.660 [main] DEBUG org.apache.http.wire -  << "date: Wed, 10 May 2023 08:53:19 GMT[\r][\n]"
15:53:19.660 [main] DEBUG org.apache.http.wire -  << "transfer-encoding: chunked[\r][\n]"
15:53:19.660 [main] DEBUG org.apache.http.wire -  << "content-encoding: gzip[\r][\n]"
15:53:19.660 [main] DEBUG org.apache.http.wire -  << "server: Fly/3f2597ca (2023-05-03)[\r][\n]"
15:53:19.660 [main] DEBUG org.apache.http.wire -  << "via: 1.1 fly.io[\r][\n]"
15:53:19.660 [main] DEBUG org.apache.http.wire -  << "fly-request-id: 01H02DTT8NR26N1FGH90S3RX9H-sin[\r][\n]"
15:53:19.660 [main] DEBUG org.apache.http.wire -  << "[\r][\n]"
15:53:19.661 [main] DEBUG org.apache.http.impl.conn.DefaultClientConnection - Receiving response: HTTP/1.1 200 OK
15:53:19.661 [main] DEBUG org.apache.http.headers - << HTTP/1.1 200 OK
15:53:19.661 [main] DEBUG org.apache.http.headers - << content-type: application/json
15:53:19.661 [main] DEBUG org.apache.http.headers - << date: Wed, 10 May 2023 08:53:19 GMT
15:53:19.661 [main] DEBUG org.apache.http.headers - << transfer-encoding: chunked
15:53:19.661 [main] DEBUG org.apache.http.headers - << content-encoding: gzip
15:53:19.661 [main] DEBUG org.apache.http.headers - << server: Fly/3f2597ca (2023-05-03)
15:53:19.661 [main] DEBUG org.apache.http.headers - << via: 1.1 fly.io
15:53:19.661 [main] DEBUG org.apache.http.headers - << fly-request-id: 01H02DTT8NR26N1FGH90S3RX9H-sin
15:53:19.662 [main] DEBUG org.apache.http.impl.client.DefaultHttpClient - Connection can be kept alive indefinitely
15:53:19.662 [main] DEBUG io.restassured.internal.RestAssuredHttpBuilder - Parsing response as: application/json
15:53:19.662 [main] DEBUG org.apache.http.wire -  << "19A[\r][\n]"
15:53:19.662 [main] DEBUG org.apache.http.wire -  << "[0x1f][0x8b][0x8][0x0][0x0][0x0][0x0][0x0][0x4][0xff][0xaa]VJI,IT[0xb2][0x8a][0xae]V[0xf2]tQ[0xb2]2425[0xb0][0xd4]Q[0xf2]K[0xcc]MU[0xb2]RRtPVQU[0xd2]QrI-N.[0xca],([0xc9][0xcc][0xcf]S[0xb2]RJ[0xcb]/RHO[0xcc][0xcd][0xcc]KW((-*[0xc8]/N-V[0xaa][0xd5][0x81][0xeb]74[0x83][0xeb][0x87][0xa8]"[0xd9][0x0]sJ[\r]@[0xf8][0x80]<[0x17][0x18][0x19]P[0xe8][0x2]##J[\r]0[0x86][0x1b][0x10][0x96]Z[0x92]Z[0x94][0x99][0x97]XT[0x89][0x11][0x90][0xa9]9[0xa9][0xc9]%E[0x99][0xc9][0x99][0x89]y[0xc8]1`d[\n]"
15:53:19.662 [main] DEBUG org.apache.http.wire -  << "[0xd7][0xec][0x9b][0xf][0x8a]4[0x85][0x80][0xcc][0xe4][0x92][0xd2][0xa2][0xd4]b[0x85][0xc4][0xbc][0x14][0x5][0xb7][0xcc][0x9c]\[0xc][0xa3]2[0x12]3[0x8b]R[0x8a]R[0x8b][0x8b]S[0x8b]P[0x8c]B[0xc4][0x85]Ginb[0x9e]BPjq~iQrj1[0x86][0x9][0xe5][0x99]y)[0xf9][0xe5][\n]"
15:53:19.662 [main] DEBUG org.apache.http.wire -  << "[0xc9]9[0xa9][0x89]yh[0x86] [0xe2][0xc3]5[0xa5]49[0x11][0xec]$[0xdf][0xc4][0xbc][0xc4][0xf4][0xd4][0xdc][0xd4][0xbc][0x12][0xc][0x93][\n]"
15:53:19.663 [main] DEBUG org.apache.http.wire -  << "[0xf2]s2[0x93]S[0x15][0xf2][0xd3][0xd2]2[0x93]QM26[0x84][0xfb],(13[0xa7](?1E[0xc1]71[0xaf]4-[0x11][0xec]?[0xc][0x93][0x12]KJ[0xf2][0x8b][0xf2]R+[0x15][0x12]K[0x14]r[0x12][0xcb][0x91]}f[0x8c][0x8]a[0xa7][0xc4][0x92][0xc4][0xf4][0xfc]"[0x85][0xf0][0xfc][0xec]R[0xc]#[0x9c]Ss3s[0x12][0xf3][0x14][0x8a]S3@[0x86][0xa4]V%[0x96]($[0xa5][0x16][0xa5]gVe[0xa2][0x18]g[0x2]w[0x19]yi[0xce][0x18][0x11]i[0x10][0x3][0xd2]1[0x9c]B [0xe3][0x19]#2^Ijq[0x9][0x96](Bq[0xb0][0x5][0x9a][0x83]I[0xb7][0xf][0x11][0xad]D[0xd8]g[0x82][0x88]:wp[0xe1][0x81][0xe1]=7[0xfc][0xe5][0x8a][0x9]"O[0xe1]0[0x0][0xd9]{&[0xa0][0xe8][0x5][0x0][0x0][0x0][0xff][0xff]"
15:53:19.663 [main] DEBUG org.apache.http.wire -  << "[\r][\n]"
15:53:19.664 [main] DEBUG org.apache.http.wire -  << "3E8[\r][\n]"
15:53:19.664 [main] DEBUG org.apache.http.wire -  << "[0x82][0x94]bd[0x6][0xa7][0x9]"F[0x89][0xf1][0x1e]"[0xa3][0x10][0xe1]:SD`@\[0x87][0x11][0x18][0x4][0xe2][0xda][0x14][0x11][0x18]d[0x1a][0x80][0x8][0x1f]j$SD`Q[0xc5]8Df[0xa0][0x8a]q[0x88][0x9c]A[0x15][0xe3][0x10]qM[0x15][0xe3][0x10]9[0x91]*[0xc6]![0xb2]%5[0x8c]3[0xa3][0xb4].4C[0xa4]u[0xc7][0xec][0xa4][0xc4]"[0x85][0xa0][0xcc][0xaa][0xec]J[0x5][0xb7][0xc4][0x8c][0xa2][0xd2][0xa2][0xfc]*[0xcc]Z-73/S[0xa1][0xa0](?+5[0xb9][0x4]9K[0x9b]![0xd2]<U<[0x86][0xc8][0x1][0xe4]e!3D[0x9a]'[0xd3][0x0][0xea][0xa6]r3D*'[0xd3]=[0x88]t[0xed][0x9c]X[0x92][0x9a][0x9e]_T[0xa9][0xe0]X[0x9a][0x93][0x99][0x88]Q:[0x81]b([0x19][0xa6]$[0x11][0xac][0x4][0xa9][0x5]h[0x86]H[0xd0]y[0x89][0xb9][0x89][0xa0][0xb8]L)[0xcd][0xc6]0$[0x1b]b[0x0]8[0xae]A[0xf2][0xc8]&P7[\r][0x9b]#[0x92] y!c[0x8e]Hzd[0x1a]@ib3[0xa7]4[0xb1][0x99]#[0x12][0x1b][0x99]^[0xa0]4y[0x99]#[0x92][0x5][0x99].@[0xa4][\n]"
15:53:19.664 [main] DEBUG org.apache.http.wire -  << "[0x88][0x1]$7Y,[0x10][0x85][0x19][0x11]u[0xba][0x5][0xa5][0xb1]nAi[0xac][ b[0x9d][0x18][0xf7]R[0x1a]C[0x16][0x88][0x2][0x80][0x18][0xeb][0xd0][0xa3][0x3]#[0x87][0x13]h[0xc4]X"b#$[0xb5][0x18][0xb3][0x1f][0xe0][0x99][0x97][0xa9][0x0][0x92][0x0][0xf5]4[0xdd]3Ss[0x90]+[0x3]KJ[0xb3][0xb4]%[0xa5][0x91]kIi[0xe4]Z""[0x17][0x92][0x9c]I[0xe]?J[0xb3][0xb4]%[0xa5][0x9][0xc6][0x12][0x91]`[0xc8][0xf4][0x2][0xa5]e[0x82]%"[0x11][0x12]N[0xb2]f[0x6][0x14][0xa6][0x1a]3[0x3]D[0xaa]![0xc6]:[\n]"
15:53:19.664 [main] DEBUG org.apache.http.wire -  << "c[0xd8][0xcc][0x0][0x11][0xc3][0xc4]XGal[0x98][0x19] b[0x83][0x8][0xeb][0xc][0x11][0x81][0x99][0x9b][0x98][0x9d][0x98][0x97][0x98][0x87][0x91][0x80]a[0xe2][0x88][0xaa][0xdd][0xcc][0x10][0x11][0x82]d%[0x19]3C[\n]"
15:53:19.664 [main] DEBUG org.apache.http.wire -  << "[0xf3][0x9d][0x99]![0xa5][0xb1]B[0xe9][0x8][0x97][0x99]!"[0xa2][0xa8][0xd0][0x92]53DD[xfQjNj1[0xe6][0xe8]LAFeqfrf1r[0x8b][0xda][0x8c][0xd2]q.3J[0xc7][0xb9][0xcc][0x8c]([0x8d][0xb]#[\n]"
15:53:19.664 [main] DEBUG org.apache.http.wire -  << "[0x8b]03#D[0xe0][0xe1]H[0x8f][0x89][0xc5])H5[0x8f][0x99][0x11]j[0x89][0x3][0xaa][0x9c][\n]"
15:53:19.665 [main] DEBUG org.apache.http.wire -  << "[0x8a][0xf2]SJ[0x93]1+[0xb0][0x92][0x8c][0xcc]b[0x85][0xcc]b[0x85][0x92][0x8c]TH#8[0xb9]D![0x5]i,[0x15])[[0x18]#[0xea]BP[0xd6][0xa3][0x96][0xa9][0x88],J[0xc8]Td/[0x1a]#[0xf2](!m[0xa4]x[0x11][0x91]q[0x9][0x99][0x8a][0xe2][0x18]D[0x19][0x88]#[0x82][0xf0]73[0xcc][0xd0][0xc6][0xc5][0xa8][0x15][0xb4][0x88]<L[0x8a]o[0x90][0x86][0xc1][0x8]i#!h[0x91][0xc6][0xc6][0x8][0x99][0x8a][0x1c][0xb4]HC\[0xe4][0x5][0xad][0x9][0xa5][0xb9][0xcf][0x84]`[0xee]#[0x10][0xb9][0xa6][0x88]|C[0x9e][0x17]([0x1d]I33%>Y[0x93][0x10][0xa3][0xa6][0x94][0xa6]zSD[0xd4][0x4][0xe4][0xe7]d[0x96][0x17]%[0x96]d`[0xd4][0xcf]A[0xa9][0x5][0xa5])[0x99][0x89]y)[0x89][0xa9][\n]"
15:53:19.665 [main] DEBUG org.apache.http.wire -  << "y[0xa9][0xc5][0xc9][0x99][0xa5]y%[\n]"
15:53:19.666 [main] DEBUG org.apache.http.wire -  << "[0xa9][0x15][0xc9][0xa9][0x5]%[0xa5]E[0x99][\n]"
15:53:19.666 [main] DEBUG org.apache.http.wire -  << ")[0xf9]9[0xf9]E[0xa9][\n]"
15:53:19.666 [main] DEBUG org.apache.http.wire -  << "[0xa9][0xa5][0xb9][\n]"
15:53:19.667 [main] DEBUG org.apache.http.wire -  << "[0xc5][0xa9][0x85][0xa5][0x99]z[0xc8][0x89][0xc7][0x14][0x91][0x1]|[0x13][0x93]3[0xf2][0xb3]S1[0x8c][0xf],M,[0xce]TH+MOT[0xc8][0xcb][0xcf]S(,[0xcd]OQ[0xc8][0xcc]-HM[0xc9],Q(K[0xcd][0xc9],A5[0x90][0xd2][0xb4]@[0xe9]P[0x95][0x19][0xd2][0x8][0x13]$1[0x91][0xda][0xc1]43CM[0xc][0xf8][0xc7][0xe0][0xcd]([0x1d][0xb1]13C[0xd4]E[0x10][0x7]cD[0x1][0x81][0xec]cNi[0xf6]1Gx[0x98]L[0x17]P[0xda][0x2]0G[0xa4]C[0xf2]\[0x80]4(@[0xa6][0x1][0x94][0x86][0x81][0x5]"[0xaf][0x92][0xe9][0x2][0x82]a[0x80][0x9c]s)[0xed];[0x9b][0x11][0xee];[0xa3]XG[0xa9][0xef][0x8][0xf7]2[0x91][0xac]3[0xa7][0xb4][0x8f]g[0x8e][0xd4][0xc7]#+6[0xcc][\r](L[0xf][0xe6][0x6][0x14][0xe6][0x9]s[0xa4]~#[0x99]^[0xa0]0[0xce][0xcc][\r]HI[0x91][0xe6]H]I[0xf2][0xdc]Ki[0xaf][0xd2][0x1c][0xa9]W[0x89]c[0xfe][0xe][0xff][0xf4][0xa4][0xb9]![0xa2][0xc2]&[0xd3][0x0]D[0x88][0xe1]0[0x0]9[0x95]#[0xf5][0xf9][0xc8][0xc]1[0x82]U[0x7][0xb2]uF[0x88]$[0x8d][0xc3]q[0x4][0x82][0x7][0xa9][0xa3][0x87][0xc3][0x0][0x14][0xeb](M~F[0x88][0xc0][0xc4][0x11]<[0xc8][0xd6]!-+[0xc0][0xa1][0x1a]5j[0x8e][0xd4]a[0xc2]a[0x0][0x8a]u[0x94][0xfa][0xce][0x98]$[0xdf]!u9p8[0x8e][0x80][0xef][0x90]z[0x17]8[0xc]@[0xf6][0x1d]R[0x9f][0x80]P_[0x84][0xf8][0xf6][0xb0][0xb9][0x9][0xc2][0xcb][0x84]LE8[0x6][0x0][0x0][0x0][0xff][0xff]"
15:53:19.667 [main] DEBUG org.apache.http.wire -  << "[\r][\n]"
15:53:19.668 [main] DEBUG org.apache.http.wire -  << "671[\r][\n]"
15:53:19.676 [main] DEBUG org.apache.http.wire -  << "227A[0xa4]rB[0xda]Hp[0xc][0xd2][0xf4]=[0x8e][0xc4]L 7 u:p[0x18][0x80][0xec][0x9][0xa4][0xc9]u[0x1c][0xaa][0x9]YG[0xb0]lB[0xb1][0xe][0x11][0xd4]8[0xa2][0x9b]@z1E4[0xe4][0xc9]t/"[0xd6]p[0x18][0x80][0xec]^[0xa4][0x9]f*[0x8c][0xa6][0x99]ct[0x2]HlS[0x9b]#[0xf5][0x1][0xc8][0xb]?[0xa4][0x89]e[0xb7][0xd2][0xa2][0xbc]L[0xd0][0xd2]-[0xc]G[0xc0]e[0x14][0xbc]R[0xb][0x12][0x8b][0x12]QB[0x84][0xd2][0x2][0xc6][0x8c][0xd2]$@i[0xbf][0xc2][0x9c][0xd2])[sJ[0xa7]l[0xcd][0x91]z6[0xf0][0xb0]&)[0x16]([0x9d]q57GD[0xa3][Qi&[0xe6][0xf8]"r[0x9c]S[0xda][\r]2G[0x9a][0x9e]%[0xc2]6D[0xe][0xc5][0xae]8=??E[0x1]TNd[0xa4]&[0xe6][0x94]d [0xbb][0x94][0xd2][0xfe][0x96][0xb9][0x5]bT[0x93][0xbc][0xc]F[0xe9][0xc4][0xae]9[0xa5][0x13][0xbb][0xe6]H[0x13][0xbb]dz[0x1]Q[0xa4][0x93]i[0x0]"q[0x91]i[0x0][0xa5]e[0x84][0x5][0xa2][0x9a] [0xcf][0x5]H[0xf3][0xc7]d[0x1a]@iB"[0xdc][0x11][0x6]e[0x1][0x88][0xe3][0xb0]-[0x96]6G[0x9a]D[0xa6]F[0xdd]E[0xe9][0x94][0xb2][0xb9]%[0xa5][0xc9][0x8a][0xf0][0x94]2rQ[0x80][0xd4][0xb3][0xa7][0x8a][0xf7])NQ[0x88]b[\r][0x12]i[0x18][0x5]>[0xfe][0xf8][0xb4]0[0xa0]p<[0xcd][0x82][0xd2][0xd1][0xb][0xb][0xa4][0xae]?l[0xf6][0x15]}[0x1]?L[0x1c]1[0xfd]d[0x81][0xd4]]ww[0xf4][0xf5][0xf4]s'[0xd9][0xe3][0x88][0xa0]wLNN-.[0xce]/[0xca][0xc4]2[0xfa]Y[0x92][0xaf][0x90][0x9a][0x97][0x91][0x98][0x97][0x9c][0xaa][0x90]XP[0x90][0x9a]X[0x4]b"[0xa5][0x8][0xb]CD[0x0]R!EXP:[0xb0]`[0x81]4[0xb0]@[0x15][0xf7] [0xfa][0xd1]T1[0xe][0x91]])[0xb]uDYN[0x91]9F[0x88][0x2][0x95]"s[0x90][0xf6][0xa0][0x90][0x97][0xf])[0x9d][0xa2][0xb7][0xa0]t|[0xc5][0xc2][0x90][0xd2][0xa2][0x84][0xd2][0xc9]y[0xb][0xa4][0xc9]y[0x8a]"[0x3]i[0xec][0x87][0xbc][0xc8]@[0x1a][0xfb][0xa1][0xcc]!TJ[0xed][0x94][0xae][0x19][0xb0] <[0xba]D[0xa0][0x9a] [0xbc][0xe8][0x80][0x90][0x1][0x94][0xa6].[0xa4][0xf5][0x6]8"[0x15][0xb9]T[0xa6]t[0x80][0xcc][0x2]i[0x80][0x8c][0xa2]$[0x80]4[0x97][0x8f][0xc3][0xd9][0x4][0x2][0xe]i[0xe8][0x8c]2[0x87] [0xea];2[0x1d]Bi[0xc][0x9a] jJ[0xf2]\@[0xe9][0xb8][0xa0][0x5][0xe1]qA[0x2][0x91][0x81][0xb1]I[0x87][0xd4]V[0x7][0xa5][0xb][0x18],L[0x10]E[\n]"
15:53:19.679 [main] DEBUG org.apache.http.wire -  << "[0x99][0x81][0x88][0xe8]FQ[0x94][0x9e][0x90][0xc6]7[0xc9]t[0x8][0xa5][0x9][0x12]i[0xa8][0x94]<[0x17]P[0xba][0x14][0xc3][0x2]iX[0x95][0x9c][0x9d][0xa7][0x16]H+1[0xc8][0xf4][0x1][0x85][0xf3]n[0x16]H[0xab]6(J[\r]H[0x8b]7(3[0x7][0xd1][0xae]#3D[0x10][0xa9][0x8a][0xac](AZ[0x92]A[0x91]G[0x90][0xc6]x[0xc9][0xf3][0x8][0xa5][0xa3][0xba][0x16][0x94][0x8e][0xea]Z [0x8d][0xea][0x92][0x17][0x94][0x88][0x92][0x86][0xcc] @$[0x6][0xf2][0x1c]@i[0x8d][0x85]4(L[0x96][0x3]([0x1d][0xd2][0xb5]@[0x1a][0xd2]%[0xcf][0x1][0x94][0xd6][0x16]H#[0xba][0xe4]9[0x0][0x91][0x1d][0xc9]K[0x3][0xe6][0x88]8$[0xcb][0x1][0x94][0xe][0xbd]Z [\r][0xbd][0x92][0xe7][0x0]J[0x8b]h[0xb]J[0xe3][0x10]i[0xb1][0xe]y>[0xa0]0[\n]"
15:53:19.679 [main] DEBUG org.apache.http.wire -  << "(][0xbd]c[0x81]4hI[0x96][0x7]([0x1d]d[0xb4]@[0x1a]d$[0xcf][0x1][0x88][0x82],9?[0xaf]$?C[0x17][0xba][0x17][0x11][0xdb][0x88][0x93][bqFf~^bRN*r[0x8f][0xc6][0x12][0x91][0x93][0x8][0x9b][0x81][0xa9][0x2]i[0xe8][0xc]i[0x7][\n]"
15:53:19.680 [main] DEBUG org.apache.http.wire -  << "Yy[0xd2][0x92][0xd2]!?KJ[0xd7][0x1b]Y"[0x8d][0x19][0x92][0xe9][0x5]D[0x8c][0x90]i[0x0]"S[0xe0][0x98][0xf1][0xc5]?[0xc5]m[0x89]4n[0x88][0xc3][0x0][0xa4][0xd8][0xb7]D[0x1a][0xd5][0xc3][0xa1][0x9a][0x90]u[0x88]q<[0x1c][0x6][0xa0]X[0x87](sp[0xa8]&d[0x1d][0xa2][0xee][0xc7]a[0x0][0x8a]u[0x88][0xb4]M^lP:veI[0xe9][0xd8][0x95]%[0xd2]@"y^@[0x1a][0xfc]"[0xd3][0x0]D[0xc][0x93]i[0x0][0x85]5[0x95]%[0xd2]0[0x15][0x8e]H'[0x90]j[0x90][0x86][0xa9]p[0x18][0x80][0x9c]j[0x90][0xf6][0xb5][0x90][0xe7]aJ[0x7][0x89],[0x91][0x6][0x89]p[0xb8][0x97][0x80][0x87][0x91][0xce]t[0xc1]a[0x0][0xb2][0x87]1N\!q[0xf4][0xc1][0x92][0xd2][0xc1](KcDF[0xc5][0xe1]^B[0x1e]&Xl"{[0x18]i[0xc0][0x87]<[0xeb][0x90][0x6]|p[0x18][0x80]b[0x1d][0xa5][0x19][0x80][0xd2][0xc1][0x19]K[0xa4][0xa5]h[0xe4]%iJGe,)[0xdd][0xdf]bI[0xe9][0xa0][0x8a]%[0xd2]R3[0xf2][0xc2][0x0]i[0xf5][0x19][0x99][0x6] j?2[\r]@[0xd4]~d[0x1a]@i[0xf3][0x4]iE[0x1b]y.[0xa0]t[0xf8][0xc1][0x92][0xd2][0xe1][0x7]KJ[0xf7][0x9a]X[0x9a][0x12],k[0x8][0x14]VHcAD[0x94][0x1e]H[0xc3]%d[0x6]9[0xa5][0xc9][0x8e][0xd2]Ep[0x96]H[0xbb]s[0xa8][0xb7][0xf8][0xd4][0x12]i[0x14][0x85][0x90][0xa9][0xc8][0xa5]1[0xd2][0xe0][0x9]!m[0xc4][0xaf][0x84][0xb5][0xa4][0xf4]X[0x12]KJ[0x17][0xc9]Y"[\r][0xa9][0x90][0x97]N(]8g[0x89][0xb4]p[0x8e]L[0x17] r[0x16]y[0x6]P[0xba][0xa2][0xce][0x12]iX[0xc7]91%[0xb7][0xb4]X! [0xb5],[0xb5](5'[0x7][0xa3]M[0xe4]Q[0x9a][0x96][0x96][0x93]ZP[0x9a][0x96][0x86][0x9c][0xba][0x90][0x86]u[0x9c]J[0x93][0xb3][0x93]R[0x13]1[0xcf][0xfb][0x9][0xce][0xa9],[0xc9][0x0][0x1d]e[0x88][0xa2][0x11][0xd1][0xcc]vO[0xcd]/JOU[0x8]OM,[0xce]I[0xc5]<[0x16]*$[0xa3]4/%[0xb5]()[0xb3][0x8]y;[0xb6]%[0xa5]+[0xe9],[0x91][0xc6]s[0xc8][0xc]}D+[0x8e]<[0x3](][0xc7]f[0x89]4[0xa2]C[0xa6][0xb](m[0xaa]![\r][0xe9][0x90][0xe9][0x2]J[0xeb]x[0xa4][0xa5]dd[0xba][0x0][0x11][0x8d][0x14][0x9d]Sf[0x89]4 D[0x89]A[0xc6][0x6][0x14].&36@[0xda][0xc9][0x16][0x90]Z[0x94]Y[0x90][0x91]Z[0x94][0x98][0xa3][0x80][0xa3][0xf2][0xf5][0xcd]/-N[0xd5]Q[0xf0]N[0xad]L[0xca]O,J[0xd1]Q[0xf0]HML)[0xc8][0xc8][0xcf]KUp[\r]qF[0xe4]Yc[0x3][\n]"
15:53:19.682 [main] DEBUG org.apache.http.wire -  << "[0xc7][0x9b][0x8c][\r]([0xdc][0xdf]fl@[0xe1][0x80][0x95][0xb1][0x81][0x1]e[0xc9][0xcd][0xd8][0x0][0xe9][0xa8][0x14]r[0x92][0x9b][0xb1][0x1][0xd2][0x80][0x15][0x99][0x6] [0xe]i [0xd3][0x0]D[0xa6][0xc7][0x91]$[0xf0]6[0xe8][0x8c][\r][0x8]oyCN5H[0x87][0x9e][0x90][0xe9]^[0xca][0xaa]Ic[0x3][0xa4]A%[0xf2]<[0x8c]4[0xa8][0x84][0xc3][0x0]d[0xf]#-{"[0xcf][0xc3]H[0xe7][0xf8][0xa6][0xe1][0xdc][0x7][0x82]b#e[0xfd][0x1c]c[0x3][\n]"
15:53:19.682 [main] DEBUG org.apache.http.wire -  << "[0xc7][0x80][0x8c][\r]([0x1c][0x3]26@[0x1a][0x3][0xa2]f[0x91][0x85]42D^\[0x18]#2[0xb][0x99][0x6]P[0xd6][0x1d]16[0xa0]p[0xb4][0xc9][0xd8][0x0]i[0xe9][0x13][0x99]^@[0xd4][0x90]d[0x1a]@i[0xe][0xa6]p[0xcd][0x93][0xb1][0x1][0xd2][0x8][0x16]y^[0xa0]p[0xc5][0x91][0xb1][0x1][0x85]cR[0xc6][0x6][0x14][0xe])[0x19][0x1b]P8[0xa4]dl[0x80][0xb4]N[0x87][0xbc]@[0xa4]p[0xa1][0x8e][0xb1][0x1][0xd2]:[0x1b]2]@iI[0x89]4[0x1a]B[0x9e][0xb][0x90]FC[0xc8]4[0x80][0xd2][0xfa][0x9f][0xc2][0x11][0x16]c[0x3][\n]"
15:53:19.682 [main] DEBUG org.apache.http.wire -  << "[0x87][0x94][0x8c][\r][0x90][0xe][0x8a]%/[0xc][0x90][0xc6]B[0xc8]4[0x0][0xb1]`[0x9d]L[0x3][0x10][0xfd]W2[\r][0xa0][0xb4]b[0xa1]p[0x4][0xc5][0xd8][0x80][0xc2][0xf1][0xb]c[0x3][0xa4]E%[0xe4][0x85][0x1][0xd2][0xf0][0x3][0x8e]v[0x15][0x81][0x96]([0xd2][0xf0][0x3][0xe][0x3][0x90][0x9b]IHC[0x6]8T[0x13][0xb2][0xe]Q[0x97][0xe3]0[0x0][0xc5]:DYC[0xce]FRc[0x3][0xb]D[0xb5]I[0x9e][0x1][0x14].[0x19]16@[0xda][0xa6]F^[0xc]S8>`l@V[0xf7][0x1e][0x0][0x0][0x0][0xff][0xff]"
15:53:19.683 [main] DEBUG org.apache.http.wire -  << "[\r][\n]"
15:53:19.684 [main] DEBUG org.apache.http.wire -  << "EC2[\r][\n]"
15:53:19.684 [main] DEBUG org.apache.http.wire -  << "B[0x8e][0x5][0xa4]^9Y^0$[0xdc][0x1b]G[0xb2][0xce][0x90][0xd2].[0xae]![0xe1]..[0x8a]u[0x88]$B[0x9e][0xef]([0xdc](el[0x88]t[0x80][\n]"
15:53:19.684 [main] DEBUG org.apache.http.wire -  << "[0x99].@d*[0x17]Og'G[0x85]HG[0xf][0x8c][0xe1]G[0xc7][0x0]O[0x85]p[0xff] [0xef]`d[0xdf]S[0xb8][0xdb][0xc7][0xd8][0x10]i[0xb7][0xf][0xc9]vS[0x1a][0xf2]H[0xbd]R[0xf2][0x2][0x8e][0xc2][0xfd]9[0xc6][0x86]H[0xfd]L2]@[0xe1]h[0x8a]![0xd2]J[0x5]2]@a[0xd7][0xc4][0x90][0xf0]~[0x18][0xbc]{[0x19][0x8c][\r][0x9][0xf7]|[0x91]S,[0xd2][0xda][0x3][0xdf][0xd4][0xfc]r,G[0xf3][0xf9]&Vd[0xe6][0xa6][0x82][0x8e][0xc9]S[0xc8][0xcd][0xcc]+-V[0xc8]L[0x1][0x1f][0xa2][0x97]YP[0x9c][0x98][0xab]P[0x96][0x9f]SZP[0x92]X[0x92][0x9a][0xab]P[0x9c][0x99][0x9b][0x99][0x93]YX[0x9a][0x8a]t[0x98][0x9e][0xb1]![0xa5][0xbd]EC[0xc2][0xbd]Ed[0xff] -- /[0x2][0x9]w[0xcc]P[0xac][0xa3]4[0xc1][0x11][0x9e][0xd8]G[0xb6][0x8e][0xd2][0xe][0x8f]![0x85][0x93][0xf0][0xc6][0x86][0x94][0xf6][0x98][0xc][0x9][0xcf][0xe2][0xa3]x[0x98][0xd2][0xec]D[0xb8]{[0x84]l[0x1d][0xa5]=[0x11]C[0xa4][0x9e][0x8][0xa9][0xe5]7[0x85][0xb3][0xbc][0xc6][0x86]H[0xb3][0xbc][0xe4]%}[\n]"
15:53:19.684 [main] DEBUG org.apache.http.wire -  << "[0x8f]:16D[0x9a][0xda]%[0xd3][0x5][0x14]vb[0xc][0x9]O[0x3]#G7R[0x87][0x3]G[0xf3][0x19][0xfb][0xdb][0x10][0xa9][0xc3][0x81][0xc3][0x0]d[0xeb]([0xed]][0x18][0x92][0xd4][0xbb]0[0xa4][0xb4]wa[0x88][0xb4]B[0x9d][0x18][0xdf]!z[0x17]8T[0x13][0x8]L[0xa4]c8p[0x18][0x80][0x1c][0x98]Hs[0x95]8T[0x13][0xb0][0xe][0xa9]/[0x82][0xc3][0x0][0x14][0xeb][0x10])[0x13][0x87]jB[0xd6]![0xba][0xd7]8[0xc]@[0xb1][0xe]Q[0xaf]Pp[0x3][0x8e][0xb1]!Ro[0x5][0x87][0xad][0x84][0x9c][0x8d]([0x80]q[0x18][0x80][0xe4]l#[0xa4][0xae][0x9][0xe][0xd5][0xf8][0xad]3BZ[0x82][0x8e][0xc3][0x0][0x14][0xeb]([0x8c][0x14]#[0xa4][0xce][0x11]1[0xd6]!"[0x5][0x87]jB[0xbe]#[0x98]EP|[0x87]h[0xd0][0x93]g[0x1d][0xd2][0xcc][0x1e][0xe][0x3][0x90][0xad][0xa3]p)[0xba][0xb1][0x11]R[0xc7][0x8b][0x18][0xeb][0x10][0xbd],[0xb2][0xea][\n]"
15:53:19.685 [main] DEBUG org.apache.http.wire -  << "#[0xa4]i<[0x1c][0xd6][0x11][0x88][\r][0xa4][0xbe][0x16][0xe][0x3][0x90][0x83][0x7]i%9[0xe][0xd5][0x4][0xac]C[0xea]^[0xe1]0[0x0][0xc5]:D[0xd2]NN[0xcc]N5[0xc2][0xe8][0x82]D[0x15]r[0x12][0xb]2[0x91][0x7][0x17][0x8c][0x90][0xa6][0xfa][0xc8][0x1a][0xa1]1BZ[0xeb]M[0xa6][0x1][0x88][0x2][0x83][0xbc]xE[0xea][0x0][0x5]gg[0xe6]%'[0x16]a[0x9e][0xe7][\r][0x93]P(I-JJ[0xcc][0xcc]V([0xcd]+)[0xcd]V[0xc8]M-J,O,Q(O[0xcc]JD:[0xe9][0xcb][0xd8][0x88]p[0x9f][0x8][0xa7][0xca][0x88][0xd2]i;#J[0xbb]AF[0x84][0xbb]A[0x84][0xbc]@q[0xc4] [0xca]#[0xf2]b[0x96][0xd2]I3#J;wFH[0xfb][0xfc][0x15]0r[0x14][0x81][0xf0][0xa3]t[0xbe][0xcc][0x88]pW[0x8f][0x90][0xb][0x10][0x11][0x0][0xcb][0x0][0x18][0x9e][0x80]I[0x10][0x9b]3[0x90][0xe6][0xe0][0xc8]9o[0xc9][0xd8][0x88]p[0x97]4[0x1d]t[0xfb])|[0x9f][0x9a][0xb1][0x11][0xa5]}P#[0xa4].$[0xcc][0xbb][0x94][0x87][0x3][0xa2]:[0xa2][0x9e][0x99][0x88][0xf6][0x2][0xf5][0xcc]D4![0xa8]g&[0xa2]d[0xa0][0x9e][0x99][0x88][0xb4]ZPl[0x8a][0x11]=[0x4]R:[0xa5]s[0x92]F[0x14]n[0xd3]76BZ'[0x8f][0xa3][0xb6][0x86].^F[0xae][0xb4])\[0x1b]ol[0x84]4[0xfe]@[0xc6][0x86]Tc#J[0xc7][0x10][0x8c]([0x9d][0x8]5B[0x1a][0x84] [0xcb][0x7]Hc[0x10][0xc4][0x87];[0xd2][0xb8][0x3][0x9][0x9a][0x10]-,[0x12]4!zq[0xe4][0xd5][0x81]H[0x93][0xa4][0xe4][0x85][0xf]"[0xff][0x93][0xe9][0x0]Df'[0xcb][0x1][0x14].[0xf1]66B[0x1a][0x5]![0xcf][0x1][0x4][0xe3][0x8d]@C[0x9c][0xf0][0xb8][0x8]r[0x9e][0xa6]pU[0xb6][0xb1][0x11][0xd2]][0x96][0xe4][0xf9][0x17]Q[0x92][0x92][0x17][0xe3]H#%d9[0x80][0xc2]E[0xdd][0xc6]FH[0x93][0xb6][0xae]y%[0xa9]E%[0x89][0x99]y[0xb9][0xa9]y[0x98][0xc7][0x8][0x17][0xe4][0xe7]d&[0xa7]*[0xe4][0xa7][0xa5]e&[0xa7][0x16]![0xc7][0x82]%"[0xdf]9[0xe7][0xe7][0x16][0x94][0x96][0xa4][0x16])[0x4][0xe7][0xa7][0x95][0x94]c[0xeb][0x1d]`[0xb9]b[0xce][0xd8][0x8]i[0xe2]7[0xa0]4)'3Y[0x1]t[0x1b]Q2[0xe6][0xf2][0xfe][0xe4][0x8c][0xd4]\[0x94][0xeb][0xe9][0x8c][0x8d][0x8][0x9f]%J[0xa0]>C[0x1a][0x86]!3[0xe][0x11][0xb9][0xd6][0x19][0xe4][0xbe][0xe4][0xc4][0x1c][0xcc][0xab][0xf5][0x8a]S[0x93][0x8b]RK[0x12][0x8b]*QB[0x8e][0xc2][0xe4]c[0x8c]4[0xa6][0xe3][0x92]Z[0x9c][0x99][0x8e]y[0xb9]bRiqf^jqqnb[0x1e][0x92][0xcd][0xc6]Hc9[0xd4]jV[0x18]#-$w+[0xcd]K[0xd1][\r]J[0xcc],[0xce][0xcc][0xc3][0xbc][0x1d])[0xaf][0xb4][0xa8][0x18][0xe9][0x98][0x5]cc[0xa4][0xa5][0xe2][0x1]E[0x99]y%[0xd8]4[0xa5]%&[0x97][0x80][0xae][0x9a].[0xcf]/[0xca]FI~[0xc6]H[0xe3]D[0x8e]E%[0xc5][\n]"
15:53:19.685 [main] DEBUG org.apache.http.wire -  << "[0x89]y)[\n]"
15:53:19.685 [main] DEBUG org.apache.http.wire -  << "[0xce]E[0x89]i%[0x98][0x91][0x90][0x9a][0x97][0x9e][0x99][0x97][0x8a][0xa6][0x9d][0xfa][0x8d]Kc[0xa4][0x85][0xe3][0xe1][0x99]y[0xa9]`'[0x5][0x17]d[0x16]ebqSNby%[0x9a][0x8b][0x10][0xe9])$5'59?7[0xb7]4/39[0xb1]$3?[0xf][0xd3]O[0xc9][0xa0][0xa3]+[0xd0][0xc]@$+[0xaa]E.[0xd2]x[0x15]Y[0xb9][0xc4][0x18]i[0xed]@hIfNf[0x9][0xb6]s8R[0x93][0xf3][0xf3][0xf2][0xd1]r[0xb8]1[0xd2][0xd8][0x15][0x99]V#[\n]"
15:53:19.685 [main] DEBUG org.apache.http.wire -  << "([0xea][0x85][0x7]"[0xd9][0xf8][0xa5][0x96][0x17][0x17]$[0x16][0xa4][0x16]aFNRifN[\n]"
15:53:19.685 [main] DEBUG org.apache.http.wire -  << "j[0xe4] [\r][0x8d][0xb9][0xe6][0xa4]&[0x97][0x14]e&'[0xe6]([0xe8]+@8[0xf9]y[0x99][0xc9][\n]"
15:53:19.685 [main] DEBUG org.apache.http.wire -  << "[0xbe][0x89]y[0xa5][0xa0][0xf4]^Z[0x84]-'$g[0xa4]"[0xed][0xaa]26F[0x1a]*[0xa3][0x9e][0xef][0x10])[0xc8]=[0xbf],[0xb5][0x8]\%(8[0xa6][0xe4]f[0xe6]e[0x16][0x97][0x14][0x81][0x93]"F[0xbf]!759#1/3[0x19][0xb9][0x9c]A[0x1a]X[0xf3][0x4]U/y`[0xad][0x89]9[\n]"
15:53:19.685 [main] DEBUG org.apache.http.wire -  << "!E[0x89])[0x90][0x8c][0xe1][0x92]Z[0x96][0x9a][0x93]_[0x80][0xb5][0xd2])J[0x5][0xdd]2[0x97][0x99][0xf][0xb2][0x15][0xc5]X[0xc4][0xb2]F[0xaa][0xf9][0x99][0xd2][0x15][0x12][0xc6][0x94][0xae][0x90]0F[0x1a][0xdf]#/[0xa1]S[0xba]B[0xc2][0x98][0xc2]#G[0x8d][0x8d])[0xdd][0x1b]`[0x8c]4[0xc2]H^[0x18]P:[0x9c]h[0x8c][0xb4][0xb9][0x80]L[0x17] [0x1a][0xc1]d[0x1a][0x80]([0xaf][0xc8]4[0x0]Q8[0x91]i[0x0]bt[0x84]L[0x3]([0xec][\n]"
15:53:19.685 [main] DEBUG org.apache.http.wire -  << "[0x19]#[0x9d]z[0x91][0x97][0xaf][0x80][0xc3][0x11]y[0xf9]%[0xe0][0xeb]#[0xb0][0x9c][0x9a]oll[0x8c]([0xc3]ph[0xc7][0xdf]04[0xa6]tH[0xd4][0x18]iH[0x14]sDS[0x1][0xb9]<C[0x1a][0xfb][0xa4][0xfc][0xc4]occ[0xa4][0xfd][0x7][0x84],F[0xa4][0x14]L[0x95](.D[0xa4][0x8][0xaa][0xb8][0x10][0x91]>[0xa8]b[0x1c][0xa2][0xc9]D[0x15][0xe3][0x10]I[0x87][0x1a][0xc6]![0x8d][0xe3][0x92][0x97][0x12][0x91][0xc6]q[0xa9]V[0xdd]![0x8d][0xf4][0xe2][0x18]b[0xc1][0xdf]U7FZm[0x84][0xc3][0x0][0xe4][0xf4]C[0xe9]f[0xc]c[0xa4][0xd3]N[0xc9][0xc]DD[0x92][0xc3]L[0xea]([0xb9][0x11][0xe9] [0xf]B*[0x11][0x9][0x85][0x80]J[0xa4]QS[0xaa]E![0xd2]8([0xf5][0xcc]DT^[0xd4]3[0x13]Q[0x9f][0x91]5oi[0x8c][0xb4]r[0x8b]L[0x3][0x10][0xe5][0x3]y[0x89][0x7]i[0xe8][0x94][0xa2][0xed][0xda][0xc6]H[0xa7][0x8b][0xe2][0xc8]5[0x4][0xb2][0x1d][0xd2]**[0x1c][0x6] g;[\n]"
15:53:19.686 [main] DEBUG org.apache.http.wire -  << "[0xcf][0xad]06FZ[0x86]E^[0xc8]![0x8d]I[0x92]x[0x9][0x94][0xb1]1[0xd2]p$[0xe9]z[0x11]][0x4]2[0x1d][0x8e][0xc8][0x9]d[0x1a][0x80]H[0xf6]$[0xae]74FZ[0xdd]E[0xb2]VDEM[0xb2]VD.!Y+[0xa2] $U+[0xd2][0x10]([0xc9]Z[0x11][0x1b][0xb3]p[0xe4][0x5][0x2][0x99][0x9]i[0xf8][0x14][0x87][0x1][0xc8][0x99][0x9]i[0xa0][0x13][0x87]jB[0xd6]!Z[8[0xc]@[0xb1][0xe]Qa[0xe1]PM[0xc8]:D|[0xe2]0[0x0][0xc9]:[0x13][0xa4][0xb1]D[0x1c][0xaa][0xf1][g[0x82]4[0xa6][0x88][0xc3][0x0][0x14][0xeb][0x10][0xd9][0xb][0x87]jB[0xd6]![0xb2][0x17][0xe][0x3]P[0xac]Cd[0xb][0xb2]r[0xb3][0x9][0xd2]Y[0xe]8[0xac]#[0xe4]^D[0x16][0xc1]a[0x0][0xb2]{[0x91][0x86][0xcb][0xc8]s/[0xd2][0xa8][0x19][0x89][0xd9][0xca][0xc4][0x10][0x11][0xb2]d[0xda][0x8d][0x8]lJVH[0x9a] [0x8d][0x95]Qf[0xe]"#[0x90][0xe7]![0xa4][0x5]f[0x14]9[0x4]i8[0x8c]2s[0x10][0x95][0x1b][0x8e][0xb4]D 1"[\r]v[0xe1]0[0x0]91"[0x8d]l[0xe1]PM[0xc8]:D[0x82][0xc0]a[0x0][0x8a]u[0x88][0xe8][0xc2][0xa1][0x9a][0x90]u$e5[0xa4][0x11]#[0xf2][0xac]C[0x1a]1[0xc2]a[0x0][0xb2][0xef][0x90][0xe][0x89][0xc0][0xa1][0x9a][0x80][0xef][0x90][0xb6][0x5][0xe1]0[0x0][0xc5]:D-[0x2]I[0xfb][0x98][0x13]2[0xf8][0xc7]AL[0x90][0x86]b@[0xeb]*[0xb0]\[0xd8][0x86]l[0x1f][0xa5][0xa3]&&H[0xa3]&[0x10][0x7]c[0xc]4[0x13]p/I[0xbb][0x84]L(]:fBx[0xe9][0x18]r[0xf0] u[0xe5][0xc9][0xf3][0x1d]R[0xbf][0x1d][0x87][0x1]([0xd6]!2[0x1e][0xe][0xd5][0x4][0x2][0xd3][0x14]=[0xf9][0x90][0x1a][0x1b]H[0x9d]i[0x1c].@v/R[0x97][0x16][0x87]j[0x2][0xee]%[0xbc][0xcc][0x7][0xc5]:J}[0x87][0xb4]&[0x87]Z[0xdd]e[0x13][0xa4][0xbe]&ya@[0xe9][0x81][0x7]&[0x84][0x17][0xfa][0x10]([0xa2][0x8]/[0xfa]A[0x8e][0x5][0xa4].-[0xd5][0x2][0x11]i-[0xf][0x99][0x81]Hi[0xce]A[0xea]zS[0xcf]W[0x88][0x9a][0x91]L_!jF[0xf2][0xc]@[0xea][0xce]S[0xcd]WH[0xdd]|2[0x1d][0x85]h[0xe][0x91]i[0x0][0xa2]3B=_!Z[0xd1]8[0xaa]i[0x2][0x99][0x8]i[0x10][0x80]L_![0x92]09[0x8b][0x8b]L[0x90]6}[0x91][0xe9][0x0]JS[0x1b][0xd2][0xd8][0x0]y.@[0xda]HF[0xa6][0x1][0x94]&-[0xa4][0x5]V[0xe4]%[0x3]JG[0x1d]L[0x90]VW[0xe1]p[0x1]ra[0x8c][0xb4][0x1c][\n]"
15:53:19.686 [main] DEBUG org.apache.http.wire -  << "[0x87]j[0x2][0xc9][0x16][0xe9][0xd2][0x14][0x1c][0x6] Yg[0x8a]4[0xea]@V[0x4][0x99]"[0x8d]:[0x90]i[0x0]"[0x86]q[0xb8][0x17][0xbf][0x87]M[0x91][0x96]/9g$[0x16][0xe5][0xa6][0xe6][0xa4][0xe6]c.[0xc4][\n]"
15:53:19.686 [main] DEBUG org.apache.http.wire -  << "[0xcd]KIU[0xc8]ONNL[0x5][0xad][0xe4]QH,J[0xce][0xc8],IM.[0xc9]G[0xde][0x91]o[0x8a][0xb4][0x98][0x89]L[0xc7][0x10][0x1c]b"[0xe4][0x1b]D[0xa1]AfxR[0xd8][0xa6]2E[0x1a]i[0xa1][0xc2][0xec][0x9b])[0x85][0xd7][0x4][0x1b][0x9b]"-}"[0xa7][0x18]5[0xa5]t[0xf3][0x9e])[0xd2]P[0xe]y[0x89][0x2]i@[0x87]L[0x3][0x10][0xa9][0x8a][0xa2][0xe9][0xf]S[0xa4]CX(4[0x88][0xd2]T[0x86][0xb4]l[0x8a][0xbc]t[0x8e]t[0xff][\r]y[0x81][0x8a]4[0xa8]D[0xa6][0x1][0x14][0xe][0x9b][0x12]>[0xaa][0x94]@aAx[0x18][0x89][0x90][0x1][0x88]F[0x12][0xe9][QL[0x91][0xc6][0xa5][\n]"
15:53:19.686 [main] DEBUG org.apache.http.wire -  << "[0x8a][\r]I[0xec][0x99][0x9a]"-[0xb7]"3[0xfc][0x11]i[0x10][0x87][0x1][0xc8]5[0x1d][0xd2][0xd2]([0x1c][0xaa][0x9][0x84][0x15][0xd2][0xd2]([0x1c][0x6] [GxP[0x8a][0x90]u[0x88]6qZfN[0xae]Bb^b6[0x98][0xc0][0x8][0xe7][0xdc][0xd4][0xe2][0xec][0xcc][0x82][0xd2]<[0x5]Tu:[\n]"
15:53:19.686 [main] DEBUG org.apache.http.wire -  << "[0xf9]E%[0xa5][\n]"
15:53:19.686 [main] DEBUG org.apache.http.wire -  << "[0x19][0x89]E[0xa5][0xc5][\n]"
15:53:19.686 [main] DEBUG org.apache.http.wire -  << "%[0xa9]%[0x89][0x5][\n]"
15:53:19.686 [main] DEBUG org.apache.http.wire -  << ")[0x89][0xb9][0x5][0x99]y[0xe9][0x99][\n]"
15:53:19.686 [main] DEBUG org.apache.http.wire -  << "[0xc8][0xcb][0xa0]M)[0x1d][0x11]3%iD[0xcc][0x14]i[0xb7]&[0xaa][0x83][0xa9][0xef]1Dw[\r]G[0x8c][0x11][0x8a][0x3]D[0x3][0x1a][0x87][0x1][0xc8]Q[0x8e]4rFc[0x8f]![\r][0xb1][0xd1][0xda]&[0xba][0xa5]B[0xa4]ES8[0xc2][0x9a]@d![0xdd]D[0x84][0xc3][0x0][0x94][0xc8]"Xx[0x10][0xb2][0x8e]`[0xe2]B[0xb6][0xe]i[\r][0x12][0xe][0xc7][0x11][0xb0][0xe]i[0xe0][0x12][0x87][0x1]([0xd6]![0xa2][\r][0x87]jB[0xd6]!*[0x6][0x1c][0x6][0xa0]X[0x87]h[0xb4][0xd2]8="[0x8d][0x87][0xd2][0xda]&[0x82][0xf1]K([0x8][0x9][0x16][0x1e][0x4][0xc]@Z[0xb3]Dc[0xbf]"m[0x9][0xa5][0xb5]M[0x88][0xde][0x1e][0xad]mBd[0x1]jtc[0x90][0xb6][0x9f][0xe2][0xc8][0x10][0x84]b[0x13][0xd1][0x86]'[0xd3][0x0]D&[0xc3]a[0x0]r[0x96]D[0x1a][0x19][0xa7]u@S[0x9a][0xce][0x91][0xc6][0xcb][0x89][0xf0][0x18][0xd2][0xd8]6[0x8d]=[0x86][0xb4]V[0x8c][0xd6]6[0x11],m[0x9]$.[0xa4][0xe1]vb[0x82][0x90][0xd2][0xba][0xf]iU[0x1a][0x11][0xd6]![0x8d]Y[0xe3]P[\r][0x9a][0xd7][0x4][0xed][0xb5]A[0x9c][0x84]`[0x8a]4(M[0xc5];[0x6]L[0x91][0x8e][0x9][0xa3][0xaa][0xb1][0x88][0xc2][0x6][0x87][0x17][0x9]D [0xe1][0x8d][0xb7][0x84][0xc]@[0x14]/T[0xf5][0x18][0xc1]B[0x87][0x90][0xbb][0x10]i[0x8d][0xc6][0x99][0x8]i[0xb8][0x9c][0xcc]8[0xa0][0xb4] C[0x1a].'[0xcf][0x5]H[0xc3][0xe5][0xee]E[0x89]e[0xa9]9[0xa9]E[0x18][0x9d]"[0x9f][0xc4][0xa4][0xfc][0xa2]T[0x85][0xe4][0xfc][0xbc][0xe2][0xd4][0xc2][0xd2][0xc4][0x92][0xd2]"[0x85][0xbc][0xfc][0xe2][0x92][0xa2][0xd2]\[0x85][0xd2][0x12][0x85][0xc2][0xd2]L[0x85][0xd4][0xbc][0xcc]\[0x85][0xc4][0xe4][0xe4][0xd2][0xe2]D[0xd0]-a[0xa9][0xc5][0xc5]([0xc7][0x8e][0x9a][0x12]^uG N[0x9][0x8f][0xa9]#[0xd7]DH[0xe3][0xdf]4N[0x1]H{[0x91][0xc9][0xc]Db[0xc5]a[0x0][0x8a][0xc7][0x10][0xe9][0x85][0xb6][0x1e]3C[0x1a][0xa5][0xa7][0xb5]M[0x88]1-[0xc7][0xe4][0xe4][0xd4][0xe2][0xe2][0xfc]"l[0x1b]EK[0xf2][0x15]R[0xf3]2[0x12][0xf3][0x92]S[0x15][0x12][0xb][\n]"
15:53:19.687 [main] DEBUG org.apache.http.wire -  << "R[0x13][0x8b]@L[0xa4][0xb0]1C[0xda][0x8c]Lk[0x17]#[0x8a]^[0xca]\[0x8c][0xa8][0x83][0xc9][0x1a][0x90]4C[0xda]uLk/#[0x92])[0xad]mBt[0x82]hm[0x13]"3[0x91][0x17][0xfc][0x94][0xae][0xd8]4C[0x1a][0xe6]'[0xd3][0x5][0x94][0xa6] [0xa4][0xbb][0xba][0xc8]t[0x1][0xa2][0xb6][0xa6]qt!-[\r]%[0xd3][0xa9][0x88][0x94][0x5]1[0x80][0xd4][0xf1]c3[0xa4][0x9][0x0][0x88][0x9][0x18]U%[0xfe][0xb5]JfH[0x13][0x0]d[0x1a][0x80][0xe8][0xcc][0xe2][0xa8].[0xf0]W[0xa4]f[0x84][0xc7][0xef][0x91][0xcb]T[0xa4][0xe1]v[0x1a][0xc7].[0xd2][0xd0]<[0xad]mB[0x14]e[0x14][0x95][0xde]H;[0xa7][0xc9][0x8c][\n]"
15:53:19.687 [main] DEBUG org.apache.http.wire -  << "D[0xf9][0x83][0xc3][0x0][0xe4][0xa8]@Z[0xb3]J[0xe3][0x0]B[0x9a]G[0xa0][0xb5]M[0x88][0x8a][0x94][0xd6]6![\n]"
15:53:19.687 [main] DEBUG org.apache.http.wire -  << "JZ[0xdb][0x84][0xe8][0x15][0xd1][0xda]&D[0xd1][0x1b][0x90]ZT[0x9c][0x99][0x88][0xb9][0x4][0xc1]?7/[0xb3]X[0xa1]([0x15][0xd4]0[0xcf]KILU[0xc8],-JU[0xc8][0xcb],[0xce][0x4]7[0xdb][0x13]KA7[0x5]@/[\r](F^[0x96]`F[0xb7])[0x13]3[0xa4][0xc5][0xc6][0xb4][0xe]0D[0x86][0xb]I[0xcc]KO[0xcd]I[0xc4]([0xbf][0xc1]][0x9d][0xd2]\[0x85][0x94][0xfc][0x9c][0xfc][0xa2][0xd4]b[0x85][0xe2][0xd2][0xbc][0x12][0x85][0xcc]<[0x85][0xd4][0x8a][0xd4][0xa2][0xe4][0xcc][0x12][0xf0]Y[0x16][0xa9][0xb9](![0x85][0xb4][0xfc][0x99][0xc6][0xee]G[0x9a][0xed]![0xaf][0xf6]@[0xda]tN[0xa6][0x1]t[0xcb]FHS+[0xb4][0xe]UD6[0xa2][0xb5]M[0x88][0x9a][0x87][0xd6]6![0x9a]:8[0xaa][0x16][0x2][0xcd][0x4][0x13]DV[0xc1]a[0x0]r[0xdd]Dx[0xa6][0x88][0x80]uHK[0xdc][0x89][0xb1][0xe][0x91][\n]"
15:53:19.687 [main] DEBUG org.apache.http.wire -  << "q[0xa8]&d[0x1d][0xa2][0x8c][0xc6]a[0x0][0x8a][0xef][0xe8][0x16]mH+[0xe7]i[0x9c]@[0x90].[0xe2][0xa0][0xb1]MH[0xcb][0xf3]q[0x84]5[0x81][0xc8][0xa2][0xdb][0x9c][0x94][0x19][0xd2][0x9c][0x14]y[0xc5]#[0xd2]^[0x6]2[0xfd]J[0xb7][0xb2][0x8]i[0xf4][0x97]<[0xbf]R[0xba]V[0xd9][0xc]i[0x90][0x8e][0xac]-[0xfe]fH[0xeb]Vi[0x9c][0x86])[0xbd]$[0xce][0x1c]i4[0x8d][0xac][0xd0]6GZ[0xf3]J[0xce][0x8a]Ds[0xa4][0x15][0xab]d:[0x0]Q[0xe6][0x92][0x15][[0xe6]Hk<[0xc9]s[0x1][0xd2][0xa2]L[0xb2]2[0x97]9[0xd2]p[\r]E+[0x11][0xcd][0x8]O[0xcc]"W[0x1f]H[0xb3][0x87]dy[0xdc][0xc]iR[0x90]L[0x3][0x10]qG[0xa6][0x1][0x88][0xfa][0x92]L[0x3][0x10][0xe5][0x1a][0x99][0x6] [0xea]`2[\r]@[0xb4][0x88][0xc8]4[0x0][0xd1]""[0xcf][0x0][0xa4]9I2[\r]@[0xc][0x94][0x93]S[0x6][0x98]Y z[0xdb]de 3J[0xf][0xdf]5C:|[0x97][\n]"
15:53:19.687 [main] DEBUG org.apache.http.wire -  << "[0xb]$[0xcc][0x90][0xa6][0xdf]h\[0x1] ][0xb5]J^[0xd0][0x11][0x9e][0xa7]C.2[0x90][0xa6][0xcb][0xc8]K*H[0xd3]ed%[0x15][0xa4][0x1d][0x1d][0xb4][\r]Ys[0xa4])[0xc][0xb2][0xbc]jn@a[0xc9]`N[0xe9]b}s[0xa4]Q|[0xb2][0x12][0x87]9[0xa5][0x8b][0xf5][0xcd][0x91]F[0xf1][0xc9]t[0x1][0xa2]|[0xc6]a[0x0]R[0xf2]4GZHO[0x85]ll[0x8e]4[0xaa][0x8e][0xc3]r[0xfc]=[0x4]s[0xa4]Qu[0x1c][0x6] [0xbb][0x1e]i[0x9]<[0x15][0x97]-[0x98]#[\r][0xac][0x93]zr[0x91]9[0xf2]=AE[0xa5][0x99][0x98]Gq[0xa7][0xe7][0xe7][0xa7][0x80][0xcf]=[0xcc]HM[0xcc])A[0xbe]L[0xc7][0x1c]i[0x88][0x9e][0xbc][0xc][0x84]4[0xf2]NNYa[0x8e]4[0xe]N^[0xcb][0x90][0xf0]*w[0x2][0xf1][0x8f]44ND[0xfc]#][0x1e]D[0xa6]{[0x11][0xad]![0x1a][0x17][0x8e]H[0xd7][0x14][0xe1][0xf0][0x18][0xa1][0x90]A[0x14][0x8e]8[0xc]@[0xce][0x19]H[0xe7]g[0xd2][0xd8]cHc[0xa6][0xe4]%ZJG2[0xcd][0x91][0xc6][0x17]q[0xb8] [0xb1]8[0x5]9p[0x8][0x9f][0x1a][0x81][0xa2][0x9a][0xc2][0xe6][0xa6]9[0xd2][0xea]m[0xe2][0xdc][0x87]4[0x6][0x7][0xd1][0xa0][[0x88]1[0xba][0x8d]v[0xd2][0x1c]i[0x14][0xe]b[0x4][0xc9][0x6] Z[0x98][0x10][0x3]t1[0xa7]$[0x8][0xb9][0x81][0xc2][0xbe][0x8a]9[0xa5][0xc7]N[0x9a]#[0x1d];[0x89]#[0xcf][0x10][0xc8]tH[0xb][0xc6]q[0x18][0x80][0x9c]R[0x90]F[0xe2] aFj[0xa0]S:je[0x8e]4jE[0xa6][0xb][0xd0][0xa3][0x9d]d/P[0x1a][0xe9]f[0x88]"[0x99][0x8]/[0x0][0x0][0x0][0x0][0xff][0xff]"
15:53:19.687 [main] DEBUG org.apache.http.wire -  << "[\r][\n]"
15:53:19.688 [main] DEBUG org.apache.http.wire -  << "49E[\r][\n]"
15:53:19.688 [main] DEBUG org.apache.http.wire -  << "*-*[0xc8]/NE[0xbe][0xa9][0xcf][0x1c][0xe9][0xbc]I2[\r]@[0x94][0xb4]d[0x1a]@i[0x89]A[0xe9]!"[0xe6]H[0x8b][0xa2][0xc9][0xf3][0x2][0xa5]#[0x1d][0xe6]H#[0x1d]8r[0xe][0x81][0xac][0x87]t[0xae][0x8][0x99]^@$$2][0x80]hI[0x93][0xe9][0x2]DB"[0xd3][0x5][0x94]&$[0xc2][0xd7]([0x13][0x88][0x5]JG:[0xcc][0x91]Vb[0x93][0x17][0x6]Hk[0xae][0xc9][0x8b][0x5][0xa4][0xb1][0x12][0x8f][0xcc][0x2][0x5][0x8f][0xfc][0x2][0xac]eZnjQr[0x6][0xd6][0x2][0x5]i|[0x9d]L/ R"[0x99]^[0xa0]4!![\r][0xaf][0x90][0xe9][0x2][0xc4][0x90][0x19]ya[0x80]4jB[0x9e][0xb][0x90]W7'[0xe6][0x82][0xd6][0xfb][0xeb]([0xb9][0xa4][0x16]'[0x17]e[0x16][0x80][0xee]VQ[0xb2]R"[0x90][0x94])[0x1d][0x89]1G[0x1a][0x89]!3[0xc]([0xad][0x1b][0x91][0xe6]Y[0xc8]t[0x1][0xa2]H[0xc3]a[0x0]r{[0x6]i[0xe8][0x88][0xcc]8C[0xa4][0x1a][0x9f][0xcc][0x9c]J[0x85][0x80][0xfc][0x92][0x12],[0x8b][0xd2][0x83][0x12][0xcb]R[0xf3][0x92]s[0x12][0xcb][0x91],[0xb7]@[0x9a]g[0xc1][0xe1]T[0xfc][0xf1]m[0x81]4[0xcf][0x82][0xc3][0x0][0x14][0xeb](l[0xf8]XP:[0xfa]eA[0xe9]Q[0x17][0x16]H[0xa3]_[0x94][0x9c]Oi[0x81]4[0x8]F[0x99]9[0x14]&w[0xb][0xa4][0xb1]0[0xca][0x1c][0x82]H[0xf5][0x94][0x99][0x83]T[0xc];[0xfa]z[0xfa][0xb9]cT$n[0xfe]A[\n]"
15:53:19.689 [main] DEBUG org.apache.http.wire -  << "[0xae]a[0xae]A[0x91][0xfe]~[0xae][0xc8][0xa9][0xb][0xe9][0xe8]P[0xb2]r[0x92][0x5][0xd2]H[0x17][0x99][0x6] [0xea] J[0x96]JZ [0xdd]RC[0x91]9H[0x3][0x8f][0xbe][0xa5][0xc5][0x99][0xc9][0x18]A[0x9][0xea]\[0xe2][0xac][0x93]-[0x90][0x6][0x1a][\r][0x8d][0x8c][0x15][0xc8]1[0x2]i[0xa8][0x11]dDb[0x16][0xe6][0x12]2[0xfc]n@[0x1a]-[0xa3](([0x90][0xce][0x96] /n[0x91][0x6][0xcd][0xc8]4[0x0][0xb1][0x14][0x99]L[0x3](-=[0x91]N[0x91] [0xd3][0x5][0x88][0xf4]M[0xa6][0x1][0x88]B[0x82]L[0x3][0x10][0x95][0x1d][0xc4][0x0]]3[0xac][0x89][0x1a]"[0x89][0xad][0xa5]iA[0xe9]X[0x9a][0x5][0xa5][0xcb][\n]"
15:53:19.689 [main] DEBUG org.apache.http.wire -  << "-0[0x6][0xe3]t1G[0xb0]A[0xb9][0x2][0x9f]'(-[0xf6][0x91][0xc6][0xf3]pT[0xdc][0x98];>-[0x8][0x8f][0xe9][0x11]r6R[0xe1][0x8e][0xbd]}[0x89][0xcd]V[\n]"
15:53:19.689 [main] DEBUG org.apache.http.wire -  << ";h[0x16]H[0x8b][0xf3] AJj[0x92]!<[0xb8]H[0xc0][0xdf]H[0x83][0x8d][0xc4][0x87]6[0xa5][0xc3][0x8b][0x16]H[0xf7][0xcf][0x90][0xe9]oJS[0x19][0xd2][0xe0]"9s%[0x16]HC[0x83]d[0xfa][0x0][0x91]v[0xc8]r[0x0][0xf2]b[0xba][0xfc]"[0xe8]-[[\n]"
15:53:19.689 [main] DEBUG org.apache.http.wire -  << "FX[0x13][0x10][0x96]q2[0xb][0xa4][0xc1]F[0xa4]$B[0x82]~J+[\r]J[0x97][0x13]Z[0x90][0xb4]x[0xc7][0x2]i\[0x90][0xc4]3[0xf5]-[0x90]n[0xff][0xc6][0x91]G[0x8][0xf4]E[0x90][0xce]S[0xc0]a[0x0]rk[0x91][0xd2][0xd1];[0xb]J[0x8f][0x0][0xb6]@[0x1a][0xfe]#[0xc6][0xbd][0x94][0xe6]E[0xa4][0x3][0x8][0xc8][0xcb]K[0xe6][0x94]V[0xde]H[0x3]e[0x10][0x17][0xe8]bo[0x91]B$[0xb1]V[0xde]HCe[0x14][0xf5]2[0x90]F[0xcc](3[0x7][0x91]?)3[0x7][0xd1][0xb6][0xa3][0xcc][0x1c]D*[0xa1][0xcc][0x1c]DK[0x8f]2s[0x10]i[0x6]G[0x1a]'[0x90][0xa9][0x91][0x96]@A[0x92][0x5][0xd6][0xa2][0x17]"[0x85]=[0xc5] j[0x0]2][0x80][0xde][0xe4]$[0xd5][0x5]H[0xa3]r[0xe4][0xb9][0x0]iT[0xe][0xe2]Q[0x92]][0x80]H[0xa5]d[0xba][0x0][0x91]<[0xc9]t[0x1]"][0x92]i[0x0]"A[0x92][0xe9][0x5]DJ$[0xd3][0x5][0x4][0xdb][0xae][0x4][0x92]2[0xa5]#}[0x16][0x94].[0xab][0xb6]D[0x1a][0xee]#+[0xc],[0x91][0x86][0xfb]([0xe9][0x8d]["[0x9d]=@[0xa6]C(L[0x90][0x96]H[0xc7][0x8][0xd3]v[0xed][0x86][0xa5][0x1]"[0xe5][0x92][0xe9]W[\n]"
15:53:19.689 [main] DEBUG org.apache.http.wire -  << "S[0xae]%[0xd2][0x92]?[0x1c]y[0x7][0xb3][0xd7]e[0x89][0xb4][0xfe][0x9c][\n]"
15:53:19.689 [main] DEBUG org.apache.http.wire -  << "[0x8b][0xd6],)[0x1d]x[0xb5][0xa4]t9[0xbb]%[0xd2]rv[0x1c][0xa1][0x80][0xd4]<[0xb4]D[0x1a][0x9f][0xa5]q[0xfa] [0xbc][0x9a][0x11]K[0xec] [0x8d][0xda]R[0xeb]8~K[0xa4][0x93][0x87])[0xa9][0xf3]-[0x91][0xe][0x1e][0xa0][0xcc][0x1c]D[0xcd]M^[0xc6]A[0x1a][0xbf]$[0xcf][0x0]JG[0x94]-)[0x1d]Q[0xb6]DZ%I[0xa6][0x17]([0xac]x-)]/i[0x89]4[0x98]M[0xa6][0x17](M[0x7]H[0xb]&[0xc9]s[0x1][0xa5]c[0xbf][0x96]HG[0x4]P[0xb4][0x95][0xc6][0x12]i1&[0x85][0x6]Q[0x9a].[0x90]6[0xbc]C[0x2]U7[0x9f][0xc4]f[0xa9]%[0xd2]Nv[0x88][0x11]$[0x1b]@a[0xd3][0xdc][0x12][0xe9][0x94]^[0xf2]\[0x80]1[0x94]K[0xaa][0x17][0x90][0xce][0xd4]%[0xd3][0x5][0x94]6/([0x1d][0xd4][0xb5]$|[0xbd][0x17][0xd2][0xd0][0x17][0x96]A2K[0x13]D[0x6][0xc7]Q3[0xe3]oY["[\r][0xf0][0xe2]0[0x0][0xb9]jG[0x1a][0x8c]%/[0xc8][0x91][0x6]fqXG[0xc0][0xbd]H[0x3][0xb3]8[0xc]@q/"[0x86][0xdd][0x8b][0x12][0xb]22[0x93][0x15]\R[0x8b]3[0xd3]1[0xd7][0x8a][0x16]$f[0xe6][0x81][0xe6][0xfe][0x11][0x87]4Z"[0x8d][0xa0][0x86][0x14]%[0xe6][0x15][0x17][0xe4][0x17]ANeHW[0xd0]W[0x8])*M[0xce][0xce][0xcc][0x3]1[0x83][0x12]3s[0x8a][0xf2][0x13]S0[0xd2]oA~qInb[0x1e][0x8a][0x83][0x10][0xf1][0xe5][0x9c][0x9f][0xb][0x9a]?[0xcc]L[0xcc]Q[0x8]JM[0xcc]Qp-.I,I[0xc5]0$%3[0xb5]$3[0x19]t[0xe2][0x6][0x92][0xd3][0x90][0xc6]V[0x3]R[0x8b][0xd2][0xf2][0x8b]@[0xb]N[0x14][0x1c][0x8b]J[0x8a]1[0xf4][0x83][0xbd]UP[0x94][0x8a][0xe6]9[0xa4][0xd1][0xd5][0x80][0xc4][0xe4][0xec][0xc4]"
15:53:19.689 [main] DEBUG org.apache.http.wire -  << "[\r][\n]"
15:53:19.690 [main] DEBUG org.apache.http.wire -  << "AD[\r][\n]"
15:53:19.690 [main] DEBUG org.apache.http.wire -  << "[0xf4]T[0x5]}[0x5][0xb7][0xa2][0xd4][0xcc][0xf4][0x8c][0x12][0x5][0x97][0xd4][0x9c][0xcc][0xb2][0xd4][0xa2]J[0xc][0xc3]2Js[0x13][0xf3][0x14][0x8a]R[0x8b][0xf3]K[0x8b][0x92]Q[0x96]5Z"[0x8d][0x96][0x86]g[0x16][0xa5][0xe6][0xa4][0x16]c[0xba]%[0xbf][0x0][0x8b]W(-M[0x91][0x16]d[0x6][0x17][0x96]f[0x16][0x95][0xe4]`[0x6][0xa2]gqI[0xaa]Bbi[0x89]B^fFf[0x8e]BjEANfrbR[0xbe]BAjQZjQj^J&[0xe8][0x14][0xf9][0xdc][0x82][0xfc]"[0x94][0xd3][0x4]-[0x91][0x6]ei[0xdc][0x96]E[0x1a][0xc3][0xa5][0xb5]M[0x88]4H[0xb5][0x6]0[0xd2][0x8a][0xd0][0x80][0xc4][0xa2][0xc4][0xe2][0xd4]d[0xcc]y[0xb9][0xe0][0xc4][0x82][0xcc][0xd4][0xbc][0x92]T[0x85][0xcc][0x9c][0x9c]|[0x85]|[0xf0]y1[0xc9][0xa5][0x5][0x99])"
15:53:19.690 [main] DEBUG org.apache.http.wire -  << "[\r][\n]"
15:53:19.691 [main] DEBUG org.apache.http.wire -  << "326[\r][\n]"
15:53:19.691 [main] DEBUG org.apache.http.wire -  << "[0xa0][0xc3]NP[0x83][0x1d]i[0x84]9$5[0xaf]$19??[0x7]#1z[0x16][0x14]'*[0xe4]@[0xe][0x8c][0x4]S[0xa5][0xb9][\n]"
15:53:19.691 [main] DEBUG org.apache.http.wire -  << "y[0xa9][0xa0]c[0xfd]@[0x6]f&[0x95][0xa2][0x1c]3c[0x89]4[0xe8][0xec][0xb][0xba]/ [0x1f]3[0xc3]z[0xe6][0x81]N[0x99]D>|23[0xaf],5[0xaf][0x4]r$eQQiAI&[0xf4][0xec][0xc9][0xbc][0x92][0xcc]R[0x94][0xc3]Y,[0x91][0xc6][0xa4][0xc9]+[0x1b][0x91][0x96][0xa4][0xd2]8[0x5]P[0xba]v[0xd5][0x92][0xd2][0x1]qK[0xa4][0xfb][0xeb][0x1c][0x8b]J2[0x93]K[0xf3]0[0x9b]@[0xae]%[\n]"
15:53:19.691 [main] DEBUG org.apache.http.wire -  << "[0xa5]99[0x89][0xb9][\n]"
15:53:19.691 [main] DEBUG org.apache.http.wire -  << "[0xa9][0x15][0xc9][0xa9][0x5]%[0xa5]E[0x99][\n]"
15:53:19.691 [main] DEBUG org.apache.http.wire -  << "[0xc9][0xa5]9[0x5][0x89][0xc8]G[0xe2]X"[0x1d][0xd6][0xeb][0x9b]X[0x94]_[0x9e][0x98][0x8d][0x91]NBRA[0xf9]:[0x11][0x14][0xb5][0xb0][0xf3][0x87][0x14]RKs[0x15][0xe0][0x9c][0xa2][0xd4][0xcc][0xe4]LH[0x19][0x90][0x93]X[0x9a][0x92][0x88]%n)m-![\r][0xbe][0x93][0x97]8[0x90]F[0xdd][0xc9]4[0x80][0xd2]a[0x1f][0xa4]e[0xa6][0x84][0xea][0x9c][0xa4][0xd2][0x92][0xe4][0x8c][0xd4]"[0xe4][0x8a][0xf][0xe9][0xc][0x7][0xa7][0xc4]<P[0xcd][0x89][0x11]O[0xa9]9[0xa9][0xc9]%E[0x18]u[0x1d][0xd2]0vH~Rbr2fJI[0xca][0xcf][0xcf][0xce]NM-@[0xb3][0x12]Q[0xce][0xe5][0xe5]C[0xe7][0x1f]1,[0xcd][0xcb]/[0x1][0xef]v[0xc3]6[0x0]n[0x89][0xb4][0x17][0x97]L[0x13][0x90][0x6][0xb0][0xfd][0x8][0xba][0x1][[0x3][0xf]i[0x0][0x9b]L[0x3][0x10][0x3][0xd8][0xe4]%[0x1c]J[0xc7][0x9f]-[0x91][0xe][0xae]%[0xd3][0x5][0x88][0x88]$[0xc7][0x0][0x13][0x3][\n]"
15:53:19.691 [main] DEBUG org.apache.http.wire -  << "[0x7]oM[0xc]([0x1c]t51@[0x1a]3%[0xd3][0xb][0x94][0x8d]d[0x9a][0x18] [\r]J[0x92][0xe7][0x2][0xa4]QD2[\r][0xa0],%[0x9a][0x18] [\r][0xf7][0x91][0xe9][0x2]J[0x3][0x11]iU y.[0xa0]pX[0xcc][0xc4][0x0]i[0xff].[0x99].@[0xcc][0xc5][0x90]g[0x0][0x85]CB&[0x6]H[0x3]1d[0xba][0x0][0xd1]e@[0xea][0x1e][0x1b]a.[\r])[0xc8]I[0xac]T[0xc8]H,V[0xc8][0xcb]W[0xc8][0xc9][0xcc][0xcd],A[0xda][0x88]eb[0x80]t[0xb1][0x13][0x99][0xee]@$'[0xf7][0xfc][0x9c][0xd4]\[0x8c][0xca][0xc5][0x5]\[0xa5][0x95][0x16][0xc3][0x9a][0x1a]%[0xa5][0xb9][0xa0][0xc3][0x10][0x13][0x15][0x8a]K[0x8b][0x93]3[0xb]2K[0x90][0x9a]2&[0x6]H[0xc3]Ba[0xa9]y[0xf9]y[0x89][0x98]Mh[0xd7][0xfc]b[0x90][0x1][0xa0][0xe]L*[0xa8][0xd9][0xc]7[0x18][0xd4][0xda]U(J-(M[0xc9]L[0x4][0x9f][0xbe][0x8]m[0xdc][0x94][0xa4]*[0x94][0x82][0xee][0x86],NMA[0xb5][0x8b][0xd2]"[0x15]i[0x3]/y[0x81][0x87][0xb4][0x96][0xd0])5'[0xa7][0xb8][0xa0]([0xbf][0x14][0xd3][0xc3]A[0x88][0xa6][0x19][0xa4][0xc3]P[0x9c][0x99][0x9b][0x99][0x93]YX[0x9a][0xaa]P[0x90]X[0x94][0x9]: [0x1e][0xc5]_H[0xb][0xc]][0xb3][0x13][0xf3]0[0xbb][0xa0][0x81][0xa5][0xf9])[\n]"
15:53:19.691 [main] DEBUG org.apache.http.wire -  << "[0x85][0xa5][0x89][0xc5][0x99][\n]"
15:53:19.691 [main] DEBUG org.apache.http.wire -  << "[0xa9][0x89][\n]"
15:53:19.692 [main] DEBUG org.apache.http.wire -  << "[0xf0][0xe6]=[0xaa]![0x88][0x82][0xca]#[0xb3]$7?/'[0x15][0xb3]K[0xe9]Z[0x96][0x9a][0x97][0x99]Z[0xa2]P[0x9c]Y[0x2][\n]"
15:53:19.692 [main] DEBUG org.apache.http.wire -  << "[0xf8][0xd4][0x9c][0x9c][0xd4][0xbc][0x14]PT[0xa7][0xe6][0xc0]b[0xa5][0x18][0xa9][0xe5][0x9a]YZ[0x8c]r[0x1b][0xa7][0x89][0x1][0x85][0xc3]W&[0x6]H[0xeb][0x10]I[0xbe][0xa0][0xce][0xc4][0x80][0xc2][0xb1]+[0x13][0x3][\n]"
15:53:19.692 [main] DEBUG org.apache.http.wire -  << "[0xc7][0xae]L[0xc][0x90][0xc6][0xae][0xc8]LB[0x94][0xb5][0xca]M[0xc](\[0x9c]hb@[0xe1]x[0x98][0x89][0x1][0xd2]x[0x18]ya`JY[0xb3][0xde][0xc4][0xc0][0x14]Q[0x98][0x92][0xe9][0x2]D)H[0xa6][0x1][0xc4][0x96]E[0xe0]A.[0xcc]F[0xb2][0x89][0x1][0xd2][0xc6]f[0x1c][0x83][0x82]xG[0x15]M[0xc][0x90][0xc6][0xd3]p[0x18][0x80][0xe8][0xcb][0x98][0x18] [0xed]b[0xc6][0xa1][0x9a][0x90]u[0x88]H[0xc3]a[0x80]Rml-[0x17][0x0][0x0][0x0][0xff][0xff]"
15:53:19.692 [main] DEBUG org.apache.http.wire -  << "[\r][\n]"
15:53:19.692 [main] DEBUG org.apache.http.wire -  << "A[\r][\n]"
15:53:19.692 [main] DEBUG org.apache.http.wire -  << "[0x3][0x0][0xf8]q[0xea][0xf3][0x1a]![0x1][0x0]"
15:53:19.692 [main] DEBUG org.apache.http.wire -  << "[\r][\n]"
15:53:19.692 [main] DEBUG org.apache.http.wire -  << "0[\r][\n]"
15:53:19.692 [main] DEBUG org.apache.http.wire -  << "[\r][\n]"
15:53:19.692 [main] DEBUG io.restassured.internal.RestAssuredHttpBuilder - Parsed data to instance of: class org.apache.http.conn.EofSensorInputStream
15:53:19.697 [main] DEBUG org.apache.http.impl.conn.BasicClientConnectionManager - Releasing connection org.apache.http.impl.conn.ManagedClientConnectionImpl@64908ab9
15:53:19.697 [main] DEBUG org.apache.http.impl.conn.BasicClientConnectionManager - Connection can be kept alive indefinitely
15:53:19.712 [Finalizer] DEBUG org.apache.http.impl.conn.DefaultClientConnection - Connection 0.0.0.0:54003<->149.248.193.56:443 closed
15:53:19.713 [Finalizer] DEBUG org.apache.http.impl.conn.DefaultClientConnection - Connection 0.0.0.0:54006<->149.248.193.56:443 closed
15:53:19.715 [Finalizer] DEBUG org.apache.http.impl.conn.DefaultClientConnection - Connection 0.0.0.0:54005<->149.248.193.56:443 closed
15:53:19.715 [Finalizer] DEBUG org.apache.http.impl.conn.DefaultClientConnection - Connection 0.0.0.0:54004<->149.248.193.56:443 closed
15:53:19.765 [main] DEBUG net.thucydides.core.steps.StepInterceptor - STEP DONE: I send GET HTTP request categories2
  &amp#27;[32mWhen &amp#27;[0m&amp#27;[32mI send GET HTTP request categories2&amp#27;[0m               &amp#27;[90m# starter.stepdefinitions.CategoriesSteps.sendGetHttpRequestCategories2()&amp#27;[0m
15:53:19.772 [main] DEBUG net.thucydides.core.steps.StepInterceptor - STARTING STEP: CategoriesSteps.receiveValidHttp200Categories - I receive valid HTTP response code 200 categories
15:53:19.773 [main] DEBUG net.thucydides.core.steps.StepInterceptor - STEP DONE: I receive valid HTTP response code 200 categories
  &amp#27;[32mThen &amp#27;[0m&amp#27;[32mI receive valid HTTP response code 200 categories&amp#27;[0m &amp#27;[90m# starter.stepdefinitions.CategoriesSteps.receiveValidHttp200Categories()&amp#27;[0m
15:53:19.781 [main] INFO  - 
  _____   ___   ___   _____     ___     _     ___   ___   ___   ___  
 |_   _| | __| / __| |_   _|   | _ \   /_\   / __| / __| | __| |   \ 
   | |   | _|  \__ \   | |     |  _/  / _ \  \__ \ \__ \ | _|  | |) |
   |_|   |___| |___/   |_|     |_|   /_/ \_\ |___/ |___/ |___| |___/ 

GET - Get categories by ID
----------------------------------------------------------------------
]]></system-out>
  </testcase>
  <testcase name="POST - Add new product product" classname="Product" time="0.41">
    <system-out><![CDATA[15:53:19.783 [main] DEBUG io.cucumber.core.plugin.SerenityReporter - Running feature from file:///D:/download/API_Minpro%20(1)/APIMinpro/API/minpro/src/test/resources/features/5.%20Product.feature
15:53:19.786 [main] DEBUG net.thucydides.core.steps.StepEventBus - Test suite started for story net.thucydides.core.model.Story@5c78189e
15:53:19.787 [main] INFO  - Test Suite Started: Product

Scenario: POST - Add new product product              &amp#27;[90m# src/test/resources/features/5. Product.feature:7&amp#27;[0m
15:53:19.797 [main] DEBUG io.cucumber.core.plugin.SerenityReporter - Running feature from file:///D:/download/API_Minpro%20(1)/APIMinpro/API/minpro/src/test/resources/features/5.%20Product.feature
15:53:19.800 [main] INFO  - 
  _____   ___   ___   _____     ___   _____     _     ___   _____   ___   ___  
 |_   _| | __| / __| |_   _|   / __| |_   _|   /_\   | _ \ |_   _| | __| |   \ 
   | |   | _|  \__ \   | |     \__ \   | |    / _ \  |   /   | |   | _|  | |) |
   |_|   |___| |___/   |_|     |___/   |_|   /_/ \_\ |_|_\   |_|   |___| |___/ 

POST - Add new product product(product;post---add-new-product-product)
--------------------------------------------------------------------------------
15:53:19.844 [main] DEBUG net.thucydides.core.steps.StepInterceptor - STARTING STEP: ProductSteps.setPostApiEndpointsProduct - I set POST api endpoints product
15:53:19.845 [main] DEBUG net.thucydides.core.steps.StepInterceptor - STEP DONE: I set POST api endpoints product
  &amp#27;[32mGiven &amp#27;[0m&amp#27;[32mI set POST api endpoints product&amp#27;[0m              &amp#27;[90m# starter.stepdefinitions.ProductSteps.setPostApiEndpointsProduct()&amp#27;[0m
15:53:19.850 [main] DEBUG net.thucydides.core.steps.StepInterceptor - STARTING STEP: ProductSteps.sendPostHttpRequestProduct - I send POST HTTP request product
15:53:19.872 [main] DEBUG net.thucydides.core.steps.StepInterceptor - STARTING STEP: Product.sendPostHttpRequestProduct - I set POST api endpoints product
15:53:19.872 [main] DEBUG net.thucydides.core.steps.StepInterceptor - STEP DONE: I set POST api endpoints product
15:53:19.898 [main] DEBUG org.apache.http.impl.conn.BasicClientConnectionManager - Get connection for route {s}->https://altashop-api.fly.dev:443
15:53:19.899 [main] DEBUG org.apache.http.impl.conn.DefaultClientConnectionOperator - Connecting to altashop-api.fly.dev:443
15:53:20.118 [main] DEBUG org.apache.http.client.protocol.RequestAddCookies - CookieSpec selected: ignoreCookies
15:53:20.118 [main] DEBUG org.apache.http.client.protocol.RequestAuthCache - Auth cache not set in the context
15:53:20.118 [main] DEBUG org.apache.http.client.protocol.RequestTargetAuthentication - Target auth state: UNCHALLENGED
15:53:20.118 [main] DEBUG org.apache.http.client.protocol.RequestProxyAuthentication - Proxy auth state: UNCHALLENGED
15:53:20.118 [main] DEBUG org.apache.http.impl.client.DefaultHttpClient - Attempt 1 to execute request
15:53:20.118 [main] DEBUG org.apache.http.impl.conn.DefaultClientConnection - Sending request: POST /api/products HTTP/1.1
15:53:20.118 [main] DEBUG org.apache.http.wire -  >> "POST /api/products HTTP/1.1[\r][\n]"
15:53:20.118 [main] DEBUG org.apache.http.wire -  >> "Accept: */*[\r][\n]"
15:53:20.118 [main] DEBUG org.apache.http.wire -  >> "Content-Type: application/json[\r][\n]"
15:53:20.118 [main] DEBUG org.apache.http.wire -  >> "Content-Length: 49[\r][\n]"
15:53:20.118 [main] DEBUG org.apache.http.wire -  >> "Host: altashop-api.fly.dev[\r][\n]"
15:53:20.118 [main] DEBUG org.apache.http.wire -  >> "Connection: Keep-Alive[\r][\n]"
15:53:20.118 [main] DEBUG org.apache.http.wire -  >> "User-Agent: Apache-HttpClient/4.5.13 (Java/19.0.2)[\r][\n]"
15:53:20.118 [main] DEBUG org.apache.http.wire -  >> "Accept-Encoding: gzip,deflate[\r][\n]"
15:53:20.118 [main] DEBUG org.apache.http.wire -  >> "[\r][\n]"
15:53:20.118 [main] DEBUG org.apache.http.headers - >> POST /api/products HTTP/1.1
15:53:20.118 [main] DEBUG org.apache.http.headers - >> Accept: */*
15:53:20.118 [main] DEBUG org.apache.http.headers - >> Content-Type: application/json
15:53:20.118 [main] DEBUG org.apache.http.headers - >> Content-Length: 49
15:53:20.118 [main] DEBUG org.apache.http.headers - >> Host: altashop-api.fly.dev
15:53:20.118 [main] DEBUG org.apache.http.headers - >> Connection: Keep-Alive
15:53:20.118 [main] DEBUG org.apache.http.headers - >> User-Agent: Apache-HttpClient/4.5.13 (Java/19.0.2)
15:53:20.118 [main] DEBUG org.apache.http.headers - >> Accept-Encoding: gzip,deflate
15:53:20.118 [main] DEBUG org.apache.http.wire -  >> "{"price":499,"name":"XBOX1","categories":[12541]}"
15:53:20.183 [main] DEBUG org.apache.http.wire -  << "HTTP/1.1 200 OK[\r][\n]"
15:53:20.183 [main] DEBUG org.apache.http.wire -  << "content-type: application/json[\r][\n]"
15:53:20.183 [main] DEBUG org.apache.http.wire -  << "date: Wed, 10 May 2023 08:53:19 GMT[\r][\n]"
15:53:20.183 [main] DEBUG org.apache.http.wire -  << "content-encoding: gzip[\r][\n]"
15:53:20.183 [main] DEBUG org.apache.http.wire -  << "transfer-encoding: chunked[\r][\n]"
15:53:20.183 [main] DEBUG org.apache.http.wire -  << "server: Fly/3f2597ca (2023-05-03)[\r][\n]"
15:53:20.183 [main] DEBUG org.apache.http.wire -  << "via: 1.1 fly.io[\r][\n]"
15:53:20.183 [main] DEBUG org.apache.http.wire -  << "fly-request-id: 01H02DTTS7GKGJ7CDCAAWXX6T5-sin[\r][\n]"
15:53:20.183 [main] DEBUG org.apache.http.wire -  << "[\r][\n]"
15:53:20.183 [main] DEBUG org.apache.http.impl.conn.DefaultClientConnection - Receiving response: HTTP/1.1 200 OK
15:53:20.183 [main] DEBUG org.apache.http.headers - << HTTP/1.1 200 OK
15:53:20.183 [main] DEBUG org.apache.http.headers - << content-type: application/json
15:53:20.183 [main] DEBUG org.apache.http.headers - << date: Wed, 10 May 2023 08:53:19 GMT
15:53:20.183 [main] DEBUG org.apache.http.headers - << content-encoding: gzip
15:53:20.183 [main] DEBUG org.apache.http.headers - << transfer-encoding: chunked
15:53:20.183 [main] DEBUG org.apache.http.headers - << server: Fly/3f2597ca (2023-05-03)
15:53:20.183 [main] DEBUG org.apache.http.headers - << via: 1.1 fly.io
15:53:20.183 [main] DEBUG org.apache.http.headers - << fly-request-id: 01H02DTTS7GKGJ7CDCAAWXX6T5-sin
15:53:20.183 [main] DEBUG org.apache.http.impl.client.DefaultHttpClient - Connection can be kept alive indefinitely
15:53:20.183 [main] DEBUG io.restassured.internal.RestAssuredHttpBuilder - Parsing response as: application/json
15:53:20.183 [main] DEBUG org.apache.http.wire -  << "94[\r][\n]"
15:53:20.183 [main] DEBUG org.apache.http.wire -  << "[0x1f][0x8b][0x8][0x0][0x0][0x0][0x0][0x0][0x4][0xff][0xab]VJI,IT[0xb2][0xaa]V[0xf2]tQ[0xb2]24[0xb1]03[0xd3]Q[0xf2]K[0xcc]MU[0xb2]R[0x8a]p[0xf2][0x8f]0T[0xd2]QrI-N.[0xca],([0xc9][0xcc][0xcf]S[0xb2]RR[0xd2]Q[\n]"
15:53:20.183 [main] DEBUG org.apache.http.wire -  << "([0xca]LNU[0xb2]2[0xb1][0xb4][0xd4]Q[\n]"
15:53:20.183 [main] DEBUG org.apache.http.wire -  << "J,[0xc9][0xcc]K/V[0xb2]2[0xd0]QrN,IM[0xcf]/[0xca]L-V[0xb2][0x8a][0x86][0x9a]hdjb[0x8]7[0xd1]=173/[0x1d][0xc3]H[0xb7][0xfc]"[0x85]t[0xb0][0x94]BAiQA~qj[0xb1]Rmlm-[0x17][0x0][0xf]%[0xb][0x18][0x9e][0x0][0x0][0x0]"
15:53:20.183 [main] DEBUG org.apache.http.wire -  << "[\r][\n]"
15:53:20.184 [main] DEBUG org.apache.http.wire -  << "0[\r][\n]"
15:53:20.184 [main] DEBUG org.apache.http.wire -  << "[\r][\n]"
15:53:20.184 [main] DEBUG io.restassured.internal.RestAssuredHttpBuilder - Parsed data to instance of: class org.apache.http.conn.EofSensorInputStream
15:53:20.185 [main] DEBUG org.apache.http.impl.conn.BasicClientConnectionManager - Releasing connection org.apache.http.impl.conn.ManagedClientConnectionImpl@4bc41565
15:53:20.185 [main] DEBUG org.apache.http.impl.conn.BasicClientConnectionManager - Connection can be kept alive indefinitely
15:53:20.186 [main] DEBUG net.thucydides.core.steps.StepInterceptor - STEP DONE: I send POST HTTP request product
  &amp#27;[32mWhen &amp#27;[0m&amp#27;[32mI send POST HTTP request product&amp#27;[0m               &amp#27;[90m# starter.stepdefinitions.ProductSteps.sendPostHttpRequestProduct()&amp#27;[0m
15:53:20.192 [main] DEBUG net.thucydides.core.steps.StepInterceptor - STARTING STEP: ProductSteps.receiveValidHttp200Product - I receive valid HTTP response code 200 product
15:53:20.194 [main] DEBUG net.thucydides.core.steps.StepInterceptor - STEP DONE: I receive valid HTTP response code 200 product
  &amp#27;[32mThen &amp#27;[0m&amp#27;[32mI receive valid HTTP response code 200 product&amp#27;[0m &amp#27;[90m# starter.stepdefinitions.ProductSteps.receiveValidHttp200Product()&amp#27;[0m
15:53:20.196 [main] INFO  - 
  _____   ___   ___   _____     ___     _     ___   ___   ___   ___  
 |_   _| | __| / __| |_   _|   | _ \   /_\   / __| / __| | __| |   \ 
   | |   | _|  \__ \   | |     |  _/  / _ \  \__ \ \__ \ | _|  | |) |
   |_|   |___| |___/   |_|     |_|   /_/ \_\ |___/ |___/ |___| |___/ 

POST - Add new product product
----------------------------------------------------------------------
]]></system-out>
  </testcase>
  <testcase name="POST - Add new product without Name payload" classname="Product" time="0.368">
    <system-out><![CDATA[
Scenario: POST - Add new product without Name payload &amp#27;[90m# src/test/resources/features/5. Product.feature:12&amp#27;[0m
15:53:20.203 [main] DEBUG io.cucumber.core.plugin.SerenityReporter - Running feature from file:///D:/download/API_Minpro%20(1)/APIMinpro/API/minpro/src/test/resources/features/5.%20Product.feature
15:53:20.206 [main] INFO  - 
  _____   ___   ___   _____     ___   _____     _     ___   _____   ___   ___  
 |_   _| | __| / __| |_   _|   / __| |_   _|   /_\   | _ \ |_   _| | __| |   \ 
   | |   | _|  \__ \   | |     \__ \   | |    / _ \  |   /   | |   | _|  | |) |
   |_|   |___| |___/   |_|     |___/   |_|   /_/ \_\ |_|_\   |_|   |___| |___/ 

POST - Add new product without Name payload(product;post---add-new-product-without-name-payload)
--------------------------------------------------------------------------------
15:53:20.221 [main] DEBUG net.thucydides.core.steps.StepInterceptor - STARTING STEP: ProductSteps.setPostApiEndpointsProduct - I set POST api endpoints product
15:53:20.221 [main] DEBUG net.thucydides.core.steps.StepInterceptor - STEP DONE: I set POST api endpoints product
  &amp#27;[32mGiven &amp#27;[0m&amp#27;[32mI set POST api endpoints product&amp#27;[0m              &amp#27;[90m# starter.stepdefinitions.ProductSteps.setPostApiEndpointsProduct()&amp#27;[0m
15:53:20.225 [main] DEBUG net.thucydides.core.steps.StepInterceptor - STARTING STEP: ProductSteps.sendPostHttpRequestProduct2 - I send POST HTTP request product2
15:53:20.229 [main] DEBUG net.thucydides.core.steps.StepInterceptor - STARTING STEP: Product.sendPostHttpRequestProduct2 - I set POST api endpoints product
15:53:20.229 [main] DEBUG net.thucydides.core.steps.StepInterceptor - STEP DONE: I set POST api endpoints product
15:53:20.246 [main] DEBUG org.apache.http.impl.conn.BasicClientConnectionManager - Get connection for route {s}->https://altashop-api.fly.dev:443
15:53:20.246 [main] DEBUG org.apache.http.impl.conn.DefaultClientConnectionOperator - Connecting to altashop-api.fly.dev:443
15:53:20.439 [main] DEBUG org.apache.http.client.protocol.RequestAddCookies - CookieSpec selected: ignoreCookies
15:53:20.439 [main] DEBUG org.apache.http.client.protocol.RequestAuthCache - Auth cache not set in the context
15:53:20.439 [main] DEBUG org.apache.http.client.protocol.RequestTargetAuthentication - Target auth state: UNCHALLENGED
15:53:20.439 [main] DEBUG org.apache.http.client.protocol.RequestProxyAuthentication - Proxy auth state: UNCHALLENGED
15:53:20.439 [main] DEBUG org.apache.http.impl.client.DefaultHttpClient - Attempt 1 to execute request
15:53:20.439 [main] DEBUG org.apache.http.impl.conn.DefaultClientConnection - Sending request: POST /api/products HTTP/1.1
15:53:20.439 [main] DEBUG org.apache.http.wire -  >> "POST /api/products HTTP/1.1[\r][\n]"
15:53:20.440 [main] DEBUG org.apache.http.wire -  >> "Accept: */*[\r][\n]"
15:53:20.440 [main] DEBUG org.apache.http.wire -  >> "Content-Type: application/json[\r][\n]"
15:53:20.440 [main] DEBUG org.apache.http.wire -  >> "Content-Length: 44[\r][\n]"
15:53:20.440 [main] DEBUG org.apache.http.wire -  >> "Host: altashop-api.fly.dev[\r][\n]"
15:53:20.440 [main] DEBUG org.apache.http.wire -  >> "Connection: Keep-Alive[\r][\n]"
15:53:20.440 [main] DEBUG org.apache.http.wire -  >> "User-Agent: Apache-HttpClient/4.5.13 (Java/19.0.2)[\r][\n]"
15:53:20.440 [main] DEBUG org.apache.http.wire -  >> "Accept-Encoding: gzip,deflate[\r][\n]"
15:53:20.440 [main] DEBUG org.apache.http.wire -  >> "[\r][\n]"
15:53:20.440 [main] DEBUG org.apache.http.headers - >> POST /api/products HTTP/1.1
15:53:20.440 [main] DEBUG org.apache.http.headers - >> Accept: */*
15:53:20.440 [main] DEBUG org.apache.http.headers - >> Content-Type: application/json
15:53:20.440 [main] DEBUG org.apache.http.headers - >> Content-Length: 44
15:53:20.440 [main] DEBUG org.apache.http.headers - >> Host: altashop-api.fly.dev
15:53:20.440 [main] DEBUG org.apache.http.headers - >> Connection: Keep-Alive
15:53:20.440 [main] DEBUG org.apache.http.headers - >> User-Agent: Apache-HttpClient/4.5.13 (Java/19.0.2)
15:53:20.440 [main] DEBUG org.apache.http.headers - >> Accept-Encoding: gzip,deflate
15:53:20.440 [main] DEBUG org.apache.http.wire -  >> "{"price":499,"name":"","categories":[12541]}"
15:53:20.553 [main] DEBUG org.apache.http.wire -  << "HTTP/1.1 500 Internal Server Error[\r][\n]"
15:53:20.553 [main] DEBUG org.apache.http.wire -  << "content-type: application/json[\r][\n]"
15:53:20.553 [main] DEBUG org.apache.http.wire -  << "date: Wed, 10 May 2023 08:53:20 GMT[\r][\n]"
15:53:20.553 [main] DEBUG org.apache.http.wire -  << "content-encoding: gzip[\r][\n]"
15:53:20.554 [main] DEBUG org.apache.http.wire -  << "transfer-encoding: chunked[\r][\n]"
15:53:20.554 [main] DEBUG org.apache.http.wire -  << "server: Fly/3f2597ca (2023-05-03)[\r][\n]"
15:53:20.554 [main] DEBUG org.apache.http.wire -  << "via: 1.1 fly.io[\r][\n]"
15:53:20.554 [main] DEBUG org.apache.http.wire -  << "fly-request-id: 01H02DTV4V91R81F15GNCC4P6C-sin[\r][\n]"
15:53:20.554 [main] DEBUG org.apache.http.wire -  << "[\r][\n]"
15:53:20.554 [main] DEBUG org.apache.http.impl.conn.DefaultClientConnection - Receiving response: HTTP/1.1 500 Internal Server Error
15:53:20.554 [main] DEBUG org.apache.http.headers - << HTTP/1.1 500 Internal Server Error
15:53:20.554 [main] DEBUG org.apache.http.headers - << content-type: application/json
15:53:20.554 [main] DEBUG org.apache.http.headers - << date: Wed, 10 May 2023 08:53:20 GMT
15:53:20.554 [main] DEBUG org.apache.http.headers - << content-encoding: gzip
15:53:20.554 [main] DEBUG org.apache.http.headers - << transfer-encoding: chunked
15:53:20.554 [main] DEBUG org.apache.http.headers - << server: Fly/3f2597ca (2023-05-03)
15:53:20.554 [main] DEBUG org.apache.http.headers - << via: 1.1 fly.io
15:53:20.554 [main] DEBUG org.apache.http.headers - << fly-request-id: 01H02DTV4V91R81F15GNCC4P6C-sin
15:53:20.554 [main] DEBUG org.apache.http.impl.client.DefaultHttpClient - Connection can be kept alive indefinitely
15:53:20.554 [main] DEBUG io.restassured.internal.RestAssuredHttpBuilder - Parsing response as: application/json
15:53:20.554 [main] DEBUG org.apache.http.wire -  << "80[\r][\n]"
15:53:20.554 [main] DEBUG org.apache.http.wire -  << "[0x1f][0x8b][0x8][0x0][0x0][0x0][0x0][0x0][0x4][0xff][0xab]VJ-*[0xca]/R[0xb2]Rr[\r][\n]"
15:53:20.554 [main] DEBUG org.apache.http.wire -  << "[0xf2][0xf][0xb2]R[0xc8]K-W([0xca]/WH[0xcb]/R(J[0xcd]I,[0xc9][0xcc][0xcf]S[0x88]Q*([0xca]O)M.)[0x8e]QR([0xcb][0xcc][0xcf]I,I-VH[0xce]HM[0xce]VH[0xce][0xcf]+.)J[0xcc][0xcc]+AR[0x16][0x9f][0x97][0x98][0x9b][0x1a][0xf]V[0x10][0xa3][0xa4][0xa0][0x11][0x1c][0xe8][0x13][0x1c][0xe2][0x18][0xe2][0xaa]`dljh[0xa2][0xa9]T[0xcb][0x5][0x0]5m[0xa8][0xef]x[0x0][0x0][0x0]"
15:53:20.554 [main] DEBUG org.apache.http.wire -  << "[\r][\n]"
15:53:20.554 [main] DEBUG org.apache.http.wire -  << "0[\r][\n]"
15:53:20.554 [main] DEBUG org.apache.http.wire -  << "[\r][\n]"
15:53:20.554 [main] DEBUG io.restassured.internal.RestAssuredHttpBuilder - Parsed data to instance of: class org.apache.http.conn.EofSensorInputStream
15:53:20.556 [main] DEBUG org.apache.http.impl.conn.BasicClientConnectionManager - Releasing connection org.apache.http.impl.conn.ManagedClientConnectionImpl@563392e5
15:53:20.556 [main] DEBUG org.apache.http.impl.conn.BasicClientConnectionManager - Connection can be kept alive indefinitely
15:53:20.557 [main] DEBUG net.thucydides.core.steps.StepInterceptor - STEP DONE: I send POST HTTP request product2
  &amp#27;[32mWhen &amp#27;[0m&amp#27;[32mI send POST HTTP request product2&amp#27;[0m              &amp#27;[90m# starter.stepdefinitions.ProductSteps.sendPostHttpRequestProduct2()&amp#27;[0m
15:53:20.562 [main] DEBUG net.thucydides.core.steps.StepInterceptor - STARTING STEP: ProductSteps.receiveValidHttp500Product - I receive valid HTTP response code 500 product
15:53:20.563 [main] DEBUG net.thucydides.core.steps.StepInterceptor - STEP DONE: I receive valid HTTP response code 500 product
  &amp#27;[32mThen &amp#27;[0m&amp#27;[32mI receive valid HTTP response code 500 product&amp#27;[0m &amp#27;[90m# starter.stepdefinitions.ProductSteps.receiveValidHttp500Product()&amp#27;[0m
15:53:20.565 [main] INFO  - 
  _____   ___   ___   _____     ___     _     ___   ___   ___   ___  
 |_   _| | __| / __| |_   _|   | _ \   /_\   / __| / __| | __| |   \ 
   | |   | _|  \__ \   | |     |  _/  / _ \  \__ \ \__ \ | _|  | |) |
   |_|   |___| |___/   |_|     |_|   /_/ \_\ |___/ |___/ |___| |___/ 

POST - Add new product without Name payload
----------------------------------------------------------------------
]]></system-out>
  </testcase>
  <testcase name="POST - Add new product without Description payload" classname="Product" time="0.27">
    <system-out><![CDATA[
Scenario: POST - Add new product without Description payload &amp#27;[90m# src/test/resources/features/5. Product.feature:17&amp#27;[0m
15:53:20.571 [main] DEBUG io.cucumber.core.plugin.SerenityReporter - Running feature from file:///D:/download/API_Minpro%20(1)/APIMinpro/API/minpro/src/test/resources/features/5.%20Product.feature
15:53:20.573 [main] INFO  - 
  _____   ___   ___   _____     ___   _____     _     ___   _____   ___   ___  
 |_   _| | __| / __| |_   _|   / __| |_   _|   /_\   | _ \ |_   _| | __| |   \ 
   | |   | _|  \__ \   | |     \__ \   | |    / _ \  |   /   | |   | _|  | |) |
   |_|   |___| |___/   |_|     |___/   |_|   /_/ \_\ |_|_\   |_|   |___| |___/ 

POST - Add new product without Description payload(product;post---add-new-product-without-description-payload)
--------------------------------------------------------------------------------
15:53:20.585 [main] DEBUG net.thucydides.core.steps.StepInterceptor - STARTING STEP: ProductSteps.setPostApiEndpointsProduct - I set POST api endpoints product
15:53:20.585 [main] DEBUG net.thucydides.core.steps.StepInterceptor - STEP DONE: I set POST api endpoints product
  &amp#27;[32mGiven &amp#27;[0m&amp#27;[32mI set POST api endpoints product&amp#27;[0m                     &amp#27;[90m# starter.stepdefinitions.ProductSteps.setPostApiEndpointsProduct()&amp#27;[0m
15:53:20.588 [main] DEBUG net.thucydides.core.steps.StepInterceptor - STARTING STEP: ProductSteps.sendPostHttpRequestProduct3 - I send POST HTTP request product3
15:53:20.590 [main] DEBUG net.thucydides.core.steps.StepInterceptor - STARTING STEP: Product.sendPostHttpRequestProduct3 - I set POST api endpoints product
15:53:20.590 [main] DEBUG net.thucydides.core.steps.StepInterceptor - STEP DONE: I set POST api endpoints product
15:53:20.605 [main] DEBUG org.apache.http.impl.conn.BasicClientConnectionManager - Get connection for route {s}->https://altashop-api.fly.dev:443
15:53:20.605 [main] DEBUG org.apache.http.impl.conn.DefaultClientConnectionOperator - Connecting to altashop-api.fly.dev:443
15:53:20.752 [main] DEBUG org.apache.http.client.protocol.RequestAddCookies - CookieSpec selected: ignoreCookies
15:53:20.752 [main] DEBUG org.apache.http.client.protocol.RequestAuthCache - Auth cache not set in the context
15:53:20.752 [main] DEBUG org.apache.http.client.protocol.RequestTargetAuthentication - Target auth state: UNCHALLENGED
15:53:20.752 [main] DEBUG org.apache.http.client.protocol.RequestProxyAuthentication - Proxy auth state: UNCHALLENGED
15:53:20.752 [main] DEBUG org.apache.http.impl.client.DefaultHttpClient - Attempt 1 to execute request
15:53:20.752 [main] DEBUG org.apache.http.impl.conn.DefaultClientConnection - Sending request: POST /api/products HTTP/1.1
15:53:20.752 [main] DEBUG org.apache.http.wire -  >> "POST /api/products HTTP/1.1[\r][\n]"
15:53:20.752 [main] DEBUG org.apache.http.wire -  >> "Accept: */*[\r][\n]"
15:53:20.752 [main] DEBUG org.apache.http.wire -  >> "Content-Type: application/json[\r][\n]"
15:53:20.752 [main] DEBUG org.apache.http.wire -  >> "Content-Length: 48[\r][\n]"
15:53:20.752 [main] DEBUG org.apache.http.wire -  >> "Host: altashop-api.fly.dev[\r][\n]"
15:53:20.752 [main] DEBUG org.apache.http.wire -  >> "Connection: Keep-Alive[\r][\n]"
15:53:20.753 [main] DEBUG org.apache.http.wire -  >> "User-Agent: Apache-HttpClient/4.5.13 (Java/19.0.2)[\r][\n]"
15:53:20.753 [main] DEBUG org.apache.http.wire -  >> "Accept-Encoding: gzip,deflate[\r][\n]"
15:53:20.753 [main] DEBUG org.apache.http.wire -  >> "[\r][\n]"
15:53:20.753 [main] DEBUG org.apache.http.headers - >> POST /api/products HTTP/1.1
15:53:20.753 [main] DEBUG org.apache.http.headers - >> Accept: */*
15:53:20.753 [main] DEBUG org.apache.http.headers - >> Content-Type: application/json
15:53:20.753 [main] DEBUG org.apache.http.headers - >> Content-Length: 48
15:53:20.753 [main] DEBUG org.apache.http.headers - >> Host: altashop-api.fly.dev
15:53:20.753 [main] DEBUG org.apache.http.headers - >> Connection: Keep-Alive
15:53:20.753 [main] DEBUG org.apache.http.headers - >> User-Agent: Apache-HttpClient/4.5.13 (Java/19.0.2)
15:53:20.753 [main] DEBUG org.apache.http.headers - >> Accept-Encoding: gzip,deflate
15:53:20.753 [main] DEBUG org.apache.http.wire -  >> "{"price":"","name":"XBOX1","categories":[12541]}"
15:53:20.826 [main] DEBUG org.apache.http.wire -  << "HTTP/1.1 400 Bad Request[\r][\n]"
15:53:20.826 [main] DEBUG org.apache.http.wire -  << "content-type: application/json[\r][\n]"
15:53:20.826 [main] DEBUG org.apache.http.wire -  << "date: Wed, 10 May 2023 08:53:20 GMT[\r][\n]"
15:53:20.826 [main] DEBUG org.apache.http.wire -  << "content-encoding: gzip[\r][\n]"
15:53:20.826 [main] DEBUG org.apache.http.wire -  << "transfer-encoding: chunked[\r][\n]"
15:53:20.826 [main] DEBUG org.apache.http.wire -  << "server: Fly/3f2597ca (2023-05-03)[\r][\n]"
15:53:20.826 [main] DEBUG org.apache.http.wire -  << "via: 1.1 fly.io[\r][\n]"
15:53:20.826 [main] DEBUG org.apache.http.wire -  << "fly-request-id: 01H02DTVDD0DKFSJFKF04CGVC0-sin[\r][\n]"
15:53:20.827 [main] DEBUG org.apache.http.wire -  << "[\r][\n]"
15:53:20.827 [main] DEBUG org.apache.http.impl.conn.DefaultClientConnection - Receiving response: HTTP/1.1 400 Bad Request
15:53:20.827 [main] DEBUG org.apache.http.headers - << HTTP/1.1 400 Bad Request
15:53:20.827 [main] DEBUG org.apache.http.headers - << content-type: application/json
15:53:20.827 [main] DEBUG org.apache.http.headers - << date: Wed, 10 May 2023 08:53:20 GMT
15:53:20.827 [main] DEBUG org.apache.http.headers - << content-encoding: gzip
15:53:20.827 [main] DEBUG org.apache.http.headers - << transfer-encoding: chunked
15:53:20.827 [main] DEBUG org.apache.http.headers - << server: Fly/3f2597ca (2023-05-03)
15:53:20.827 [main] DEBUG org.apache.http.headers - << via: 1.1 fly.io
15:53:20.827 [main] DEBUG org.apache.http.headers - << fly-request-id: 01H02DTVDD0DKFSJFKF04CGVC0-sin
15:53:20.827 [main] DEBUG org.apache.http.impl.client.DefaultHttpClient - Connection can be kept alive indefinitely
15:53:20.827 [main] DEBUG io.restassured.internal.RestAssuredHttpBuilder - Parsing response as: application/json
15:53:20.827 [main] DEBUG org.apache.http.wire -  << "71[\r][\n]"
15:53:20.827 [main] DEBUG org.apache.http.wire -  << "[0x1f][0x8b][0x8][0x0][0x0][0x0][0x0][0x0][0x4][0xff][0xab]VJ-*[0xca]/R[0xb2]R[0xca]*[0xce][0xcf][0xb3]RHN[0xcc][0xcb][0xcb]/Q([0xcd][0xcb]M,*[0xce]H[0xcc]Q(.)[0xca][0xcc]KW[0xc8][0xcc]+[0xc9]Wp[0xcf][0x7]qK[0x93]K[0x14][0xd2]2SsR[0x14][0x2][0x8a][0xf2]SJ[0x93]K[0x9c][0x8b]R[0x13]KR[0xf5][\n]"
15:53:20.827 [main] DEBUG org.apache.http.wire -  << "[0x8a]2[0x93]S[0x15][0xf2][0xd3][0x14]J*[0xb]R[0x15]J3[0xf3]J[0x94]j[0xb9][0x0][0xd2][0x2]#[0xd6]`[0x0][0x0][0x0]"
15:53:20.827 [main] DEBUG org.apache.http.wire -  << "[\r][\n]"
15:53:20.827 [main] DEBUG org.apache.http.wire -  << "0[\r][\n]"
15:53:20.827 [main] DEBUG org.apache.http.wire -  << "[\r][\n]"
15:53:20.827 [main] DEBUG io.restassured.internal.RestAssuredHttpBuilder - Parsed data to instance of: class org.apache.http.conn.EofSensorInputStream
15:53:20.829 [main] DEBUG org.apache.http.impl.conn.BasicClientConnectionManager - Releasing connection org.apache.http.impl.conn.ManagedClientConnectionImpl@7d0333c8
15:53:20.829 [main] DEBUG org.apache.http.impl.conn.BasicClientConnectionManager - Connection can be kept alive indefinitely
15:53:20.829 [main] DEBUG net.thucydides.core.steps.StepInterceptor - STEP DONE: I send POST HTTP request product3
  &amp#27;[32mWhen &amp#27;[0m&amp#27;[32mI send POST HTTP request product3&amp#27;[0m                     &amp#27;[90m# starter.stepdefinitions.ProductSteps.sendPostHttpRequestProduct3()&amp#27;[0m
15:53:20.832 [main] DEBUG net.thucydides.core.steps.StepInterceptor - STARTING STEP: ProductSteps.receiveValidHttp400Product - I receive valid HTTP response code 400 product
15:53:20.833 [main] DEBUG net.thucydides.core.steps.StepInterceptor - STEP DONE: I receive valid HTTP response code 400 product
  &amp#27;[32mThen &amp#27;[0m&amp#27;[32mI receive valid HTTP response code 400 product&amp#27;[0m        &amp#27;[90m# starter.stepdefinitions.ProductSteps.receiveValidHttp400Product()&amp#27;[0m
15:53:20.835 [main] INFO  - 
  _____   ___   ___   _____     ___     _     ___   ___   ___   ___  
 |_   _| | __| / __| |_   _|   | _ \   /_\   / __| / __| | __| |   \ 
   | |   | _|  \__ \   | |     |  _/  / _ \  \__ \ \__ \ | _|  | |) |
   |_|   |___| |___/   |_|     |_|   /_/ \_\ |___/ |___/ |___| |___/ 

POST - Add new product without Description payload
----------------------------------------------------------------------
]]></system-out>
  </testcase>
  <testcase name="GET - Get product by ID" classname="Product" time="0.829">
    <system-out><![CDATA[
Scenario: GET - Get product by ID                     &amp#27;[90m# src/test/resources/features/5. Product.feature:22&amp#27;[0m
15:53:20.840 [main] DEBUG io.cucumber.core.plugin.SerenityReporter - Running feature from file:///D:/download/API_Minpro%20(1)/APIMinpro/API/minpro/src/test/resources/features/5.%20Product.feature
15:53:20.843 [main] INFO  - 
  _____   ___   ___   _____     ___   _____     _     ___   _____   ___   ___  
 |_   _| | __| / __| |_   _|   / __| |_   _|   /_\   | _ \ |_   _| | __| |   \ 
   | |   | _|  \__ \   | |     \__ \   | |    / _ \  |   /   | |   | _|  | |) |
   |_|   |___| |___/   |_|     |___/   |_|   /_/ \_\ |_|_\   |_|   |___| |___/ 

GET - Get product by ID(product;get---get-product-by-id)
--------------------------------------------------------------------------------
15:53:20.859 [main] DEBUG net.thucydides.core.steps.StepInterceptor - STARTING STEP: ProductSteps.setGetApiEndpointsProduct - I set GET api endpoints product
15:53:20.860 [main] DEBUG net.thucydides.core.steps.StepInterceptor - STEP DONE: I set GET api endpoints product
  &amp#27;[32mGiven &amp#27;[0m&amp#27;[32mI set GET api endpoints product&amp#27;[0m               &amp#27;[90m# starter.stepdefinitions.ProductSteps.setGetApiEndpointsProduct()&amp#27;[0m
15:53:20.865 [main] DEBUG net.thucydides.core.steps.StepInterceptor - STARTING STEP: ProductSteps.sentGetHttpRequestProduct - I send GET HTTP request product
15:53:20.867 [main] DEBUG net.thucydides.core.steps.StepInterceptor - STARTING STEP: Product.sendGetHttpRequestProduct - I set GET api endpoints product
15:53:20.868 [main] DEBUG net.thucydides.core.steps.StepInterceptor - STEP DONE: I set GET api endpoints product
15:53:20.884 [main] DEBUG org.apache.http.impl.conn.BasicClientConnectionManager - Get connection for route {s}->https://altashop-api.fly.dev:443
15:53:20.884 [main] DEBUG org.apache.http.impl.conn.DefaultClientConnectionOperator - Connecting to altashop-api.fly.dev:443
15:53:21.024 [main] DEBUG org.apache.http.client.protocol.RequestAddCookies - CookieSpec selected: ignoreCookies
15:53:21.024 [main] DEBUG org.apache.http.client.protocol.RequestAuthCache - Auth cache not set in the context
15:53:21.025 [main] DEBUG org.apache.http.client.protocol.RequestTargetAuthentication - Target auth state: UNCHALLENGED
15:53:21.025 [main] DEBUG org.apache.http.client.protocol.RequestProxyAuthentication - Proxy auth state: UNCHALLENGED
15:53:21.025 [main] DEBUG org.apache.http.impl.client.DefaultHttpClient - Attempt 1 to execute request
15:53:21.025 [main] DEBUG org.apache.http.impl.conn.DefaultClientConnection - Sending request: GET /api/products HTTP/1.1
15:53:21.025 [main] DEBUG org.apache.http.wire -  >> "GET /api/products HTTP/1.1[\r][\n]"
15:53:21.025 [main] DEBUG org.apache.http.wire -  >> "Accept: */*[\r][\n]"
15:53:21.025 [main] DEBUG org.apache.http.wire -  >> "Host: altashop-api.fly.dev[\r][\n]"
15:53:21.025 [main] DEBUG org.apache.http.wire -  >> "Connection: Keep-Alive[\r][\n]"
15:53:21.025 [main] DEBUG org.apache.http.wire -  >> "User-Agent: Apache-HttpClient/4.5.13 (Java/19.0.2)[\r][\n]"
15:53:21.025 [main] DEBUG org.apache.http.wire -  >> "Accept-Encoding: gzip,deflate[\r][\n]"
15:53:21.025 [main] DEBUG org.apache.http.wire -  >> "[\r][\n]"
15:53:21.025 [main] DEBUG org.apache.http.headers - >> GET /api/products HTTP/1.1
15:53:21.025 [main] DEBUG org.apache.http.headers - >> Accept: */*
15:53:21.025 [main] DEBUG org.apache.http.headers - >> Host: altashop-api.fly.dev
15:53:21.025 [main] DEBUG org.apache.http.headers - >> Connection: Keep-Alive
15:53:21.025 [main] DEBUG org.apache.http.headers - >> User-Agent: Apache-HttpClient/4.5.13 (Java/19.0.2)
15:53:21.025 [main] DEBUG org.apache.http.headers - >> Accept-Encoding: gzip,deflate
15:53:21.447 [main] DEBUG org.apache.http.wire -  << "HTTP/1.1 200 OK[\r][\n]"
15:53:21.448 [main] DEBUG org.apache.http.wire -  << "content-type: application/json[\r][\n]"
15:53:21.448 [main] DEBUG org.apache.http.wire -  << "date: Wed, 10 May 2023 08:53:21 GMT[\r][\n]"
15:53:21.448 [main] DEBUG org.apache.http.wire -  << "transfer-encoding: chunked[\r][\n]"
15:53:21.448 [main] DEBUG org.apache.http.wire -  << "content-encoding: gzip[\r][\n]"
15:53:21.448 [main] DEBUG org.apache.http.wire -  << "server: Fly/3f2597ca (2023-05-03)[\r][\n]"
15:53:21.448 [main] DEBUG org.apache.http.wire -  << "via: 1.1 fly.io[\r][\n]"
15:53:21.448 [main] DEBUG org.apache.http.wire -  << "fly-request-id: 01H02DTVNWG7CZ8MX08RZ8GRC2-sin[\r][\n]"
15:53:21.448 [main] DEBUG org.apache.http.wire -  << "[\r][\n]"
15:53:21.448 [main] DEBUG org.apache.http.impl.conn.DefaultClientConnection - Receiving response: HTTP/1.1 200 OK
15:53:21.448 [main] DEBUG org.apache.http.headers - << HTTP/1.1 200 OK
15:53:21.448 [main] DEBUG org.apache.http.headers - << content-type: application/json
15:53:21.448 [main] DEBUG org.apache.http.headers - << date: Wed, 10 May 2023 08:53:21 GMT
15:53:21.448 [main] DEBUG org.apache.http.headers - << transfer-encoding: chunked
15:53:21.448 [main] DEBUG org.apache.http.headers - << content-encoding: gzip
15:53:21.448 [main] DEBUG org.apache.http.headers - << server: Fly/3f2597ca (2023-05-03)
15:53:21.448 [main] DEBUG org.apache.http.headers - << via: 1.1 fly.io
15:53:21.448 [main] DEBUG org.apache.http.headers - << fly-request-id: 01H02DTVNWG7CZ8MX08RZ8GRC2-sin
15:53:21.449 [main] DEBUG org.apache.http.impl.client.DefaultHttpClient - Connection can be kept alive indefinitely
15:53:21.449 [main] DEBUG io.restassured.internal.RestAssuredHttpBuilder - Parsing response as: application/json
15:53:21.449 [main] DEBUG org.apache.http.wire -  << "2F0[\r][\n]"
15:53:21.449 [main] DEBUG org.apache.http.wire -  << "[0x1f][0x8b][0x8][0x0][0x0][0x0][0x0][0x0][0x4][0xff][0xaa]VJI,IT[0xb2][0x8a][0xae]V[0xf2]tQ[0xb2]241[0xb1]0[0xd6]Q[0xf2]K[0xcc]MU[0xb2]R[0xf2],[0xc8][0xc8][0xcf]KU04T03QHOR[0xd2]QrI-N.[0xca],([0xc9][0xcc][0xcf]S[0xb2]R*[0xc8]I[0xac]T[0xc8]H,V[0xc8][0xcb]W[0xc8][0xc9][0xcc][0xcd],)V[0xd2]Q[\n]"
15:53:21.449 [main] DEBUG org.apache.http.wire -  << "([0xca]LNU[0xb2]2[0xb2][0xb4][0xd4]Q[\n]"
15:53:21.449 [main] DEBUG org.apache.http.wire -  << "J,[0xc9][0xcc]K/V[0xb2]2[0xd2]QrN,IM[0xcf]/[0xca]L-F[0xd8]fdjb[0x8][0xb7][0xcd]=173/[0x1d][0xc3][0x12][0xb7][0xfc]"[0x85]t[0xb0][0x94]BAiQA~qj[0xb1]Rml[0xad][0xe][0xc2][0xc1][0x16]p#[0xdc]J[0x8b][0xf2]2KJ[0x8b]R[0x15]B[0xf2][0xb]0M[0x82][0xcb][0xa6]$[0x16]e*x[0xa5][0x16]$[0x16]%"\lh[0x82][0xec]b[0x13]4[0x17][0xa3][0xd8]h[\n]"
15:53:21.449 [main] DEBUG org.apache.http.wire -  << "[0xb7]18?[0xaf]R! [0xd8][0x10][0xc3]2[0x84][0xb9][0x6]H[0xe1]`[0x80]f*[0xd4][0x13][0xd4][0x9][0x7]3[0xb8][0xab][0xa8][0x18][0xe][0xc6]h.F[0xe][0x7]KD[0xe4][0xb9][0x84][0xb9]([0xf8][0x96][0xa6][0xa7][0xe6])[0x84][0x14]%f[0xe6][0xe1][0x9][0xe]C#[0x3][0x3][0x3][0xe4]0[0xc1][0x17][0xd2][0x96]Fp?%[0xe6]%f+$V&[0xe6]b[0x98]]\Z\[0xaa][0x0][0x92]F[0x84][0xb9]%J[0xea]C[0xf]u[0x14]?[0x98][0xc3]m[0x88]p[0xf2][0x8f][0xc0][0x8c]HD[0xfa]C[0x18]o[0x82]b<z[0x10]Q3RA[0x16]As#v[0xe7][0xe1]r[0x14][0xba][0x9f][0xa9][0xe8](SP[0xf4]A[0x1d]E[0x9b]x75@[0xa4],P[0xc4]R?[0xde]M[\r]h[0x9d][0xb2]L-[0x10][0xe5][0x92]SQbrjNj[0x9]F[0xd2][0xf5]MLIU[0xc8]OS[0xc8][0xc8]L[0xcf]P(,M[0xcc][0xc9],[0xa9]T(HM,[0xca]A.J[0x8d][0x88][0xcc].f[0xe6][0x6][0xf0][0xc4]LM+[0xd1][0xd3][0x12]R[0xfe]13GT[0x17][0x14][0xa4][0x5][0xbc]6[0x98][0xc0]=[0x15]TZ\[0x92][0x99][0xac][0x10][0x90]X[0x90]Z[0xa4][0xe0][0x9e][0x93]_[0x96][\n]"
15:53:21.449 [main] DEBUG org.apache.http.wire -  << "[\n]"
15:53:21.449 [main] DEBUG org.apache.http.wire -  << "&[0xd4]J)[0xb0]4?E[0xa1][0xb0]4S!/[0xb1][0xa4][0xb4][0x18][0xc4]J*-NI[0xcc]UH-[0xd1]Cd[0x16]CP[0x1a][0x86]WOx[0xad]G[0x14][0xf6][0x9e]y%[0xa9]99[0x99][0xe9][0xa9]y%[\n]"
15:53:21.449 [main] DEBUG org.apache.http.wire -  << "[0xe1][0xf9][0xf9]9[\n]"
15:53:21.449 [main] DEBUG org.apache.http.wire -  << "[0x1e][0x89][0x98]Q[0xea][0x97]Z[0x9c][0x9c]Y[0x9a]W[0xa2][0x90][\n]"
15:53:21.449 [main] DEBUG org.apache.http.wire -  << "V[0x99][0x92][0xa9][0x90][0x92][0x99]\[0x92][0xa8][0x90][0x97][0x9f][0x94]Y[0xac][0x90]\[0x9a][0xab][0x90]Z\[0xa2][0x90]Z\[0x9c]J[0x9e]s[0x10][0xa5]<[0xb4][0xee]1U[0x8][0xce][0xc9][0xc4],[0x15][0x89][0xaf][0x9c][0xf1][0xfa][0x1e]Q<[0x6][0x4]+[0x98]b$[0xe0][0xf4][0xc4][0xdc]T[0x5]S[0x85][0xe2][0x92][0xc4]"D[0xe0][0xa2][0x16][0x8f]x[0x8d]G[0xe4][0x91][0x80][0xa2][0xc4][0xe4][0x92][0xcc][0xe4][0xc4][0x1c][0x85][0xe0][0xcc][0x9c]l[0x5][0xef][0xbc][0xcc][0xb4]T[0xc][0xeb][0x1c]S2[0xb]2[0x8b][0x93]3[0x15]2S[0x14]Jsr[0x12]s[0x91][0xc2][0xd0][0x88][0xf8]([0xb5][0x84][0xa7][0xa8]AS[0xa8][0x9a]Y [\n]"
15:53:21.449 [main] DEBUG org.apache.http.wire -  << "[0xa4][0x80][0xa2][0xfc][0x94][0xd2][0xe4][0x12][0x5][0xc7][0xd2][0x9c][0xcc]D[0x5]c[0x8c]P[0xc8][0xcc][0xcb]T([0x80][0xaa]I[0x84][0xab][0x81]6[0xbc][0x90][0xcb][\n]"
15:53:21.449 [main] DEBUG org.apache.http.wire -  << "|A[0x8f][0xd4][0xce][0xcb][0xce],H,VH[0xcc]K[0xc7]Rq[0xe7][0xa6][0xe6][0xa5][0xa7][0xe6][0x94]&[0x16]e'[0xe6]A[0x94]([0x14][0x3][0x0][0x0][0x0][0xff][0xff]"
15:53:21.449 [main] DEBUG org.apache.http.wire -  << "[\r][\n]"
15:53:21.450 [main] DEBUG org.apache.http.wire -  << "4B0[\r][\n]"
15:53:21.450 [main] DEBUG org.apache.http.wire -  << "J[0xcc]KO,Q[0xc8]N[0xcd]KN[0x4]7[0xd8][0xa0]6[0xe3][0xcf]ST[0xac][0x80][0xcc][0xcd][0x10][0xa9]28'55[! '[0x11]\28[0x83][0x93]!j[0x81][0x0]JNHi[0xd3][0xdc][0xc0][0xc]O[0x83][0xc][0xa9]h37C$[0x13][0xd7][0xbc][0xfc][0xa2][0xdc][0xfc][0xd2]b[0x5][0xe7][0xfc][0xbc][0xe4][0xa2][0xd4][0x92]T[0x85][0xf0][0xc4][0x1c]l[0x5]zPiRR*RV[0xb0]454![0xd2]:s[0xe4][0x4][0x0][0xcf][0xb]%[0xa9][0xa9]9[\n]"
15:53:21.450 [main] DEBUG org.apache.http.wire -  << "[0xce][0x19][0x89][0x99] CQ=[0xe6][0x98][0xa2][0x90][0x9a][0xa8][0x90][0x97][0x9a][0x9b][0xaf]P[0x96][0x9f]SZP[0x92]X[0x92][0x8a][0x9c]!L[\r][0x89][0xb5][0x19]Q[0xc2][0xd2][0xa6][0xc]77G[0x14][0xa2][0x1e][0x5][\n]"
15:53:21.450 [main] DEBUG org.apache.http.wire -  << "a[0x99]e[0xf9][\n]"
15:53:21.450 [main] DEBUG org.apache.http.wire -  << "[0x91]FF[0x18][0x9];7573'3;S[0xa1][0xb8] [0xb5]83-3;[0xb1]8S[0xa1]21/]![0xb1] 3[0x1b][0x11][0x89][0xc6][0xa0]&$[0xb1][0xd9][0xdd][0xdc][0x1c]Qd[0xe][0xb9][0x94]n[0x8e]H[0xe9][0xf4][0xf]8[0xb]D[0xba][0x8][0xce]M[0xcc][0xc9]Qp[0xcc])[0xcd][0xcd][0xcc]+[0xcd]Up[0xce][0xc9]O[0x6][0xc5][0x7]Z[0x82],-Q[0xc8][0xcb],[0xce]DJ[0x8e][\n]"
15:53:21.450 [main] DEBUG org.apache.http.wire -  << "E[0xa9][0x5][0xa9]99[0x89]%[\n]"
15:53:21.450 [main] DEBUG org.apache.http.wire -  << "[0xa9]%[\n]"
15:53:21.450 [main] DEBUG org.apache.http.wire -  << "[0xf9][0xb9]y[0x99][0xc5] [0x6]L[0x10][0xb9][0xf4]6&2[0xb1]Z [0x92][0x12]<W"[0xdc][0x85]5[0xa3][0x84][0xa5][0xe6]d[0x96](d[0xe6][0x95][0xa5][0xe6][0x95][0xe4][0x17][0xa5]*[0xa4][0xe4][0xe7][0xe4][0x17][0xa5][0x16]#[0xd9]nfA[0xac][0xed][0x88][0xb4]4[0x0][0xf1][0x81]H[0xc][0xb0][0xba][0x1f]#[0xb]Q[0xa5][0xda]7[0xb7]@[0x14]}[0x90][0x98][0x87][0x15][0xb0][0xde][0xa9][0x95]I[0xf9][0x89]E)[0x18][0xf6]z[0x16][0xe5][0x83]z}[0xd0][0xaa][0xc0][0xd2][0xcc][0x98][0xc8][0xc2][0xc7][0xc2][0x10][0xd1][0x80][0x84]y[0x8a][0x86][\r][0x1a][0xb]Pq[0xc][0xed][0xbb][0xd0][0xc3]:P[0xd3][0x1d][0xcd]:[0x8c][0xa0][0xa3]J[0x94]Y[0x18][0xd3]+qX[0x98] z[0x19][0xb0] [0xa4][0x91][0x9f][0x90]F[0x87]hm[0x13][0xa2][0xf2]uK[0xcc]+[0x81][0xb4]&|[0x13][0x8b][0x92]rRqu4[0xc2] un[0xb1]Br~QQiAI[0xa6]B^~qIQi.[0xa8][0xcc]+J[0xcd]H[0xcd]KI-[0xca],Q[0xc8]IL[0xca]/Bn[0xec][[0x10][0x9b]5L[0x90][0xca]_[0xc8]8[0x13]f[0x3][0x9c]:[0x89][0xc7][0x4]Q[0xa8][0xd2]:[0xa0][0x11][0x5][0xa8]kQz~^~nf[0xb2][0x82]OjbIFj[0x11][0xae]F[0x95]k[0x89]BQjriqb^Jb[0xaa]Br~^qjaibIi[0x91]Bjfi[0xb1]BJfqIf^rIf[0xbe]Bb)r'[0xf]T[0x11][0xd3][0xc7][0xb3]0A[0xca];[0xe0][0xf6]$[0xa2]B[0xc9][0xcf]-(-[0x1][0xb7][0xe8]P[0xeb]:[0x17]P[0x1d][0x92][0x99]TZ[0xac]P[0x9c][0x9a][0x82][0xe8][0xeb][0x81]:[0x9e]I9[0x89]y)[0x99]%[0x99][0xe0][0xba][0xe][0xa9][0x92][0x1][0xe5]P[0xe2][0x9c][0x83]T[0xfa][0xd2]6[0xde]M[0xe9][0x96][0x95]A[0x8d]Q[0xfa][0x14][0x84][0xa6][0x98][0x15][\n]"
15:53:21.450 [main] DEBUG org.apache.http.wire -  << "[0xee][0xe2][0x9][0xff][0xb0]5z[0xff][0x89][0x8a]}[0x18][0xb]S[0xba]enS[0xba]enS[0xa4]|D0[0xe1][0xe]`[0xd0]#F[0x1d]hZ[0xda][0x19][0x1b]#u!KRA[0xa5]T:[0xac][0xe3][0x8e][0x91]$K22[0x8b][0x15]2[0x8b][0x15]J2Raj[0x14]R[0x90][0xa6][[0xe0]3+[0xc8][0x1d]|[0xf4][0xa1]gD[0xf7][0xd5][0xd8][0xd8][0x1c]1[0x86]J5[0xbb][\r]A[0x1d]/[0xa4][0xa6][0xb2])[0xce][0xd9][0x1]cc[0xa4][0xfe],U[0xed]'[0xd6]zD[0xfe][0xa2][0xaa][0xf5][0xc8][0xc1][0x8f][0xd7][0xfb][0x88][0xbc]@3[0xfb][0xd1][0xcb]'[0x94][0xe8]G$r[0x9a][0xd9][0x8f]{[0xea][0xc6][0xd8][0xd8][0x1c]Q[0x89][0xd1][0xcc]~|[0xfe][0xb7]@Tm4[0xb3][0x1f]_[0xf6]C[0x1a][0xcf][0xa3][0x99][0xfd]x[0xfd][0x8f][0xa8][0x6][0x7][0xc6]~D[0xfe][0xf3][0x8]P[0xc8][0xcd],[0xc9][0xc7]([0xf2][0xc0]m[0xd7][0x92][0xd4][0xa2][0xa4]D[0xe4][0xc1][0x1d]S[0xd0][0xe8][0x1e][0x11][0xed]$cc[0xb]D[0x16]#m[0x1c][0x17]=[0xdf]R[0xaf]^76F[0xee]:[0x13][0xac][0x3][0x9]N[0x9c][0xe3]Ka[0x96][0x88][0x18]&wl[0x1e]_[0x6][0xb6]DD [0x15][0xe7][0x93][0xf1]$Y[0x13][0xd0][0x88][0x1e]=[0xda][0x88][0xc6]&H[0xf3][0x8b][0xf4][0xf2][0x1b]"[0xb2]h[0xdb][0xe6]01@[0xc4][0x1b]bN%<??%5[0xf][0xd7][0xac]JNfb[0xb1]BZiz[0xa2][0x2]J[0xff][0x9][0xff][0x80]>Recb[0x80][0xc8][0x89][0xd4][4[0x82]7[0xa9] j[0x17][0x98][0x85]F[0x14][0xaf]R[0xc1]g[0xa1]![0xa2]:[0x81]YH[0xf9][0xb2][0x18][0xbc][0x16]"[0x9a]ot[0xb2][0x10][0xa3][0x9b]`[0x8e][0xbd][0xc4]&j[0xc5][0xf]^[0xaf]!RK@bN[0xa2]O[0xbe][0xf]h[0x19][0xe]j[0xff][0x1a]\7[0x80]l[0xc2][0xd2]M0F[0x1e]+[0xc6]S[0x84][0x99][0x18]"[0xda]@[0xe4][0x96][0x90]x[0xfd][0x81]H[0x84][0xb4]0[0x1e]i[0xec][0x90]>[0xb3][0xf9][0xc6]&F[0x88]DG[0x13][0x1f]!F[0xd9]hb<[0xa2][0x8c][0xa5][[0x80]![\n]"
15:53:21.450 [main] DEBUG org.apache.http.wire -  << "[[0xba]Y[0x89][0xc8][0xa7][0xd4][0xb4][0x12]_>2B[0xc][0xda]Q[0xd3]J|y[0xcb][0x8]QF[0xd0][0xb8][0xbe]4B[0xe4]b[0x1a]5TM[0x8c][0x11][0x95][0x7]-[0xc3][0xf][0xd6][0x8c][0xb5]0D$[0x11][0xc7][0xe4][0xe4][0xd4][0xe2]b[0xc8][0xba]K[0xf4][0xf5][0x9b]%[0xf9][\n]"
15:53:21.450 [main] DEBUG org.apache.http.wire -  << "[0xa9]y[0x19][0x89]y[0xc9][0xa9][\n]"
15:53:21.450 [main] DEBUG org.apache.http.wire -  << "[0x89][0x5][0xa0]UG &[0xf2][0xe2]Jc[0x13][0xd0]4[0xe][0xb4]IV[0x9c]Z[0x90][0x9a][0x2].[0xa8][0x1][0x0][0x0][0x0][0xff][0xff]"
15:53:21.450 [main] DEBUG org.apache.http.wire -  << "[\r][\n]"
15:53:21.451 [main] DEBUG org.apache.http.wire -  << "65A[\r][\n]"
15:53:21.452 [main] DEBUG org.apache.http.wire -  << "B[0x1a][0x95][0xb0]RJ[0xcc][0xac][0x4][0x9]B'~[0x8c]@#[0x8a][0xc4]4[0xde]M[0x8c][0x11]e[0x1]-[0xc3][0x4][0xb9][0x95][0x2][0xaa]7h[0xe4][0x19][0xfa][0x17][0x3][0xc6][0x88]8[0xe][0x6][0xc7][0x8c][0x82]OfqI[0x11][0xb8]'[0x85][0x1a]CP[0xe9][0x1c][0x88][0xb4]B^zjR)h[0xdd][0x12][0xe9]Q[0x86]([0x6][0xa0]fB[0xad]TpJ[0xcc]I[0xc4]\p[0xb]U[0x84]j[0xb1]BRb^:x)[0x1c][0xd4]~S[0xe2][0x93][0xc][0xa2]L[0xa0][[0x92]A[0xb4] [0xe8]f%[0xa2]<[0xa2][0x97][0x95]H3z[0xd0]%v[0xd0][0xfe][0x82]S"[0xe6][0x82][0xec][0xd0][0x12][0x85][0xd4][0xa2][0xa2][0xfc]"[0xe4]9[0x99][0x82][0xfc][0xe2][0xe2][0xcc][0xdc][0xd2]b[0x85][0xdc][0xfc][0x1c][0xd0]8gb*xZ$3[0xb7] 5%[0x13]yJ[0x86][0xf8].[0x5][0xd2][0xdc][0x1f][0xa2][0x1b][0xe3][0x93][0x99][0x97][0x9a][0xa7][0xe0][0x94]_R[0x92][0x83]eqXi[0x89]BAjQqAfrfbIf1t[0x9e][0x1f][0xba][0xfe][0xae] [0xbf][0xa8](_![0xb3][0xa0][0x18][0xb4][0x2]/[0x11]iZ[0x86][0x4]'[0xd1][0xbf][0xc8]2A4i +[0x9d] ![0x80]c[0xed][0xa3]ZZf2h[0xde][0x9]y[0x8e],1/37[0x13][0x1e]1[0xc5][0x88][0xc5][0x19][\n]"
15:53:21.452 [main] DEBUG org.apache.http.wire -  << ")[0xa9]9[0xa9]y[0x99]%[0x99][0xe4][0x5][0x6][0xfd][0x8b]<[0xa4]YJ[0xf7][0xfc][0xa2][0xf4]T[0xd0][0x82],[0xc8][0x82]+[0x5]l[0xb][0xbf][0xfc]S2K i[0xa0]4[0x17]43[0xa8][0x0]I[0x2][0xe0][0xf9][0xd8][0xcc][0xfc][0xe2][0xc4]\[0xd0][0xe2]P[0x85][0xc4][0x9c][0xcc][0xc2][0xd2][0xcc][0x14][0x85]br[0xd3])[0xa2]PD[0xa4]S[0xf7][0xa2][0xc4][0xbc][0xcc][0x92]T[0x5][0xe7]|,+D]K@}[0xed][0xcc]D[0xd8][0x82][0x98][0xdc][0xcc][0xbc][0xcc][0xdc]D[0x85][0xbc][0xd2][0xdc][0xc2][0xd2][0xc4]\[0x85][0xe2][0xd2][0xe2][0xe4][0xcc][0x2]r][0x83]("[0x83]+[0xf3]R[0x8b][0xd2]As[0xa3][0xc9][0x90][0xd5][0xaa][0xc1][0x19][0x99]E[0xa0]r[0x1f][0xb5]vp[0x5]-F-[0x81][0xa7][\n]"
15:53:21.452 [main] DEBUG org.apache.http.wire -  << "[0xf0][0x94]fANbr*x[0xcd][0xe]YI[0x3]T[0xa0]C[0xeb]Y[0x5][0x1a]u!M[0x11]Y[0x91][0xac][0xe6]![0xf2](>[0xbe]f(I[0x93][0x89][0x4]G[0xf3][0xf0][0xda]D[0xff][0xfc][0x84]41H[0xaf][0x9a][0xc6][0x14][0x91][[0xe8]f%"K[0xd0][0xcd]JD[0xab][0x81][0xac][0xd4][0x89][0xba]y[\n]"
15:53:21.452 [main] DEBUG org.apache.http.wire -  << "o[0xaa]A4[0x16]hl[0x93][0x19][0xa2][0xf][0x3][0xb5][0x9]s[0xaf][0xc]|[0xd0][0x6]KN[0xc0][0xbf]([0x1c][0xd6]u[0xa1]|C[0x98][0xb1][0x89][0x19]b[0x10][0x3][0xea]R[0xda],[0x9b]161[0xa3][0xb0][0x14]">[0x9e][0xcd][0x90][0xda][0x1][0x94][0xcf]*[0xe0]KQf[0x88]r[0x88][0xd6][0xa1][0x87][0xd4][0x83][0xa1][0xb1][0x9f][0x10][0xa5][0xe][0xd4]O[0x83]6[0xed]"[\n]"
15:53:21.452 [main] DEBUG org.apache.http.wire -  << "+[0x9c].E[0xac][0x83][0xc6]W[0x8b]Q5Ga[0x94]g[0x94][0x84][0x1f][\r]g[0xdf]L[0x90][0x16]\[0xc][0xa2][0xf0]C[0xda][0x97][0x5]u[0x15][0xad]J$[0xa4]E[0x1f]~[0xa0][0xc5][0xf3].[0x89][0xa5]y[\n]"
15:53:21.452 [main] DEBUG org.apache.http.wire -  << "^[0xa9]E[0xa5][0x98][0xab][0xb5][0xc1][0xf2][0xe5][0xa9]y[0x89][0xd9][0xd9][\n]"
15:53:21.452 [main] DEBUG org.apache.http.wire -  << "%[0xa9]y[0x89]y[\n]"
15:53:21.452 [main] DEBUG org.apache.http.wire -  << "[0xb9][0xa5]E[0xb9][0xe0][0xa5]n[0xd0][0x9e][0xb9][0xa1]%[0xea]NM[0xf4]b[0x3][0x96][0xc4],,[0x11][0xa9]69?[0xaf]$?C7[0x19][0xb1][0xdb][0x17]}[0xc0][0xc8]-[0xb1]8#3?/1)'[0x15]u[0xac][0x9]i[0xc1][0x8][0xd8]m[0x8][0xb7][0x83][0xf7][0xff])[0xa4][0xe7][0x17][0xa5][0x82][0xf7][0x9b][0xa0]6`[0xc1]j[0xa9][0xe4][0xf]D:'[0xec][0xf]L[0x15]H[0xdb][0x92][0x8d]M[0x90]6[0xc6][0xd1]:[0xce][0xe9]V[0x8e]"[0xed]F[0xa0][0xb5][0x9f][0xe8][0xd6][0xae][0x1][0xad][0xc6][0x85]vVh[0xec]'[0xa4][0x1d]W[0x11]N[0xf9][0x15][\n]"
15:53:21.452 [main] DEBUG org.apache.http.wire -  << "[0x98]e([0xfd]Kv[0xd0][0x12]Y[0xa8][0xef]q[0xb8][0x89][0xf0][0xfe]g\[0xc5][0x2]5[0xda]rH[0x9b]h[0x7][0xa7][0xfb][0xe8][0x96]N[0x91]6[0xdb][0xe3][0x8][0x9]D[0xea][0xa1]_[[0x1b]i[0x83][0xfe]`r[0x15][0xdd]Z[0xcb]H[0x8b]d[0xb0]/A[0x1a][0xd8][0xec]c[0x89]h[0xf8]bw[0xde][0x80][0xa4][0x19]D-[0x8b][0xdd]Q[0x3][0x1a]f[0xc8][0xa7][0x1b]`w[0x1e][0xae]0[0xa3]a[0xbb][0x16][0xf9]@[0x4][0xda][0xd6]R[0xa6][0x6][0x88][0xbc][0x83][0xdd][0xfb][0x3][0x1c];[0x88][0xc6][0xe]v[0xe7][0xe1][0x8a][0x1d][0x1a][0xd6]R[0xa6][0xa0]-[0xc5][0xd0]Z[0x94][0xd6][0xb1]Cy[0xde][0xa1]e2EZ%5xb[0xc7][0x10]1[0x1e][0x84][0xdd]Q[0x3][0x9b][0xa2][0x91]6@bw[0xde]@[0xa4]h,[0xdb]$i3[0x92]o[0x8a][0xb4]V[0x81][0xc6]y[0xc7][0x10]Q[0x19][0xd2][0xda]&D[0x98][0xd6]6![0xca][0x3][0x1a][0xdb][0x84][0xb4][0x1a][0x8d][0xd6]6[0xd1]kT[0xd5][0xd4][0x88]^c[0x9d][0xa6]F[0x88]j[0x8b][0xd6][0xa1]G[0xb7]TN[0xb7]%Z[0xa6]F[0xf4]K[0xe5][0xf4][0xea][0xcf][0x99]"[0xad][0x9][0xa3]q[0x8a]@Z[0xc3]Ek[0x9b][0x10]9[0x17]{U6[0xb0]5[0xad]1"[0xbb]cw[0xde]@[0xd4][0xb4][0xc8][0xeb][0xb8]h:[0xb]bjL[0xb7][0x92][0x1][0xb4][0xd3][0x19][0xda][0x1e][0xf6][0x8]Pp[0x6][0x9d][0xb9][0x91][0x89][0xe5][0xf0][0xa8][0x9c][0xd4][0x82][0x92][0xfc][0x2][0x5][0x8c][0x1d]@[0x96] [0x80][0xb4][0xcd][0xf][0xbd][0xe9][0x8e][0xb4][0xa6][0xcf][0xd4][0x98][0xaa]E[0x83]![0xee][0xfd][0x8c][0xa6]H[0x8b][0xa4][0x6]bC[0x15][0xf2]h[0x1a][0xd5][0xec][0xc7]7[0x81][0x84][0x1c][0xca]&[0x88][0x8c]M[0xc8]nD[0x1e][0x2]m[0x16]%2[0x16][0x91][0x96]9[0x11]2[0x9f][0xe8]}[0xb2] [0xeb][0x89][0xf6][0x1f][0xa2]d[0xa0][0xaa][0xfd][0xc4]z[0x1f][0x91]3[0xa9]j=[0xd1][0xde]Gd"[0x9a][0xd9][0x8f][0xde][0xed]DI^[0x88]Z[0x97]f[0xf6][0xe3]+D[0x90][0x16],[\r][0x8c][0xfd][0x88][0x1e]*[0xcd][0xec]G?[0x82][0x17]9[0xfc][0x91]VS[0xd1][0xcc]~[0xbc][0xe1][0x8f][0x18]s[0x1a][0x18][0xfb]i[0x94][0xfd][0x89][0xcd]H[0xb][0xb1][0x6][0xc6][0xff][0x88][0xf2][0x7][0xd6]B45[0xa5][0xd1][0x14][0xb5])[0xd2]![0x11][0xd4][0xdd]R`j[0x8a]([0xc6][0x90][0x8f][0xea][0xc][0x6][0x9f][0xa1][0x17][0x9c][0x91][0x8f][0xe5][0xb4]PO[0xd0]Y[0xa1][0xa0][0x89]r[0xf8]i[0xa1][0xa0]#C[0x13][0x8b][0xc9]Z[0x13]kj[0x8a]([0xc7]`[0xe1]H[0xa3]Q[0x13][0xcc][0xd5]X[0xb4][0x8a].[0xba][0xad][0xa6]2[0xa5][0xdb]j*S[0xba][0xad]q[0x2][0xef]e[0x87][0xb6][0x84]i[0x9d]"[0x10][0x89][0x1f]~.[0x1e][0xec][0xd4]6[0xec][0xe7]G[0xc2][0xf][0xb0][0xca],.IU[0xc8][0xcb][0xcf][0x3][0x9d];R[0x96][0x99][0x2]:[0xde]6[0xb5][0x98][0xac]U[0xfb][0xa6]H[0xeb]o\J[0x8b]@k< k[0x8f][0xb1][0xbb] [0x18][0xba][0xd4]Y[0xa1][0xb0]4[0x1f]rN[0x16]d]vf[0x1e]9[0xeb][0x8e]M[0xe9][0xb6][0xcc][0xc6][0x14]i[0x99][\r][0x8d][0xa3][0x95]n[0xcb]HL[0x91][0xce][0xe8][0xa4][0xb5][0x9f][0xe8]6<[0x8a]t[0x8][0x9][0x8d][0xfd][0x84]t[0xdc]H@[0xb0][0x9]f[0xa9]_l[0xa2][0x90][0x94]XT[0x8a][0xe8][0x1d][0x19][0xe3]_[[0x85][0xdc]<[0xa3][0xdb][0x12][0x15]S[0xa4]CKh[0x1d]^[0x88]&[0x1f][0xad]mB4[0xee]hm[0x13][0xdd][0x6]y-0[0x1b]l[0x98]I[0x8e][0xe8][0xdb]9[0xf0]5[0xcd][0x91][0xce]X[0xa1]u[0xe8]!*0Z[0xdb]D[0xb7]f[0x9a]%[0xc6][0xa2]yZ5[0xd3][0x90][0x96][0x7][0xd1]8[0xf4][0x90][0x96][0xfc][0xd0][0xda]&[0xba][0x95][0x11][0x96][0x88]2[0x82][0xea][0xa5][0xb7]%[0xdd]J[0x5][0xa4][0xd5]>[0xb4][0x8e][0x19]z[0xe5]U3[0xa4][0x93]z[0x10][0xe7][0x85]"[0x8e][0xe7][0xc4]r[0xde][0xbb]ci[0x89]BRjbIb*|S[j[0xae]BnbEfn*[0xe4][0xb4][0xf4][0xcc][0x9c][0x9c][0xd2]\[0xd0][0x86]?[0xd0][0x95][0x1b][0xc8][0xc7]@[0x13][0xbd][0x15][0xd4][0xc][0xe9][0xc0][0x1b][0xda][0x6][0xb5][0x99][0x1][0xbd][\n]"
15:53:21.452 [main] DEBUG org.apache.http.wire -  << "+3[0xa2][0xd7]I[0x0][0x0][0x0][0x0][0xff][0xff]"
15:53:21.452 [main] DEBUG org.apache.http.wire -  << "[\r][\n]"
15:53:21.452 [main] DEBUG org.apache.http.wire -  << "B78[\r][\n]"
15:53:21.452 [main] DEBUG org.apache.http.wire -  << "[0x2]/[0xc2][0x86][0xae][0x11][0xa7][0xdb]RC[0xb3][0xc1][0xb8]N[0xc2][0x8c]^[0xeb]$LL[0x90][0xaa][0x12][0x1a]][0x89]C[0xdd][0x93][0xcb]p7*L[0xcc][0x90]V[0xf5][0xd2]4[0xf7][0x98][0x98][0xd1][0xcd]O[0xe6]H~r,O-[0xce][0xcf]MU[0x0][0x9d][0x89][0xe][0xba][0x9a][0xa2][0x4][0xcb]^u[0xe8]I[0xfa][0x88][0xfe][0x80][0x85]![0xa8][0x3]F[0xc4][0xd1][0x19]&[0xe6]HI[0xc1]75%3?[0xb9]([0x15]d[\r][0xf8][0x6][0xc][0x1c];[0xc3]!GY#l3[0xb5][0x4][0xcd][0xa9][0x13]g[0x1b]bp[0x1a]Q[0x2][0xc3]Nlv[0xc6]u>[0xb2]s~I[0x9][0xf2][0x89][0xf0][0x16]f[0xa0][0xd3][0xac][0x89][0xb3][0x10]Q[0xed][0xc3][0xb7]y[0x83][0xaf][0xdb][0xc1][0xb1][0xef][0x1f][0xea][0x16]$[0xcf][0x99][0x83][0x6][0xad][0x88][0xb3][0xb]Q[0xf1];[0xa6][0x16][0xe5][0xa7]T[0xe6]%[0x82][0xe][0xa4][0x86][0x4][0x97]B[0x8]h[0x0][0x3][0xa3]a[\r][0x1e]OD[0xd8]fi[\n]"
15:53:21.453 [main] DEBUG org.apache.http.wire -  << "j[0x8d][0x13]g[0x1b][0xa2])[0x0]=g[0x1][0xb2][0x9d][0x1f][0xc7]e"h[0x16][0x99][0x10][=[0x99][0x98]#[0xb5][0x4][0x10]q[0x6][0xbf][0xbb][0x4][0xfb]P(([0x88][0x91]|ef[0x8c]|[0x1d][0x1e][0x9e][0xdc]l[0x8e][0xb4][0xfb][0x7][0x96][0xf2][0xe1]V[0xe1]L[0x1f][0xd0][0x1d][0xf2][0x8][0xb]-[0x88][0xed][0xf][0x9b][0x98]["Z[0x1f][0xd0]`[0x84][0xdc][0x8][0x15][0x9e]X[0x92][0x9c][0x81][0x11]][0xb0][0xc6][0x2][0xc2]*[0x13]K[0xd0]I[0x2][0xc4][0xc4][0x98][0x5][0xd2][0x91][0x84][0xf0][0xac][0x6]=[0x1b][0x3][0xa7][0xd7] G[0x12] [0xac]32[0x6]5b[0x88][0xb2][0xe]i"[0x86][0xb6][0x5][0xa3][0x5][0xd2]Fl[0x9a][0xda]dl[0x8a][0x94]<hm[0x13][0xdd][0x9a]JH[0xb7][0xc7][0xd1][0xd6]OfH[0xa7]9[0xd2][0xda]&D[0xe1]Dc[0x9b][0xe8][0xb6][0x10][0xd3][0xc][0xe9][0x0]@[0xec]+~[0x6]tA[0x92][0x19][0xd2][0x9a]J[0xec][0xce]C[0x14]"[0xf4]kg#[0x9d][0x1]H[0xe3]t`[0x84][0xa8][0xe8][0x3][0x82][\r][\r]0Jn|[0xc7][0x9][0xa0]n[0x9d][0xc7]sx[0x9d][0x99][0x11][0xa2][0x8a][0xa7][0xb5][0x10][0xa3]rC[0xec][0xa2])c3[0xa4][0xc5][0x9c][0xf0]F[0x97]SQ~^U*[0xae][0xdb][0xc7][0xc0][0x87][0xc6]BnrJ[0xcd]K)-VHL[0x6][0xdd][0xd1][0x1]:[0x5][0xaa][0xb0][0x94][0xac][0xf9]S3P[0x9b][0x14]:[[0x86]^[0xdb][0xe2]h[0xd7]:[0x82][0xed][0xcc]+[0xc9][0x4][0x9d][0xea]T[0xa2][0x90][0xf]>[0x0])Q[0xa1][0xc]|[0xe3][0x13][0xf8][0xca]Erf[0x92][0xcc][0x90][0xce][0x4][0x1c]r1[0x89][0xb4][0xb0]t[0xe8][0xb9][0x1d][0xd1][0xd7][0x18]znG[0xac][0x91][0x1b]znG[0x94][0xc4]4.#[0x91][0xd6][0xe0]z[0x82][0xae]RL[0xc9][0x4]][0xb1][0x4]+i[0xb0]^+[0xe7][0x9a][0x8]?[0x13]K!5/[0x13]2rW[0x9c]Y[0xa2][0x90][0x7][0xbb]j5[0xa5]4[0x19]|[0xfa][0x1c][0xe4]b[0xb7]\[0xb2][0xb2]<[0xdd][0xd6][0xe1][0x9a]![0xad][0x8e][0xa5]u`[0xd3][0xad]A[0x8c][0xb4][0x80][0x93][0xc6]~[0x2]u[0xdd][0xa0]u[0x4][0xad]m[0xa2]qu[0x8e][0xde]h[0x81][0x1d][0xa7][0x81][0xbc][0xd2][0xd7][0x1d]6[0xdc][0x8a]z[0xe6][0x5][0xa2][0xd9][0xaa]PPZT[0x90]_[0x9c]Z[0x8c]r[0x96][0x86][0x19][0xf2][0x8d]Vd[0xae]*'[0xae][0xfb]olf[0x82][0xe8][0x8d][0xd3]8B[0x90][0x96]i[0xd2][0xda]&D=Dk[0x9b][0xe8]V[0xf2]"-2[0xa4][0xb5][0x9f][0xe8][0xb5][0xbe][0xc3][0x8c]n[0xb][0xee][0xcc]@#[0x8a][0xf4])v[0xe8]v[0xd4][0x97][0x99][0x19][0xdd]z[0xfc][0xa0]+][0xe8][0x14]zt[0xab][0xf2][0xe8][0xb6][0x6][0xcc][0xc]i[\r][0x18]m.[0x9d]E[0xaf][0x89][0x90][0x16][0x1f][0x99][0x99][0x93][0xd2]}[0xc6]rY[0x3][0x9e]-[0x10][0xd4][0xab][0xf0]LL[0x90].[0xc3][0x81][0x96]n[0x98][0xf7][0xa6][0x13]?[0x9e][0x80]g[0xb8][0xdb][0x4]i[0xad][0x0][0xd4]&[0xda][0xac][0xe9]01A[0x1a][0xc5][0xa7][0xd1][0x94][0x1f][0xd2]~[0xfd][0x90][0xc4][0x8c]R[0x85][0xa4][0xd2][0x1c],[0x7][0xd6][0xe2][0xb]7[0xe2][0x96][0xb8][0x9b][0x98]"M.[0x93]i[0x13][0xea][0x88][0xf][0x9e][0x18][0x2]_[0xb9][0xe]-mho[0x17][0xa2][0x91]H[0xdb][0xd4]`jH[0xa7]Z[0xd5][0xc4][0x94]^k[0x89]LL[0xe9][0xb5][0x96][0xc8][0xc4][0x14][0xb3]|[0xa0]Q[0xae]5[0xa5][[0xf9]`J[0xaf][0x95]E&[0xa6]H%[0x11][0x8d]S9[0xbd]f[0x8b]L[0x90]W[0x16][0x81][0xfd]df`@[0xda][0x10][0xb4][0xa9]%q]$[0x13]3,[0xd3]E[0xba][0x98][0x13][0x95][0xf8][0x8a]Yc[0xd0]D$1S[0x88]fH[0xe7][0xf7][0xd0][0xdc][[0x98]M[0x3][0xdd]r[0x92]F[0xf1]I[0xf0][0x16]f[U7[0x85][0x8a]vA[0xdb]"[0xc6][0x16][0xa0]ioh[0xe5][0x91][0xe][0xee]|[0xeb][0x9a]aX[0x93][0x96]_[0xa4][0x0][0x91][0xc4][0xda][0xfd]61[0xc3]r [0x90]n[0x19][0x86]1[0xe4]G8u][0x8b][0xb4][0x9e][0x4][0x9c]d[0x2][0x82]iT6[0x9a][0xd1][0xad]l4G[0xaa]Y[0xe0][0xdb]a[0x9c][0xf3][0xb][\n]"
15:53:21.453 [main] DEBUG org.apache.http.wire -  << "R[0x8b][0xb0][0xde][0x15][0x80][0xb6][0xd4][0xc2][0xc8][0x8]4[0xaa]AL~[0xb3]@[0xca][0xdb][0xe0][0x93]H[0x87][0xf2][0xa9][0xa5]&[0x16][0xe8][0xa5][0x7][0xcd][0x92][0x82][0x5][0xdd]v[0xb0][0x99][0x81][0xd6]UAst@Q~Jir[0x89][0x82]ciNf[0xa2][0x2]f[0xf]!3/[0x13][0xb4][0x9][\n]"
15:53:21.453 [main] DEBUG org.apache.http.wire -  << "[0xac]&[0x11][0xae][0x6][0xba][0xd4][0x91][0xb8][0xa6][0xae][0xb1][0x99]9[0x9d][0x9a][0x84][0xc6]f[0xe6][0x88][0xa1]7[0xec][0xf3][0xc7][0x88]q[0xc2][0x81][0x98]IF[0xda][0x13][0x83][0xdd]y[0xb8][0x1c][0x85][0xbe]W[0x1c]Z[0xdc][0x19]Qcd[0x14]i3[\r]vG[\r]p[0x98]![0xc6][0x3][0xb1];[0xf]W[0x98][0xa1]w[0x88][0xa8][0x1a]f[0x88][0x8a][0x1e][0x9c][0x83][0xb2][0x15][0xdc]3Ss0[0xea][0xb3][0x10][0xd0][0xd5]?y[0xe9][0xa0]k[0xcb][0xb3][0x8b]2[0xb][0x8a]3[0x11]nE;[0xd1][0x3][0xdf][0x80][0x83][0x5][0xa2][0xa6]G[0xb2]L!;U[0xd7][0x88][0x2][0x1b][0xd1][0x83][0x7]y[0x88][0x3][0xb4]~[0xf][0xb9][0x80][0x80]x[0xf]d#f[0x9]A[0xbc][0x1f][0xf1][0xda][0x88][0xe8][0xcb][0xd1][0xe7][0xfe]Y[0xe4][0x85][0xb0][0xe0]P[0xa5]u![0x88][0xd4][0xa6][0xa0][0x93][0xf][0x91]j|[0x9a][0xb6]b[0x8c][0xe9][0xd6][0x8a]16[0xa3]W[0xbf][0xcb][0xd8][0xc]iM%mC[0xcf][0x1c][0xd4][0x93][0x81][0xe6]6Z[0xdb][0x84](Kim[0x13][0xbd][0xaa]|s[0x3]D[0x95]Oc?![0x8d][\r][0xd2][0xda]&[0xc4][0xca][0x9][0xcf][0x0][0xf]?W[0x5]CS[0x85][0x80] [0x8c][0xe2][0xde][0xc3][0xd5][0xcf]=[0xc0][0xdf][0xf]Q[0xad][0x98][0x80][0xa6][0x4][0x89]h[0xa6][0x1b][0x9b]#[0xed][0x1e][0xa1][0xb5]o[0x10][0xf5][0x17][0xed]|C[0xb7][0xf4][0x86][0xb4][0x82][0x92][0xc6][0xe1][0x86][0xb4][0x18][0x92][0xd6]6![0xd2][0x1b][0xad]mB4[0x9c]hm[0x13]R[0x8b]"1[0xaf]$[0x11][0xbc][0x19][0x4][0xba][0x8d][0xc1]'1[0x17][0xf3]rN[0xd7][0x12][0x85][0x8c][0xcc]d[0x85][0xcc][0x9c][0x9c]|[0xa4][0xf5]2[0xa0]iN[0xa2][0xf2][0x13][0xd2]R[0xbd][0xa4][0xc4][0xe2][0xd4][0x94][0xa2][0xb4][0xcc][\n]"
15:53:21.453 [main] DEBUG org.apache.http.wire -  << "[0x8c][0xfc][\n]"
15:53:21.453 [main] DEBUG org.apache.http.wire -  << "[0x96]IMK,[0xcd])I)B[0xe4]Z3K[0xd0]1[0x11][0xc4]YC[0xaf][0xe9]<s[0xa4][0xfb]hi3[0xc9][0x86][0xa7]=h[0x8e]t3-[0x8d][0xd3][0x9][0xdd][0xe][0x1]4[0xa7][0xdb]2's[0xea][0x9e][0x1][0x88]/[0x9e][0x90].%[0xa5]q<[0x81]vK[0xd1][0xa7][0x95]D[0x85][0xa5]Bx[0xe6]x[0x91][0xfa]Y[0xe6]&[0x88][0xcc]L[0xb3][0x9a][0x11][0xd4] [0x80][0x86][0x1b][0xfd][0xb3][0xb1])b[0xd9][0xd0][0x0]XN[0xb7]Z[0xcd][0x94]n[0xb5][0x1a][0xd2].[0xa5][0x1][0x8]PD[0x95]:[0x0][0x96]#[0xda][0xf9][0x3]`9"[0xa3][0xd2][0xdf]r[0xa4][0x81][0xe1][0x1][0xb0]| s0[0xd2][0x1]h[0xf4][0x18][0xa3]1[0xa7][0xdb]J3s[0xba][0x1d][0xb8]f[0x8e][0xb4][0xd2][0xc][0xfb][0xf8][0xe9][0x80][0xe][0xef][0x9a][0x83][0x1a][0xbe][0xd0][0xea][0x9][0xbb][0xf3][0x10][0xad]d[0xba][0xed][0xf8]2[0xa7][0xdb][0xb9]i[0xe6]Hk[0xe6][0xb0]{`c[0x7]i[0xa1][0x1d]v[0xe7][\r]H[0xec] j[0xdb]A[0xe4]([0xc4][0x0][0x4]vG[\r]pD"jO[0xec][0xce][0x1b][0x90][0x88]D[0xd4][0xaa][0x83][0xc7]Q[0x83]{:[0xcc][0x1c][0xe5][0xce]D[0xff][0x8]|W&[0xd2][0xaf][0xbc]D[0xba]4[0xd1][0xa5]4[0xbb]4[0xf]c[0xdc][0x3][0x91][0xba]@[0x8b][0x8a][0x88][0xec][0x1d]![0xcd]BaO[0x1e][0x3][0x9b][0xa5][0x90][0xce]7[0xc1][0xee]<[0x84][0xa7][0xe9][0x18][0x13][0x84][0xb2][0xd4][0xc0][0x86][0x19][0xd2]B[0xca][0xc1][0x13]fH+![0xb1];j[0x80][0xc3][0xc]1|[0x8e][0xdd]y[0x3][0x91][0xce][0x90][0xe6][0xe1][0xb0];j[0x80][0xc3]l0Vw[0xa0][0xd5][0x91]x[0x9b][0xba][0x3][0x1a]f[0x16][0xa0]3Y[0xf0]:o[0x0][0xd2][0x19][0xf2]b[0xb2][0xa1][0xb6][0x87][0x18]y[0xe9][0xd8][0xd0]s;[0xa1]6[0xf6][0x0][0xa7]UB[0xad][0xed][0x1]I[0xab][0x88][0xe1]1[0xda][0x8e][0x85][ [0x1d][0x81]H[0xf7][0x11]![0xb][0xa4]i[0xf0]AX[0xf4][[0x18]"F}[0xb1];o [0x92][0x6][0xd2]d[0xfb][0x90]+[\n]"
15:53:21.453 [main] DEBUG org.apache.http.wire -  << "[0x90]Nt[0xc4][0x1e][0xa0][0x3][[0x14] [0x9d][0x9d][0x84][0xdd]y[0x3][0x12][0xdf]t+[\n]"
15:53:21.453 [main] DEBUG org.apache.http.wire -  << "[0x90][0x96]#[0xc][0xbd][0x94][0x85][0xe8][0xac][0x80][0xb]L[0xc7][0xa2][0xcc][0xf4][0xc4][0xfc][0x12][0xd0][0x99][0xf0][0xa8][0xbb][0xfb][0xf1][0xed][0xb] v[0x17][0x9c][0xb1][0x5][0xd2]z[0x8a]![0x17]THgP[0xd1]g[0xf5][0xa0][0x5][0xd2]YT[0xe0][0xc8][0xa1][0xd5][0xc2]wc[0xb][0xa4][0xf3][0xa8][0xe8][0xe5]7D[0xf3][0x81][0xd6]~[0xa3][A[0x80]tB[0x13][0x8d][0xfd][0x84]t[0x9e][0x12][0xad]mBL>[\r][0xb9][0x1c][0x8b][0xb4]m[0x8a][0xc6][0xa1]dBDjFT[0x82][0xc4][0x97][0x97]H[0xeb] [0x14]0F[0xf4][0xa8]S$#-[0x80][0xa0]q !-[0x83][0x18]rI[0x9]i[0x15][0x5][0xad]C[0x9][0xd1]x[0xa6][0xb5]M[0xf4]Z[0x8a]lA[0xb7][0xc5][0x19][0x16]t;P[0x86]~[0x87][0xd5]Z ]NG[0xeb][0x14][0x81]h[\r][0xe][0xb9][0x1c][0x8a][0xb4]Dc[0xe8][0xb9]}[0x8]W[0xb2]H[0xb]D[0x86]^[0xb8]#J[0xc0][0xa1][0xe7]vD[0x93]#3/%?7[0x13][0xf3]@[0xff][0xc4][0xec]R[0x85][0xe2][0xd2][0xec]D[0x5][0x84][0x2][0xe8][0xb6]Q#b[0xf]67[0xb6]@Z[0xbc][0x2]-}0'<[0xf1][0xb5]D[0xe8]6[0xf1]fa[0x86][0x98]q[0xc0][0xe9]RD#[0xc][0xdf][0xce]Y*[0xee]S[0xb4]0G[0xaf][0xcf][0x8b]M[0x8b]q7[0xe5][0xd0][0xf]+233#n[0xaa][0xd6][0x2]i[0xaa][0x16][0x11][0xdd][0xa8]}x[0xaa][0xa4][0x7][0xa4][0xcb][0xb7]hk[0xf]"6ik[0xf][0xa2][0xce][0xa3][0xa9]=H[0xf3][0xae][0xb4][0xb5][0x7][0x91][0xde]hk[0xf]R[0xb7][0xba]2/[0xb5](=[0x13][0xbc][0xbd][0x3]|h[0x1][0x8e][0xe3][0x99]Aw[0x8f] 2[0xa0][0x91]%hW-1;.,[0x91][0xb6][0xe7]![0xae][0x8e][0x0][0x99][0xa6][0x80][0xe3][0xfa][\r][0xd8]][0xf][0x8][0xdb][0xcc][0xcd]A[0x19][0x91]8[0xdb][0x10][0xb5]qpNjj[0xb6][0x2][0xf4]^[0x8][0x5][0x1c]Wb`[0xb9][0xcc][0xc1][0x0][0xb4][0xcd][0x9c]8[0xcb][0x10][0xc1]8[0xc4][0xaa] [0x13]Sz[0xdd][0x3]`b[0x8a][0xb4][0xc3][0x90][0xe6][0xa7]g![0xcd][0xec][0xe0][0xb1][0xb][0x91][0xb2][0x88][0xed][0xcd][0x9b][0x98]"[0xcd][0x8b][0xe0]1[0x19]_eJ[0x82]][0x88]b[\r]Z[0x19][0xd2][0xe8][0xfc][0x14]S[0xa4]q[0xd1][0xc1]2[0xfa]obJ[0xaf][0xa1]S[0x13]S#[0xc4][0xda][0x10]Z[0x7]4[0xa2][0xa8][0xa0][0xb1]MH[0x1b][0xaf]}A[0xc7][0x8f][0x4][0xe7]''[0xa7][0x16])`[0x9e]u[0x90][0x9c][0x9f][0x94][0xa8][0x90]\[0x94][0x9a]X[0x92][\n]"
15:53:21.453 [main] DEBUG org.apache.http.wire -  << "?[0xa3][0x4][0xa4][\n]"
15:53:21.453 [main] DEBUG org.apache.http.wire -  << "[0xda][0xcc][0x4][0xef][0xab]&[0xa2][0x18]4[0x1][0x1f][[0x5]][0xf9]@[0x1f][0x1b][0xcd][0x90][0xea][0x14]d[0x1b]1OW[0xc0][0xe6]G[0x90]*[0xac]~4[0xd6]QrN,IM[0xcf]/[0xca]L-V[0xb2][0x8a]Fl521Cj[0x1][0xd0]6[0xfe][0xcc][0x90][0x8e][0x1d][0x8]H[0xcc]I[0xf4][0xc9][0xf7]I$[0xbe][0xc9]idi[0x9][0xda][0xfa]GL[0xb4]Y [0xd5][0x0][0x9e]y[0x5][0xa5]%[\n]"
15:53:21.453 [main] DEBUG org.apache.http.wire -  << "y[0x89][0xb9][0x98][0xfd][0x10][0x88]TJjqrQfAI&[0xf2][0x15]\D[0x17]h[0x16][0x6][0x88]|[0x6]1[0x8f][0x86]V![0xba]V[0xb4][0x8d]([0xb]z][0xd9]hb[0x81][0xd4]M[0xf7]HM,[0xab]Tp)-[0xa9][0x4][0xdd][0x83][0x9e][0x92][0x9a][0xa7][0x80][0xfd][0x92]*[0xe7][0xfc][0xdc][0xdc][0xfc][0x94]L[0x85][0xd4][0xc4][0xa2][0xd2]\[0x85][0xe4][0xfc][0xbc][0xe2][0xd4][0xc2][0xd2][0xd2][0xbc][0x92][0xd2]"[0x85][0xd2][0x12][0x85][0xc4][0x14][0x85][0xe2][0xd2][0xbc][0x12][0x85]T[0xe4]K[0xd9][0x8d]@[0xb9][0x8a][0x88][0x94]cl[0x81][0xb4][0xb5][0x95][0xa6]all[0x81]t[0xba]?[0xad]mBtY[0x90]/n[0x83][0xdd]x[0x8f][0xfd][0xe6]6[0xd7][0x8a][0x82][0xd4][0x94][0xcc][0x92]DP[0x98][0x96][0xa5][0xe6]($[0xe7][0x17][0x15][0xe4][0x17]e[0x92]u[0x5][0xa8][0x85][0x9][0xd2][0xdd][0xbe]H[0x8d]r[0xc8][0x8d]nN[0x89][0xe9][0x18][0xa5][0x80]kq[0x89]BjQQ~[0x91]B^fFf[0xe][0xf4][0x92][0x92][0xe2][0xcc][0xbc][0x12][0x85][0xa2]TP[0xb4][0x97][0xe6][0xe4]$[0x92]uy[0x81][0x5][0xdd][0xf6][0xa5]Z[0x98] [0xba]<4[0x8e]a[0xba]])`A[0xb7][0xbd][0xb6][0x16]t[0xbb][0xbc][0xc0][0xc2][0x14][0x91]?[0x86]X_[0xc7][0xd8][0x2]i[0x93][0x14]4[0x8d][\r][0xd6]a0[0xcc][0x9d]S[0x98].E[0xf4]^[0xe8]6[0xc][0x86][0xd4][0xa9]&[0xf3][0xf2][0x7]"[0x7][0xc2]0[0xf][0x7][0xc7][0xf4]?[0xbe]>[0x16][0xfd][0x6],[0x91][0xe][0x1][0xc4][0x99][0xa6][0x6] [0xa6]0Z?[0x83]6[0xfc]0:D[0x98].[0x1d][0x80][0xf0]C[0x94]r[0xd8][0xfb][0xc3][0x3][0xbb]X[0xf]42[0x5][0xed]iaw[0x1e]"[0xc4][0xe8][0x97][0x13][0x90]v|[0xd1]t[0xd0][0xd2][0x2][0xa3][0xa5][0x80][0x99]b[0x6]G[0xd9][0x80][0xb4][0xc9]l[0x10][0x95][\r][0x16][0x88]5[0xe9]8]5H[0xc2][0xf][0xd1]][0xc4][0xe9]RDJ[0xa7]W-[0x88]t[0xd6]0M[0xd3]9[0xd2][0xde] [0xc8][0x10]6l[0x8c][0x1a]GW[0xf][0xe3][0xba]j[0xb]#[0xd0]1[0x17]D[0xf5][0xe4][0x90][0x6][0x8b] v[0x81].m&~[0xac][0xdc][0xc8][0x8]T"[0x11]g[0x13][0xd2][0x98]&R[0xef]&83'[[0x1][0x0][0x0][0x0][0xff][0xff]"
15:53:21.453 [main] DEBUG org.apache.http.wire -  << "[\r][\n]"
15:53:21.453 [main] DEBUG org.apache.http.wire -  << "68E[\r][\n]"
15:53:21.453 [main] DEBUG org.apache.http.wire -  << "r[0xc6]zM[0x1b][0xe4][0xe]7D<[0x1b][0x19][0x81][0xa6][0xc9][0x88][0xb1][0xcc][0x12][0xe9][0xc]e7[0xf8][0xe1]U[0x10][0xf3][0x14][0x9c][0xf3][0xb1][0xdc]H[0x11][0x9c][0x9f]SZ[0x92][0xa8][0x90]Z[0xa2][0x90]\Z[0x90][0x9][0xea][0xd2][0x95][0xa4]"[0x9d]bE[0xec]E[0xd9][0xc6][0x96]H[0x83]*[0xc1]H[0xde][0x84][0x9e][0x14][0xed][0x9d][0x97][0x99][0x86]9[0xc4][0x2]q[0x18][0xc2][0xa3][0x16][0x96][0xa0][0xe]6q[0x1e]E[0xe4][0x94][0xa1][0xd6]*[0xb7]D>[0xd3][0x1c]<U[0x3]=], 1[0xaf][0x4]s[0x96][0x15][0xfd][0x12]lS3ss[0xe2][0x1a][0x95][0x96]H[0x13][0x10][0x90]D[0xe][0xcf]P[0xd8][0xad][0x82][0xf6][0xf9][0x11][0x11]bi[0x1][0xba]G[0x9b][0xb8][0x8]A$s[0xe4]a[0x4][0xb8][0x8d][0xde][0xa9][0x95]I[0xf9][0x89]E[0x98]'[0xcd]c[0xe4]b3[0xf0][0x11][0x83]DY[0x8a][0xb4][0xa5]d[0xc8][0xa5][0x2][0xa4]{\[0x82]s[0x13]sr[0x14][0xe0]A[0x85][0xbd]T[0xc0][0x12]9[0xa0][0x84]D\8!Z[0x10][0x9e]y%[0xa9]99[0x99][0xe9][0xa9]y%[\n]"
15:53:21.453 [main] DEBUG org.apache.http.wire -  << "[0x90][0x11][0x16][0xec]i[0x1]<%[0x8a]H[0x9][0xe6][0x16][0x86][0xa6]D[0xa6]:[0xa4]=+H[0x83]vp[0xdf][0xe1]L[0x8][0xa0][0xa9]Qd[0xb]AC1[0xc4][0xf9][0xe]Q[0xbf][0xc3]/[0xbb]u[0xce]/)[0xc9][0x7][0x8d][0x11][0xe6][0xe4][0xa4][0x96]`[0xc] A2[0x1c][0xc2]2[0x13]pV![0xce]2D[0xc1][0x83]\[0xce][0x81][0x1c][0xaf][0xe0][0x94][0x9a][0x97][0x8c]y[0x1b][0x5]f)[0x7][0xba][0x9a][0x83]8[0xcb][0x10][0xbd][0x9a][0x80][0xa2][0xc4][0xe4][0x92][0xcc][0xe4][0xc4][0x1c][0x5][0x88]y[\n]"
15:53:21.454 [main] DEBUG org.apache.http.wire -  << "[0x1e]XJs[0xe8][0x9c]/[0xc2]c[0xa6][0xc6][0xa0][0xcd][0xb][0xc4][0xd9][0x85][0xd4]/[0x1][0xa7][0xc7][0x80]D[0xd0][0x19][0xff][0xd8]GY[0xd1][0x3][0xd0][0xc8][0x18][0xb4][0x18][0x9f]8{[0x10]=[0x8d][0xa0]R[0xf0][0xec];[0xb4][0x8e][0xc0]Z?A[0xe4][0x10][0x1e][0xb2]4%[0xde]"[0xec]%[0x12][0xa4]<[0xc5][0x1a]|[0x10])[0x84]eF&[0xa0]s[0xe1][0x89][0xf2][0x15]([0x98][0xa1][0x1d][0x14][0xa4][0xdb]X![0x19][0xc]{~F[0xf]B3cP[0xc6]![0xce]2Dv[0xf6][0xc9]L[0xcf]()O[0x5][0x91][\n]"
15:53:21.454 [main] DEBUG org.apache.http.wire -  << "[0x10][0x13][0xb1][0xfa],<??%[0x15]t[0xbc][0x2]t[0xfe][0xc7][0xd4][0x12][0xb4][0x18][0x9f]8[0xcb][0x10][0xb9]k[0xc8][0x95][0xb1][0xc8][0xd3][0x9c][0xe0]4[\r][b[0xa1][0x80][0xbd][0xd0][0xc3](c[0xcd],L[0x8d][0x89],[0xf6][0x8c][0x10]y[0x15]^[\n]"
15:53:21.454 [main] DEBUG org.apache.http.wire -  << "A[0xb2][0x10][0xb6][0x9c][0x8a]Q[0xeb][0x19][0x81]/!".F[0x10]9[0x15]~#[0x7][0xbc]x[0xc5][0xee]1[0xf4]ldd[0x1]:V[0x9c]8[0xdb][0x10][0xf9][0x15][0xb9]b[0xc7][0xed]5P[0xcb][0x16][0x91][0x87][0x88]?[0xa2][0xd4][0x12]i'[0x8a]cyjq~n[0xaa][0x2][0xb4][0x18][0xf][0xce][0xc8],[0xc2],[0xc5][0xd1][0xaa]([0xb]Kb[0xcf]\[0x5]'~hnE,[0xcd][0x81][0xa7][\r][0x1c][0x5][0x11][0xa8]BA[0xf8][0xcb][0xc2][0x2][0xb4][0xa6][0x8c][0xa8][0x10]4F[0x8c]""l[0x83][0x16][0xd5][\n]"
15:53:21.454 [main] DEBUG org.apache.http.wire -  << "[0x1]9[0x89]%[0x98]-cPu[0x82][0xb0][0xcb][0xd8][0x18]t[0xd4][0x4]qv![0x8a][0x6]h[0xe9][\n]"
15:53:21.454 [main] DEBUG org.apache.http.wire -  << "[0xc9][0xfa]8[0xec][0xc1]H[0xf0][0xe6][0x86][0xa0][0xd1][0x6][0xe2][0xac]B[0xac]C[0x85]'Ch[0xb2]V[0xc0]zP.[0xd4][0xcb][0x8]Y[0x18][0x12][0xdd][0x94]E[0xba]T[0xda][0xa5][0xb4]([0x11]t[0xd5]5<[0xc9]c[0xaf]vA[0x1d]:[0x84]Uf[0xc4]/nB:nu[0xc8][0x15]xH[0x7][0xb8]"[0xd7][0xc][0xf0][0xa4][0xed][0x9e][0x93]_[0x96][0x8a][0xd9][0xc7]@Mn[0xa6]&[0xa0][0xb9])[0xe2][0xd2][0x0][0xa2][0x8e]E[0xb6][0xf][0x1e]5[0xd8][0x8a]>[0xd4][0x88]15[0xb4] [0xee][0xf2]/cK[0xa4]yBd[0xcb][0xa0][0x9][0xdc]9#1[0x13]t42[0xea][0xea]Q[0xf4]*[0xdd][0xc4][0x10]t[0xfc][0xe]Q~[0x3][0xb5]?[0xa1][0x85][0x4]R[0x95][0xe].tp,[0x15][0x4][0xcb]![0xd2][0x9c][0x91]1[0x91]K[0x12][0x8c]-A[0x1][0x8e]i[0x17][0xb4]B[0xc7][0xde]~[0x80][0xc5])[0xc2]>c[0xf0]9[0x84][0xc4][0xf9][\r])[0xef][0x16][0xa5][0xe7][0xe7][0xe5][0xe7]f&#[\n]"
15:53:21.454 [main] DEBUG org.apache.http.wire -  << "[0xdb]|,I[0x4][0xb5]T77[0x4]][0x99]G[0x9c]U[0x88][0xf6][0x3]r[0x83][0x19][0x1a]k8[0x12][0x8]Jc[0xc5][0xc][0x1c]<[0xc4]Y[0x86]h[0x9d][0xbb][0xe7][0x17][0xa5][0xa7][0xe6][0x97][0x16]+@j*[0xec][0xed]X[0xf4][0x18]3[0x1][0x8d]`[0x12]g[0x13][0xa2][0xba][0x87]t[0xdf][0xa0][0xa5][0x1b][0x8e][0x82][0x16]*[0x8b][0x88],KS[0xd0][0xa1][0x91][0xc4]Y[0x85][0xa8][0xef]1[0x6]u[0xb0][0x85][0x1f][0xb8][0xd5][0x89][0xb0][0xc9][0xcc][0x80][0xe8]Q[0x15][0xe4]mu[0xe0][0x91][0x9]H[0xbb][0x81]X?[0x19][0x9b][0x82][0xe]3'[0xca]OH[[0xd3][0x86]\![0xb][0x1a][0x13][0x81]fV[0xe8](-mV)[0x1a][[0x82][0x1a][0x9f]P[0x9b][0x90]K<h[0xad][0xad][0x80][0xa3]4[0x87]D[0x1a]"[0x1][0x98][0x9a][0x80][0x6][0xe7][0x88][0x8b][0x16]DfEt8a[0x95]:[0xf6]r[0x8]#e[0x9b][0x98][0x82]v5[0x11]g[0x1d]"[0xbb]"[\r][0x15][0x80]j#[0x5][0xec]#[0x86]P[0x9f]#[0xfc]fdH[0xec]^[0x3]K[0xd0][0xd8]0[0x96][0xc0][0x4][0x17][0x1]8[0xfa][0x3][0xa8][0x85][0x9e][0x91][0x19][0xd1][0xcd]0[0xa4][0xdd]o[0xd0]f[0x18][0xbc]J[0xc][0xce][0xc0]Z[0xbc][0x96][0xa4][0x82][0xef][0x81][0x82][0xf6][0xcf],MAC[[0xc4][0x85]![0xa2]}[0xe][0xb5][\n]"
15:53:21.454 [main] DEBUG org.apache.http.wire -  << "[0x12][0xff]8[0x6][0x97][0xc1][0xde]E[0x84][0x9f][0x89]!h[0x16][0x8b]8[0x8b][0xb0][0xd7][0xf5][0xe0][0xd8][0xc2]^[0xf9][0x82]K^$[0xbb][0x88]o[0xc6][0x82]R[0x10]4[0xae][0xe0][0x9d])[0xa8][0xb7][0xb0]wp0[0x12][0x86][0x85][0x11]h=!Q[0x1e][0x3]u[0x1b][0xa0][0x96]![0x8f][0x8e][0x81][0xda])8[0x92]!Z[0x9]ki[0x8][0xea]h[0x12]g[0x17][0xa2]}[0x8e][0x92][0xa3][0xa1]c-XG[0xab][0xd0][0xa2][0xcc][0x1c]|%#q[0xb6]![0xb2]3R[0xfe][0x82]6+[0xb0]7[0x9b][0xd1][0xbc]FB[0xf3][0xc][0x94][0x11][0xa1][0xc1]8[0xe4][0x8a]t[0xcc][0xfd]b[0xb4]*[0xd2]1[0xf7]{[0xd1][0xcc]&D~[0xa5]q5[0x85][0xb4]x[0x87][0x96][0x13][0x84][0x96][0xa0][0xcd]0[0xd0][0x14]F[{[0x10][0xd9][0x86][0xb6][0xf6] b[0x88][0xa6][0xf6][0x80][0x8a]xz[0x84][0x1b]h[0x9a][0x12]jO@[0xb0][0x2]f[0xba]NO[0xcc]MU0U(.I[0x4]u[0xd4][0xa0]U[0x1d][0xfe][0xf5][0x1a][0x88][0xa5][0xe8][0xc6][0x96][0xa0][0x9e][0x1b][0xd4]x[0x1a]'hP[0x97][0x94]>6[0x81][0x86][0xe1][0xe8]d[0x13]b[0x14][0x8a][0xc6][0xa1][0x7][0xaa]x[0xe9][0xe4]'D7[0x96][0xa6]~21@[0x9e][0xad][0xa3][0xe5]J@[0x13][0x3][0xa4][0xfd]V[0xb4][0xf6][0x13][0xfd]B[0xf]Q[0xa0][0xd2][0xda]O[0x88][0x1e][0x5][0xad]mB[0x1a][0x0][0xa0]q[0x8a]@[0xf4][0xff]3[0x3]2[0xf2][0xf3]R[\r]A;yP[0xc7][0xb9][0xc0][[0xb0]SS`[0xfb][0x99][0x90][0x1a][0xdd][0xa0][0xd3]c[0x89]h,[0x9a][0x18] [0x9d][0x8]G[0xeb][0xa0]C[0xd4]{4[0xb6][0x9]iZ[0x8e][0xd6]6[0xd1][0xa9]x510Bt!h[0xed]'[0xba][0x15][0x10]F[0x88]$N[0xbc][0x9f][0x10][0x89][0x9c][0xe8][\r]Y[0x6][0xa0][0x1]*z[0xd4]M&[0x6]H[0xa3][0xd5][0xb9][0x99]9[0xd9][0x18]k[0x10][0x10][0xae][0xc7][0xb7][0x8e][0xf][0xd1][0xfe]11@[0x1a][0x90][0xa6][0x96][0x89][0x88][0x8][0xa6][0xcb][0x9]z&[0x6]Hg[0x8e]y[0x16][0x80][0xca]2[0x5]CC[0x5]3[0x13][0x85][0xf4]$[0x8c][0x0][0xc2][0xb7]$[0x93][0xf8][0x8]G:[0xc5]i[0xb0][0xac][0x1c]61@[0x1a][0x8a][0xa2]](P[0xef]<[0x10][0x13][0xf0][0xb8].,[0xdb]dW[0xe5][0xe7]+[0x84][0xe7][0xe7][0xa4]%g$[0x82][0x96][0x14][0xa0]VD[0xc1]%E[0x89][0x95][0xd9][0x99])[0xa0]I&h[0xb][0xdf][0xd0][0xc][0xb4];[0x9d][0x98]:[0xc8][0x14]i[0xaa]481[0xb7][0xb8]4/]![0xd8][0xc8]X!4[0xa7][0xa4][0x8]s3[0xa8]{bNbE%[0xc9][0xf9][0xc8][0x14]4[0x1c][0xe][0xf5][0xcc][0xa0]I[0x12][0xa6][0xa0][0xa9]"[0xa8][0xa3][0x8][0xfb][0x1c][0xe1]gR[0xc2][0x16][0xa9][0x11]F0l32+[0x13]A![0xe][0x8d]B"[0x8b]"
15:53:21.454 [main] DEBUG org.apache.http.wire -  << "[\r][\n]"
15:53:21.457 [main] DEBUG org.apache.http.wire -  << "691[\r][\n]"
15:53:21.457 [main] DEBUG org.apache.http.wire -  << "(S[0xa4]K1[0x7]O[0xd0]"[0xed][0x1b]D[0x8e]B[0x8a][\r][0x9a]6[0x1f]M[0x91][0xb6][0xca][\r]"[0xef]#Z[0xcf][0x83][0xc7]QHg=[0xe]"G![0x1a][0x96][0x83][0xc8]QH[0xdd],[0xf0]D!t[0xfc][0x1d][0xeb][0xe2]3[0xd7][0x8a][0xd4][0xa2][0xe4][0xcc][0x92]D[0xd0]&[0xfa][0xd4]\[0x85][0xdc][0xc4][0xf4][0xbc]L[0x85][0xfc][0x94][0xcc][0x12][0x85][0x94][0xfc][0x9c][0xfc]"2[0x96][0x9b][0x9b][0x98]"[0xd5][0xa0][0x83]'T[0x90][0xb6][0xab][0x13][0xdf][0x8a]E[0xaa]([0x89]n[0xd5][0x98][0xd1]m[0xb][0xbe][0x19][0xf2][0x1a]rh9[0xa5][0x8b][0xb9][0x14][0xb]_[[0xcd][0x18][0xef][0xf6]zh+[0xc5][0xd8][0x2][0xe9][0xdc][0xdb][0xf4][0xc4][0xdc][0xcc][0xbc]t]3[0x8c]&aZ~[0x91][0x2]DR[0xa1][0xa0][0xb4][0xa8] [0xbf]8[0xb5]X[0xa9][0x16][0xa9][0x89][0xc]nh[0xc0]jQ[0x98]k1W[0xe4][0xe][0x16][0xd7][0x82][0xe6][0xf8][0xd0]][0x8b]y[0xf7][0xf7][0xa0]q-[0xa2] [0x82][0xa5]n,Q4h\[0x8b][0xa8]``[0xae]U[0x8][0xce][0xc9][0xcc][0xc5]HS[0xf8][0x1c]L|[0x86]4[0xc4][0xec][0xc0][0xd2][0xd2]:[0xd0][0xea][0x1b][0xb4][0x94]C#[0x8f]!m[0xca][0xa2][0xe9][0xa9],f[0xc8];[0xb2][0xa0]Y[0x17][0xb7][0x97][0xc0][0xc3]]D[0x97][0x9c][0xd0]2[0xc6][0xc8][0x14][0xa9][0x7][0xed][0xe].c0l@ls[0xc5]Q[0xc2][0x80][0x86][0xd3][0x88][0xe][0xf9][0x1]s&[0xf8][0xc]#[0xa8]3[0x3][0x82]M0[0xbc]YPl[0xa2][0x90][0x94]X[0x4][0xba]1[0x1][0xda][0xc2]7&[0xf6]pM[0x13]s[0xa4][0xb][0x9f][0xa8]m[0xb6][0x5][0x96][0xea][0x6][0xd3][0xf1]9[0x89][0x95][\n]"
15:53:21.457 [main] DEBUG org.apache.http.wire -  << "[0x19][0x89][0xc5][\n]"
15:53:21.457 [main] DEBUG org.apache.http.wire -  << "y[0xf9][\n]"
15:53:21.457 [main] DEBUG org.apache.http.wire -  << "[0xa4][0x85]0RUa[0x1]Z~[0x5][\r]!X[0x1]A+[0x9b][0x10]M[0xfd]A[0xd3]V[0xb1]@[0x9a][0xad][0x1f],[0x8e]2[0xb6]4G[0x14][0xda]4[0x9d][0x10][0x5]m[0xeb][0x80][0xc6][0xfd][0x90][[0xaa][0x0]Z[0xa1][0x8]u;M&Y[0x11][0x89][0x95]&[0xc6]#:[0xe]41[0x1e]Q[\r][0xd3][0xc2]xKD[0xe0][0xd0][0xb4][0xcc]0[0xb6][0xa4]W[0x5]ol[0x89]T[0xc1][0xd3][0xda]O[0x88][0xc8][0xa1][0xb5]M[0x88]5q[0xb4][0xb6][0x89]nSY[0xa0]^[0x14]4[0xdf][0xd3][0xd4]O&[0x6]H[0xf5];[0xad]m[0xa2][0xdb]T[0x96][0x1]b[0xa6][0x83][0xd6]~[0xa2]S[0x19]ab[0x80]t[0xb8] [0xad][0xfd][0x84][0xa8][0x97][0x87]X}ib[0x80]4T[0x82][0xbd][0xa1][0x83]h[0xf2]#[0x86][0xd5][0xf1]/J[0xa2]b[0xc2][0x0]45[0x2][0xcd][0xd6][0xd8][0x9d]7[0x10][0x8e]B[0x1a][0x98][0x18]r[0xf1][\r][0xda][0x1f][0xc][\r]P[0xe2]s[0x5]"[0x90][0x89][0xee][0xf2][0x1b][0x80][0xd6][0xfc][0xd2][0xc7][0xa2]![0x9c][0xfb][0x90][0xf6]t[0xe][0xb9][0x94][0x4][0xda]"M[0x97][0x8]F[0x9e][0xf5]$8[0xf4][0x1][0xeb][0xf4][0x92][0x93]d[0x91]f>[0xa9][0xb4][0x82][0x0]i[0xda][0x92]Z&"[0xea]Oj[0x99][0x88][0xe8]s[0xd0][0xb6]D@[0x9a][0xfd][0xa4][0xb1]E[0x88][0x96][0xf4][0xd0][0xcb]U[0x88][0xb6]9[0xbd][0xd6][0x9c] Z[0x99][0xd4][ma[0x8a][0xfb][0xcc]l[0x3][0xa4][0x19]Wj[0xf][0x90][0x19] ][0xae]G[0xdb]4f[0x82][0x88]'[0xea]w[0xa5]M[0xc][0x90][0xb7][0x1a][0x12]][0xe6][0x11]=[0xe2][0x8b]4[0xd0]g[0x80]4[0xab]K|[0x88][0x91]g[0x13][0xe6][0xc][0x9]IC[0x8a]D[0xae][0xb2]0@[0xda][0x80][0x8][0xdb][0xc][0xf]=[0x14][0x6][0xfb][0xae][0xb9][0xc0][0xd2][0xcc]D[0x85][0xd4][0xfc]b[0x85]"[0xc8][0x1c][0xac]B^jrjq1xJ6[0xa9][0xb4]X![0xad]4=3[0xb1]D!1/37[0x13]i6[0x96][0xd8]s[0xb1]M[0xc][0x90][0xf6])[0x92][0x15][0xc4]D{[0x1c]Q[0xee][0x91]e[0xf][0xf1][0x8d];[0xa4]S[0x91]6[0xc3]f[0xb9]ql[0xbc]t[0xad]P(,ML-J,Q(K-[0x2][0x7]/9'b[0x9b][0x18][0x98][0xd2]mT[0x1]i[0xa3][0x1d]|[0xc3]4x[0xbf][0x99][0x82]s~nAiI*h[0xa7][0x6][0xea][\n]"
15:53:21.457 [main] DEBUG org.apache.http.wire -  << "/[0xc7][0xe2][0x82][0xd4][0xa2][0xcc][0xfc][0xa2][0xd4]b[0x5][0xf0][0x91][0xdb][0xf9][0xc9][0xc9][0x89][0xa9][0xc9][0x89]%[0x99][\n]"
15:53:21.458 [main] DEBUG org.apache.http.wire -  << "[0x85][0xa5][0xe4]%[0x1f][0xe4][\r]x4[[0x14]H[0xcd]N[0x1b][0xd2][0xdc][0x1]-Wd[0x9b]![0x9a]B4[0xb5][0x6][0xd1]>[0xa2][0xa9]5[0x88]n[0xc][0xf2]A[0x0][0xe0][0xfd][0xa3]82[0x94]c)t[0x8d]Hj[0xae]BQjAjNNj^J)r[0x9e]"[0xbe][0x8c]B[0xda]x[0xe7][0x19][0xe0][0xe1][0xef][0xe7][0xaa]`h[0xaa][0x10][0x10][0xe4][0x8f]QB{[0xb8][0xfa][0xb9][0x7][0xf8][0xfb]![0xda][0xd7]&[0xa0][0x1a][0x84][0x98][0xe5][0x8b][0x6]H[0xe7]m[0xd3][0xcc][0xe][0xa4][0xcd]v[0xb4][0xb3][0x3]Q[0x91][0xd1]p[0x1e][0xc6][0xc4][0xc0][0x1c]1*G[{[0x90]R8[0xed][0xae][0x1d]41[0x0][0x1d]g[0x3][0xed]1[0xd2][0xd4]?[0xa0][0xc3]G[0xa1][0xf6][0xd0][0xb8][0x1e]D[0xda]:H[0xb3][0xd4][0x6]:q[0x8][0xea][0x1b][0xda][0xd9][0x81]Hi[0xb4][0xb3][0x3]Q\[0xf][0x9e][0xa1]<[0xa4]=[0x99][0xb4],[0xdc]A[0x87]aA[0xe3]p[0xf0][0xf8][0x9d][0x98][0xbb][0x8b][0x10][0xc5]<[0xf1][0x8d]Czmp41@[0x9a]p[0x1c]D[0xc1][0x8a]T[0x91][0x13][0xdd]u#+[0x9c][0x11][0xcd][0xfd]A[0xe4]{r[0xda][0xe6]d[0xf8][0x1e]|[0xf4][0xf2]`[0xcb]R[0x86]H[0x7]L[0x13]_[0xf3][0x90][0xe5]{D[0x81]M[0xbc]E[0xe4][0xf4][0xda][\r]A[0x87][0xe3][0xc][0xbe]p&'[0x8f][0x91][0xe7]}D&[0xa3]U[0xcd]hH[0xb7]U][0x86]H[0xd3]i[0x1]E[0xf9])[0xa5][0xc9]%[\n]"
15:53:21.458 [main] DEBUG org.apache.http.wire -  << "[0x8e][0xa5]9[0x99][0x89][\n]"
15:53:21.458 [main] DEBUG org.apache.http.wire -  << "[0x98][fAw[0x4][0x16]@[0xd5]$[0xc2][0xd5]@[0x97][0xc3][0x11]9"a[0x88]4SF[0x1f][0xfb][0x10]-s[0x1a]g[0xb][0xa4]}[0xe8][0xf4][0xf1][0x19]"[0xc3][0xd3][0xc7]>Dk[0x8d]>[0xf6]![0xfa] [0xf4][0xb1][0xf]Q[0x82]8[0x15]%&[0xa7]b?[0x7];%U!?M!#3=[0x3]4t[0x95][0x93]YR[0xa9]P[0x90][0x9a]X[0x94][0x83]\[0x94][0x80]6Q[0x13][0xd3][0xfd]5DZ[0x4][0xed][0x12][0xe6][0xa2][0xe0][0x9d][0x99][0x9b]ZR\[\n]"
15:53:21.458 [main] DEBUG org.apache.http.wire -  << "Z[0xa6][0x19][0x99][0x98][0x99][0x4][0xda]N[0x86]:[0x92][0x84][0xa8][0x17][0xc][0x8d][0xc]P[0xd7][0x9f][0xe2][0x19]^7D[0xda][0xa8][0xe][0xb2][0xc6][0xb7]4=5O![0xa4](1[0x13]s7"[0x1e][0x1b][0xc]p[0xf][0xe0][0x1b][0x1a]"[0xea]x[0x1a][0xd9][0x0][\n]"
15:53:21.458 [main] DEBUG org.apache.http.wire -  << "Sh[0xa5]C+[0x1b][0x10]%[0x5][0xad]l@[0xcc][0xab][0xc][0x9a][0xe6][0x99]![0xd2][0xf4][0xff] r[0x14]"/[0xe]"G!&xh\[0x95] -[0x2][0xc0][0xee][0xfd][0x1]][0x82]c[0x88]4[0xfd][0x8e][0xdd]y[0x88]R[0x84]n[0xeb][0x82][0xc][0x91][0xa6][0xea][0xb1];j[0x80][0xc3][0xc]Q{bw[0xde][0x80][0x84][0x19][0xa2][0x8a][0x85][0xec][0x12][0xc3][0x18][0xdb][0xc5][0xb6][0x81]LG[0x9][0xda][0xe6]#z[0x0][0xc0][0x90][0xac][0x89]~[0xe4]*[0x15][0xb4][0x8b][0x84][0xa8]*[0x15][0xe9]0j[0x5][0xc][0xdf]Pe[0xeb][0x92]![0xd2][0x99][0xd1]d[0x95][0x3][0xc4]6[0x95][0x91]6[0xf8][0x91]e[0xf][0xf1][0xd1][0x83]t[0xf4][0x6][0xad]mBT[0xb2][0xb4][0xb6][0x9]Q[0xd9][0xd2][0xda]&D.[0xa2][0xb5]Mt[0xab][0x81][0x90][0x8e][0x1b]&[0xec]'[0xd2][0xf6][0x14]Qq^[0xd1][0x10]ib[0x9f][0xb0]3)X[0x8]fH[0xe9][0x84]=[0xf1]y[0x11]i[0xa3]6[0xf1]^"[0xab][0xa8][0xa4][0xdb][0xa4][0xb9]![0xd2][0xa4]9[0x8d][0xfd][0x84]43[0xe][0xb5][0x9][0xcb]^>[0xd0]v[0xb8][0xf2][0xcc][0x92][0xc][0x85][0xac][0xd4]b[0xc4][0xa6]8b+`[0xa4][0xa5]2[0x86]H[0x1b][0xd8]i[[0x81]"M[0xa0][0xf][0xb5][0x5]l[0x86]f[0xa4][0x94][0x8f][0x3]W[0x96] m[0xf0][0x83]&[0x1d][0xcc][0x3]9[0xe1][\r][0x88][0x1]t&b[0xf8][0x11]{Cr`[0xdb][0xb9]H3[0xfa][0xd0]P$:[0x3]"[0x15]b[0xf8][0xbb][\r][0xc8]9[0x10]iv[0x1f]{p[0x10][0x9b][0xad][0xa9]Y-[0x99]c[0xb4]r[0x88][0xe][0x4]b[0x9d][0x8b][0x12][0x6][0x88][0xa6][0xce][0x90]+[0x1c][0x90]V4@[0xd3][0xcb][0xa0][0xcc]u[0x98][0xd7][0x8d][0xd3]6F[0x87]F[0x91][0x89][0xb4][0xfd][0x98][0xb6][0x9][0xf][0x0][0x0][0x0][0xff][0xff]"
15:53:21.458 [main] DEBUG org.apache.http.wire -  << "[\r][\n]"
15:53:21.459 [main] DEBUG org.apache.http.wire -  << "231[\r][\n]"
15:53:21.459 [main] DEBUG org.apache.http.wire -  << "*[0xca]L-V[0xb2][0x8a][0xa6]j[0x1e]E[0x94][0xa3][0x83]:[0xe1][0x91][0xd2][0xe4][0x1f][0xb8]Z[0xc9][0x1c]1[0x0]<[0xe4]R[0x2]I[0x8b][0x83][0x6].[0x88][0x91]V[0x16][\r][0xe6][0x4][0x8b][0xb4]8i[0xe8][0xa5][0x4][0xc4][0x94][0x1a][0xcd][0xa6]v-[0x10][0x3][0x81][0xd0]h[0x1c][0x9c][0x97][0xd3][0x9b][0x18]Z`TB[0x98].E4W[0xf0][0x8d]jQ[0xb3][0xdc]FZ[0x9f][0xe5]Q[0xa0][0x10][0x96]Y[0x96][0xaf][0x10]id[0x84]1[0xd4][0x97][0x9b][0x9a][0x9b][0x99][0x93][0x99][0x9d][0xa9]P\[0x90]Z[0x9c][0x99][0x96][0x99][0x9d]X[0x9c][0xa9]P[0x99][0x98][0x97][0xae][0x90]X[0x90][0x9]:\[0x16]:[0x86]i[0xc][0x9a]G[0x3]m[0x15]'jt[0x11]i[0xd5][0x16]4[0xf2]h[0xda][0xc][0xc0]<[0xc0][0x9f][0xb6][0xd6]![\n]"
15:53:21.459 [main] DEBUG org.apache.http.wire -  << "q[0xa8][0xef][0xf0][0xb4][0xc5]`[0xa3])H[0xad]v[0xe2][0x7]9[0x88]>[0xc5][0x1f]_7[0xdd][0x98][0xe8]Aab[0xd6][0xb5][0xc1][0xbb]v[0x94]y[0xc][0xd1][0x14]'[0x1c][0x84][0x3]W[0x97][0x80][0xee]e[0x82][0xce][0xa6][0xe2]w&[0x95][0xc2][0x1f][0xa3][0xcc][0xc3][0x93][0xb0][0x6]0T0[\n]"
15:53:21.459 [main] DEBUG org.apache.http.wire -  << "<[0x1c][0xce][0xa4]R[0xa8] &9[0xf1]G[0x2][0xe8][0xe8][0xa6][0x1][0xc][0x95][0xa1][0xd1]PF:[0xe][\r][0xfb]@[0xc0][0x80][0x8e][0x8b][0x80][0xb7]]@s[0xdc][0xa0]t[0x1e][0xa2][0xdc][0xc2][0xee]<DE[0x8f]l[0x86][0x8a]U[0xbd][0x11][0xd2][0x19]$[0xd8][0x1d]5[0xc0]Q[0x8a](.[0xb0];o@[0xc2]lH[0x14]*FH[0x87][0x8c][0xc][0xe2][0xb2][0xcf][0x8]i[0x1d]&[0xf6]([0x1e][0xd8][0x14][0x88][0xb4][0x98][0x12]r[0xa7]*d'"[0xb6];N[0x9d]r[0x12][0xf3]R2K23[0x8b][0x15][0x92]Ks[\n]"
15:53:21.459 [main] DEBUG org.apache.http.wire -  << "[0x12][0x15]R[0xf3]2sA[0x1b]Y[0x13][0x91]6[0xb0][0x82].[0x1b] [0xa6][0x1d]l[0x84]t[0xbb][0xcf][0xa0][0xc][0x17]D?[0x8e]6K[0xb9][0x8c][0xc][0x11]-[0x9a]A[0x19][0x0][0xc4][0x96][0x2]Ti[0xc9][0x18][0xa1][0xad]c[0xa4][0xfe][0x2]C#[0xa4]%[0x8c][0x83][0xb9][0xbc]@Z[0x7][0x89][0xdf][0x99][0xd4][0x9]w[0xa4]E[0x91]t[0xb1][0xe]1[0xad][0xe1][0xb]Z[0xc][0x1e][0x9c][0x9f][0x9c][0x8c]e[0xbf]sr~R[0xa2]BrQjbI*[0xe6][0xf5]J[0xf8][0xf][0xb7]F[0x9a][0xd5]0B[0xba][0xb6][0x87]J[0xb6][0x19][0xe2]^[0xc1]jd[0x84](2hpz[0x83][0x11][0xd2]*KRc[\n]"
15:53:21.459 [main] DEBUG org.apache.http.wire -  << "[0xa9][0x83][0x8d][0xbf][0xe9][0x85][0x12]x[0x88][0xb6][0x9][0xd4]>[0xcc][0xb1][0x1b]|=^[0xfc]6Q[0xb3][0x91]g[0x84]QTa[0xba][0x14][0xd1][0x90][0xa2][0xd3]([0x93][0x11][0xd1][0xf7]+Q)##F[0xf9][0x7]cuB[0xf4][0xc1]N[0xd4][0x9][\r][0xa4][0xf5][0xa5]4[0xaa][0xbe][0x91][0x16][0x8b][0xd2][0xca][0x6]py[0x2][0x0][0x0][0x0][0xff][0xff]"
15:53:21.459 [main] DEBUG org.apache.http.wire -  << "[\r][\n]"
15:53:21.459 [main] DEBUG org.apache.http.wire -  << "1BA[\r][\n]"
15:53:21.460 [main] DEBUG org.apache.http.wire -  << "[0xca]MU[0xb2]R[0x1a][0x94]1[0x8a]([0x1f][0x6][0xa5][0xf3][0x10]c[0xe][0xd4]>[0x10][0xc8][0x8]i[0xf9]&[0xf5][0xcd]&e[0x4]u[0xc0][0x86]t[0x8c][0xe8][0xb6][0xde][0xd3][0x8][0xe9][0x0]yh=dJ[0xc3]c[0xfe][0x8d]L[0x8][\r]c[0xc]l[0xcd][0x4][0xd1]k[0x80][0x85][0x6][0xc6][0xc4][0x5][0xb8]V[0xa6]N9jJ([0x93]#[0xea]U[0xfa][0xd5][0xf7][0x98]+[0xf4]p[0xc][0xb2][0x82]F=)[0x19][0x8b]7BZ3G[0x8f][0xd0]F:|f0[0x16][0xa9]H[0xc7][0xa0][0xa7][0xa4][0x16]'[0x17]e[0x16][0x80][0xae][0x17][0xc2]H~[0x88]$[0x81][0xaf][0xa9][0x85][0xdc][0xd4]D[0x9a][0xd0][0xa4][0xb2][0xc1][0x88][0xe4]K[0xa3]J[0x1a]i.[0x91][0xca]NG[0xd4]_[0x83]2- [0xaa])[0xec][0xce]C[0xa4][0x2][0xfa][0x15][0xc]Hs[0x82][0xd8][0x1d]5[0xb0]e7[0xd2][0x19][0x16][0xd8][0x9d]7 a[0x86]he[0xe2]/[0xe2](.L-[0x11]U[0x17]v[0xef][0xf]p[0xec] z[0x91][0xd8][0x9d]7 [0xb1][0x83][0xe8][0xd5][0xd1]:v[0x8]e[0xe8][0x1][0x8d][0x1d]c[0xa4][0x3][0xf2][0x7]M[0xec][0x18]#[0x9d][0xcc]A[0x9b][0xea][0xc5][0x98][0xe0]A[0x19][0x3][0x1c]+[0x88][0xe4]I[0xab][0x0]@$K[0x1a][0xd9][0x80]4[0x3]B+[0x1b][0x10][0x83][0x9e]4[0x18][0x18]4F:5[0x2]{[0xd6][0x18][0xd8]42[0xb8][0xe7]9[0x8c][\r][0x7]a[0xb1]o[0x8c]e[0xae][0x82][0x86]}^c[0xa4]9[0x87][0xc1][0x98][0x82][0x8c][0x10][0xf9][0x7][0xbb][0xf3][0x6][0xa0]f6F[0x9a][[0xa0]Q[0xb1][0x81]4[0x9f][0xe0][0x91][0x9a]XV[0xa9][0xe0]RZR[0xa9][0x0]=u8 '[0xb1]$[0x15][0xa3][0xeb][0xe5]XZ[0x92][0x9a][0x8b]~[0xd4]pQjQi.[0xd2][0x14]-[0xf8][0x94]+b[0xe6]h[0x8d][0x91][0xa6][0x1c][0x1c][0xcb]S[0x8b][0xf3]sS[0x15][0x2][0x12][0xb]R[0x8b][0x14][0x9c][0xf3][0x13]1/$u[0xcd]/V[0xc8],(.[0xcd]U[0xc8],I,,MU[0xc8]IL[0xca]/[0xca][0xcc]/N[0xcc]UH[0x5][0xb][0xa4][0x96][0x80][0xa6][0x8b]3K[0xc8]q[0x8c][0xa9]1[0xa2]/G[0xcd]T[0x0][0x0][0x0][0x0][0xff][0xff]"
15:53:21.460 [main] DEBUG org.apache.http.wire -  << "[\r][\n]"
15:53:21.460 [main] DEBUG org.apache.http.wire -  << "7CF[\r][\n]"
15:53:21.460 [main] DEBUG org.apache.http.wire -  << "[0x82][0xc][0xb0][0x92]y5[0xa1])[0xd2]^q[0xda][0xb6][0xcf]L[0x91][0xc6][0x1c][0x7][0x91][0xf7][0x11][0xb5][0xf3][0xe0]q[0x14][0xd2][0xd0][0xe4] r[0xd4] ,[0xc3]L[0x9][0x8e]u[0xe]@[0xc1]j[0x8a]t[0xda][0xfe] [0x8a]>DCw[0x10]9j0[0xe6]>[0xa4][0xfd][0xf4][0x83]'[0xa4]L[0x11]C[0xf][0x8e][0xa9]E[0xf9])[0x95]y[0x89][0xb9][0x99][0xc9][\n]"
15:53:21.460 [main] DEBUG org.apache.http.wire -  << "[0x90][0xb5]NN[0xf9]%%9[0x98]u)[0xa8][0x86][0xcc][0xcf]K[0x85][0xac]r[0x2]/u[0xca][0xcb][0xcc][0xc8][0xcc]QH[0xce]/**-([0xc9][0x84][0xdc][0xa4][0x9e]Z[0xac][0x90][0x9b][0x8]9[0x99]=[0x95][0xbc]z[\r][0xe9][0xd8]{[0xda]V!fH[0x1d][0x5][0x98]M[0xba]8v[0x3][0xe0][0x18][0xec][0xc1][0xbf][0xf4][0x2]:[0xa7]O[0xa5]{[0xc5][\r]1[0x7][0xa6][0x6][0xf3][0xdd][0xd7][0x88][0x14][0x6][0xf][[0xcc]s[0xfc][0xc1]33[0x83]!l[0x11][0xc5][0x19][0xcc][0xb5]4[0xec]_[0x98]![0xf5]/[0xe8]`[0x9d]9[0xd2][0xb0][0xc][0xcc]:[0x8c][0x96]2[0xbe][0x98] z[0x13][0x8a]9[0xd2]u[0x80][0x9e]y%[0xa9]99[0x99][0xe9][0xa9]y%[\n]"
15:53:21.460 [main] DEBUG org.apache.http.wire -  << "nE[0xf9]U[0xa9]y[\n]"
15:53:21.460 [main] DEBUG org.apache.http.wire -  << "[0xce][0x19][0x89][0x99]E[0xba]I$[0xd9]M\[0xe][0xb3]DjwBN[0x8d][0xd0][0xcd][0xc7][0xb0][0x6][0xdb][0xc1]K[0xb5]H[0xd3].[0xe6][0x6][0x88][0xae]/[0xad][0xc3][0x9]1[0x99][0x1][0xb3][0x89][0x86][0xe9][0xcd][0x1c]K[0xd1][0x81][0x11]:[0xe0][0x4]@[0x95]IR[0xb][0xa4][0x3]Pa[0xbe][0xc3]n[0x1d][0x8e][0x9c]Otz[0xb3]@[0x1a][0xab][0xa2][0xb5]M[0x88][0xf6]*[0xcc]&[0x1a][0xc6][0x98][0x5][0x96][0xaa][0x89][0xa6][0xd6]![0xfa][0x92]t[0xf1][0x1d][0xbd]2[0x9a][0x5]R[0x8f][0x1d][0xe6]1[0x1a]%E[0xb2][0xae]bDZ[0x88]H|[0xa2]G:[0xca][0x90][0xc6]~B[0xba]Y[0x8f][0xd6]6aV[0xc0]4[0x8a]'[0xba][0x1d][0x1]ga[0x82]h[0xb0][0xf9][0xa6][0xa6]d[0xe6]'[0x17][0xa5]*[0xf8][0xa4]&[0x96]d[0xa4][0x16])[0xe0][0xb8]l&$[0xbf][0x4]<8[0xa4]P[0x9a][0x97][0x92][\n]"
15:53:21.460 [main] DEBUG org.apache.http.wire -  << "[0xbe][0xda][0x8]ih[0x8]d[0x1e][0xa8][0x11][0x9e][0x97]^[0xac]d[0x85][0xe7][0xe8]X[0xb][0xa4]k[0xd3] {[0x18][0xc2][0xf3][0xf3]SR[0xf3][0x14][0x2][0x12][0xf3]J@)[0xe][0xf5][0x4]\[0xd7][\n]"
15:53:21.461 [main] DEBUG org.apache.http.wire -  << "[0xd0](U[0xa2]B~Jf[0x89]BNbiJb^Ifi[0xae]Bj1r[0xfb][0x1d]4[0x95]L[0x8c][0xe5]FH[0x17][0xcf]a[0xef][0xef][0xc][0xe8][0xe8][0xbb][0x11][0xc1][0xde][0xf4][0x0];[0x8f]P[0x17]v`[0x9d][0x87]t[0x86][0xdd]`[0x8c]\[0xa4]#[0xe5][0x6][0xa5][0xf3][0x88][0xad][0xf6][0xa8][0xd2][0xc]32E42[0x7]eh[0x10]J[0xea][0x3]0[0xd8]fD[0xb7]c[0xf5][0x8c][0x90][0xce]F[0xf3][0xcd]/-[0xc6][0x1c]o[0x1]7[0xc8]q[0xb4][0x90][0x89]]Hf[0x86]H[0x2]4[0xb4][0x4]Qw[0xd3]f[0xe6][0xc7][0x8][0xf3][0x4]4[0x1c][0xb][0x1c][0xa9][0x93]q[0x90][0xe]@[0xa3][0xee][0x1a]6[0xa4]C[0xcc][0xa8]l[0xf0][0xe0]^[0xa4][0x8b]t[0xd4][0x17][0xf6][0x92]h [0xb2][0xba]9[0xa2][0xcf]C[0xa3]d[0x8b]t[0x96][0x17]vo[0xf]len[0x8e][0xc8][0xb7][0xd8][0x9d]7 [0xb1][0x82][0xa8][0x15]h[0x14]+[0x98]gSa[0xee][0x8e][0xc2]W[0xf6][0x1a]YZ[0xa2][0xde][0x13][0x81][0xa7])n[0x84]t[0xc2][0x14][0xad][0xbc][0x83][0xc8][0xfa][0xd0]>[0x1a][\r][0xbd]c[0x89][0xa8]O[0xa0][0x96][0xe1]([0x88]q[0xd4][Dwr[0x8d][0x91][0xe]*[0xa0]M[0xc0][0x19]#[0x8d][0xf6]aO[0xfe][0x3][0x9a];[0x8d]i[0xbe][0x1][0xd8][0x18]i[0xc4][0x82]FA[0x8c][0xb4][0x11]q0[0x6][0xb1][0xd1] ,[0x0][0x8d][0x91]Fw[0x6]c[0x98]!m$[0xc4][0xee][0xbc][0x1][0xa8]4[0x8c][0x91][0xf6][0x1e][0xd2][0xea][0x90]9c[0xa4][0xb1]0[0xda][0xd9][0x81]9iF[0xc3]Q_c[0xa4][0x15]DH[0x17][0x8c][0xfb]d[0xe6][0xa5][0xe6])`[0xbf][0xc5]=,?[0xa7][0xb4][0xa0]$[0xb1]X[0xa1],5/31W!1'[0xb3][0xb0]43[0x5]i[0x90][\n]"
15:53:21.461 [main] DEBUG org.apache.http.wire -  << "u1[0x95][0x9][0xee][0xed][0xe1][0xc6]H[0x17]X[0xb8][0xe6][0xe5][0x17][0xe5][0xe6][0x97][0x16]+[0xf8]&[0x16]%[0xe5][0xa4][0xe2][0xb0][0xdc]3E[0xa1][0xc]bI&[0xe8][0xca][0xf8][0xb2][0xcc][0x92][0xc4]T[0x85][0xe2][0xd2][0xe2][0xe4][0xcc][0x82]L[0xd8]%[0xcd][0xc5][\n]"
15:53:21.461 [main] DEBUG org.apache.http.wire -  << "[0x89]I[\n]"
15:53:21.461 [main] DEBUG org.apache.http.wire -  << "9[0x99]I[0xa9]E[0xf9]8][0x85][0xa7][0xc2]66F[0xd4]p[0xc8]3X[0xee]E[0x89]y[0x99]%[0xa9][\n]"
15:53:21.461 [main] DEBUG org.apache.http.wire -  << "8[0xe6][0xc6][0x3]K3[0x15][0x8a]K[0xf3]J[0x14]r[0xf3]sR[0x8b]K2[0x13]S[0xe1][0xac]b[0x1c][0xb7]F[0xa3][0x6][0x14]^'[0x11]*[0xa6][0x6][0xb6][0xa2]BZ^[0xe4][0x96][0x98]W[0x92]X\[0x92][0x99][0xac][0xe0][0x9c][0x9f][0x97]\[0x94]Z[0x82]+*[0x83][0x10][0x17]i+[0xa4][0x82][0xd2]Rj[0x89]Bai~[\n]"
15:53:21.461 [main] DEBUG org.apache.http.wire -  << "[0xe8][0xfa][0xf6]D[0xe8]B[0x82]\[0xd0][0x92][0xb9][0xc4][0x94][0xcc][0x82][0xcc][0xe2]d[0xe4];[0xdd]Q[0x3][0xe][0xcf]%][0xc6]H;%[0xb1][0x97]U[0x3][0x1c]p[0x88][0xf1]a[0xd8]jB[0xe8]bF[0xec][0x99][0xcf])5[0x11][0x94][0xe0][0xa1]yN[0x1]O[0xb6][0xc3][0x97][0x9a][0x90]6L[0xe][0xca]@A[0x8c][0x91][0xd1][0xa8]Q2[0xb8]G[0x80][0x8d]M[0x10][0x1d][0xa0][0xc1][0x18]?[0x83]{[0x4][0xd8][0x18]i[0x4][0xd8]'3=[0xa3][0xa4]<[0x15]D*[0x84][0xe7][0xe7][0xe7]@[0x96][0x1f]`[0xcc]*[0xf9][0x80][0x16][0xe5][0xa6][0xc2]k[0x96][0xd4]b[0x85]$[0xf8][0xb9]NH5[0x8][0xa8]YF[0xcc][0xfc][0x87]1[0xd2][0xd2]*[0xec][0xf1]7[0x10][\r]$[0xa4][0x1b]Ph[0x94][0xab][0x90][0x6][0x9b]s[0x13]3[0xf3][0x12][0xf3][0x14][0x12][0xf3][0x12]A[0x87][0xc2][0xa2]N6[0x15][0x97][0xa4][0xa6][0x16]e[0xe6][0xa5]+[0x94]g[0xa4][0xa6][0xe6] [0x82][0x82][0xf8][0x8e]![0xd2][0xf2]0[0xec][0xe1];[0xb0][0x85]:[0xd2][0x0]2v[0xe7]![0xfc]L[0xb7]}[0xa0][0xc6]H[0x1b][0xc4]i[0x14][0xfd]H[0xb7][0xb6][0xd0][0xca][0x6]DmI[0xcd][0xbb]D[0xf1][0x1c]`d[0x8c][0xb4][0xfd][0xbc][0xb8][0xb4][0xb8]T![0xbb]4%Q!'3[0x11]s[0x1d][0x1b]X[0x1a][0x9a][0xe0][0xa1][0xa7] [[0xa2][0x1c][0xa5][0x8b][0xaf][0x99][0x82]t[0x99][0xb]m[0xb3][0xe][0xd2][0x94][0x3]t[0xf4][0xc6][0xc][0xa3]8[0x84][0x8f]|[0xa1][0x1f][0xa5]aH|[0x16]E[0x9a]u[0xa0]Ub@4[0x89][0xc1]AOA[0xcc][0xe0]k+![0xcd];P3[0xcd][0xe1][0xb3][0x12]i[0xee][0x1][0x1a]G[0xb4][0x1a]a3G[0xc][0x1c][0xd2]([0x96][0x90]."[0xa1]e,![0xcd].[0xd0][0xd4][0x1a]Z[0xcf][0x17][0x18]#[0xcd][0x17][0x80][0xca][0x12][0x85][0xc4][0xca][0xc4]\[0x8c][0xc][\n]"
15:53:21.461 [main] DEBUG org.apache.http.wire -  << "[0xf6]"H[0x1a]Q[0x91][0xa0][0x16]5xS[0x17][0xa2]wK[0xeb][0xd4][0x85][0xc8][0xa1][0xb4]J][0x88][0x86]2[0x8d][0xfd][0x82]4[0x88]Ok[0x9b][0x10][0x95][0x1c][0x8d]B[\r][0xe9]h[0x11]Z[0xfb][0x5][0xd1][0x93][0xc3][0xde][0x12][0x1a][0xd8][0x86][0x1a][0xd2]E[0x0][0xd8][0x9d][0x87][0xc8]_[0xf4]k[0xa8]Y [0xd2]4[0x8d][0xe2][0x1f][0xb4][0x8e][0xb][0xba][0xc7][0x8f]V6 V[0xca][0xd2][0xab][0xd2]$x[0x90][0xc8][0xc0]&5[0x82][0x7]}[0xe0]JjFh[0xc3][0xa7][0xd0][\r]%F[0xa6]H#[d[0xee][0xd4]4[0xb6][0xa4]yuf[0x89]([0x0]h[0x95][0xd4][0x10][0xd5][0x19][0xad]l[0xa0]y5[0x6][0xea]&[0xd0]4C[0x9a][0x80][0xae]b[0x81][0xda]@[0xdb]"[0xdf][0x4][0xe9]P[0x12][0xa4][0x1d][0xda][0xd0]A}[0xf0][0xee][0xf][0x8c][0xe6][0x8c]kfi[0xb1]BAjQqAfrfbIf1h[0x8][0x18]i[0xdc][0x5][0x94]L[0x89][0x19]w1A[0xda][0xe4]B[0x9b][0xb4]`B[0xf3])i[0x13][0xa4][0xd3]M[0xdc][0xf3][0x8b][0xd2]SAS"[0xd0][0xb5][0xbb][0xce]Xz[0x9d][0xfe][0xa0][0x15][0xbb][0xf0][0xed]w[0xb0][0xb9][0x91]T[0xe4][0xbd][0xed][0xa0][0xb]i[0x89][0xb]>Z[0x17][0x7]&H[0xf3][0xed][0xb4]N[0x86][0xb4][0xce][0xb4]&D[0xef]p[0xa1][0xca][0x82]4[0x13][0xa4]m.4J[0xdb]H[0xa7][0xcf][0xd3][0xca][0x6]Zw7M[0xe8][0xbb][0xcb][0xc9][0x4][0xe9]L[0x12][0xec][\r][0xc8][0x1]mt[0x98] [0x1d]d[0x8e][0xdd]y[0xb8][0x1a][0x1d][0xe8][0xfd]G*6:L[0x6][0xe3][0xc9]%[0xa6][0x98][0xc3]b4[0x1a]r1[0xc5]2[0xb8]C[0xc3][0xf9]}S[0xa4][0x11][0x9e][0x0]g[0x5]wG_O?w[0x8c][\n]"
15:53:21.461 [main] DEBUG org.apache.http.wire -  << "88[0xc0][0xd5][[0xc1][0xc3][0xd3][0xdd][0x3][0x91][0x1e],A-[0x6]bj[\r]S[0xa4][0xb5]t[0x1][0x89]9[0x89]>[0xf9]>[0x89][0x18][0x16][0xe0][0x1c]Q4[0xb2][0xb4][0x4]-[0xaa] [0xce]"D[0xe9]Ac[0x8b][0x10]K0[0xe8][0xd4]{1E[0xba][0x14][0x90][0xc6]~C4[0x97][0xe9][0xe4]73[0xa4]R[0x8]V[0xe9][0xd3]0[0xc5][0x9b]!-iCZ[0xd1][0x2][0xdd]~[0x1c][0x90]YU[0x95][0xa8][0x9b][0x8c];[0x81]b9[0x1a][0x97][0xb8][0xed][0xc7][0x16]H[0x9b][0xca][0xa0][0xdb][0x8f]1G[0xd6][0x9]m?6CZ-[0x7]_[0x10][0x13][0x9c][0x99][0x93][0xad][0x80][0xfd]l#[0xcf]<[0x85][0xe4][0xfc][0xbc][0xe2][0xd4][0xc2][0xd2][0xd2][0xbc][0x92][0xd2]"P[0xbb][0x19]r6Caib[0xb1]BfiqI>H[0xac][0xb8][0xb0]4[0x11][0xb9]E[0x88][0xba]|[0x2][0xbd][0xb0]G[0xda][0xe]m[0x86][0xe5][0xc0]~[0x9a][0xc6][0x1d]b[0xec][0x3]y[0xe5]Mp~Z[0x89]Bp~b[0x81][0xae][0xc1][0xa0][0x8d]9[0xa4][0xc3][0xfc][0x91][0x92]]PiRRj[0x91][0x82]Gb[0x89].i[0xbb];[0xe8][0x99][0xe8]@%0[0xb4]s[0xe8][0x91][0x98][0x97][0x92][0x9b][0x98][0x92][\n]"
15:53:21.461 [main] DEBUG org.apache.http.wire -  << "Jo[0xe0]E<[0xc1][0x19][0xf9][0xa9][0xc5][0xba][0x98][0x17][0x81][0xc2]Kt[0xf2]3[0xc]h/#[0xd4]Zh[0x86][0xc1]<?[0x8b]`[0x86]1F[0x94][0xd5][0xf0][\r][0x96][0x90]#L[0x90]r[0xc][0x0][0x0][0x0][0xff][0xff]"
15:53:21.461 [main] DEBUG org.apache.http.wire -  << "[\r][\n]"
15:53:21.462 [main] DEBUG org.apache.http.wire -  << "5BB[\r][\n]"
15:53:21.462 [main] DEBUG org.apache.http.wire -  << "[0x82][0x1f][0xcb]l[0xa5][0xe4][0xc];[0xa9]$73[0xaf][0xb4]X!%3[0xb9]$Q[0xa1]8?[0xa7][0xb4]$[0x11]6[0xff]_[0x8c][0xd4][0xf5]$>[0xa7] -[0xa4][0x83][0xe7][0xdc][0x80][0x1c][0xc8]J([0xec]ky@g[0x83][0x81]N[0xe][0x3]-[0xa2]K[0xad]([0xc8][0xc9]LNL[0xca][0x7][0xed][0xc3]$[0xef]d23[0xa4][0xc5]t[0xb0]r[0x16]wnA[0x9f][0xda][0xc3]?[0xb3]G[0xc5][0xf6][0x9f][0x19][0xd2][0xb8][0x15][0xd4][0x99][0xa4]-V[0xa7][0xdb]H[0xac][0x19][0xd2]QP8][0x8a]h1[0xe1][0xdb][0x8f]E[0xcd][0xf0]C:~[0x1e][0xb9][0x8c]t[0xcc])[0x5]%[0xe9]\[0x5][0xa7][0xc4]t[0x8c]h[0xf7]ML[0xcf][0xcb]T[0xc8][0xcb]/.)[0x2][0x1d]E[0x97][0x2]Z[0x8f]X[0x9a][0x92][0x99][0x98][0x97][0x92][0x98][0xaa][0x0][0xae]+[0xf2][0x12]KJ[0x8b]![0xa7][0xd3][0x81]D[0x90][0x17][0xdb][0x81]/Y$[0xa6][0x85]f[0x86][0xb4][0xc4][0x4][0x1a]`4jE[0x9b]![0x1d]B?hz6fHk[0x5][0x6][0x91][0xa3][0x10][0x83]:[0xc1]9[0xa9][0xa9][0xd9][\n]"
15:53:21.462 [main] DEBUG org.apache.http.wire -  << "[0xf0][0x84][0x12][0x92][0x98][0x84][0xe5][0x88]'[0xd7][0xa2][0xa2][0xfc]"[0x85][0x92][0xd4][0xdc][0x82][0xfc]"pJH[0x84][0x9c]O[0x88][0xbc]-</5[0x97][0xac][0x95][0xb5]fH[0xdd][0xac]A[0x14]B[0x88]&[0xf1] r[0x14][0xd2][0xf8]Ui[0x11]([0xa6][0xe0][0xe7][0x6][0xe0]X[0x1c][0x9c]Y[0xa2][0x0]j[0x9]f[0x82]v[0xed]+d[0xe6][0xe4][0x80][0xf6][0xef]C[0xd7][0xd5][0xe6][0x95][0xe6][0xe4]$*$&'[0x97][0x16]'[0xe6][0x96][0x92]W[0xc1]!-[0x84] [0x9c][0xb9][0x7][0xae]zA[0xda]_9[0xa8][0x9d][0x89][0xd4][0x99]-JL.[0xc9]LN[0xcc][0x81][0x1e]$[\n]"
15:53:21.462 [main] DEBUG org.apache.http.wire -  << "nra[0x14][0xe1][0xae][0x15][0xc9][0xa9][0x5]%[0xa5]E[0x99][0xd0][0xa8]M[0xcc]%[0xef]l53[0xa4][0x99]l[0xda][0xc][0xf3][0x99]![0xcd]/[0xbb][0x16][0xa5][0xe7][0xe7][0xe5][0x83][0xce][0x95][0x83][0x17];>[0x89][0xb9][0x5][0x18][0xbe][0xf3]K-N[0xce][0x4]-[0x9e]OM[0x4]%_[0xb2]Z`H}h[0xc2]1[0x8f][0xa5][0xd9][0x8a][0xbf][0x9][0x84][0xdc]+B[0xba][0xaf]>[0xa8][0x14][0xdc]L[0x86][0x8e][0xd0]cos[0x6][0x96]f[0x82]{`[\n]"
15:53:21.462 [main] DEBUG org.apache.http.wire -  << "[0xb9][0xf9])[0xe0][0xdc][0x89][0xe4]=[0xa2]+Ws[0xa4]KSi[0xeb]=s[0xa2]G[0xb6])[0xdd][0xe1]g[0x8e]t[0xe]6[0x8d][0xfd][0x84]9[0x8]a[0x8e][0x91][0x8][0xf1][0xf5]i[0x88]N[0x1c][0xe6]H[0xe3][0x9b]P?Y[0xd0][0xca]&D[0x19]2h*.s[0xa4][0xd3][0x96]<[\n]"
15:53:21.462 [main] DEBUG org.apache.http.wire -  << "[0x14][0xc2]2[0xcb][0xf2][0x15]"[0x8d]0[0xfb][0x8f][0xb9][0xa9][0xb9][0x99]9[0x99][0xd9][0x99][\n]"
15:53:21.462 [main] DEBUG org.apache.http.wire -  << "[0xc5][0x5][0xa9][0xc5][0x99]i[0x99][0xd9][0x89][0xc5][0x99][\n]"
15:53:21.462 [main] DEBUG org.apache.http.wire -  << "[0x95][0x89]y[0xe9][\n]"
15:53:21.462 [main] DEBUG org.apache.http.wire -  << "[0x89][0x5][0x99][0xa0]5[0xc3][0xd0]%[0x94][0xc6][0x6]`[0xa0][0xa3]DL[0x3][0xd4][0x1c]i[0xec][0x87][0xd6]a[0x8f][0x98][0xd8][0x86][0xda]D[0xa3][0xa6][0xae]9[0x96]![0x18][0xec][0xe9][0x89]*[0xf3]L[0xe6][0x83]qC[0xa4]9[0xd2][0xe0][0x8a]3[0xe8][0x1a][0xd4][0x94][0xd2][0x9c]R[0x8c]@[0x0][0xdd][0x9d][0x9a][0x91][0x98]W[0x99][0x8][0x9a]K[0x6][0xdd][0x96][0x9a][0x98][0xa7]P[0x90]_[0xc][0x1a]T[0x80]&&SK[0xa2][0x97][0xc9][0x99]#mr[0xa4]q[0x4]#[0xef]\[0x4][0xed][0x98]J[0xc9][0x4][0xed][0x83][0xce][0x98]c[0xaf]Q[0x9c][0xf3][0xb][\n]"
15:53:21.462 [main] DEBUG org.apache.http.wire -  << "[0xc0]W[0xc4]B=fi[0x8][0xea][0xab][0x12][0x95]E[0x90][0x6]{[0x90]wG@w[0xfc][0xa5]V&[0xe5]'[0x16][0xa5]`[0x84]-h[0xf3][0x4][0xa2][0xab]kliiAd[0x8e]D[0x1a][0x9f][0x81]mp[0x82][0xfa][0xcc])5/9[0x3][0xc3]"[0xd8][0xa6]1[0x84]ef[0x86][0xa0][0x85][0xe5][0xc4][0xf9][\r][0xd1][0xd7][0x81][0xcf][0x9d][0xc3][0xc6]`[0xb0]/=[0x80][0xee][0xe9]C[0xd8]fj[0xe]j[0x1f][0x11]g[0x1b][0xa2][0x8]@[0xee][0x88]C[0xbd][0x87][0xb5][0x99][0xe3][0x9c]_R[0x92][0x9f][0x87][0xb0][0xcd][0xdc][0x0][0xb4][0xd7][0x90]8[0xdb][0x10][0xbd][0x14][0xf8]@[0x17][0xcc]o[0xde][0xb8][0xa2][\r]34-[\r]@[0x1b][0x1][0x88][0xb3][0x11][0xd1][0x5][0x81][0xdb][0x8]J[0x7][\n]"
15:53:21.462 [main] DEBUG org.apache.http.wire -  << "[0xd8][0x1b][0xa8][0x90][0xa1]N[0x84][0xdf],,@[0xb3][0xa3][0xc4][0xd9][0x84][0x18][0xf6][0x85][0xc7][0x1b]$Ab=T[0x1f][0x12][0xc2]H6[0x19][0x12][0xbb]B[0xc4][0x1c]i[0xa3][0xa2][0xb]z[0xb7][\n]"
15:53:21.462 [main] DEBUG org.apache.http.wire -  << "[0xcb][0xb8][0x9][0xba][0x9f][0x8c]L@;[0xc7][0x88][0xf2][0x13][0xd2]0[0x17]r>[0x83]E[0x99]sN~2[0xa8][0x9a]C[0x1d][0x9d][0x84]5[0x92][0x11]~31[0x5][0x1d][0x1e]M[0x9c][0x8d][0x88][0x85][0xa3][0xc1][0x95]y[0xa9]E[0xe9][0x99][0xe0][0xa6])$[0xb4]p[0xed]Z[0x5]M. l35[0x0]-p![0xce]6D^C[0x1a][0xef][0x86][0xb6][0x83][0xb1]F[0x1b][0xf4][0xdc];[0x84]mF[0xe0]Si[0x89][0xb3][\r]{^[0x83][0xc4][0x8f]BpFf[0x11][0xa8][0x98]G[\r]L[0x88][0xc7][0x11][0xd6][0x99][0x18][0x81][0xd6]&[0x11]g[0x1d]"[0xb3]![0x9f][0x8d][\r][0xf5][0x81][0x2][0xf6][0x91][0x13][0xf4]B[0xd9][0xc8][0x14][0xb4][0xbe][0x94]8[0xfb][0x10]Y[\r]9[0xb1][0xc0][0x92][0x3][0x8e]S[0xfb] [0xbe]G[0xf6] h[0xeb][0x1b]q[0x16]"r[0x1c]b[0xc3].(-`[0x1d]>[0x84][0xb9][0x3]a[0x95][0x99]%[0xe8][0xe4][0x18][0xa2][0xac]25[0x80][0xdf]([0x81][0xec]7XX:[0xe7][0xe7][0x16][0x94][0x96][0x80]+3[0xd4][0xe8]C/+M[0xcd][0x88][0xb7][0x12][0xb1][0xfc][0x14][0xda]?[0xf3],[0xca][0xcf][0xc3][0xea]5h~D[0xf8][0xcc][0xd4][0x12]4HE[0x9c][0xcf][0x10][0xed]o[0xc8][0xd0][0x1a]8[0x0][0x89]K[0x1c][0xc6][0x96][0xa0]j[0x9f]8k[0x10][0xf9][0x1a]V[0x85]B[0x92][0x9a][0x2][0xb6][0x5]a[0xe0]r[0x13][0xe1][0x1d]c[0x13]P[0x83][0x9c]8{[0x10]S)[0xc8][0xe5][0x7][0xb8][0xc8][0xc7]~l$z[0x2][0xb4]0[0x1]M[0x82][0x12]g[0x19][0xa2][0xf8]@x[\n]"
15:53:21.462 [main] DEBUG org.apache.http.wire -  << "T9*[0x84]'[0xe6][0xe4][0xa4]b[0xe6]f[0xc8][0xb6]hd[0x8f][0x11][0xbb]B[0xc1][0xdc][0x14][0x91][0x9b]![0xf1][0x4][0xad][0xf5][0x15][0xb0][0x17][0xc2][0xe8][0xe5][0x86][0xa5]9hL[0x89]8_![0xf2]1R[0xa1][0x8]N|[0xd8][0xe2][\n]"
15:53:21.462 [main] DEBUG org.apache.http.wire -  << "|q[0xc][0xc2]K[0xe6][0x96][0x96][0xc6]D6[0xab]@k[0xfa][0xa0]sg[0x1]h[0xc3]G[0xd8][0xa3][\n]"
15:53:21.462 [main] DEBUG org.apache.http.wire -  << "R0#[0xec]22"[0xba]pB[0xda][0xce][0x8][0xcd]M[0xe0]t[0x8e][0xbd][0xfd][0x86][0x91][0x9f][0x8c]L,[\r][0x89][0xf4][0x14][0xa8][0x9d][0x7][0xf5][0x14]r[0x83][\n]"
15:53:21.462 [main] DEBUG org.apache.http.wire -  << "[0x1c]|8R[0x5][0x16][0xeb]@[0xfd]o[0xa2]"[0xb]i[0xe][0x1][0xb9]`[0x82][0xe6]-[0xf],[0xb7][0xf9]`6[0xa7],[0xc],[0x8c][0x88][0xf5][0x1d]R[0xf6][0x2][0xf][0xc4]C[0xa2][0x4]47[0x8c][0xa5][0x15][0xc][0xca][\n]"
15:53:21.462 [main] DEBUG org.apache.http.wire -  << "[0x88][0xd8]21[0x0]-[0xff]#[0xce]W[0x88][0x8c][0x5][0x8d]-Xj[0xc7]>[0xb][0x89][0x9e][0x87][0xcd][0x8c]ML[0x89][0xf5][0x11][0xa2]R[0x86]7[0xdb] [0xd9][0x14]kQ[0xb]-[0xf1][0x91]|e[0x2]:+[0x9e][0x18]_[0x99][0xd0]m[0xa0][0xc8][0xc4][0x10][0x11]~[0xd8][0x7]U[0x6]vI[0x1f][0xd2][0x91]P[0xd8][0x9d][0x87][0x14][0xbc][0xa0]e[0xe5]8C[0x97][0x8a]S[0x92]&H[0xb7]r[0xd1]fH[0x19]\[0x89]A[0x8b][0x6]*[0xf4][0xc6][0x1][0x0][0x0][0x0][0xff][0xff]"
15:53:21.462 [main] DEBUG org.apache.http.wire -  << "[\r][\n]"
15:53:21.463 [main] DEBUG org.apache.http.wire -  << "484[\r][\n]"
15:53:21.463 [main] DEBUG org.apache.http.wire -  << "[0xc2][0xb3][0xe2][0xc5][0x4]s[0x8][0x89]F[0x3];&Hk}[0xf0][0xfb][0x89]*[0x3];&H[0xe3]H[0xb4][0x8a]$D[0xed][0x87][0xdf]C[0x94][0x8e][0x1b][0x9b][0x80]Nb[0x80]&[0x7][0x1a][0xf9][0x5]i[0xc4][0x89][0xc6]~[0xa1][0xdb]@[0x93][0x9][0xa8][0xc5][0x9][\r]5[0x98][0x9f]h[0xb8][0x98][0xcb][0x4]i[0xa4][0x89]V[0x91][0x84]T[0xa5][0xe6][0xe7]U*[0x4][0x4][0xd3]*[0xaf]"[0xad][0xee][0xc1]^[0xec][0xe]l[0xad][0x0][0x1a]E[0x82][0xc6][0xec][0xa0]t[0x1e][0xa2][0xb7][0x89][0xdd]y[0x3]Qi![0xf][0x5][0x85][0xb9]([0xf8][0x96][0xa6][0xa7][0xe6])[0x84][0x14]%f[0x82][0xc6][0xe7]P[0xbb][0xa2][0x8][0xe7][0x19][0x1a][0x81][0xa6]#[0x88]k[0x1f][0x99] [\r][0x1]A[0xf3][0xdb] ][0xe9]d[0x2][0x1a]=[0x86][0xa6][0x1f][0x9c].E[0x4][0x2][0x9d]V:[0x99] -[0x10][0xc4][0x9e]l[0x6]6[0xd3][0x81][0xda][0xc9][0xd0]@[0xa3][0xc1][0x15][0xc6]&&[0x88][0xd6]5[0x8d][0x8a]O[0xd0]X&[0xd4][0x3][0x83]2|[0x7]c[0xa9][0x81]4[0x9a][0x85]3[0xa7][0xe0][0x9b]G[0xa6][0xdb][0xea]E[0x13][0xa4]S[0xba]p[0xba][0x94][0xfe]y[0x1a]4[0x9a][\r]Msn[0xa5]Ey[0x99]%[0xa5]E[0xa9][\n]"
15:53:21.463 [main] DEBUG org.apache.http.wire -  << "![0xf9][0x98]+B[0x10][0xb2])[0x89]E[0x99][\n]"
15:53:21.463 [main] DEBUG org.apache.http.wire -  << "^[0xa9][0x5][0x89]E[0xa0][0x8d]%[0xd0][0x19]/C[0xd0][0x19]i8;7H[0x8b]5L[0x90][0xe][0xe3][0xa2]Q>BZ[0x91]I+[0x1b][0x10]e[0x1][0xce][0xb8]$>[0xd5][0x19][0xd3]nK[0xb9][0x9][0xf2]X[0x1b][0xa4]I[0x86]Y[0xe7][\r]@[0xaa]C[0xf4]L[0x10][0xe9][0x8a][0xa6][0xa9][0xe]i[0xd0][0x8c][0xaa][0xc7][0xfc][0x9b][0x80][0xa6][0xef][0xa0][0x19][0x8][0x9a][0x14]h[0xd5][0xe6]E[0x1a][0x1f][0xa3][0xb5]Mtk[0xc7]#[0x9d][0xb3]5[0x18][0xab]<[0xa4]S[0xb3][0x2][0x82][0xb1]\CZl[0xa2][0x90][0x94]X[0x4]Z[0xfa][0x0]-[0x6]A[0xcb]c[0x88]l[0x8d][0x9a]![0xf2][0xc0]`[0xf4]:[0xd2][0xbe][0xc8]A[0xe9]<[0xc4]\[0xcf][0xa0]t[0x1e]"[0x7]aw[0x1e][0xa2][0xcc][0xa5]_[0xb][0x4][0xe9],+Z4[0x90][0xcd][0x11][0xd3]:[0xd8][0xfd]<[0xb0][0xdd][0x3][0xf3][0xc1][0xd8]|E[0xda][0xac][0xb][0xdf][0xa5][0x4][0x9e][0xe0][0xc3]:c[0xef][0x8]^0[0xe][0xb9][\n]"
15:53:21.463 [main] DEBUG org.apache.http.wire -  << ".[0xbf][0xa0]$3[0x1f]z,3Y[0xb][0xc8]MA[0xb3]h[0xb0][0x9a][0xb]i}[0x2]t[0x1a][0x4][0xfb][0xa2][0x12]W[0xf0][0x99][0xd0][0xa0]s[0xa1][0xc9][0xb4][0x13][0x91]/h[[0x87][0x99]"]%C[0x5][0x9b][0xf0][0x1c][0x9a]n[0x8a][0x9c][0xad][0x8a][0xf2]SJ[0x93]K[0x14][0x1c]Ks2[0x13][0x15][0x8c]1[0xe6][0x91]@K[0xe2][\n]"
15:53:21.463 [main] DEBUG org.apache.http.wire -  << "[0xa0]j[0x12][0xe1]j[0xa0]u[0x7][0xbe]n<R[0x3][0xda][0x14])[0x9f][0x5]@[0xcd][0xa2][0xad]}[0x88][0x8a][0x8a]>[0xf6]!2*=[0xec]3[0x3]MPB[0xf3][0x1]|[0xda][0xc][0x96][0x9][0x12]s[0x12]S[0x6][0xf1][0x8d][0xde]F[0x88]Z[0x10][0x96][0xc8]i8[0x82]l[0x86]4[0xaf]D[0x17][0xeb]0[0xb][0xb][0x9a][0xfa][0xe][0x91][0xce][0xe9][0xe1];[0xa4]y[0x6][0xf7][0xd4][0xbc][0xd4][0xa2][0xcc]d[0x5][0xc8][0xdc]/dg5i[0x8b][0xd4][0xe9][0xba]=[0x19]Q[0xcf]#/[0xc6][0x82]V[8V[0xf][0x5][0x96][0xe6][0xc3]n[0xa6][0x0][0xed][0x80]OT[0xc8][0xcb]O[0xca]$[0xab][0xe]13[0xc6][0x8c]'[0x8c][0x82][0x16][0xde][0xf9][0x1e][0xb8][0x8d]O[0xa0][0xa5]7[0xd0]b[0x5][0xb1]$[0x4][0x12]H[0xd8][0xd7][0x1a][0xe6]e[0xe6][0x82]w[0xa3]([0xe4][0xe7][0xe6]e[0x16]+$[0x96][0x96][0x80][0xb6][0xde]([0xe4]'''[0xa6]&'[0x96] o[0x1]%~[0x1b]4[0xd2][0xa8]:,Q[0xf][0xc6][0xc0]B[0x1a]Z[0x86]:[0x13]s[0x98][0x2][0x1e][0xa7]X[0xf6][\n]"
15:53:21.463 [main] DEBUG org.apache.http.wire -  << "[0xd1][0xad][0x11]m[0x86]tW[0x3]N[0x97]"[0x1a][0xf7][0xc8]u:z[0x1b][0x82][0x8a]3[0xfe]fHc[0xdf]PW[0xd1]h[0x14][0xc2][0xc]i[0x18][0x1c]{+[0x1f][0xe1]y:F[\n]"
15:53:21.463 [main] DEBUG org.apache.http.wire -  << "[0xa2]H[0xa0][0xd5]E@f[0xa0][0x1]Nh~[0x1e]<[0x1e]G[0x1a]T[0x86][0xaf][0x9][0x87][0xae][0xeb][0x1][0x1d][0x19]Q[0x82]y[0xc8][0x85]Kjqj[0x11]hg_!l[0x17]\^*[0xe8]V[0x97][0xb2][0xd4][0x1c]pqSF[0xe6]-=fH#[0xc9][0x83](|[0x10]M[0x8][0xe4][0xba][\n]"
15:53:21.463 [main] DEBUG org.apache.http.wire -  << "r"[0x5][0xd6]>Vh[0x89][0x2]$@[\n]"
15:53:21.463 [main] DEBUG org.apache.http.wire -  << "[0xf2][0x8b][0x8b]3sK[0x8b][0x15]r[0xc1][0x9b][0xf5][0xb]K3[0x13][0x91][0xf6][0x9][0x12]_[0x2]#-[\r][0x84][0xad][0xac][0xf4]M-I[0xcc][0x81],[0xdb][0xd7][0xc5][0xec]$[0xe0]+[0xe7][0x88][0xac][0xe7][0x91][0xfa][0xba][0xd0][0xa3]<0[0x8f][0xd8]!x[0x94][0x7][0xd2][0x90][0xe9][0xe0][0x89]P[0xa4][0xe1][0xd6]A[0xe4](D3[0x9c][0x1e]=[0x16]s[0xa4]5q[0xb4]-[0xed][0xcd][\r]1&:p[0xd4]+TY[0x13]e[0x8e][0xb4][0x9a][0xe][0xbf][0xc7][0xa8]d[0x1d][0xa2][0xda][0xa0][0x8b]u[0x88][0x8e]-~[0xeb](][0x8f][0x5]^ [\r][0xad][0xab][0x8][0xdb]4`Mds[0xa4][0xcb][0x8]h3Qg[0xe][0xda][0xa2][0x0][\r][0x8][0xa4][0xd3]o[0xa1][0xc5]?[0x96][0xe3][[0xa1]7[0xf][0xa5][0x96][0xe6]*[0xa4][0x80][0xb6][0xeb][0xe4]%[0x97]d"[0x1f][0xad][0x1][0xea][0xb4][0x11]3[0xcb]i[0x8e]T[0x2][0xc3][0x7][0xf6][0xc0][0xcb][0xb4][0xb1]oGp[0xcd][0xcb][0xcc]U(-[0x1][0x1d][0xed][0x91][0x8][0xea][0x1f]![0xd5]4[0xa0]9[0x8][0xa2][0xac]D[0x1a]K[0xa4][0xff]N_[0xd0].=h@#[0xad][0xb4][0x7][0xfb][0x18][0xfb][0x2]x[0xf8]&[0xfc][0x1c][0xf0][0xc5][0x80]('[0xe0][0x14][0xa7][0xa6]@+[0xe1][0xe2]T[0x94][0x8b][0xc]M[0x88][0x9b][1[0x7]-[0x2][0x87][0xba][0x86]F[0x9][0xcb][0x2][0xb1][0x9][0xc4][0xa3][0x0][0x0][0x0][0x0][0xff][0xff]"
15:53:21.463 [main] DEBUG org.apache.http.wire -  << "[\r][\n]"
15:53:21.463 [main] DEBUG org.apache.http.wire -  << "D[\r][\n]"
15:53:21.463 [main] DEBUG org.apache.http.wire -  << "[0xa2][0xcf][0xb6][0xea][0xd8]Z.[0x0][0x0][0x0][0x0][0xff][0xff]"
15:53:21.463 [main] DEBUG org.apache.http.wire -  << "[\r][\n]"
15:53:21.464 [main] DEBUG org.apache.http.wire -  << "A[\r][\n]"
15:53:21.464 [main] DEBUG org.apache.http.wire -  << "[0x3][0x0]zRxN&[0x2][0x0]"
15:53:21.464 [main] DEBUG org.apache.http.wire -  << "[\r][\n]"
15:53:21.464 [main] DEBUG org.apache.http.wire -  << "0[\r][\n]"
15:53:21.464 [main] DEBUG org.apache.http.wire -  << "[\r][\n]"
15:53:21.464 [main] DEBUG io.restassured.internal.RestAssuredHttpBuilder - Parsed data to instance of: class org.apache.http.conn.EofSensorInputStream
15:53:21.466 [main] DEBUG org.apache.http.impl.conn.BasicClientConnectionManager - Releasing connection org.apache.http.impl.conn.ManagedClientConnectionImpl@2d1f3639
15:53:21.466 [main] DEBUG org.apache.http.impl.conn.BasicClientConnectionManager - Connection can be kept alive indefinitely
15:53:21.478 [Finalizer] DEBUG org.apache.http.impl.conn.DefaultClientConnection - Connection 0.0.0.0:54007<->149.248.193.56:443 closed
15:53:21.478 [Finalizer] DEBUG org.apache.http.impl.conn.DefaultClientConnection - Connection 0.0.0.0:54011<->149.248.193.56:443 closed
15:53:21.479 [Finalizer] DEBUG org.apache.http.impl.conn.DefaultClientConnection - Connection 0.0.0.0:54009<->149.248.193.56:443 closed
15:53:21.479 [Finalizer] DEBUG org.apache.http.impl.conn.DefaultClientConnection - Connection 0.0.0.0:54008<->149.248.193.56:443 closed
15:53:21.635 [main] DEBUG net.thucydides.core.steps.StepInterceptor - STEP DONE: I send GET HTTP request product
  &amp#27;[32mWhen &amp#27;[0m&amp#27;[32mI send GET HTTP request product&amp#27;[0m                &amp#27;[90m# starter.stepdefinitions.ProductSteps.sentGetHttpRequestProduct()&amp#27;[0m
15:53:21.645 [main] DEBUG net.thucydides.core.steps.StepInterceptor - STARTING STEP: ProductSteps.receiveValidHttp200Product - I receive valid HTTP response code 200 product
15:53:21.647 [main] DEBUG net.thucydides.core.steps.StepInterceptor - STEP DONE: I receive valid HTTP response code 200 product
  &amp#27;[32mThen &amp#27;[0m&amp#27;[32mI receive valid HTTP response code 200 product&amp#27;[0m &amp#27;[90m# starter.stepdefinitions.ProductSteps.receiveValidHttp200Product()&amp#27;[0m
15:53:21.655 [main] INFO  - 
  _____   ___   ___   _____     ___     _     ___   ___   ___   ___  
 |_   _| | __| / __| |_   _|   | _ \   /_\   / __| / __| | __| |   \ 
   | |   | _|  \__ \   | |     |  _/  / _ \  \__ \ \__ \ | _|  | |) |
   |_|   |___| |___/   |_|     |_|   /_/ \_\ |___/ |___/ |___| |___/ 

GET - Get product by ID
----------------------------------------------------------------------
]]></system-out>
  </testcase>
  <testcase name="GET - Get all product" classname="Product" time="0.322">
    <system-out><![CDATA[
Scenario: GET - Get all product                       &amp#27;[90m# src/test/resources/features/5. Product.feature:27&amp#27;[0m
15:53:21.671 [main] DEBUG io.cucumber.core.plugin.SerenityReporter - Running feature from file:///D:/download/API_Minpro%20(1)/APIMinpro/API/minpro/src/test/resources/features/5.%20Product.feature
15:53:21.682 [main] INFO  - 
  _____   ___   ___   _____     ___   _____     _     ___   _____   ___   ___  
 |_   _| | __| / __| |_   _|   / __| |_   _|   /_\   | _ \ |_   _| | __| |   \ 
   | |   | _|  \__ \   | |     \__ \   | |    / _ \  |   /   | |   | _|  | |) |
   |_|   |___| |___/   |_|     |___/   |_|   /_/ \_\ |_|_\   |_|   |___| |___/ 

GET - Get all product(product;get---get-all-product)
--------------------------------------------------------------------------------
15:53:21.703 [main] DEBUG net.thucydides.core.steps.StepInterceptor - STARTING STEP: ProductSteps.setGetApiEndpointsProduct2 - I set GET api endpoints product2
15:53:21.704 [main] DEBUG net.thucydides.core.steps.StepInterceptor - STEP DONE: I set GET api endpoints product2
  &amp#27;[32mGiven &amp#27;[0m&amp#27;[32mI set GET api endpoints product2&amp#27;[0m              &amp#27;[90m# starter.stepdefinitions.ProductSteps.setGetApiEndpointsProduct2()&amp#27;[0m
15:53:21.713 [main] DEBUG net.thucydides.core.steps.StepInterceptor - STARTING STEP: ProductSteps.sendGetHttpRequestProduct2 - I send GET HTTP request product2
15:53:21.727 [main] DEBUG net.thucydides.core.steps.StepInterceptor - STARTING STEP: Product.sendGetHttpRequestProduct2 - I set GET api endpoints product2
15:53:21.727 [main] DEBUG net.thucydides.core.steps.StepInterceptor - STEP DONE: I set GET api endpoints product2
15:53:21.752 [main] DEBUG org.apache.http.impl.conn.BasicClientConnectionManager - Get connection for route {s}->https://altashop-api.fly.dev:443
15:53:21.752 [main] DEBUG org.apache.http.impl.conn.DefaultClientConnectionOperator - Connecting to altashop-api.fly.dev:443
15:53:21.901 [main] DEBUG org.apache.http.client.protocol.RequestAddCookies - CookieSpec selected: ignoreCookies
15:53:21.901 [main] DEBUG org.apache.http.client.protocol.RequestAuthCache - Auth cache not set in the context
15:53:21.901 [main] DEBUG org.apache.http.client.protocol.RequestTargetAuthentication - Target auth state: UNCHALLENGED
15:53:21.901 [main] DEBUG org.apache.http.client.protocol.RequestProxyAuthentication - Proxy auth state: UNCHALLENGED
15:53:21.901 [main] DEBUG org.apache.http.impl.client.DefaultHttpClient - Attempt 1 to execute request
15:53:21.901 [main] DEBUG org.apache.http.impl.conn.DefaultClientConnection - Sending request: GET /api/products/13500 HTTP/1.1
15:53:21.901 [main] DEBUG org.apache.http.wire -  >> "GET /api/products/13500 HTTP/1.1[\r][\n]"
15:53:21.901 [main] DEBUG org.apache.http.wire -  >> "Accept: */*[\r][\n]"
15:53:21.901 [main] DEBUG org.apache.http.wire -  >> "Host: altashop-api.fly.dev[\r][\n]"
15:53:21.901 [main] DEBUG org.apache.http.wire -  >> "Connection: Keep-Alive[\r][\n]"
15:53:21.901 [main] DEBUG org.apache.http.wire -  >> "User-Agent: Apache-HttpClient/4.5.13 (Java/19.0.2)[\r][\n]"
15:53:21.901 [main] DEBUG org.apache.http.wire -  >> "Accept-Encoding: gzip,deflate[\r][\n]"
15:53:21.901 [main] DEBUG org.apache.http.wire -  >> "[\r][\n]"
15:53:21.901 [main] DEBUG org.apache.http.headers - >> GET /api/products/13500 HTTP/1.1
15:53:21.901 [main] DEBUG org.apache.http.headers - >> Accept: */*
15:53:21.901 [main] DEBUG org.apache.http.headers - >> Host: altashop-api.fly.dev
15:53:21.901 [main] DEBUG org.apache.http.headers - >> Connection: Keep-Alive
15:53:21.901 [main] DEBUG org.apache.http.headers - >> User-Agent: Apache-HttpClient/4.5.13 (Java/19.0.2)
15:53:21.901 [main] DEBUG org.apache.http.headers - >> Accept-Encoding: gzip,deflate
15:53:21.977 [main] DEBUG org.apache.http.wire -  << "HTTP/1.1 200 OK[\r][\n]"
15:53:21.977 [main] DEBUG org.apache.http.wire -  << "content-type: application/json[\r][\n]"
15:53:21.977 [main] DEBUG org.apache.http.wire -  << "date: Wed, 10 May 2023 08:53:21 GMT[\r][\n]"
15:53:21.977 [main] DEBUG org.apache.http.wire -  << "content-encoding: gzip[\r][\n]"
15:53:21.977 [main] DEBUG org.apache.http.wire -  << "transfer-encoding: chunked[\r][\n]"
15:53:21.977 [main] DEBUG org.apache.http.wire -  << "server: Fly/3f2597ca (2023-05-03)[\r][\n]"
15:53:21.977 [main] DEBUG org.apache.http.wire -  << "via: 1.1 fly.io[\r][\n]"
15:53:21.977 [main] DEBUG org.apache.http.wire -  << "fly-request-id: 01H02DTWHASKEDHHWRYHHDRXC4-sin[\r][\n]"
15:53:21.977 [main] DEBUG org.apache.http.wire -  << "[\r][\n]"
15:53:21.977 [main] DEBUG org.apache.http.impl.conn.DefaultClientConnection - Receiving response: HTTP/1.1 200 OK
15:53:21.977 [main] DEBUG org.apache.http.headers - << HTTP/1.1 200 OK
15:53:21.977 [main] DEBUG org.apache.http.headers - << content-type: application/json
15:53:21.977 [main] DEBUG org.apache.http.headers - << date: Wed, 10 May 2023 08:53:21 GMT
15:53:21.978 [main] DEBUG org.apache.http.headers - << content-encoding: gzip
15:53:21.978 [main] DEBUG org.apache.http.headers - << transfer-encoding: chunked
15:53:21.978 [main] DEBUG org.apache.http.headers - << server: Fly/3f2597ca (2023-05-03)
15:53:21.978 [main] DEBUG org.apache.http.headers - << via: 1.1 fly.io
15:53:21.978 [main] DEBUG org.apache.http.headers - << fly-request-id: 01H02DTWHASKEDHHWRYHHDRXC4-sin
15:53:21.978 [main] DEBUG org.apache.http.impl.client.DefaultHttpClient - Connection can be kept alive indefinitely
15:53:21.978 [main] DEBUG io.restassured.internal.RestAssuredHttpBuilder - Parsing response as: application/json
15:53:21.978 [main] DEBUG org.apache.http.wire -  << "94[\r][\n]"
15:53:21.978 [main] DEBUG org.apache.http.wire -  << "[0x1f][0x8b][0x8][0x0][0x0][0x0][0x0][0x0][0x4][0xff][0xab]VJI,IT[0xb2][0xaa]V[0xf2]tQ[0xb2]24650[0xd0]Q[0xf2]K[0xcc]MU[0xb2]R[0x8a]p[0xf2][0x8f]0T[0xd2]QrI-N.[0xca],([0xc9][0xcc][0xcf]S[0xb2]RR[0xd2]Q[\n]"
15:53:21.978 [main] DEBUG org.apache.http.wire -  << "([0xca]LNU[0xb2]2[0xb1][0xb4][0xd4]Q[\n]"
15:53:21.978 [main] DEBUG org.apache.http.wire -  << "J,[0xc9][0xcc]K/V[0xb2]2[0xd5]QrN,IM[0xcf]/[0xca]L-V[0xb2][0x8a][0x86][0x9a]hdjb[0x8]7[0xd1]=173/[0x1d][0xc3]H[0xb7][0xfc]"[0x85]t[0xb0][0x94]BAiQA~qj[0xb1]Rmlm-[0x17][0x0][0xf1]sX[0xfa][0x9e][0x0][0x0][0x0]"
15:53:21.978 [main] DEBUG org.apache.http.wire -  << "[\r][\n]"
15:53:21.978 [main] DEBUG org.apache.http.wire -  << "0[\r][\n]"
15:53:21.978 [main] DEBUG org.apache.http.wire -  << "[\r][\n]"
15:53:21.978 [main] DEBUG io.restassured.internal.RestAssuredHttpBuilder - Parsed data to instance of: class org.apache.http.conn.EofSensorInputStream
15:53:21.980 [main] DEBUG org.apache.http.impl.conn.BasicClientConnectionManager - Releasing connection org.apache.http.impl.conn.ManagedClientConnectionImpl@192ecf8
15:53:21.980 [main] DEBUG org.apache.http.impl.conn.BasicClientConnectionManager - Connection can be kept alive indefinitely
15:53:21.980 [main] DEBUG net.thucydides.core.steps.StepInterceptor - STEP DONE: I send GET HTTP request product2
  &amp#27;[32mWhen &amp#27;[0m&amp#27;[32mI send GET HTTP request product2&amp#27;[0m               &amp#27;[90m# starter.stepdefinitions.ProductSteps.sendGetHttpRequestProduct2()&amp#27;[0m
15:53:21.984 [main] DEBUG net.thucydides.core.steps.StepInterceptor - STARTING STEP: ProductSteps.receiveValidHttp200Product - I receive valid HTTP response code 200 product
15:53:21.985 [main] DEBUG net.thucydides.core.steps.StepInterceptor - STEP DONE: I receive valid HTTP response code 200 product
  &amp#27;[32mThen &amp#27;[0m&amp#27;[32mI receive valid HTTP response code 200 product&amp#27;[0m &amp#27;[90m# starter.stepdefinitions.ProductSteps.receiveValidHttp200Product()&amp#27;[0m
15:53:21.987 [main] INFO  - 
  _____   ___   ___   _____     ___     _     ___   ___   ___   ___  
 |_   _| | __| / __| |_   _|   | _ \   /_\   / __| / __| | __| |   \ 
   | |   | _|  \__ \   | |     |  _/  / _ \  \__ \ \__ \ | _|  | |) |
   |_|   |___| |___/   |_|     |_|   /_/ \_\ |___/ |___/ |___| |___/ 

GET - Get all product
----------------------------------------------------------------------
]]></system-out>
  </testcase>
  <testcase name="POST - Add new orders" classname="Order" time="0.443">
    <system-out><![CDATA[15:53:21.988 [main] DEBUG io.cucumber.core.plugin.SerenityReporter - Running feature from file:///D:/download/API_Minpro%20(1)/APIMinpro/API/minpro/src/test/resources/features/6.%20Order.feature
15:53:21.992 [main] DEBUG net.thucydides.core.steps.StepEventBus - Test suite started for story net.thucydides.core.model.Story@421cad1d
15:53:21.992 [main] INFO  - Test Suite Started: Order

Scenario: POST - Add new orders                     &amp#27;[90m# src/test/resources/features/6. Order.feature:7&amp#27;[0m
15:53:21.998 [main] DEBUG io.cucumber.core.plugin.SerenityReporter - Running feature from file:///D:/download/API_Minpro%20(1)/APIMinpro/API/minpro/src/test/resources/features/6.%20Order.feature
15:53:22.001 [main] INFO  - 
  _____   ___   ___   _____     ___   _____     _     ___   _____   ___   ___  
 |_   _| | __| / __| |_   _|   / __| |_   _|   /_\   | _ \ |_   _| | __| |   \ 
   | |   | _|  \__ \   | |     \__ \   | |    / _ \  |   /   | |   | _|  | |) |
   |_|   |___| |___/   |_|     |___/   |_|   /_/ \_\ |_|_\   |_|   |___| |___/ 

POST - Add new orders(order;post---add-new-orders)
--------------------------------------------------------------------------------
  &amp#27;[32mGiven &amp#27;[0m&amp#27;[32mI set POST api endpoints order&amp#27;[0m              &amp#27;[90m# starter.stepdefinitions.OrderSteps.setPostApiEndpointOrder()&amp#27;[0m
15:53:22.031 [main] DEBUG org.apache.http.impl.conn.BasicClientConnectionManager - Get connection for route {s}->https://altashop-api.fly.dev:443
15:53:22.031 [main] DEBUG org.apache.http.impl.conn.DefaultClientConnectionOperator - Connecting to altashop-api.fly.dev:443
15:53:22.305 [main] DEBUG org.apache.http.client.protocol.RequestAddCookies - CookieSpec selected: ignoreCookies
15:53:22.305 [main] DEBUG org.apache.http.client.protocol.RequestAuthCache - Auth cache not set in the context
15:53:22.305 [main] DEBUG org.apache.http.client.protocol.RequestProxyAuthentication - Proxy auth state: UNCHALLENGED
15:53:22.305 [main] DEBUG org.apache.http.impl.client.DefaultHttpClient - Attempt 1 to execute request
15:53:22.305 [main] DEBUG org.apache.http.impl.conn.DefaultClientConnection - Sending request: GET /api/orders HTTP/1.1
15:53:22.305 [main] DEBUG org.apache.http.wire -  >> "GET /api/orders HTTP/1.1[\r][\n]"
15:53:22.305 [main] DEBUG org.apache.http.wire -  >> "Authorization: Bearer eyJhbGciOiJIUzI1NiIsInR5cCI6IkpXVCJ9.eyJGdWxsbmFtZSI6IkFkaXR5YSBOdWdyYWhhIiwiRW1haWwiOiJhZGl0QGdtYWlsLmNvbSJ9.VM2lARkmmliu1pWtk1uhb8z5fGaElvH1jIoYM72Te3g[\r][\n]"
15:53:22.305 [main] DEBUG org.apache.http.wire -  >> "Accept: */*[\r][\n]"
15:53:22.305 [main] DEBUG org.apache.http.wire -  >> "Host: altashop-api.fly.dev[\r][\n]"
15:53:22.305 [main] DEBUG org.apache.http.wire -  >> "Connection: Keep-Alive[\r][\n]"
15:53:22.305 [main] DEBUG org.apache.http.wire -  >> "User-Agent: Apache-HttpClient/4.5.13 (Java/19.0.2)[\r][\n]"
15:53:22.305 [main] DEBUG org.apache.http.wire -  >> "Accept-Encoding: gzip,deflate[\r][\n]"
15:53:22.305 [main] DEBUG org.apache.http.wire -  >> "[\r][\n]"
15:53:22.305 [main] DEBUG org.apache.http.headers - >> GET /api/orders HTTP/1.1
15:53:22.305 [main] DEBUG org.apache.http.headers - >> Authorization: Bearer eyJhbGciOiJIUzI1NiIsInR5cCI6IkpXVCJ9.eyJGdWxsbmFtZSI6IkFkaXR5YSBOdWdyYWhhIiwiRW1haWwiOiJhZGl0QGdtYWlsLmNvbSJ9.VM2lARkmmliu1pWtk1uhb8z5fGaElvH1jIoYM72Te3g
15:53:22.305 [main] DEBUG org.apache.http.headers - >> Accept: */*
15:53:22.305 [main] DEBUG org.apache.http.headers - >> Host: altashop-api.fly.dev
15:53:22.305 [main] DEBUG org.apache.http.headers - >> Connection: Keep-Alive
15:53:22.305 [main] DEBUG org.apache.http.headers - >> User-Agent: Apache-HttpClient/4.5.13 (Java/19.0.2)
15:53:22.305 [main] DEBUG org.apache.http.headers - >> Accept-Encoding: gzip,deflate
15:53:22.407 [main] DEBUG org.apache.http.wire -  << "HTTP/1.1 200 OK[\r][\n]"
15:53:22.407 [main] DEBUG org.apache.http.wire -  << "content-type: application/json[\r][\n]"
15:53:22.407 [main] DEBUG org.apache.http.wire -  << "date: Wed, 10 May 2023 08:53:22 GMT[\r][\n]"
15:53:22.407 [main] DEBUG org.apache.http.wire -  << "content-encoding: gzip[\r][\n]"
15:53:22.407 [main] DEBUG org.apache.http.wire -  << "transfer-encoding: chunked[\r][\n]"
15:53:22.407 [main] DEBUG org.apache.http.wire -  << "server: Fly/3f2597ca (2023-05-03)[\r][\n]"
15:53:22.407 [main] DEBUG org.apache.http.wire -  << "via: 1.1 fly.io[\r][\n]"
15:53:22.407 [main] DEBUG org.apache.http.wire -  << "fly-request-id: 01H02DTWYAYCTBJF4DN56MTG09-sin[\r][\n]"
15:53:22.407 [main] DEBUG org.apache.http.wire -  << "[\r][\n]"
15:53:22.407 [main] DEBUG org.apache.http.impl.conn.DefaultClientConnection - Receiving response: HTTP/1.1 200 OK
15:53:22.407 [main] DEBUG org.apache.http.headers - << HTTP/1.1 200 OK
15:53:22.407 [main] DEBUG org.apache.http.headers - << content-type: application/json
15:53:22.407 [main] DEBUG org.apache.http.headers - << date: Wed, 10 May 2023 08:53:22 GMT
15:53:22.407 [main] DEBUG org.apache.http.headers - << content-encoding: gzip
15:53:22.407 [main] DEBUG org.apache.http.headers - << transfer-encoding: chunked
15:53:22.407 [main] DEBUG org.apache.http.headers - << server: Fly/3f2597ca (2023-05-03)
15:53:22.407 [main] DEBUG org.apache.http.headers - << via: 1.1 fly.io
15:53:22.407 [main] DEBUG org.apache.http.headers - << fly-request-id: 01H02DTWYAYCTBJF4DN56MTG09-sin
15:53:22.408 [main] DEBUG org.apache.http.impl.client.DefaultHttpClient - Connection can be kept alive indefinitely
15:53:22.408 [main] DEBUG io.restassured.internal.RestAssuredHttpBuilder - Parsing response as: application/json
15:53:22.408 [main] DEBUG org.apache.http.wire -  << "20[\r][\n]"
15:53:22.408 [main] DEBUG org.apache.http.wire -  << "[0x1f][0x8b][0x8][0x0][0x0][0x0][0x0][0x0][0x4][0xff][0xab]VJI,IT[0xb2][0x8a][0x8e][0xad][0xe5][0x2][0x0][0xaa][0xe3][0xeb][0xc5][0xc][0x0][0x0][0x0]"
15:53:22.408 [main] DEBUG org.apache.http.wire -  << "[\r][\n]"
15:53:22.408 [main] DEBUG org.apache.http.wire -  << "0[\r][\n]"
15:53:22.408 [main] DEBUG org.apache.http.wire -  << "[\r][\n]"
15:53:22.409 [main] DEBUG io.restassured.internal.RestAssuredHttpBuilder - Parsed data to instance of: class org.apache.http.conn.EofSensorInputStream
15:53:22.411 [main] DEBUG org.apache.http.impl.conn.BasicClientConnectionManager - Releasing connection org.apache.http.impl.conn.ManagedClientConnectionImpl@4c599679
15:53:22.411 [main] DEBUG org.apache.http.impl.conn.BasicClientConnectionManager - Connection can be kept alive indefinitely
  &amp#27;[32mWhen &amp#27;[0m&amp#27;[32mI send POST HTTP request order&amp#27;[0m               &amp#27;[90m# starter.stepdefinitions.OrderSteps.sentPostHttpRequestOrder()&amp#27;[0m
15:53:22.423 [Finalizer] DEBUG org.apache.http.impl.conn.DefaultClientConnection - Connection 0.0.0.0:54012<->149.248.193.56:443 closed
15:53:22.424 [Finalizer] DEBUG org.apache.http.impl.conn.DefaultClientConnection - Connection 0.0.0.0:54013<->149.248.193.56:443 closed
  &amp#27;[32mThen &amp#27;[0m&amp#27;[32mI receive valid HTTP response code 200 order&amp#27;[0m &amp#27;[90m# starter.stepdefinitions.OrderSteps.receiveValidHttp200Order()&amp#27;[0m
15:53:22.434 [main] INFO  - 
  _____   ___   ___   _____     ___     _     ___   ___   ___   ___  
 |_   _| | __| / __| |_   _|   | _ \   /_\   / __| / __| | __| |   \ 
   | |   | _|  \__ \   | |     |  _/  / _ \  \__ \ \__ \ | _|  | |) |
   |_|   |___| |___/   |_|     |_|   /_/ \_\ |___/ |___/ |___| |___/ 

POST - Add new orders
----------------------------------------------------------------------
]]></system-out>
  </testcase>
  <testcase name="GET - Get all order" classname="Order" time="0.342">
    <system-out><![CDATA[
Scenario: GET - Get all order                       &amp#27;[90m# src/test/resources/features/6. Order.feature:12&amp#27;[0m
15:53:22.450 [main] DEBUG io.cucumber.core.plugin.SerenityReporter - Running feature from file:///D:/download/API_Minpro%20(1)/APIMinpro/API/minpro/src/test/resources/features/6.%20Order.feature
15:53:22.457 [main] INFO  - 
  _____   ___   ___   _____     ___   _____     _     ___   _____   ___   ___  
 |_   _| | __| / __| |_   _|   / __| |_   _|   /_\   | _ \ |_   _| | __| |   \ 
   | |   | _|  \__ \   | |     \__ \   | |    / _ \  |   /   | |   | _|  | |) |
   |_|   |___| |___/   |_|     |___/   |_|   /_/ \_\ |_|_\   |_|   |___| |___/ 

GET - Get all order(order;get---get-all-order)
--------------------------------------------------------------------------------
  &amp#27;[32mGiven &amp#27;[0m&amp#27;[32mI set GET api endpoints order&amp#27;[0m               &amp#27;[90m# starter.stepdefinitions.OrderSteps.setGetApiEndpointOrder()&amp#27;[0m
15:53:22.531 [main] DEBUG org.apache.http.impl.conn.BasicClientConnectionManager - Get connection for route {s}->https://altashop-api.fly.dev:443
15:53:22.531 [main] DEBUG org.apache.http.impl.conn.DefaultClientConnectionOperator - Connecting to altashop-api.fly.dev:443
15:53:22.693 [main] DEBUG org.apache.http.client.protocol.RequestAddCookies - CookieSpec selected: ignoreCookies
15:53:22.693 [main] DEBUG org.apache.http.client.protocol.RequestAuthCache - Auth cache not set in the context
15:53:22.694 [main] DEBUG org.apache.http.client.protocol.RequestProxyAuthentication - Proxy auth state: UNCHALLENGED
15:53:22.694 [main] DEBUG org.apache.http.impl.client.DefaultHttpClient - Attempt 1 to execute request
15:53:22.694 [main] DEBUG org.apache.http.impl.conn.DefaultClientConnection - Sending request: GET /api/orders HTTP/1.1
15:53:22.694 [main] DEBUG org.apache.http.wire -  >> "GET /api/orders HTTP/1.1[\r][\n]"
15:53:22.694 [main] DEBUG org.apache.http.wire -  >> "Authorization: Bearer eyJhbGciOiJIUzI1NiIsInR5cCI6IkpXVCJ9.eyJGdWxsbmFtZSI6IkFkaXR5YSBOdWdyYWhhIiwiRW1haWwiOiJhZGl0QGdtYWlsLmNvbSJ9.VM2lARkmmliu1pWtk1uhb8z5fGaElvH1jIoYM72Te3g[\r][\n]"
15:53:22.694 [main] DEBUG org.apache.http.wire -  >> "Accept: */*[\r][\n]"
15:53:22.694 [main] DEBUG org.apache.http.wire -  >> "Host: altashop-api.fly.dev[\r][\n]"
15:53:22.694 [main] DEBUG org.apache.http.wire -  >> "Connection: Keep-Alive[\r][\n]"
15:53:22.694 [main] DEBUG org.apache.http.wire -  >> "User-Agent: Apache-HttpClient/4.5.13 (Java/19.0.2)[\r][\n]"
15:53:22.694 [main] DEBUG org.apache.http.wire -  >> "Accept-Encoding: gzip,deflate[\r][\n]"
15:53:22.694 [main] DEBUG org.apache.http.wire -  >> "[\r][\n]"
15:53:22.694 [main] DEBUG org.apache.http.headers - >> GET /api/orders HTTP/1.1
15:53:22.694 [main] DEBUG org.apache.http.headers - >> Authorization: Bearer eyJhbGciOiJIUzI1NiIsInR5cCI6IkpXVCJ9.eyJGdWxsbmFtZSI6IkFkaXR5YSBOdWdyYWhhIiwiRW1haWwiOiJhZGl0QGdtYWlsLmNvbSJ9.VM2lARkmmliu1pWtk1uhb8z5fGaElvH1jIoYM72Te3g
15:53:22.694 [main] DEBUG org.apache.http.headers - >> Accept: */*
15:53:22.694 [main] DEBUG org.apache.http.headers - >> Host: altashop-api.fly.dev
15:53:22.694 [main] DEBUG org.apache.http.headers - >> Connection: Keep-Alive
15:53:22.694 [main] DEBUG org.apache.http.headers - >> User-Agent: Apache-HttpClient/4.5.13 (Java/19.0.2)
15:53:22.694 [main] DEBUG org.apache.http.headers - >> Accept-Encoding: gzip,deflate
15:53:22.761 [main] DEBUG org.apache.http.wire -  << "HTTP/1.1 200 OK[\r][\n]"
15:53:22.761 [main] DEBUG org.apache.http.wire -  << "content-type: application/json[\r][\n]"
15:53:22.761 [main] DEBUG org.apache.http.wire -  << "date: Wed, 10 May 2023 08:53:22 GMT[\r][\n]"
15:53:22.761 [main] DEBUG org.apache.http.wire -  << "content-encoding: gzip[\r][\n]"
15:53:22.761 [main] DEBUG org.apache.http.wire -  << "transfer-encoding: chunked[\r][\n]"
15:53:22.761 [main] DEBUG org.apache.http.wire -  << "server: Fly/3f2597ca (2023-05-03)[\r][\n]"
15:53:22.761 [main] DEBUG org.apache.http.wire -  << "via: 1.1 fly.io[\r][\n]"
15:53:22.761 [main] DEBUG org.apache.http.wire -  << "fly-request-id: 01H02DTX9Q0JFSSEF8NHAQ23P7-sin[\r][\n]"
15:53:22.761 [main] DEBUG org.apache.http.wire -  << "[\r][\n]"
15:53:22.761 [main] DEBUG org.apache.http.impl.conn.DefaultClientConnection - Receiving response: HTTP/1.1 200 OK
15:53:22.761 [main] DEBUG org.apache.http.headers - << HTTP/1.1 200 OK
15:53:22.761 [main] DEBUG org.apache.http.headers - << content-type: application/json
15:53:22.761 [main] DEBUG org.apache.http.headers - << date: Wed, 10 May 2023 08:53:22 GMT
15:53:22.761 [main] DEBUG org.apache.http.headers - << content-encoding: gzip
15:53:22.761 [main] DEBUG org.apache.http.headers - << transfer-encoding: chunked
15:53:22.761 [main] DEBUG org.apache.http.headers - << server: Fly/3f2597ca (2023-05-03)
15:53:22.761 [main] DEBUG org.apache.http.headers - << via: 1.1 fly.io
15:53:22.761 [main] DEBUG org.apache.http.headers - << fly-request-id: 01H02DTX9Q0JFSSEF8NHAQ23P7-sin
15:53:22.761 [main] DEBUG org.apache.http.impl.client.DefaultHttpClient - Connection can be kept alive indefinitely
15:53:22.761 [main] DEBUG io.restassured.internal.RestAssuredHttpBuilder - Parsing response as: application/json
15:53:22.761 [main] DEBUG org.apache.http.wire -  << "20[\r][\n]"
15:53:22.761 [main] DEBUG org.apache.http.wire -  << "[0x1f][0x8b][0x8][0x0][0x0][0x0][0x0][0x0][0x4][0xff][0xab]VJI,IT[0xb2][0x8a][0x8e][0xad][0xe5][0x2][0x0][0xaa][0xe3][0xeb][0xc5][0xc][0x0][0x0][0x0]"
15:53:22.762 [main] DEBUG org.apache.http.wire -  << "[\r][\n]"
15:53:22.767 [main] DEBUG org.apache.http.wire -  << "0[\r][\n]"
15:53:22.767 [main] DEBUG org.apache.http.wire -  << "[\r][\n]"
15:53:22.767 [main] DEBUG io.restassured.internal.RestAssuredHttpBuilder - Parsed data to instance of: class org.apache.http.conn.EofSensorInputStream
15:53:22.768 [main] DEBUG org.apache.http.impl.conn.BasicClientConnectionManager - Releasing connection org.apache.http.impl.conn.ManagedClientConnectionImpl@10280879
15:53:22.769 [main] DEBUG org.apache.http.impl.conn.BasicClientConnectionManager - Connection can be kept alive indefinitely
  &amp#27;[32mWhen &amp#27;[0m&amp#27;[32mI send GET HTTP request order&amp#27;[0m                &amp#27;[90m# starter.stepdefinitions.OrderSteps.sendGetHttpRequestOrder()&amp#27;[0m
  &amp#27;[32mThen &amp#27;[0m&amp#27;[32mI receive valid HTTP response code 200 order&amp#27;[0m &amp#27;[90m# starter.stepdefinitions.OrderSteps.receiveValidHttp200Order()&amp#27;[0m
15:53:22.777 [main] INFO  - 
  _____   ___   ___   _____     ___     _     ___   ___   ___   ___  
 |_   _| | __| / __| |_   _|   | _ \   /_\   / __| / __| | __| |   \ 
   | |   | _|  \__ \   | |     |  _/  / _ \  \__ \ \__ \ | _|  | |) |
   |_|   |___| |___/   |_|     |_|   /_/ \_\ |___/ |___/ |___| |___/ 

GET - Get all order
----------------------------------------------------------------------
]]></system-out>
  </testcase>
  <testcase name="GET - Get all order without login" classname="Order" time="0.273">
    <system-out><![CDATA[
Scenario: GET - Get all order without login         &amp#27;[90m# src/test/resources/features/6. Order.feature:17&amp#27;[0m
15:53:22.786 [main] DEBUG io.cucumber.core.plugin.SerenityReporter - Running feature from file:///D:/download/API_Minpro%20(1)/APIMinpro/API/minpro/src/test/resources/features/6.%20Order.feature
15:53:22.790 [main] INFO  - 
  _____   ___   ___   _____     ___   _____     _     ___   _____   ___   ___  
 |_   _| | __| / __| |_   _|   / __| |_   _|   /_\   | _ \ |_   _| | __| |   \ 
   | |   | _|  \__ \   | |     \__ \   | |    / _ \  |   /   | |   | _|  | |) |
   |_|   |___| |___/   |_|     |___/   |_|   /_/ \_\ |_|_\   |_|   |___| |___/ 

GET - Get all order without login(order;get---get-all-order-without-login)
--------------------------------------------------------------------------------
  &amp#27;[32mGiven &amp#27;[0m&amp#27;[32mI set GET api endpoints order&amp#27;[0m               &amp#27;[90m# starter.stepdefinitions.OrderSteps.setGetApiEndpointOrder()&amp#27;[0m
15:53:22.826 [main] DEBUG org.apache.http.impl.conn.BasicClientConnectionManager - Get connection for route {s}->https://altashop-api.fly.dev:443
15:53:22.827 [main] DEBUG org.apache.http.impl.conn.DefaultClientConnectionOperator - Connecting to altashop-api.fly.dev:443
15:53:22.963 [main] DEBUG org.apache.http.client.protocol.RequestAddCookies - CookieSpec selected: ignoreCookies
15:53:22.963 [main] DEBUG org.apache.http.client.protocol.RequestAuthCache - Auth cache not set in the context
15:53:22.963 [main] DEBUG org.apache.http.client.protocol.RequestTargetAuthentication - Target auth state: UNCHALLENGED
15:53:22.963 [main] DEBUG org.apache.http.client.protocol.RequestProxyAuthentication - Proxy auth state: UNCHALLENGED
15:53:22.963 [main] DEBUG org.apache.http.impl.client.DefaultHttpClient - Attempt 1 to execute request
15:53:22.963 [main] DEBUG org.apache.http.impl.conn.DefaultClientConnection - Sending request: GET /api/orders HTTP/1.1
15:53:22.963 [main] DEBUG org.apache.http.wire -  >> "GET /api/orders HTTP/1.1[\r][\n]"
15:53:22.963 [main] DEBUG org.apache.http.wire -  >> "Accept: */*[\r][\n]"
15:53:22.963 [main] DEBUG org.apache.http.wire -  >> "Host: altashop-api.fly.dev[\r][\n]"
15:53:22.963 [main] DEBUG org.apache.http.wire -  >> "Connection: Keep-Alive[\r][\n]"
15:53:22.963 [main] DEBUG org.apache.http.wire -  >> "User-Agent: Apache-HttpClient/4.5.13 (Java/19.0.2)[\r][\n]"
15:53:22.963 [main] DEBUG org.apache.http.wire -  >> "Accept-Encoding: gzip,deflate[\r][\n]"
15:53:22.963 [main] DEBUG org.apache.http.wire -  >> "[\r][\n]"
15:53:22.963 [main] DEBUG org.apache.http.headers - >> GET /api/orders HTTP/1.1
15:53:22.963 [main] DEBUG org.apache.http.headers - >> Accept: */*
15:53:22.963 [main] DEBUG org.apache.http.headers - >> Host: altashop-api.fly.dev
15:53:22.963 [main] DEBUG org.apache.http.headers - >> Connection: Keep-Alive
15:53:22.963 [main] DEBUG org.apache.http.headers - >> User-Agent: Apache-HttpClient/4.5.13 (Java/19.0.2)
15:53:22.963 [main] DEBUG org.apache.http.headers - >> Accept-Encoding: gzip,deflate
15:53:23.028 [main] DEBUG org.apache.http.wire -  << "HTTP/1.1 401 Unauthorized[\r][\n]"
15:53:23.028 [main] DEBUG org.apache.http.wire -  << "content-type: application/json[\r][\n]"
15:53:23.028 [main] DEBUG org.apache.http.wire -  << "date: Wed, 10 May 2023 08:53:22 GMT[\r][\n]"
15:53:23.028 [main] DEBUG org.apache.http.wire -  << "content-encoding: gzip[\r][\n]"
15:53:23.028 [main] DEBUG org.apache.http.wire -  << "transfer-encoding: chunked[\r][\n]"
15:53:23.028 [main] DEBUG org.apache.http.wire -  << "server: Fly/3f2597ca (2023-05-03)[\r][\n]"
15:53:23.028 [main] DEBUG org.apache.http.wire -  << "via: 1.1 fly.io[\r][\n]"
15:53:23.028 [main] DEBUG org.apache.http.wire -  << "fly-request-id: 01H02DTXJ6AMRYBCQS3RJDSWAB-sin[\r][\n]"
15:53:23.028 [main] DEBUG org.apache.http.wire -  << "[\r][\n]"
15:53:23.028 [main] DEBUG org.apache.http.impl.conn.DefaultClientConnection - Receiving response: HTTP/1.1 401 Unauthorized
15:53:23.028 [main] DEBUG org.apache.http.headers - << HTTP/1.1 401 Unauthorized
15:53:23.028 [main] DEBUG org.apache.http.headers - << content-type: application/json
15:53:23.029 [main] DEBUG org.apache.http.headers - << date: Wed, 10 May 2023 08:53:22 GMT
15:53:23.029 [main] DEBUG org.apache.http.headers - << content-encoding: gzip
15:53:23.029 [main] DEBUG org.apache.http.headers - << transfer-encoding: chunked
15:53:23.029 [main] DEBUG org.apache.http.headers - << server: Fly/3f2597ca (2023-05-03)
15:53:23.029 [main] DEBUG org.apache.http.headers - << via: 1.1 fly.io
15:53:23.029 [main] DEBUG org.apache.http.headers - << fly-request-id: 01H02DTXJ6AMRYBCQS3RJDSWAB-sin
15:53:23.029 [main] DEBUG org.apache.http.impl.client.DefaultHttpClient - Connection can be kept alive indefinitely
15:53:23.029 [main] DEBUG org.apache.http.impl.client.DefaultHttpClient - Authentication required
15:53:23.029 [main] DEBUG org.apache.http.impl.client.DefaultHttpClient - altashop-api.fly.dev:443 requested authentication
15:53:23.029 [main] DEBUG org.apache.http.impl.client.DefaultHttpClient - Response contains no authentication challenges
15:53:23.029 [main] DEBUG io.restassured.internal.RestAssuredHttpBuilder - Parsing response as: application/json
15:53:23.029 [main] DEBUG org.apache.http.wire -  << "2D[\r][\n]"
15:53:23.029 [main] DEBUG org.apache.http.wire -  << "[0x1f][0x8b][0x8][0x0][0x0][0x0][0x0][0x0][0x4][0xff][0xab]VJ-*[0xca]/R[0xb2]R*[0xcd]K,-[0xc9][0xc8]/[0xca][0xac]JMQ[0xaa][0xe5][0x2][0x0]@[0x17]da[0x19][0x0][0x0][0x0]"
15:53:23.029 [main] DEBUG org.apache.http.wire -  << "[\r][\n]"
15:53:23.030 [main] DEBUG org.apache.http.wire -  << "0[\r][\n]"
15:53:23.030 [main] DEBUG org.apache.http.wire -  << "[\r][\n]"
15:53:23.030 [main] DEBUG io.restassured.internal.RestAssuredHttpBuilder - Parsed data to instance of: class org.apache.http.conn.EofSensorInputStream
15:53:23.033 [main] DEBUG org.apache.http.impl.conn.BasicClientConnectionManager - Releasing connection org.apache.http.impl.conn.ManagedClientConnectionImpl@1f6ba47b
15:53:23.033 [main] DEBUG org.apache.http.impl.conn.BasicClientConnectionManager - Connection can be kept alive indefinitely
  &amp#27;[32mWhen &amp#27;[0m&amp#27;[32mI send GET HTTP request order2&amp#27;[0m               &amp#27;[90m# starter.stepdefinitions.OrderSteps.sendGetHttpRequestOrder2()&amp#27;[0m
  &amp#27;[32mThen &amp#27;[0m&amp#27;[32mI receive valid HTTP response code 401 order&amp#27;[0m &amp#27;[90m# starter.stepdefinitions.OrderSteps.receiveValidHttp401Order()&amp#27;[0m
15:53:23.049 [main] INFO  - 
  _____   ___   ___   _____     ___     _     ___   ___   ___   ___  
 |_   _| | __| / __| |_   _|   | _ \   /_\   / __| / __| | __| |   \ 
   | |   | _|  \__ \   | |     |  _/  / _ \  \__ \ \__ \ | _|  | |) |
   |_|   |___| |___/   |_|     |_|   /_/ \_\ |___/ |___/ |___| |___/ 

GET - Get all order without login
----------------------------------------------------------------------
]]></system-out>
  </testcase>
  <testcase name="POST - Give product rating" classname="Rating" time="0.412">
    <system-out><![CDATA[15:53:23.053 [main] DEBUG io.cucumber.core.plugin.SerenityReporter - Running feature from file:///D:/download/API_Minpro%20(1)/APIMinpro/API/minpro/src/test/resources/features/7.%20Rating.feature
15:53:23.057 [main] DEBUG net.thucydides.core.steps.StepEventBus - Test suite started for story net.thucydides.core.model.Story@a2cc97b4
15:53:23.058 [main] INFO  - Test Suite Started: Rating

Scenario: POST - Give product rating                 &amp#27;[90m# src/test/resources/features/7. Rating.feature:7&amp#27;[0m
15:53:23.066 [main] DEBUG io.cucumber.core.plugin.SerenityReporter - Running feature from file:///D:/download/API_Minpro%20(1)/APIMinpro/API/minpro/src/test/resources/features/7.%20Rating.feature
15:53:23.069 [main] INFO  - 
  _____   ___   ___   _____     ___   _____     _     ___   _____   ___   ___  
 |_   _| | __| / __| |_   _|   / __| |_   _|   /_\   | _ \ |_   _| | __| |   \ 
   | |   | _|  \__ \   | |     \__ \   | |    / _ \  |   /   | |   | _|  | |) |
   |_|   |___| |___/   |_|     |___/   |_|   /_/ \_\ |_|_\   |_|   |___| |___/ 

POST - Give product rating(rating;post---give-product-rating)
--------------------------------------------------------------------------------
15:53:23.098 [main] DEBUG net.thucydides.core.steps.StepInterceptor - STARTING STEP: RatingSteps.setPostApiEndpointRating - I set POST api endpoints rating
15:53:23.098 [main] DEBUG net.thucydides.core.steps.StepInterceptor - STEP DONE: I set POST api endpoints rating
  &amp#27;[32mGiven &amp#27;[0m&amp#27;[32mI set POST api endpoints rating&amp#27;[0m              &amp#27;[90m# starter.stepdefinitions.RatingSteps.setPostApiEndpointRating()&amp#27;[0m
15:53:23.101 [main] DEBUG net.thucydides.core.steps.StepInterceptor - STARTING STEP: RatingSteps.sentPostHttpRequestRating - I send POST HTTP request rating
15:53:23.103 [main] DEBUG net.thucydides.core.steps.StepInterceptor - STARTING STEP: Rating.sendPostHTTPRequestRating - I set POST api endpoints rating
15:53:23.104 [main] DEBUG net.thucydides.core.steps.StepInterceptor - STEP DONE: I set POST api endpoints rating
15:53:23.133 [main] DEBUG org.apache.http.impl.conn.BasicClientConnectionManager - Get connection for route {s}->https://altashop-api.fly.dev:443
15:53:23.133 [main] DEBUG org.apache.http.impl.conn.DefaultClientConnectionOperator - Connecting to altashop-api.fly.dev:443
15:53:23.387 [main] DEBUG org.apache.http.client.protocol.RequestAddCookies - CookieSpec selected: ignoreCookies
15:53:23.387 [main] DEBUG org.apache.http.client.protocol.RequestAuthCache - Auth cache not set in the context
15:53:23.387 [main] DEBUG org.apache.http.client.protocol.RequestProxyAuthentication - Proxy auth state: UNCHALLENGED
15:53:23.387 [main] DEBUG org.apache.http.impl.client.DefaultHttpClient - Attempt 1 to execute request
15:53:23.387 [main] DEBUG org.apache.http.impl.conn.DefaultClientConnection - Sending request: POST /api/products/13500/ratings HTTP/1.1
15:53:23.387 [main] DEBUG org.apache.http.wire -  >> "POST /api/products/13500/ratings HTTP/1.1[\r][\n]"
15:53:23.387 [main] DEBUG org.apache.http.wire -  >> "Authorization: Bearer eyJhbGciOiJIUzI1NiIsInR5cCI6IkpXVCJ9.eyJGdWxsbmFtZSI6IkFkaXR5YSBOdWdyYWhhIiwiRW1haWwiOiJhZGl0QGdtYWlsLmNvbSJ9.VM2lARkmmliu1pWtk1uhb8z5fGaElvH1jIoYM72Te3g[\r][\n]"
15:53:23.387 [main] DEBUG org.apache.http.wire -  >> "Accept: */*[\r][\n]"
15:53:23.387 [main] DEBUG org.apache.http.wire -  >> "Content-Type: text/plain; charset=ISO-8859-1[\r][\n]"
15:53:23.387 [main] DEBUG org.apache.http.wire -  >> "Content-Length: 11[\r][\n]"
15:53:23.387 [main] DEBUG org.apache.http.wire -  >> "Host: altashop-api.fly.dev[\r][\n]"
15:53:23.388 [main] DEBUG org.apache.http.wire -  >> "Connection: Keep-Alive[\r][\n]"
15:53:23.388 [main] DEBUG org.apache.http.wire -  >> "User-Agent: Apache-HttpClient/4.5.13 (Java/19.0.2)[\r][\n]"
15:53:23.388 [main] DEBUG org.apache.http.wire -  >> "Accept-Encoding: gzip,deflate[\r][\n]"
15:53:23.388 [main] DEBUG org.apache.http.wire -  >> "[\r][\n]"
15:53:23.388 [main] DEBUG org.apache.http.headers - >> POST /api/products/13500/ratings HTTP/1.1
15:53:23.388 [main] DEBUG org.apache.http.headers - >> Authorization: Bearer eyJhbGciOiJIUzI1NiIsInR5cCI6IkpXVCJ9.eyJGdWxsbmFtZSI6IkFkaXR5YSBOdWdyYWhhIiwiRW1haWwiOiJhZGl0QGdtYWlsLmNvbSJ9.VM2lARkmmliu1pWtk1uhb8z5fGaElvH1jIoYM72Te3g
15:53:23.388 [main] DEBUG org.apache.http.headers - >> Accept: */*
15:53:23.388 [main] DEBUG org.apache.http.headers - >> Content-Type: text/plain; charset=ISO-8859-1
15:53:23.388 [main] DEBUG org.apache.http.headers - >> Content-Length: 11
15:53:23.388 [main] DEBUG org.apache.http.headers - >> Host: altashop-api.fly.dev
15:53:23.388 [main] DEBUG org.apache.http.headers - >> Connection: Keep-Alive
15:53:23.388 [main] DEBUG org.apache.http.headers - >> User-Agent: Apache-HttpClient/4.5.13 (Java/19.0.2)
15:53:23.388 [main] DEBUG org.apache.http.headers - >> Accept-Encoding: gzip,deflate
15:53:23.388 [main] DEBUG org.apache.http.wire -  >> "{"count":5}"
15:53:23.455 [main] DEBUG org.apache.http.wire -  << "HTTP/1.1 200 OK[\r][\n]"
15:53:23.455 [main] DEBUG org.apache.http.wire -  << "content-type: application/json[\r][\n]"
15:53:23.455 [main] DEBUG org.apache.http.wire -  << "date: Wed, 10 May 2023 08:53:23 GMT[\r][\n]"
15:53:23.455 [main] DEBUG org.apache.http.wire -  << "content-encoding: gzip[\r][\n]"
15:53:23.455 [main] DEBUG org.apache.http.wire -  << "transfer-encoding: chunked[\r][\n]"
15:53:23.455 [main] DEBUG org.apache.http.wire -  << "server: Fly/3f2597ca (2023-05-03)[\r][\n]"
15:53:23.455 [main] DEBUG org.apache.http.wire -  << "via: 1.1 fly.io[\r][\n]"
15:53:23.455 [main] DEBUG org.apache.http.wire -  << "fly-request-id: 01H02DTXZFC0N7GK94GV5EVDH9-sin[\r][\n]"
15:53:23.455 [main] DEBUG org.apache.http.wire -  << "[\r][\n]"
15:53:23.456 [main] DEBUG org.apache.http.impl.conn.DefaultClientConnection - Receiving response: HTTP/1.1 200 OK
15:53:23.456 [main] DEBUG org.apache.http.headers - << HTTP/1.1 200 OK
15:53:23.456 [main] DEBUG org.apache.http.headers - << content-type: application/json
15:53:23.456 [main] DEBUG org.apache.http.headers - << date: Wed, 10 May 2023 08:53:23 GMT
15:53:23.456 [main] DEBUG org.apache.http.headers - << content-encoding: gzip
15:53:23.456 [main] DEBUG org.apache.http.headers - << transfer-encoding: chunked
15:53:23.456 [main] DEBUG org.apache.http.headers - << server: Fly/3f2597ca (2023-05-03)
15:53:23.456 [main] DEBUG org.apache.http.headers - << via: 1.1 fly.io
15:53:23.456 [main] DEBUG org.apache.http.headers - << fly-request-id: 01H02DTXZFC0N7GK94GV5EVDH9-sin
15:53:23.456 [main] DEBUG org.apache.http.impl.client.DefaultHttpClient - Connection can be kept alive indefinitely
15:53:23.456 [main] DEBUG io.restassured.internal.RestAssuredHttpBuilder - Parsing response as: application/json
15:53:23.456 [main] DEBUG org.apache.http.wire -  << "94[\r][\n]"
15:53:23.456 [main] DEBUG org.apache.http.wire -  << "[0x1f][0x8b][0x8][0x0][0x0][0x0][0x0][0x0][0x4][0xff][0xab]VJI,IT[0xb2][0xaa]V[0xf2]tQ[0xb2]24650[0xd0]Q[0xf2]K[0xcc]MU[0xb2]R[0x8a]p[0xf2][0x8f]0T[0xd2]QrI-N.[0xca],([0xc9][0xcc][0xcf]S[0xb2]RR[0xd2]Q[\n]"
15:53:23.456 [main] DEBUG org.apache.http.wire -  << "([0xca]LNU[0xb2]2[0xb1][0xb4][0xd4]Q[\n]"
15:53:23.456 [main] DEBUG org.apache.http.wire -  << "J,[0xc9][0xcc]K/V[0xb2]2[0xd5]QrN,IM[0xcf]/[0xca]L-V[0xb2][0x8a][0x86][0x9a]hdjb[0x8]7[0xd1]=173/[0x1d][0xc3]H[0xb7][0xfc]"[0x85]t[0xb0][0x94]BAiQA~qj[0xb1]Rmlm-[0x17][0x0][0xf1]sX[0xfa][0x9e][0x0][0x0][0x0]"
15:53:23.456 [main] DEBUG org.apache.http.wire -  << "[\r][\n]"
15:53:23.457 [main] DEBUG org.apache.http.wire -  << "0[\r][\n]"
15:53:23.457 [main] DEBUG org.apache.http.wire -  << "[\r][\n]"
15:53:23.457 [main] DEBUG io.restassured.internal.RestAssuredHttpBuilder - Parsed data to instance of: class org.apache.http.conn.EofSensorInputStream
15:53:23.459 [main] DEBUG org.apache.http.impl.conn.BasicClientConnectionManager - Releasing connection org.apache.http.impl.conn.ManagedClientConnectionImpl@7e764e5c
15:53:23.459 [main] DEBUG org.apache.http.impl.conn.BasicClientConnectionManager - Connection can be kept alive indefinitely
15:53:23.460 [main] DEBUG net.thucydides.core.steps.StepInterceptor - STEP DONE: I send POST HTTP request rating
  &amp#27;[32mWhen &amp#27;[0m&amp#27;[32mI send POST HTTP request rating&amp#27;[0m               &amp#27;[90m# starter.stepdefinitions.RatingSteps.sentPostHttpRequestRating()&amp#27;[0m
15:53:23.466 [main] DEBUG net.thucydides.core.steps.StepInterceptor - STARTING STEP: RatingSteps.receiveValidHttp200Rating - I receive valid HTTP response code 200 rating
15:53:23.467 [main] DEBUG net.thucydides.core.steps.StepInterceptor - STEP DONE: I receive valid HTTP response code 200 rating
  &amp#27;[32mThen &amp#27;[0m&amp#27;[32mI receive valid HTTP response code 200 rating&amp#27;[0m &amp#27;[90m# starter.stepdefinitions.RatingSteps.receiveValidHttp200Rating()&amp#27;[0m
15:53:23.470 [main] INFO  - 
  _____   ___   ___   _____     ___     _     ___   ___   ___   ___  
 |_   _| | __| / __| |_   _|   | _ \   /_\   / __| / __| | __| |   \ 
   | |   | _|  \__ \   | |     |  _/  / _ \  \__ \ \__ \ | _|  | |) |
   |_|   |___| |___/   |_|     |_|   /_/ \_\ |___/ |___/ |___| |___/ 

POST - Give product rating
----------------------------------------------------------------------
]]></system-out>
  </testcase>
  <testcase name="POST - Give product rating out of bond" classname="Rating" time="0.329">
    <system-out><![CDATA[
Scenario: POST - Give product rating out of bond     &amp#27;[90m# src/test/resources/features/7. Rating.feature:12&amp#27;[0m
15:53:23.480 [main] DEBUG io.cucumber.core.plugin.SerenityReporter - Running feature from file:///D:/download/API_Minpro%20(1)/APIMinpro/API/minpro/src/test/resources/features/7.%20Rating.feature
15:53:23.484 [main] INFO  - 
  _____   ___   ___   _____     ___   _____     _     ___   _____   ___   ___  
 |_   _| | __| / __| |_   _|   / __| |_   _|   /_\   | _ \ |_   _| | __| |   \ 
   | |   | _|  \__ \   | |     \__ \   | |    / _ \  |   /   | |   | _|  | |) |
   |_|   |___| |___/   |_|     |___/   |_|   /_/ \_\ |_|_\   |_|   |___| |___/ 

POST - Give product rating out of bond(rating;post---give-product-rating-out-of-bond)
--------------------------------------------------------------------------------
15:53:23.507 [main] DEBUG net.thucydides.core.steps.StepInterceptor - STARTING STEP: RatingSteps.setPostApiEndpointRating2 - I set POST api endpoints rating2
15:53:23.508 [main] DEBUG net.thucydides.core.steps.StepInterceptor - STEP DONE: I set POST api endpoints rating2
  &amp#27;[32mGiven &amp#27;[0m&amp#27;[32mI set POST api endpoints rating2&amp#27;[0m             &amp#27;[90m# starter.stepdefinitions.RatingSteps.setPostApiEndpointRating2()&amp#27;[0m
15:53:23.513 [main] DEBUG net.thucydides.core.steps.StepInterceptor - STARTING STEP: RatingSteps.sendPostHttpRequestRating2 - I send POST HTTP request rating
15:53:23.516 [main] DEBUG net.thucydides.core.steps.StepInterceptor - STARTING STEP: Rating.sendPostHttpRequestRating2 - I set POST api endpoints rating2
15:53:23.516 [main] DEBUG net.thucydides.core.steps.StepInterceptor - STEP DONE: I set POST api endpoints rating2
15:53:23.528 [main] DEBUG org.apache.http.impl.conn.BasicClientConnectionManager - Get connection for route {s}->https://altashop-api.fly.dev:443
15:53:23.529 [main] DEBUG org.apache.http.impl.conn.DefaultClientConnectionOperator - Connecting to altashop-api.fly.dev:443
15:53:23.712 [main] DEBUG org.apache.http.client.protocol.RequestAddCookies - CookieSpec selected: ignoreCookies
15:53:23.712 [main] DEBUG org.apache.http.client.protocol.RequestAuthCache - Auth cache not set in the context
15:53:23.712 [main] DEBUG org.apache.http.client.protocol.RequestProxyAuthentication - Proxy auth state: UNCHALLENGED
15:53:23.712 [main] DEBUG org.apache.http.impl.client.DefaultHttpClient - Attempt 1 to execute request
15:53:23.712 [main] DEBUG org.apache.http.impl.conn.DefaultClientConnection - Sending request: POST /api/products/13500/ratings HTTP/1.1
15:53:23.712 [main] DEBUG org.apache.http.wire -  >> "POST /api/products/13500/ratings HTTP/1.1[\r][\n]"
15:53:23.712 [main] DEBUG org.apache.http.wire -  >> "Authorization: Bearer eyJhbGciOiJIUzI1NiIsInR5cCI6IkpXVCJ9.eyJGdWxsbmFtZSI6IkFkaXR5YSBOdWdyYWhhIiwiRW1haWwiOiJhZGl0QGdtYWlsLmNvbSJ9.VM2lARkmmliu1pWtk1uhb8z5fGaElvH1jIoYM72Te3g[\r][\n]"
15:53:23.712 [main] DEBUG org.apache.http.wire -  >> "Accept: */*[\r][\n]"
15:53:23.712 [main] DEBUG org.apache.http.wire -  >> "Content-Type: text/plain; charset=ISO-8859-1[\r][\n]"
15:53:23.712 [main] DEBUG org.apache.http.wire -  >> "Content-Length: 12[\r][\n]"
15:53:23.712 [main] DEBUG org.apache.http.wire -  >> "Host: altashop-api.fly.dev[\r][\n]"
15:53:23.712 [main] DEBUG org.apache.http.wire -  >> "Connection: Keep-Alive[\r][\n]"
15:53:23.712 [main] DEBUG org.apache.http.wire -  >> "User-Agent: Apache-HttpClient/4.5.13 (Java/19.0.2)[\r][\n]"
15:53:23.712 [main] DEBUG org.apache.http.wire -  >> "Accept-Encoding: gzip,deflate[\r][\n]"
15:53:23.712 [main] DEBUG org.apache.http.wire -  >> "[\r][\n]"
15:53:23.712 [main] DEBUG org.apache.http.headers - >> POST /api/products/13500/ratings HTTP/1.1
15:53:23.712 [main] DEBUG org.apache.http.headers - >> Authorization: Bearer eyJhbGciOiJIUzI1NiIsInR5cCI6IkpXVCJ9.eyJGdWxsbmFtZSI6IkFkaXR5YSBOdWdyYWhhIiwiRW1haWwiOiJhZGl0QGdtYWlsLmNvbSJ9.VM2lARkmmliu1pWtk1uhb8z5fGaElvH1jIoYM72Te3g
15:53:23.712 [main] DEBUG org.apache.http.headers - >> Accept: */*
15:53:23.712 [main] DEBUG org.apache.http.headers - >> Content-Type: text/plain; charset=ISO-8859-1
15:53:23.713 [main] DEBUG org.apache.http.headers - >> Content-Length: 12
15:53:23.713 [main] DEBUG org.apache.http.headers - >> Host: altashop-api.fly.dev
15:53:23.713 [main] DEBUG org.apache.http.headers - >> Connection: Keep-Alive
15:53:23.713 [main] DEBUG org.apache.http.headers - >> User-Agent: Apache-HttpClient/4.5.13 (Java/19.0.2)
15:53:23.713 [main] DEBUG org.apache.http.headers - >> Accept-Encoding: gzip,deflate
15:53:23.713 [main] DEBUG org.apache.http.wire -  >> "{"count":10}"
15:53:23.786 [main] DEBUG org.apache.http.wire -  << "HTTP/1.1 500 Internal Server Error[\r][\n]"
15:53:23.786 [main] DEBUG org.apache.http.wire -  << "content-type: application/json[\r][\n]"
15:53:23.786 [main] DEBUG org.apache.http.wire -  << "date: Wed, 10 May 2023 08:53:23 GMT[\r][\n]"
15:53:23.786 [main] DEBUG org.apache.http.wire -  << "content-encoding: gzip[\r][\n]"
15:53:23.786 [main] DEBUG org.apache.http.wire -  << "transfer-encoding: chunked[\r][\n]"
15:53:23.786 [main] DEBUG org.apache.http.wire -  << "server: Fly/3f2597ca (2023-05-03)[\r][\n]"
15:53:23.786 [main] DEBUG org.apache.http.wire -  << "via: 1.1 fly.io[\r][\n]"
15:53:23.786 [main] DEBUG org.apache.http.wire -  << "fly-request-id: 01H02DTY9M7KK31EBKFE02Z3KW-sin[\r][\n]"
15:53:23.786 [main] DEBUG org.apache.http.wire -  << "[\r][\n]"
15:53:23.787 [main] DEBUG org.apache.http.impl.conn.DefaultClientConnection - Receiving response: HTTP/1.1 500 Internal Server Error
15:53:23.787 [main] DEBUG org.apache.http.headers - << HTTP/1.1 500 Internal Server Error
15:53:23.787 [main] DEBUG org.apache.http.headers - << content-type: application/json
15:53:23.787 [main] DEBUG org.apache.http.headers - << date: Wed, 10 May 2023 08:53:23 GMT
15:53:23.787 [main] DEBUG org.apache.http.headers - << content-encoding: gzip
15:53:23.787 [main] DEBUG org.apache.http.headers - << transfer-encoding: chunked
15:53:23.787 [main] DEBUG org.apache.http.headers - << server: Fly/3f2597ca (2023-05-03)
15:53:23.787 [main] DEBUG org.apache.http.headers - << via: 1.1 fly.io
15:53:23.787 [main] DEBUG org.apache.http.headers - << fly-request-id: 01H02DTY9M7KK31EBKFE02Z3KW-sin
15:53:23.787 [main] DEBUG org.apache.http.impl.client.DefaultHttpClient - Connection can be kept alive indefinitely
15:53:23.787 [main] DEBUG io.restassured.internal.RestAssuredHttpBuilder - Parsing response as: application/json
15:53:23.787 [main] DEBUG org.apache.http.wire -  << "80[\r][\n]"
15:53:23.787 [main] DEBUG org.apache.http.wire -  << "[0x1f][0x8b][0x8][0x0][0x0][0x0][0x0][0x0][0x4][0xff][0xab]VJ-*[0xca]/R[0xb2]Rr[\r][\n]"
15:53:23.787 [main] DEBUG org.apache.http.wire -  << "[0xf2][0xf][0xb2]R[0xc8]K-W([0xca]/WH[0xcb]/R(J[0xcd]I,[0xc9][0xcc][0xcf]S[0x88]Q*J,[0xc9][0xcc]K/[0x8e]QR([0xcb][0xcc][0xcf]I,I-VH[0xce]HM[0xce]VH[0xce][0xcf]+.)J[0xcc][0xcc]+A[0xa8][0x8a]O[0xce]/[0xcd]+[0x89][0x7]+[0x88]QR[0xd0][0x8][0xe][0xf4][0x9][0xe]q[0xc]qU02654[0xd1]T[0xaa][0xe5][0x2][0x0]t[0xdc]t[0xaa]w[0x0][0x0][0x0]"
15:53:23.787 [main] DEBUG org.apache.http.wire -  << "[\r][\n]"
15:53:23.787 [main] DEBUG org.apache.http.wire -  << "0[\r][\n]"
15:53:23.787 [main] DEBUG org.apache.http.wire -  << "[\r][\n]"
15:53:23.788 [main] DEBUG io.restassured.internal.RestAssuredHttpBuilder - Parsed data to instance of: class org.apache.http.conn.EofSensorInputStream
15:53:23.790 [main] DEBUG org.apache.http.impl.conn.BasicClientConnectionManager - Releasing connection org.apache.http.impl.conn.ManagedClientConnectionImpl@6e069ca9
15:53:23.790 [main] DEBUG org.apache.http.impl.conn.BasicClientConnectionManager - Connection can be kept alive indefinitely
15:53:23.791 [main] DEBUG net.thucydides.core.steps.StepInterceptor - STEP DONE: I send POST HTTP request rating
  &amp#27;[32mWhen &amp#27;[0m&amp#27;[32mI send POST HTTP request rating2&amp#27;[0m              &amp#27;[90m# starter.stepdefinitions.RatingSteps.sendPostHttpRequestRating2()&amp#27;[0m
15:53:23.795 [main] DEBUG net.thucydides.core.steps.StepInterceptor - STARTING STEP: RatingSteps.receiveValidHttp500Rating - Then I receive valid HTTP response code 500 rating
15:53:23.797 [main] DEBUG net.thucydides.core.steps.StepInterceptor - STEP DONE: Then I receive valid HTTP response code 500 rating
  &amp#27;[32mThen &amp#27;[0m&amp#27;[32mI receive valid HTTP response code 500 rating&amp#27;[0m &amp#27;[90m# starter.stepdefinitions.RatingSteps.receiveValidHttp500Rating()&amp#27;[0m
15:53:23.800 [main] INFO  - 
  _____   ___   ___   _____     ___     _     ___   ___   ___   ___  
 |_   _| | __| / __| |_   _|   | _ \   /_\   / __| / __| | __| |   \ 
   | |   | _|  \__ \   | |     |  _/  / _ \  \__ \ \__ \ | _|  | |) |
   |_|   |___| |___/   |_|     |_|   /_/ \_\ |___/ |___/ |___| |___/ 

POST - Give product rating out of bond
----------------------------------------------------------------------
]]></system-out>
  </testcase>
  <testcase name="GET - Get product rating" classname="Rating" time="0.288">
    <system-out><![CDATA[
Scenario: GET - Get product rating                   &amp#27;[90m# src/test/resources/features/7. Rating.feature:17&amp#27;[0m
15:53:23.811 [main] DEBUG io.cucumber.core.plugin.SerenityReporter - Running feature from file:///D:/download/API_Minpro%20(1)/APIMinpro/API/minpro/src/test/resources/features/7.%20Rating.feature
15:53:23.815 [main] INFO  - 
  _____   ___   ___   _____     ___   _____     _     ___   _____   ___   ___  
 |_   _| | __| / __| |_   _|   / __| |_   _|   /_\   | _ \ |_   _| | __| |   \ 
   | |   | _|  \__ \   | |     \__ \   | |    / _ \  |   /   | |   | _|  | |) |
   |_|   |___| |___/   |_|     |___/   |_|   /_/ \_\ |_|_\   |_|   |___| |___/ 

GET - Get product rating(rating;get---get-product-rating)
--------------------------------------------------------------------------------
15:53:23.835 [main] DEBUG net.thucydides.core.steps.StepInterceptor - STARTING STEP: RatingSteps.setGetApiEndpointRating - I set GET api endpoints rating
15:53:23.835 [main] DEBUG net.thucydides.core.steps.StepInterceptor - STEP DONE: I set GET api endpoints rating
  &amp#27;[32mGiven &amp#27;[0m&amp#27;[32mI set GET api endpoints rating&amp#27;[0m               &amp#27;[90m# starter.stepdefinitions.RatingSteps.setGetApiEndpointRating()&amp#27;[0m
15:53:23.840 [main] DEBUG net.thucydides.core.steps.StepInterceptor - STARTING STEP: RatingSteps.sendGetHttpRequestRating - I send GET HTTP request rating
15:53:23.841 [main] DEBUG net.thucydides.core.steps.StepInterceptor - STARTING STEP: Rating.sendGetHttpRequestRating - I set GET api endpoints rating
15:53:23.841 [main] DEBUG net.thucydides.core.steps.StepInterceptor - STEP DONE: I set GET api endpoints rating
15:53:23.849 [main] DEBUG org.apache.http.impl.conn.BasicClientConnectionManager - Get connection for route {s}->https://altashop-api.fly.dev:443
15:53:23.849 [main] DEBUG org.apache.http.impl.conn.DefaultClientConnectionOperator - Connecting to altashop-api.fly.dev:443
15:53:23.992 [main] DEBUG org.apache.http.client.protocol.RequestAddCookies - CookieSpec selected: ignoreCookies
15:53:23.992 [main] DEBUG org.apache.http.client.protocol.RequestAuthCache - Auth cache not set in the context
15:53:23.993 [main] DEBUG org.apache.http.client.protocol.RequestTargetAuthentication - Target auth state: UNCHALLENGED
15:53:23.993 [main] DEBUG org.apache.http.client.protocol.RequestProxyAuthentication - Proxy auth state: UNCHALLENGED
15:53:23.993 [main] DEBUG org.apache.http.impl.client.DefaultHttpClient - Attempt 1 to execute request
15:53:23.993 [main] DEBUG org.apache.http.impl.conn.DefaultClientConnection - Sending request: GET /api/products/13500/ratings HTTP/1.1
15:53:23.993 [main] DEBUG org.apache.http.wire -  >> "GET /api/products/13500/ratings HTTP/1.1[\r][\n]"
15:53:23.993 [main] DEBUG org.apache.http.wire -  >> "Accept: */*[\r][\n]"
15:53:23.993 [main] DEBUG org.apache.http.wire -  >> "Host: altashop-api.fly.dev[\r][\n]"
15:53:23.993 [main] DEBUG org.apache.http.wire -  >> "Connection: Keep-Alive[\r][\n]"
15:53:23.993 [main] DEBUG org.apache.http.wire -  >> "User-Agent: Apache-HttpClient/4.5.13 (Java/19.0.2)[\r][\n]"
15:53:23.993 [main] DEBUG org.apache.http.wire -  >> "Accept-Encoding: gzip,deflate[\r][\n]"
15:53:23.993 [main] DEBUG org.apache.http.wire -  >> "[\r][\n]"
15:53:23.993 [main] DEBUG org.apache.http.headers - >> GET /api/products/13500/ratings HTTP/1.1
15:53:23.993 [main] DEBUG org.apache.http.headers - >> Accept: */*
15:53:23.993 [main] DEBUG org.apache.http.headers - >> Host: altashop-api.fly.dev
15:53:23.993 [main] DEBUG org.apache.http.headers - >> Connection: Keep-Alive
15:53:23.993 [main] DEBUG org.apache.http.headers - >> User-Agent: Apache-HttpClient/4.5.13 (Java/19.0.2)
15:53:23.993 [main] DEBUG org.apache.http.headers - >> Accept-Encoding: gzip,deflate
15:53:24.067 [main] DEBUG org.apache.http.wire -  << "HTTP/1.1 200 OK[\r][\n]"
15:53:24.067 [main] DEBUG org.apache.http.wire -  << "content-type: application/json[\r][\n]"
15:53:24.067 [main] DEBUG org.apache.http.wire -  << "date: Wed, 10 May 2023 08:53:23 GMT[\r][\n]"
15:53:24.067 [main] DEBUG org.apache.http.wire -  << "content-encoding: gzip[\r][\n]"
15:53:24.067 [main] DEBUG org.apache.http.wire -  << "transfer-encoding: chunked[\r][\n]"
15:53:24.067 [main] DEBUG org.apache.http.wire -  << "server: Fly/3f2597ca (2023-05-03)[\r][\n]"
15:53:24.067 [main] DEBUG org.apache.http.wire -  << "via: 1.1 fly.io[\r][\n]"
15:53:24.067 [main] DEBUG org.apache.http.wire -  << "fly-request-id: 01H02DTYJKDK57TBH1XSPEZ308-sin[\r][\n]"
15:53:24.067 [main] DEBUG org.apache.http.wire -  << "[\r][\n]"
15:53:24.068 [main] DEBUG org.apache.http.impl.conn.DefaultClientConnection - Receiving response: HTTP/1.1 200 OK
15:53:24.068 [main] DEBUG org.apache.http.headers - << HTTP/1.1 200 OK
15:53:24.068 [main] DEBUG org.apache.http.headers - << content-type: application/json
15:53:24.068 [main] DEBUG org.apache.http.headers - << date: Wed, 10 May 2023 08:53:23 GMT
15:53:24.068 [main] DEBUG org.apache.http.headers - << content-encoding: gzip
15:53:24.068 [main] DEBUG org.apache.http.headers - << transfer-encoding: chunked
15:53:24.068 [main] DEBUG org.apache.http.headers - << server: Fly/3f2597ca (2023-05-03)
15:53:24.068 [main] DEBUG org.apache.http.headers - << via: 1.1 fly.io
15:53:24.068 [main] DEBUG org.apache.http.headers - << fly-request-id: 01H02DTYJKDK57TBH1XSPEZ308-sin
15:53:24.068 [main] DEBUG org.apache.http.impl.client.DefaultHttpClient - Connection can be kept alive indefinitely
15:53:24.069 [main] DEBUG io.restassured.internal.RestAssuredHttpBuilder - Parsing response as: application/json
15:53:24.069 [main] DEBUG org.apache.http.wire -  << "1F[\r][\n]"
15:53:24.069 [main] DEBUG org.apache.http.wire -  << "[0x1f][0x8b][0x8][0x0][0x0][0x0][0x0][0x0][0x4][0xff][0xab]VJI,IT[0xb2]2[0xad][0xe5][0x2][0x0][0x83]B[0x1e]G[0xb][0x0][0x0][0x0]"
15:53:24.069 [main] DEBUG org.apache.http.wire -  << "[\r][\n]"
15:53:24.070 [main] DEBUG org.apache.http.wire -  << "0[\r][\n]"
15:53:24.070 [main] DEBUG org.apache.http.wire -  << "[\r][\n]"
15:53:24.070 [main] DEBUG io.restassured.internal.RestAssuredHttpBuilder - Parsed data to instance of: class org.apache.http.conn.EofSensorInputStream
15:53:24.073 [main] DEBUG org.apache.http.impl.conn.BasicClientConnectionManager - Releasing connection org.apache.http.impl.conn.ManagedClientConnectionImpl@1d4c6e32
15:53:24.074 [main] DEBUG org.apache.http.impl.conn.BasicClientConnectionManager - Connection can be kept alive indefinitely
15:53:24.075 [main] DEBUG net.thucydides.core.steps.StepInterceptor - STEP DONE: I send GET HTTP request rating
  &amp#27;[32mWhen &amp#27;[0m&amp#27;[32mI send GET HTTP request rating&amp#27;[0m                &amp#27;[90m# starter.stepdefinitions.RatingSteps.sendGetHttpRequestRating()&amp#27;[0m
15:53:24.082 [main] DEBUG net.thucydides.core.steps.StepInterceptor - STARTING STEP: RatingSteps.receiveValidHttp200Rating - I receive valid HTTP response code 200 rating
15:53:24.083 [main] DEBUG net.thucydides.core.steps.StepInterceptor - STEP DONE: I receive valid HTTP response code 200 rating
  &amp#27;[32mThen &amp#27;[0m&amp#27;[32mI receive valid HTTP response code 200 rating&amp#27;[0m &amp#27;[90m# starter.stepdefinitions.RatingSteps.receiveValidHttp200Rating()&amp#27;[0m
15:53:24.088 [main] INFO  - 
  _____   ___   ___   _____     ___     _     ___   ___   ___   ___  
 |_   _| | __| / __| |_   _|   | _ \   /_\   / __| / __| | __| |   \ 
   | |   | _|  \__ \   | |     |  _/  / _ \  \__ \ \__ \ | _|  | |) |
   |_|   |___| |___/   |_|     |_|   /_/ \_\ |___/ |___/ |___| |___/ 

GET - Get product rating
----------------------------------------------------------------------
]]></system-out>
  </testcase>
</testsuite>